<?xml version="1.0" encoding="UTF-8"?>
<!-- Generated by org.testng.reporters.JUnitReportReporter -->
<testsuite hostname="NACTS-081729" name="automationFramework.TestCases.CreateCustomerTest" tests="10" failures="0" timestamp="1 Jul 2016 16:38:02 GMT" time="263.055" errors="0">
  <testcase name="createCustomerEmailMissing" time="20.435" classname="automationFramework.TestCases.CreateCustomerTest"/>
  <testcase name="createCustomerInvalidPhone" time="17.267" classname="automationFramework.TestCases.CreateCustomerTest"/>
  <testcase name="createCustomerInvalidPin" time="29.392" classname="automationFramework.TestCases.CreateCustomerTest"/>
  <testcase name="createCustomerCancel" time="25.274" classname="automationFramework.TestCases.CreateCustomerTest"/>
  <testcase name="createCustomerNameMissing" time="17.177" classname="automationFramework.TestCases.CreateCustomerTest"/>
  <testcase name="createCustomerInvalidUserName" time="24.240" classname="automationFramework.TestCases.CreateCustomerTest"/>
  <testcase name="createCustomerFundingInvalidCC" time="23.104" classname="automationFramework.TestCases.CreateCustomerTest"/>
  <testcase name="createNewCustomer" time="39.677" classname="automationFramework.TestCases.CreateCustomerTest"/>
  <testcase name="createCustomerInvalidEmail" time="31.708" classname="automationFramework.TestCases.CreateCustomerTest"/>
  <testcase name="createCustomerContactTypeNotSelected" time="34.781" classname="automationFramework.TestCases.CreateCustomerTest"/>
</testsuite> <!-- automationFramework.TestCases.CreateCustomerTest -->
