<?xml version="1.0" encoding="UTF-8"?>
<!-- Generated by org.testng.reporters.JUnitReportReporter -->
<testsuite hostname="NACTS-081729" name="automationFramework.TestCases.SearchTest" tests="11" failures="0" timestamp="1 Jul 2016 16:38:02 GMT" time="227.315" errors="0">
  <testcase name="searchCustomerCheckDuplicateTestFname" time="20.811" classname="automationFramework.TestCases.SearchTest"/>
  <testcase name="searchCustomerNotVerifiedTest" time="24.072" classname="automationFramework.TestCases.SearchTest"/>
  <testcase name="searchCustomerTypeNotSelected" time="15.533" classname="automationFramework.TestCases.SearchTest"/>
  <testcase name="searchCustomerCheckDuplicateTestEmailPhone" time="22.876" classname="automationFramework.TestCases.SearchTest"/>
  <testcase name="searchCustomerNoResultsTest" time="18.544" classname="automationFramework.TestCases.SearchTest"/>
  <testcase name="searchCustomerCheckDuplicateTestEmail" time="21.304" classname="automationFramework.TestCases.SearchTest"/>
  <testcase name="searchCustomerCheckDuplicateTestFnameLname" time="20.556" classname="automationFramework.TestCases.SearchTest"/>
  <testcase name="searchCustomerCheckDuplicateTestPhone" time="21.518" classname="automationFramework.TestCases.SearchTest"/>
  <testcase name="searchCustomerCheckDuplicateTestLname" time="19.647" classname="automationFramework.TestCases.SearchTest"/>
  <testcase name="searchCustomerCheckDuplicateTestAll" time="26.527" classname="automationFramework.TestCases.SearchTest"/>
  <testcase name="searchCustomerInvalidEmail" time="15.927" classname="automationFramework.TestCases.SearchTest"/>
</testsuite> <!-- automationFramework.TestCases.SearchTest -->
