<?xml version="1.0" encoding="UTF-8"?>
<!-- Generated by org.testng.reporters.JUnitReportReporter -->
<testsuite hostname="NACTS-081729" name="automationFramework.TestCases.Test2" tests="1" failures="0" timestamp="7 Jun 2016 14:45:41 GMT" time="35.336" errors="0">
  <testcase name="newCustomer" time="35.336" classname="automationFramework.TestCases.Test2"/>
</testsuite> <!-- automationFramework.TestCases.Test2 -->
