<?xml version="1.0" encoding="UTF-8"?>
<!-- Generated by org.testng.reporters.JUnitReportReporter -->
<testsuite hostname="NACTS-081729" name="automationFramework.TestCases.LinkAccountTest" tests="3" failures="0" timestamp="1 Jul 2016 16:38:02 GMT" time="93.076" errors="0">
  <testcase name="linkAccountBankNumberMissingTest" time="31.470" classname="automationFramework.TestCases.LinkAccountTest"/>
  <testcase name="linkAccountCancelTest" time="35.469" classname="automationFramework.TestCases.LinkAccountTest"/>
  <testcase name="linkAccountCardExpirationMissingTest" time="26.137" classname="automationFramework.TestCases.LinkAccountTest"/>
</testsuite> <!-- automationFramework.TestCases.LinkAccountTest -->
