<?xml version="1.0" encoding="UTF-8"?>
<!-- Generated by org.testng.reporters.JUnitReportReporter -->
<testsuite hostname="NACTS-081729" name="automationFramework.TestCases.CreateFundingTest" tests="6" failures="0" timestamp="1 Jul 2016 16:38:02 GMT" time="211.166" errors="0">
  <testcase name="createFundingSourceTypeNotSelected" time="25.786" classname="automationFramework.TestCases.CreateFundingTest"/>
  <testcase name="createFundingSourceCancel" time="27.107" classname="automationFramework.TestCases.CreateFundingTest"/>
  <testcase name="createFundingSourceNewBillingAddress" time="51.432" classname="automationFramework.TestCases.CreateFundingTest"/>
  <testcase name="createFundingSource" time="45.694" classname="automationFramework.TestCases.CreateFundingTest"/>
  <testcase name="createCustomerInvalidEmail" time="27.730" classname="automationFramework.TestCases.CreateFundingTest"/>
  <testcase name="createCustomerFundingInvalidCC" time="33.417" classname="automationFramework.TestCases.CreateFundingTest"/>
</testsuite> <!-- automationFramework.TestCases.CreateFundingTest -->
