<?xml version="1.0" encoding="UTF-8"?>
<!-- Generated by org.testng.reporters.JUnitReportReporter -->
<testsuite hostname="NACTS-081729" name="automationFramework.TestCases.BalanceHistoryTest" tests="1" failures="0" timestamp="1 Jul 2016 16:38:02 GMT" time="26.839" errors="0">
  <testcase name="checkBalanceHistory" time="26.839" classname="automationFramework.TestCases.BalanceHistoryTest"/>
</testsuite> <!-- automationFramework.TestCases.BalanceHistoryTest -->
