<?xml version="1.0" encoding="UTF-8"?>
<!-- Generated by org.testng.reporters.JUnitReportReporter -->
<testsuite hostname="NACTS-081729" name="automationFramework.TestCases.CoreTest2" tests="1" failures="0" timestamp="20 Jun 2016 21:55:51 GMT" time="28.018" errors="0">
  <testcase name="createNewCustomer" time="28.018" classname="automationFramework.TestCases.CoreTest2"/>
</testsuite> <!-- automationFramework.TestCases.CoreTest2 -->
