<?xml version="1.0" encoding="UTF-8" ?>
<testsuite tests="50" failures="3" name="TestSuite" time="2,856.307" errors="0" skipped="0">
  <properties>
    <property name="java.runtime.name" value="Java(TM) SE Runtime Environment"/>
    <property name="sun.boot.library.path" value="C:\Program Files\Java\jre1.8.0_77\bin"/>
    <property name="java.vm.version" value="25.77-b03"/>
    <property name="java.vm.vendor" value="Oracle Corporation"/>
    <property name="maven.multiModuleProjectDirectory" value="C:\Users\200123\workspace\CmcAutomation"/>
    <property name="java.vendor.url" value="http://java.oracle.com/"/>
    <property name="path.separator" value=";"/>
    <property name="guice.disable.misplaced.annotation.check" value="true"/>
    <property name="java.vm.name" value="Java HotSpot(TM) 64-Bit Server VM"/>
    <property name="file.encoding.pkg" value="sun.io"/>
    <property name="user.script" value=""/>
    <property name="user.country" value="US"/>
    <property name="sun.java.launcher" value="SUN_STANDARD"/>
    <property name="sun.os.patch.level" value="Service Pack 1"/>
    <property name="java.vm.specification.name" value="Java Virtual Machine Specification"/>
    <property name="user.dir" value="C:\Users\200123\workspace\CmcAutomation"/>
    <property name="java.runtime.version" value="1.8.0_77-b03"/>
    <property name="java.awt.graphicsenv" value="sun.awt.Win32GraphicsEnvironment"/>
    <property name="java.endorsed.dirs" value="C:\Program Files\Java\jre1.8.0_77\lib\endorsed"/>
    <property name="os.arch" value="amd64"/>
    <property name="java.io.tmpdir" value="C:\Users\200123\AppData\Local\Temp\"/>
    <property name="line.separator" value="
"/>
    <property name="java.vm.specification.vendor" value="Oracle Corporation"/>
    <property name="user.variant" value=""/>
    <property name="os.name" value="Windows 7"/>
    <property name="classworlds.conf" value="C:\Users\200123\workspace\.metadata\.plugins\org.eclipse.m2e.launching\launches\m2conf2004756122833007254.tmp"/>
    <property name="sun.jnu.encoding" value="Cp1252"/>
    <property name="java.library.path" value="C:\Program Files\Java\jre1.8.0_77\bin;C:\WINDOWS\Sun\Java\bin;C:\WINDOWS\system32;C:\WINDOWS;C:/Program Files/Java/jre1.8.0_77/bin/server;C:/Program Files/Java/jre1.8.0_77/bin;C:/Program Files/Java/jre1.8.0_77/lib/amd64;C:\ProgramData\Oracle\Java\javapath;C:\oracle\product\10.2.0\clientx86_1\bin;C:\WINDOWS\system32;C:\WINDOWS;C:\WINDOWS\System32\Wbem;C:\WINDOWS\System32\WindowsPowerShell\v1.0\;C:\Program Files (x86)\Common Files\Roxio Shared\DLLShared\;C:\Program Files (x86)\Common Files\Roxio Shared\10.0\DLLShared\;C:\Program Files (x86)\Riverbed\Steelhead Mobile\;C:\apache-maven-3.3.9\bin;C:\Program Files\Java\jdk1.8.0_77\bin;C:\Program Files\MongoDB\Server\3.2\bin;C:\Users\200123\Downloads\gradle-2.13-all\gradle-2.13\bin;C:\dev\bin;C:\cts\jdk8\bin;C:\dev\unix\usr\local\wbin;C:\Program Files\nodejs\;C:\dev\unix\usr\local\wbin;C:\ProgramData\Oracle\Java\javapath;C:\oracle\product\10.2.0\clientx86_1\bin;C:\WINDOWS\system32;C:\WINDOWS;C:\WINDOWS\System32\Wbem;C:\WINDOWS\System32\WindowsPowerShell\v1.0\;C:\Program Files (x86)\Common Files\Roxio Shared\DLLShared\;C:\Program Files (x86)\Common Files\Roxio Shared\10.0\DLLShared\;C:\Program Files (x86)\Riverbed\Steelhead Mobile\;C:\apache-maven-3.3.9\bin;C:\Users\200123\AppData\Local\Programs\Git\cmd;C:\Users\200123\AppData\Roaming\npm;C:\Users\200123\Desktop;;."/>
    <property name="java.specification.name" value="Java Platform API Specification"/>
    <property name="java.class.version" value="52.0"/>
    <property name="sun.management.compiler" value="HotSpot 64-Bit Tiered Compilers"/>
    <property name="os.version" value="6.1"/>
    <property name="user.home" value="C:\Users\200123"/>
    <property name="user.timezone" value="America/Los_Angeles"/>
    <property name="java.awt.printerjob" value="sun.awt.windows.WPrinterJob"/>
    <property name="java.specification.version" value="1.8"/>
    <property name="file.encoding" value="Cp1252"/>
    <property name="user.name" value="200123"/>
    <property name="java.class.path" value="/C:/Users/200123/eclipse/automotive-mars/eclipse/../../../.p2/pool/plugins/org.eclipse.m2e.maven.runtime_1.6.2.20150902-0001/jars/plexus-classworlds-2.5.2.jar"/>
    <property name="java.vm.specification.version" value="1.8"/>
    <property name="sun.arch.data.model" value="64"/>
    <property name="java.home" value="C:\Program Files\Java\jre1.8.0_77"/>
    <property name="sun.java.command" value="org.codehaus.plexus.classworlds.launcher.Launcher -B test"/>
    <property name="java.specification.vendor" value="Oracle Corporation"/>
    <property name="user.language" value="en"/>
    <property name="awt.toolkit" value="sun.awt.windows.WToolkit"/>
    <property name="java.vm.info" value="mixed mode"/>
    <property name="java.version" value="1.8.0_77"/>
    <property name="java.ext.dirs" value="C:\Program Files\Java\jre1.8.0_77\lib\ext;C:\WINDOWS\Sun\Java\lib\ext"/>
    <property name="sun.boot.class.path" value="C:\Program Files\Java\jre1.8.0_77\lib\resources.jar;C:\Program Files\Java\jre1.8.0_77\lib\rt.jar;C:\Program Files\Java\jre1.8.0_77\lib\sunrsasign.jar;C:\Program Files\Java\jre1.8.0_77\lib\jsse.jar;C:\Program Files\Java\jre1.8.0_77\lib\jce.jar;C:\Program Files\Java\jre1.8.0_77\lib\charsets.jar;C:\Program Files\Java\jre1.8.0_77\lib\jfr.jar;C:\Program Files\Java\jre1.8.0_77\classes"/>
    <property name="java.vendor" value="Oracle Corporation"/>
    <property name="maven.home" value="C:\Users\200123\workspace\CmcAutomation\EMBEDDED"/>
    <property name="file.separator" value="\"/>
    <property name="java.vendor.url.bug" value="http://bugreport.sun.com/bugreport/"/>
    <property name="sun.cpu.endian" value="little"/>
    <property name="sun.io.unicode.encoding" value="UnicodeLittle"/>
    <property name="sun.desktop" value="windows"/>
    <property name="sun.cpu.isalist" value="amd64"/>
  </properties>
  <testcase classname="automationFramework.TestCases.CreateCustomerTest" name="createNewCustomer" time="60.914"/>
  <testcase classname="automationFramework.TestCases.CreateCustomerTest" name="createCustomerCancel" time="38.32"/>
  <testcase classname="automationFramework.TestCases.CreateCustomerTest" name="createCustomerContactTypeNotSelected" time="49.158"/>
  <testcase classname="automationFramework.TestCases.CreateCustomerTest" name="createCustomerInvalidEmail" time="47.301"/>
  <testcase classname="automationFramework.TestCases.CreateCustomerTest" name="createCustomerInvalidPin" time="46.954"/>
  <testcase classname="automationFramework.TestCases.CreateCustomerTest" name="createCustomerFundingInvalidCC" time="48.586"/>
  <testcase classname="automationFramework.TestCases.CreateCustomerTest" name="createCustomerDuplicateUserName" time="54.22"/>
  <testcase classname="automationFramework.TestCases.CreateCustomerTest" name="createCustomerInvalidUserName" time="40.468"/>
  <testcase classname="automationFramework.TestCases.CreateCustomerTest" name="createCustomerInvalidPhone" time="30.058"/>
  <testcase classname="automationFramework.TestCases.CreateCustomerTest" name="createCustomerNameMissing" time="23.369"/>
  <testcase classname="automationFramework.TestCases.CreateCustomerTest" name="createCustomerEmailMissing" time="29.259"/>
  <testcase classname="automationFramework.TestCases.SearchTest" name="searchCustomerVerifiedTest" time="31.901"/>
  <testcase classname="automationFramework.TestCases.SearchTest" name="searchCustomerNotVerifiedTest" time="37.939"/>
  <testcase classname="automationFramework.TestCases.SearchTest" name="searchCustomerNoResultsTest" time="28.079"/>
  <testcase classname="automationFramework.TestCases.SearchTest" name="searchCustomerTypeNotSelected" time="20.793"/>
  <testcase classname="automationFramework.TestCases.SearchTest" name="searchCustomerInvalidEmail" time="29.824"/>
  <testcase classname="automationFramework.TestCases.SearchTest" name="searchCustomerCheckDuplicateTestFname" time="30.012"/>
  <testcase classname="automationFramework.TestCases.SearchTest" name="searchCustomerCheckDuplicateTestLname" time="30.588"/>
  <testcase classname="automationFramework.TestCases.SearchTest" name="searchCustomerCheckDuplicateTestFnameLname" time="33.668"/>
  <testcase classname="automationFramework.TestCases.SearchTest" name="searchCustomerCheckDuplicateTestPhone" time="31.826"/>
  <testcase classname="automationFramework.TestCases.SearchTest" name="searchCustomerCheckDuplicateTestEmail" time="29.873"/>
  <testcase classname="automationFramework.TestCases.SearchTest" name="searchCustomerCheckDuplicateTestEmailPhone" time="33.7"/>
  <testcase classname="automationFramework.TestCases.SearchTest" name="searchCustomerCheckDuplicateTestAll" time="36.44"/>
  <testcase classname="automationFramework.TestCases.CreateFundingTest" name="createFundingSource" time="83.543"/>
  <testcase classname="automationFramework.TestCases.CreateFundingTest" name="createFundingSourceNewBillingAddress" time="103.396"/>
  <testcase classname="automationFramework.TestCases.CreateFundingTest" name="createFundingSourceCancel" time="54.96"/>
  <testcase classname="automationFramework.TestCases.CreateFundingTest" name="createFundingSourceTypeNotSelected" time="45.069"/>
  <testcase classname="automationFramework.TestCases.CreateFundingTest" name="createCustomerInvalidEmail" time="44.641"/>
  <testcase classname="automationFramework.TestCases.CreateFundingTest" name="createCustomerFundingInvalidCC" time="75.067"/>
  <testcase classname="automationFramework.TestCases.CreateFundingTest" name="createCustomerFundingInvalidName" time="78.919"/>
  <testcase classname="automationFramework.TestCases.LinkAccountTest" name="linkAccountBankNumberMissingTest" time="53.505"/>
  <testcase classname="automationFramework.TestCases.LinkAccountTest" name="linkAccountCancelTest" time="75.261"/>
  <testcase classname="automationFramework.TestCases.LinkAccountTest" name="linkAccountCardExpirationMissingTest" time="48.588"/>
  <testcase classname="automationFramework.TestCases.BalanceHistoryTest" name="checkBalanceHistory" time="97.547">
    <failure message="Unable to locate element: {&quot;method&quot;:&quot;xpath&quot;,&quot;selector&quot;:&quot;.//*[@id=&apos;balanceHistory_list_tbl&apos;]/div/div[1]/table/tbody/tr[1]/td[3]/span&quot;}
Command duration or timeout: 60.05 seconds
For documentation on this error, please visit: http://seleniumhq.org/exceptions/no_such_element.html
Build info: version: &apos;2.45.0&apos;, revision: &apos;5017cb8e7ca8e37638dc3091b2440b90a1d8686f&apos;, time: &apos;2015-02-27 09:10:26&apos;
System info: host: &apos;NACTS-081729&apos;, ip: &apos;172.28.0.111&apos;, os.name: &apos;Windows 7&apos;, os.arch: &apos;amd64&apos;, os.version: &apos;6.1&apos;, java.version: &apos;1.8.0_77&apos;
Driver info: org.openqa.selenium.firefox.FirefoxDriver
Capabilities [{applicationCacheEnabled=false, rotatable=false, handlesAlerts=true, databaseEnabled=true, version=32.0, platform=WINDOWS, nativeEvents=false, acceptSslCerts=true, webStorageEnabled=true, locationContextEnabled=true, browserName=firefox, takesScreenshot=true, javascriptEnabled=true, cssSelectorsEnabled=true}]
Session ID: 83d45d63-0455-454a-a163-c12f7ce1fb00
*** Element info: {Using=xpath, value=.//*[@id=&apos;balanceHistory_list_tbl&apos;]/div/div[1]/table/tbody/tr[1]/td[3]/span}" type="org.openqa.selenium.NoSuchElementException">org.openqa.selenium.NoSuchElementException: Unable to locate element: {&quot;method&quot;:&quot;xpath&quot;,&quot;selector&quot;:&quot;.//*[@id=&apos;balanceHistory_list_tbl&apos;]/div/div[1]/table/tbody/tr[1]/td[3]/span&quot;}
Command duration or timeout: 60.05 seconds
For documentation on this error, please visit: http://seleniumhq.org/exceptions/no_such_element.html
Build info: version: &apos;2.45.0&apos;, revision: &apos;5017cb8e7ca8e37638dc3091b2440b90a1d8686f&apos;, time: &apos;2015-02-27 09:10:26&apos;
System info: host: &apos;NACTS-081729&apos;, ip: &apos;172.28.0.111&apos;, os.name: &apos;Windows 7&apos;, os.arch: &apos;amd64&apos;, os.version: &apos;6.1&apos;, java.version: &apos;1.8.0_77&apos;
Driver info: org.openqa.selenium.firefox.FirefoxDriver
Capabilities [{applicationCacheEnabled=false, rotatable=false, handlesAlerts=true, databaseEnabled=true, version=32.0, platform=WINDOWS, nativeEvents=false, acceptSslCerts=true, webStorageEnabled=true, locationContextEnabled=true, browserName=firefox, takesScreenshot=true, javascriptEnabled=true, cssSelectorsEnabled=true}]
Session ID: 83d45d63-0455-454a-a163-c12f7ce1fb00
*** Element info: {Using=xpath, value=.//*[@id=&apos;balanceHistory_list_tbl&apos;]/div/div[1]/table/tbody/tr[1]/td[3]/span}
	at sun.reflect.NativeConstructorAccessorImpl.newInstance0(Native Method)
	at sun.reflect.NativeConstructorAccessorImpl.newInstance(Unknown Source)
	at sun.reflect.DelegatingConstructorAccessorImpl.newInstance(Unknown Source)
	at java.lang.reflect.Constructor.newInstance(Unknown Source)
	at org.openqa.selenium.remote.ErrorHandler.createThrowable(ErrorHandler.java:204)
	at org.openqa.selenium.remote.ErrorHandler.throwIfResponseFailed(ErrorHandler.java:156)
	at org.openqa.selenium.remote.RemoteWebDriver.execute(RemoteWebDriver.java:599)
	at org.openqa.selenium.remote.RemoteWebDriver.findElement(RemoteWebDriver.java:352)
	at org.openqa.selenium.remote.RemoteWebDriver.findElementByXPath(RemoteWebDriver.java:449)
	at org.openqa.selenium.By$ByXPath.findElement(By.java:357)
	at org.openqa.selenium.remote.RemoteWebDriver.findElement(RemoteWebDriver.java:344)
	at automationFramework.PageObjects.BalanceHistoryPage.getPurse(BalanceHistoryPage.java:35)
	at automationFramework.TestCases.BalanceHistoryTest.checkBalanceHistory(BalanceHistoryTest.java:58)
Caused by: org.openqa.selenium.NoSuchElementException: Unable to locate element: {&quot;method&quot;:&quot;xpath&quot;,&quot;selector&quot;:&quot;.//*[@id=&apos;balanceHistory_list_tbl&apos;]/div/div[1]/table/tbody/tr[1]/td[3]/span&quot;}
For documentation on this error, please visit: http://seleniumhq.org/exceptions/no_such_element.html
Build info: version: &apos;2.45.0&apos;, revision: &apos;5017cb8e7ca8e37638dc3091b2440b90a1d8686f&apos;, time: &apos;2015-02-27 09:10:26&apos;
System info: host: &apos;NACTS-081729&apos;, ip: &apos;172.28.0.111&apos;, os.name: &apos;Windows 7&apos;, os.arch: &apos;amd64&apos;, os.version: &apos;6.1&apos;, java.version: &apos;1.8.0_77&apos;
Driver info: driver.version: unknown
	at &lt;anonymous class&gt;.FirefoxDriver.prototype.findElementInternal_(file:///C:/Users/200123/AppData/Local/Temp/anonymous8721010986393994601webdriver-profile/extensions/fxdriver@googlecode.com/components/driver-component.js:10271)
	at &lt;anonymous class&gt;.fxdriver.Timer.prototype.setTimeout/&lt;.notify(file:///C:/Users/200123/AppData/Local/Temp/anonymous8721010986393994601webdriver-profile/extensions/fxdriver@googlecode.com/components/driver-component.js:603)
</failure>
    <system-out>Time in Milliseconds: 1927104 
Test Case: automationFramework.TestCases.LinkAccountTest 
Time Stamp: 2016-08-09 14:33:44,909 
Code Location: automationFramework.TestCases.LinkAccountTest.tearDown(LinkAccountTest.java:317) 
Log Message: TearDown Complete 
 
Time in Milliseconds: 1927104 
Test Case: automationFramework.TestCases.LinkAccountTest 
Time Stamp: 2016-08-09 14:33:44,909 
Code Location: automationFramework.TestCases.LinkAccountTest.tearDown(LinkAccountTest.java:317) 
Log Message: TearDown Complete 
 
Time in Milliseconds: 1927104 
Test Case: automationFramework.TestCases.LinkAccountTest 
Time Stamp: 2016-08-09 14:33:44,909 
Code Location: automationFramework.TestCases.LinkAccountTest.tearDown(LinkAccountTest.java:317) 
Log Message: TearDown Complete 
 
Time in Milliseconds: 1927104 
Test Case: automationFramework.TestCases.LinkAccountTest 
Time Stamp: 2016-08-09 14:33:44,909 
Code Location: automationFramework.TestCases.LinkAccountTest.tearDown(LinkAccountTest.java:317) 
Log Message: TearDown Complete 
 
Time in Milliseconds: 1927104 
Test Case: automationFramework.TestCases.LinkAccountTest 
Time Stamp: 2016-08-09 14:33:44,909 
Code Location: automationFramework.TestCases.LinkAccountTest.tearDown(LinkAccountTest.java:317) 
Log Message: TearDown Complete 
 
Time in Milliseconds: 1927104 
Test Case: automationFramework.TestCases.LinkAccountTest 
Time Stamp: 2016-08-09 14:33:44,909 
Code Location: automationFramework.TestCases.LinkAccountTest.tearDown(LinkAccountTest.java:317) 
Log Message: TearDown Complete 
 
Time in Milliseconds: 1927104 
Test Case: automationFramework.TestCases.LinkAccountTest 
Time Stamp: 2016-08-09 14:33:44,909 
Code Location: automationFramework.TestCases.LinkAccountTest.tearDown(LinkAccountTest.java:317) 
Log Message: TearDown Complete 
 
Time in Milliseconds: 1927104 
Test Case: automationFramework.TestCases.LinkAccountTest 
Time Stamp: 2016-08-09 14:33:44,909 
Code Location: automationFramework.TestCases.LinkAccountTest.tearDown(LinkAccountTest.java:317) 
Log Message: TearDown Complete 
 
Time in Milliseconds: 1927104 
Test Case: automationFramework.TestCases.LinkAccountTest 
Time Stamp: 2016-08-09 14:33:44,909 
Code Location: automationFramework.TestCases.LinkAccountTest.tearDown(LinkAccountTest.java:317) 
Log Message: TearDown Complete 
 
Time in Milliseconds: 1927104 
Test Case: automationFramework.TestCases.LinkAccountTest 
Time Stamp: 2016-08-09 14:33:44,909 
Code Location: automationFramework.TestCases.LinkAccountTest.tearDown(LinkAccountTest.java:317) 
Log Message: TearDown Complete 
 
Time in Milliseconds: 1927104 
Test Case: automationFramework.TestCases.LinkAccountTest 
Time Stamp: 2016-08-09 14:33:44,909 
Code Location: automationFramework.TestCases.LinkAccountTest.tearDown(LinkAccountTest.java:317) 
Log Message: TearDown Complete 
 
Time in Milliseconds: 1927104 
Test Case: automationFramework.TestCases.LinkAccountTest 
Time Stamp: 2016-08-09 14:33:44,909 
Code Location: automationFramework.TestCases.LinkAccountTest.tearDown(LinkAccountTest.java:317) 
Log Message: TearDown Complete 
 
Time in Milliseconds: 1927104 
Test Case: automationFramework.TestCases.LinkAccountTest 
Time Stamp: 2016-08-09 14:33:44,909 
Code Location: automationFramework.TestCases.LinkAccountTest.tearDown(LinkAccountTest.java:317) 
Log Message: TearDown Complete 
 
Time in Milliseconds: 1927104 
Test Case: automationFramework.TestCases.LinkAccountTest 
Time Stamp: 2016-08-09 14:33:44,909 
Code Location: automationFramework.TestCases.LinkAccountTest.tearDown(LinkAccountTest.java:317) 
Log Message: TearDown Complete 
 
Time in Milliseconds: 1927104 
Test Case: automationFramework.TestCases.LinkAccountTest 
Time Stamp: 2016-08-09 14:33:44,909 
Code Location: automationFramework.TestCases.LinkAccountTest.tearDown(LinkAccountTest.java:317) 
Log Message: TearDown Complete 
 
Time in Milliseconds: 1927104 
Test Case: automationFramework.TestCases.LinkAccountTest 
Time Stamp: 2016-08-09 14:33:44,909 
Code Location: automationFramework.TestCases.LinkAccountTest.tearDown(LinkAccountTest.java:317) 
Log Message: TearDown Complete 
 
Time in Milliseconds: 1927104 
Test Case: automationFramework.TestCases.LinkAccountTest 
Time Stamp: 2016-08-09 14:33:44,909 
Code Location: automationFramework.TestCases.LinkAccountTest.tearDown(LinkAccountTest.java:317) 
Log Message: TearDown Complete 
 
Time in Milliseconds: 1927104 
Test Case: automationFramework.TestCases.LinkAccountTest 
Time Stamp: 2016-08-09 14:33:44,909 
Code Location: automationFramework.TestCases.LinkAccountTest.tearDown(LinkAccountTest.java:317) 
Log Message: TearDown Complete 
 
Time in Milliseconds: 1927104 
Test Case: automationFramework.TestCases.LinkAccountTest 
Time Stamp: 2016-08-09 14:33:44,909 
Code Location: automationFramework.TestCases.LinkAccountTest.tearDown(LinkAccountTest.java:317) 
Log Message: TearDown Complete 
 
Time in Milliseconds: 1927104 
Test Case: automationFramework.TestCases.LinkAccountTest 
Time Stamp: 2016-08-09 14:33:44,909 
Code Location: automationFramework.TestCases.LinkAccountTest.tearDown(LinkAccountTest.java:317) 
Log Message: TearDown Complete 
 
Time in Milliseconds: 1927104 
Test Case: automationFramework.TestCases.LinkAccountTest 
Time Stamp: 2016-08-09 14:33:44,909 
Code Location: automationFramework.TestCases.LinkAccountTest.tearDown(LinkAccountTest.java:317) 
Log Message: TearDown Complete 
 
Time in Milliseconds: 1927104 
Test Case: automationFramework.TestCases.LinkAccountTest 
Time Stamp: 2016-08-09 14:33:44,909 
Code Location: automationFramework.TestCases.LinkAccountTest.tearDown(LinkAccountTest.java:317) 
Log Message: TearDown Complete 
 
Time in Milliseconds: 1927104 
Test Case: automationFramework.TestCases.LinkAccountTest 
Time Stamp: 2016-08-09 14:33:44,909 
Code Location: automationFramework.TestCases.LinkAccountTest.tearDown(LinkAccountTest.java:317) 
Log Message: TearDown Complete 
 
Time in Milliseconds: 1927104 
Test Case: automationFramework.TestCases.LinkAccountTest 
Time Stamp: 2016-08-09 14:33:44,909 
Code Location: automationFramework.TestCases.LinkAccountTest.tearDown(LinkAccountTest.java:317) 
Log Message: TearDown Complete 
 
Time in Milliseconds: 1927104 
Test Case: automationFramework.TestCases.LinkAccountTest 
Time Stamp: 2016-08-09 14:33:44,909 
Code Location: automationFramework.TestCases.LinkAccountTest.tearDown(LinkAccountTest.java:317) 
Log Message: TearDown Complete 
 
Time in Milliseconds: 1927104 
Test Case: automationFramework.TestCases.LinkAccountTest 
Time Stamp: 2016-08-09 14:33:44,909 
Code Location: automationFramework.TestCases.LinkAccountTest.tearDown(LinkAccountTest.java:317) 
Log Message: TearDown Complete 
 
Time in Milliseconds: 1927104 
Test Case: automationFramework.TestCases.LinkAccountTest 
Time Stamp: 2016-08-09 14:33:44,909 
Code Location: automationFramework.TestCases.LinkAccountTest.tearDown(LinkAccountTest.java:317) 
Log Message: TearDown Complete 
 
Time in Milliseconds: 1927104 
Test Case: automationFramework.TestCases.LinkAccountTest 
Time Stamp: 2016-08-09 14:33:44,909 
Code Location: automationFramework.TestCases.LinkAccountTest.tearDown(LinkAccountTest.java:317) 
Log Message: TearDown Complete 
 
Time in Milliseconds: 1927104 
Test Case: automationFramework.TestCases.LinkAccountTest 
Time Stamp: 2016-08-09 14:33:44,909 
Code Location: automationFramework.TestCases.LinkAccountTest.tearDown(LinkAccountTest.java:317) 
Log Message: TearDown Complete 
 
Time in Milliseconds: 1927104 
Test Case: automationFramework.TestCases.LinkAccountTest 
Time Stamp: 2016-08-09 14:33:44,909 
Code Location: automationFramework.TestCases.LinkAccountTest.tearDown(LinkAccountTest.java:317) 
Log Message: TearDown Complete 
 
Time in Milliseconds: 1927104 
Test Case: automationFramework.TestCases.LinkAccountTest 
Time Stamp: 2016-08-09 14:33:44,909 
Code Location: automationFramework.TestCases.LinkAccountTest.tearDown(LinkAccountTest.java:317) 
Log Message: TearDown Complete 
 
Time in Milliseconds: 1927104 
Test Case: automationFramework.TestCases.LinkAccountTest 
Time Stamp: 2016-08-09 14:33:44,909 
Code Location: automationFramework.TestCases.LinkAccountTest.tearDown(LinkAccountTest.java:317) 
Log Message: TearDown Complete 
 
Time in Milliseconds: 1927104 
Test Case: automationFramework.TestCases.LinkAccountTest 
Time Stamp: 2016-08-09 14:33:44,909 
Code Location: automationFramework.TestCases.LinkAccountTest.tearDown(LinkAccountTest.java:317) 
Log Message: TearDown Complete 
 
2016-08-09 14:33:44,909 INFO  [Logger] TearDown Complete 
Time in Milliseconds: 1927491 
Test Case: automationFramework.TestCases.BalanceHistoryTest 
Time Stamp: 2016-08-09 14:33:45,296 
Code Location: automationFramework.TestCases.BalanceHistoryTest.setUp(BalanceHistoryTest.java:35) 
Log Message: Setup Started 
 
Time in Milliseconds: 1927491 
Test Case: automationFramework.TestCases.BalanceHistoryTest 
Time Stamp: 2016-08-09 14:33:45,296 
Code Location: automationFramework.TestCases.BalanceHistoryTest.setUp(BalanceHistoryTest.java:35) 
Log Message: Setup Started 
 
Time in Milliseconds: 1927491 
Test Case: automationFramework.TestCases.BalanceHistoryTest 
Time Stamp: 2016-08-09 14:33:45,296 
Code Location: automationFramework.TestCases.BalanceHistoryTest.setUp(BalanceHistoryTest.java:35) 
Log Message: Setup Started 
 
Time in Milliseconds: 1927491 
Test Case: automationFramework.TestCases.BalanceHistoryTest 
Time Stamp: 2016-08-09 14:33:45,296 
Code Location: automationFramework.TestCases.BalanceHistoryTest.setUp(BalanceHistoryTest.java:35) 
Log Message: Setup Started 
 
Time in Milliseconds: 1927491 
Test Case: automationFramework.TestCases.BalanceHistoryTest 
Time Stamp: 2016-08-09 14:33:45,296 
Code Location: automationFramework.TestCases.BalanceHistoryTest.setUp(BalanceHistoryTest.java:35) 
Log Message: Setup Started 
 
Time in Milliseconds: 1927491 
Test Case: automationFramework.TestCases.BalanceHistoryTest 
Time Stamp: 2016-08-09 14:33:45,296 
Code Location: automationFramework.TestCases.BalanceHistoryTest.setUp(BalanceHistoryTest.java:35) 
Log Message: Setup Started 
 
Time in Milliseconds: 1927491 
Test Case: automationFramework.TestCases.BalanceHistoryTest 
Time Stamp: 2016-08-09 14:33:45,296 
Code Location: automationFramework.TestCases.BalanceHistoryTest.setUp(BalanceHistoryTest.java:35) 
Log Message: Setup Started 
 
Time in Milliseconds: 1927491 
Test Case: automationFramework.TestCases.BalanceHistoryTest 
Time Stamp: 2016-08-09 14:33:45,296 
Code Location: automationFramework.TestCases.BalanceHistoryTest.setUp(BalanceHistoryTest.java:35) 
Log Message: Setup Started 
 
Time in Milliseconds: 1927491 
Test Case: automationFramework.TestCases.BalanceHistoryTest 
Time Stamp: 2016-08-09 14:33:45,296 
Code Location: automationFramework.TestCases.BalanceHistoryTest.setUp(BalanceHistoryTest.java:35) 
Log Message: Setup Started 
 
Time in Milliseconds: 1927491 
Test Case: automationFramework.TestCases.BalanceHistoryTest 
Time Stamp: 2016-08-09 14:33:45,296 
Code Location: automationFramework.TestCases.BalanceHistoryTest.setUp(BalanceHistoryTest.java:35) 
Log Message: Setup Started 
 
Time in Milliseconds: 1927491 
Test Case: automationFramework.TestCases.BalanceHistoryTest 
Time Stamp: 2016-08-09 14:33:45,296 
Code Location: automationFramework.TestCases.BalanceHistoryTest.setUp(BalanceHistoryTest.java:35) 
Log Message: Setup Started 
 
Time in Milliseconds: 1927491 
Test Case: automationFramework.TestCases.BalanceHistoryTest 
Time Stamp: 2016-08-09 14:33:45,296 
Code Location: automationFramework.TestCases.BalanceHistoryTest.setUp(BalanceHistoryTest.java:35) 
Log Message: Setup Started 
 
Time in Milliseconds: 1927491 
Test Case: automationFramework.TestCases.BalanceHistoryTest 
Time Stamp: 2016-08-09 14:33:45,296 
Code Location: automationFramework.TestCases.BalanceHistoryTest.setUp(BalanceHistoryTest.java:35) 
Log Message: Setup Started 
 
Time in Milliseconds: 1927491 
Test Case: automationFramework.TestCases.BalanceHistoryTest 
Time Stamp: 2016-08-09 14:33:45,296 
Code Location: automationFramework.TestCases.BalanceHistoryTest.setUp(BalanceHistoryTest.java:35) 
Log Message: Setup Started 
 
Time in Milliseconds: 1927491 
Test Case: automationFramework.TestCases.BalanceHistoryTest 
Time Stamp: 2016-08-09 14:33:45,296 
Code Location: automationFramework.TestCases.BalanceHistoryTest.setUp(BalanceHistoryTest.java:35) 
Log Message: Setup Started 
 
Time in Milliseconds: 1927491 
Test Case: automationFramework.TestCases.BalanceHistoryTest 
Time Stamp: 2016-08-09 14:33:45,296 
Code Location: automationFramework.TestCases.BalanceHistoryTest.setUp(BalanceHistoryTest.java:35) 
Log Message: Setup Started 
 
Time in Milliseconds: 1927491 
Test Case: automationFramework.TestCases.BalanceHistoryTest 
Time Stamp: 2016-08-09 14:33:45,296 
Code Location: automationFramework.TestCases.BalanceHistoryTest.setUp(BalanceHistoryTest.java:35) 
Log Message: Setup Started 
 
Time in Milliseconds: 1927491 
Test Case: automationFramework.TestCases.BalanceHistoryTest 
Time Stamp: 2016-08-09 14:33:45,296 
Code Location: automationFramework.TestCases.BalanceHistoryTest.setUp(BalanceHistoryTest.java:35) 
Log Message: Setup Started 
 
Time in Milliseconds: 1927491 
Test Case: automationFramework.TestCases.BalanceHistoryTest 
Time Stamp: 2016-08-09 14:33:45,296 
Code Location: automationFramework.TestCases.BalanceHistoryTest.setUp(BalanceHistoryTest.java:35) 
Log Message: Setup Started 
 
Time in Milliseconds: 1927491 
Test Case: automationFramework.TestCases.BalanceHistoryTest 
Time Stamp: 2016-08-09 14:33:45,296 
Code Location: automationFramework.TestCases.BalanceHistoryTest.setUp(BalanceHistoryTest.java:35) 
Log Message: Setup Started 
 
Time in Milliseconds: 1927491 
Test Case: automationFramework.TestCases.BalanceHistoryTest 
Time Stamp: 2016-08-09 14:33:45,296 
Code Location: automationFramework.TestCases.BalanceHistoryTest.setUp(BalanceHistoryTest.java:35) 
Log Message: Setup Started 
 
Time in Milliseconds: 1927491 
Test Case: automationFramework.TestCases.BalanceHistoryTest 
Time Stamp: 2016-08-09 14:33:45,296 
Code Location: automationFramework.TestCases.BalanceHistoryTest.setUp(BalanceHistoryTest.java:35) 
Log Message: Setup Started 
 
Time in Milliseconds: 1927491 
Test Case: automationFramework.TestCases.BalanceHistoryTest 
Time Stamp: 2016-08-09 14:33:45,296 
Code Location: automationFramework.TestCases.BalanceHistoryTest.setUp(BalanceHistoryTest.java:35) 
Log Message: Setup Started 
 
Time in Milliseconds: 1927491 
Test Case: automationFramework.TestCases.BalanceHistoryTest 
Time Stamp: 2016-08-09 14:33:45,296 
Code Location: automationFramework.TestCases.BalanceHistoryTest.setUp(BalanceHistoryTest.java:35) 
Log Message: Setup Started 
 
Time in Milliseconds: 1927491 
Test Case: automationFramework.TestCases.BalanceHistoryTest 
Time Stamp: 2016-08-09 14:33:45,296 
Code Location: automationFramework.TestCases.BalanceHistoryTest.setUp(BalanceHistoryTest.java:35) 
Log Message: Setup Started 
 
Time in Milliseconds: 1927491 
Test Case: automationFramework.TestCases.BalanceHistoryTest 
Time Stamp: 2016-08-09 14:33:45,296 
Code Location: automationFramework.TestCases.BalanceHistoryTest.setUp(BalanceHistoryTest.java:35) 
Log Message: Setup Started 
 
Time in Milliseconds: 1927491 
Test Case: automationFramework.TestCases.BalanceHistoryTest 
Time Stamp: 2016-08-09 14:33:45,296 
Code Location: automationFramework.TestCases.BalanceHistoryTest.setUp(BalanceHistoryTest.java:35) 
Log Message: Setup Started 
 
Time in Milliseconds: 1927491 
Test Case: automationFramework.TestCases.BalanceHistoryTest 
Time Stamp: 2016-08-09 14:33:45,296 
Code Location: automationFramework.TestCases.BalanceHistoryTest.setUp(BalanceHistoryTest.java:35) 
Log Message: Setup Started 
 
Time in Milliseconds: 1927491 
Test Case: automationFramework.TestCases.BalanceHistoryTest 
Time Stamp: 2016-08-09 14:33:45,296 
Code Location: automationFramework.TestCases.BalanceHistoryTest.setUp(BalanceHistoryTest.java:35) 
Log Message: Setup Started 
 
Time in Milliseconds: 1927491 
Test Case: automationFramework.TestCases.BalanceHistoryTest 
Time Stamp: 2016-08-09 14:33:45,296 
Code Location: automationFramework.TestCases.BalanceHistoryTest.setUp(BalanceHistoryTest.java:35) 
Log Message: Setup Started 
 
Time in Milliseconds: 1927491 
Test Case: automationFramework.TestCases.BalanceHistoryTest 
Time Stamp: 2016-08-09 14:33:45,296 
Code Location: automationFramework.TestCases.BalanceHistoryTest.setUp(BalanceHistoryTest.java:35) 
Log Message: Setup Started 
 
Time in Milliseconds: 1927491 
Test Case: automationFramework.TestCases.BalanceHistoryTest 
Time Stamp: 2016-08-09 14:33:45,296 
Code Location: automationFramework.TestCases.BalanceHistoryTest.setUp(BalanceHistoryTest.java:35) 
Log Message: Setup Started 
 
Time in Milliseconds: 1927491 
Test Case: automationFramework.TestCases.BalanceHistoryTest 
Time Stamp: 2016-08-09 14:33:45,296 
Code Location: automationFramework.TestCases.BalanceHistoryTest.setUp(BalanceHistoryTest.java:35) 
Log Message: Setup Started 
 
Time in Milliseconds: 1927491 
Test Case: automationFramework.TestCases.BalanceHistoryTest 
Time Stamp: 2016-08-09 14:33:45,296 
Code Location: automationFramework.TestCases.BalanceHistoryTest.setUp(BalanceHistoryTest.java:35) 
Log Message: Setup Started 
 
2016-08-09 14:33:45,296 INFO  [Logger] Setup Started 
Time in Milliseconds: 1927545 
Test Case: automationFramework.TestCases.BalanceHistoryTest 
Time Stamp: 2016-08-09 14:33:45,350 
Code Location: automationFramework.TestCases.BalanceHistoryTest.setUp(BalanceHistoryTest.java:36) 
Log Message: Current OS: Windows 7 Enterprise 
 
Time in Milliseconds: 1927545 
Test Case: automationFramework.TestCases.BalanceHistoryTest 
Time Stamp: 2016-08-09 14:33:45,350 
Code Location: automationFramework.TestCases.BalanceHistoryTest.setUp(BalanceHistoryTest.java:36) 
Log Message: Current OS: Windows 7 Enterprise 
 
Time in Milliseconds: 1927545 
Test Case: automationFramework.TestCases.BalanceHistoryTest 
Time Stamp: 2016-08-09 14:33:45,350 
Code Location: automationFramework.TestCases.BalanceHistoryTest.setUp(BalanceHistoryTest.java:36) 
Log Message: Current OS: Windows 7 Enterprise 
 
Time in Milliseconds: 1927545 
Test Case: automationFramework.TestCases.BalanceHistoryTest 
Time Stamp: 2016-08-09 14:33:45,350 
Code Location: automationFramework.TestCases.BalanceHistoryTest.setUp(BalanceHistoryTest.java:36) 
Log Message: Current OS: Windows 7 Enterprise 
 
Time in Milliseconds: 1927545 
Test Case: automationFramework.TestCases.BalanceHistoryTest 
Time Stamp: 2016-08-09 14:33:45,350 
Code Location: automationFramework.TestCases.BalanceHistoryTest.setUp(BalanceHistoryTest.java:36) 
Log Message: Current OS: Windows 7 Enterprise 
 
Time in Milliseconds: 1927545 
Test Case: automationFramework.TestCases.BalanceHistoryTest 
Time Stamp: 2016-08-09 14:33:45,350 
Code Location: automationFramework.TestCases.BalanceHistoryTest.setUp(BalanceHistoryTest.java:36) 
Log Message: Current OS: Windows 7 Enterprise 
 
Time in Milliseconds: 1927545 
Test Case: automationFramework.TestCases.BalanceHistoryTest 
Time Stamp: 2016-08-09 14:33:45,350 
Code Location: automationFramework.TestCases.BalanceHistoryTest.setUp(BalanceHistoryTest.java:36) 
Log Message: Current OS: Windows 7 Enterprise 
 
Time in Milliseconds: 1927545 
Test Case: automationFramework.TestCases.BalanceHistoryTest 
Time Stamp: 2016-08-09 14:33:45,350 
Code Location: automationFramework.TestCases.BalanceHistoryTest.setUp(BalanceHistoryTest.java:36) 
Log Message: Current OS: Windows 7 Enterprise 
 
Time in Milliseconds: 1927545 
Test Case: automationFramework.TestCases.BalanceHistoryTest 
Time Stamp: 2016-08-09 14:33:45,350 
Code Location: automationFramework.TestCases.BalanceHistoryTest.setUp(BalanceHistoryTest.java:36) 
Log Message: Current OS: Windows 7 Enterprise 
 
Time in Milliseconds: 1927545 
Test Case: automationFramework.TestCases.BalanceHistoryTest 
Time Stamp: 2016-08-09 14:33:45,350 
Code Location: automationFramework.TestCases.BalanceHistoryTest.setUp(BalanceHistoryTest.java:36) 
Log Message: Current OS: Windows 7 Enterprise 
 
Time in Milliseconds: 1927545 
Test Case: automationFramework.TestCases.BalanceHistoryTest 
Time Stamp: 2016-08-09 14:33:45,350 
Code Location: automationFramework.TestCases.BalanceHistoryTest.setUp(BalanceHistoryTest.java:36) 
Log Message: Current OS: Windows 7 Enterprise 
 
Time in Milliseconds: 1927545 
Test Case: automationFramework.TestCases.BalanceHistoryTest 
Time Stamp: 2016-08-09 14:33:45,350 
Code Location: automationFramework.TestCases.BalanceHistoryTest.setUp(BalanceHistoryTest.java:36) 
Log Message: Current OS: Windows 7 Enterprise 
 
Time in Milliseconds: 1927545 
Test Case: automationFramework.TestCases.BalanceHistoryTest 
Time Stamp: 2016-08-09 14:33:45,350 
Code Location: automationFramework.TestCases.BalanceHistoryTest.setUp(BalanceHistoryTest.java:36) 
Log Message: Current OS: Windows 7 Enterprise 
 
Time in Milliseconds: 1927545 
Test Case: automationFramework.TestCases.BalanceHistoryTest 
Time Stamp: 2016-08-09 14:33:45,350 
Code Location: automationFramework.TestCases.BalanceHistoryTest.setUp(BalanceHistoryTest.java:36) 
Log Message: Current OS: Windows 7 Enterprise 
 
Time in Milliseconds: 1927545 
Test Case: automationFramework.TestCases.BalanceHistoryTest 
Time Stamp: 2016-08-09 14:33:45,350 
Code Location: automationFramework.TestCases.BalanceHistoryTest.setUp(BalanceHistoryTest.java:36) 
Log Message: Current OS: Windows 7 Enterprise 
 
Time in Milliseconds: 1927545 
Test Case: automationFramework.TestCases.BalanceHistoryTest 
Time Stamp: 2016-08-09 14:33:45,350 
Code Location: automationFramework.TestCases.BalanceHistoryTest.setUp(BalanceHistoryTest.java:36) 
Log Message: Current OS: Windows 7 Enterprise 
 
Time in Milliseconds: 1927545 
Test Case: automationFramework.TestCases.BalanceHistoryTest 
Time Stamp: 2016-08-09 14:33:45,350 
Code Location: automationFramework.TestCases.BalanceHistoryTest.setUp(BalanceHistoryTest.java:36) 
Log Message: Current OS: Windows 7 Enterprise 
 
Time in Milliseconds: 1927545 
Test Case: automationFramework.TestCases.BalanceHistoryTest 
Time Stamp: 2016-08-09 14:33:45,350 
Code Location: automationFramework.TestCases.BalanceHistoryTest.setUp(BalanceHistoryTest.java:36) 
Log Message: Current OS: Windows 7 Enterprise 
 
Time in Milliseconds: 1927545 
Test Case: automationFramework.TestCases.BalanceHistoryTest 
Time Stamp: 2016-08-09 14:33:45,350 
Code Location: automationFramework.TestCases.BalanceHistoryTest.setUp(BalanceHistoryTest.java:36) 
Log Message: Current OS: Windows 7 Enterprise 
 
Time in Milliseconds: 1927545 
Test Case: automationFramework.TestCases.BalanceHistoryTest 
Time Stamp: 2016-08-09 14:33:45,350 
Code Location: automationFramework.TestCases.BalanceHistoryTest.setUp(BalanceHistoryTest.java:36) 
Log Message: Current OS: Windows 7 Enterprise 
 
Time in Milliseconds: 1927545 
Test Case: automationFramework.TestCases.BalanceHistoryTest 
Time Stamp: 2016-08-09 14:33:45,350 
Code Location: automationFramework.TestCases.BalanceHistoryTest.setUp(BalanceHistoryTest.java:36) 
Log Message: Current OS: Windows 7 Enterprise 
 
Time in Milliseconds: 1927545 
Test Case: automationFramework.TestCases.BalanceHistoryTest 
Time Stamp: 2016-08-09 14:33:45,350 
Code Location: automationFramework.TestCases.BalanceHistoryTest.setUp(BalanceHistoryTest.java:36) 
Log Message: Current OS: Windows 7 Enterprise 
 
Time in Milliseconds: 1927545 
Test Case: automationFramework.TestCases.BalanceHistoryTest 
Time Stamp: 2016-08-09 14:33:45,350 
Code Location: automationFramework.TestCases.BalanceHistoryTest.setUp(BalanceHistoryTest.java:36) 
Log Message: Current OS: Windows 7 Enterprise 
 
Time in Milliseconds: 1927545 
Test Case: automationFramework.TestCases.BalanceHistoryTest 
Time Stamp: 2016-08-09 14:33:45,350 
Code Location: automationFramework.TestCases.BalanceHistoryTest.setUp(BalanceHistoryTest.java:36) 
Log Message: Current OS: Windows 7 Enterprise 
 
Time in Milliseconds: 1927545 
Test Case: automationFramework.TestCases.BalanceHistoryTest 
Time Stamp: 2016-08-09 14:33:45,350 
Code Location: automationFramework.TestCases.BalanceHistoryTest.setUp(BalanceHistoryTest.java:36) 
Log Message: Current OS: Windows 7 Enterprise 
 
Time in Milliseconds: 1927545 
Test Case: automationFramework.TestCases.BalanceHistoryTest 
Time Stamp: 2016-08-09 14:33:45,350 
Code Location: automationFramework.TestCases.BalanceHistoryTest.setUp(BalanceHistoryTest.java:36) 
Log Message: Current OS: Windows 7 Enterprise 
 
Time in Milliseconds: 1927545 
Test Case: automationFramework.TestCases.BalanceHistoryTest 
Time Stamp: 2016-08-09 14:33:45,350 
Code Location: automationFramework.TestCases.BalanceHistoryTest.setUp(BalanceHistoryTest.java:36) 
Log Message: Current OS: Windows 7 Enterprise 
 
Time in Milliseconds: 1927545 
Test Case: automationFramework.TestCases.BalanceHistoryTest 
Time Stamp: 2016-08-09 14:33:45,350 
Code Location: automationFramework.TestCases.BalanceHistoryTest.setUp(BalanceHistoryTest.java:36) 
Log Message: Current OS: Windows 7 Enterprise 
 
Time in Milliseconds: 1927545 
Test Case: automationFramework.TestCases.BalanceHistoryTest 
Time Stamp: 2016-08-09 14:33:45,350 
Code Location: automationFramework.TestCases.BalanceHistoryTest.setUp(BalanceHistoryTest.java:36) 
Log Message: Current OS: Windows 7 Enterprise 
 
Time in Milliseconds: 1927545 
Test Case: automationFramework.TestCases.BalanceHistoryTest 
Time Stamp: 2016-08-09 14:33:45,350 
Code Location: automationFramework.TestCases.BalanceHistoryTest.setUp(BalanceHistoryTest.java:36) 
Log Message: Current OS: Windows 7 Enterprise 
 
Time in Milliseconds: 1927545 
Test Case: automationFramework.TestCases.BalanceHistoryTest 
Time Stamp: 2016-08-09 14:33:45,350 
Code Location: automationFramework.TestCases.BalanceHistoryTest.setUp(BalanceHistoryTest.java:36) 
Log Message: Current OS: Windows 7 Enterprise 
 
Time in Milliseconds: 1927545 
Test Case: automationFramework.TestCases.BalanceHistoryTest 
Time Stamp: 2016-08-09 14:33:45,350 
Code Location: automationFramework.TestCases.BalanceHistoryTest.setUp(BalanceHistoryTest.java:36) 
Log Message: Current OS: Windows 7 Enterprise 
 
Time in Milliseconds: 1927545 
Test Case: automationFramework.TestCases.BalanceHistoryTest 
Time Stamp: 2016-08-09 14:33:45,350 
Code Location: automationFramework.TestCases.BalanceHistoryTest.setUp(BalanceHistoryTest.java:36) 
Log Message: Current OS: Windows 7 Enterprise 
 
Time in Milliseconds: 1927545 
Test Case: automationFramework.TestCases.BalanceHistoryTest 
Time Stamp: 2016-08-09 14:33:45,350 
Code Location: automationFramework.TestCases.BalanceHistoryTest.setUp(BalanceHistoryTest.java:36) 
Log Message: Current OS: Windows 7 Enterprise 
 
2016-08-09 14:33:45,350 INFO  [Logger] Current OS: Windows 7 Enterprise 
Time in Milliseconds: 1927546 
Test Case: automationFramework.TestCases.BalanceHistoryTest 
Time Stamp: 2016-08-09 14:33:45,351 
Code Location: automationFramework.TestCases.BalanceHistoryTest.setUp(BalanceHistoryTest.java:37) 
Log Message: Current Browser: firefox.exe 
 
Time in Milliseconds: 1927546 
Test Case: automationFramework.TestCases.BalanceHistoryTest 
Time Stamp: 2016-08-09 14:33:45,351 
Code Location: automationFramework.TestCases.BalanceHistoryTest.setUp(BalanceHistoryTest.java:37) 
Log Message: Current Browser: firefox.exe 
 
Time in Milliseconds: 1927546 
Test Case: automationFramework.TestCases.BalanceHistoryTest 
Time Stamp: 2016-08-09 14:33:45,351 
Code Location: automationFramework.TestCases.BalanceHistoryTest.setUp(BalanceHistoryTest.java:37) 
Log Message: Current Browser: firefox.exe 
 
Time in Milliseconds: 1927546 
Test Case: automationFramework.TestCases.BalanceHistoryTest 
Time Stamp: 2016-08-09 14:33:45,351 
Code Location: automationFramework.TestCases.BalanceHistoryTest.setUp(BalanceHistoryTest.java:37) 
Log Message: Current Browser: firefox.exe 
 
Time in Milliseconds: 1927546 
Test Case: automationFramework.TestCases.BalanceHistoryTest 
Time Stamp: 2016-08-09 14:33:45,351 
Code Location: automationFramework.TestCases.BalanceHistoryTest.setUp(BalanceHistoryTest.java:37) 
Log Message: Current Browser: firefox.exe 
 
Time in Milliseconds: 1927546 
Test Case: automationFramework.TestCases.BalanceHistoryTest 
Time Stamp: 2016-08-09 14:33:45,351 
Code Location: automationFramework.TestCases.BalanceHistoryTest.setUp(BalanceHistoryTest.java:37) 
Log Message: Current Browser: firefox.exe 
 
Time in Milliseconds: 1927546 
Test Case: automationFramework.TestCases.BalanceHistoryTest 
Time Stamp: 2016-08-09 14:33:45,351 
Code Location: automationFramework.TestCases.BalanceHistoryTest.setUp(BalanceHistoryTest.java:37) 
Log Message: Current Browser: firefox.exe 
 
Time in Milliseconds: 1927546 
Test Case: automationFramework.TestCases.BalanceHistoryTest 
Time Stamp: 2016-08-09 14:33:45,351 
Code Location: automationFramework.TestCases.BalanceHistoryTest.setUp(BalanceHistoryTest.java:37) 
Log Message: Current Browser: firefox.exe 
 
Time in Milliseconds: 1927546 
Test Case: automationFramework.TestCases.BalanceHistoryTest 
Time Stamp: 2016-08-09 14:33:45,351 
Code Location: automationFramework.TestCases.BalanceHistoryTest.setUp(BalanceHistoryTest.java:37) 
Log Message: Current Browser: firefox.exe 
 
Time in Milliseconds: 1927546 
Test Case: automationFramework.TestCases.BalanceHistoryTest 
Time Stamp: 2016-08-09 14:33:45,351 
Code Location: automationFramework.TestCases.BalanceHistoryTest.setUp(BalanceHistoryTest.java:37) 
Log Message: Current Browser: firefox.exe 
 
Time in Milliseconds: 1927546 
Test Case: automationFramework.TestCases.BalanceHistoryTest 
Time Stamp: 2016-08-09 14:33:45,351 
Code Location: automationFramework.TestCases.BalanceHistoryTest.setUp(BalanceHistoryTest.java:37) 
Log Message: Current Browser: firefox.exe 
 
Time in Milliseconds: 1927546 
Test Case: automationFramework.TestCases.BalanceHistoryTest 
Time Stamp: 2016-08-09 14:33:45,351 
Code Location: automationFramework.TestCases.BalanceHistoryTest.setUp(BalanceHistoryTest.java:37) 
Log Message: Current Browser: firefox.exe 
 
Time in Milliseconds: 1927546 
Test Case: automationFramework.TestCases.BalanceHistoryTest 
Time Stamp: 2016-08-09 14:33:45,351 
Code Location: automationFramework.TestCases.BalanceHistoryTest.setUp(BalanceHistoryTest.java:37) 
Log Message: Current Browser: firefox.exe 
 
Time in Milliseconds: 1927546 
Test Case: automationFramework.TestCases.BalanceHistoryTest 
Time Stamp: 2016-08-09 14:33:45,351 
Code Location: automationFramework.TestCases.BalanceHistoryTest.setUp(BalanceHistoryTest.java:37) 
Log Message: Current Browser: firefox.exe 
 
Time in Milliseconds: 1927546 
Test Case: automationFramework.TestCases.BalanceHistoryTest 
Time Stamp: 2016-08-09 14:33:45,351 
Code Location: automationFramework.TestCases.BalanceHistoryTest.setUp(BalanceHistoryTest.java:37) 
Log Message: Current Browser: firefox.exe 
 
Time in Milliseconds: 1927546 
Test Case: automationFramework.TestCases.BalanceHistoryTest 
Time Stamp: 2016-08-09 14:33:45,351 
Code Location: automationFramework.TestCases.BalanceHistoryTest.setUp(BalanceHistoryTest.java:37) 
Log Message: Current Browser: firefox.exe 
 
Time in Milliseconds: 1927546 
Test Case: automationFramework.TestCases.BalanceHistoryTest 
Time Stamp: 2016-08-09 14:33:45,351 
Code Location: automationFramework.TestCases.BalanceHistoryTest.setUp(BalanceHistoryTest.java:37) 
Log Message: Current Browser: firefox.exe 
 
Time in Milliseconds: 1927546 
Test Case: automationFramework.TestCases.BalanceHistoryTest 
Time Stamp: 2016-08-09 14:33:45,351 
Code Location: automationFramework.TestCases.BalanceHistoryTest.setUp(BalanceHistoryTest.java:37) 
Log Message: Current Browser: firefox.exe 
 
Time in Milliseconds: 1927546 
Test Case: automationFramework.TestCases.BalanceHistoryTest 
Time Stamp: 2016-08-09 14:33:45,351 
Code Location: automationFramework.TestCases.BalanceHistoryTest.setUp(BalanceHistoryTest.java:37) 
Log Message: Current Browser: firefox.exe 
 
Time in Milliseconds: 1927546 
Test Case: automationFramework.TestCases.BalanceHistoryTest 
Time Stamp: 2016-08-09 14:33:45,351 
Code Location: automationFramework.TestCases.BalanceHistoryTest.setUp(BalanceHistoryTest.java:37) 
Log Message: Current Browser: firefox.exe 
 
Time in Milliseconds: 1927546 
Test Case: automationFramework.TestCases.BalanceHistoryTest 
Time Stamp: 2016-08-09 14:33:45,351 
Code Location: automationFramework.TestCases.BalanceHistoryTest.setUp(BalanceHistoryTest.java:37) 
Log Message: Current Browser: firefox.exe 
 
Time in Milliseconds: 1927546 
Test Case: automationFramework.TestCases.BalanceHistoryTest 
Time Stamp: 2016-08-09 14:33:45,351 
Code Location: automationFramework.TestCases.BalanceHistoryTest.setUp(BalanceHistoryTest.java:37) 
Log Message: Current Browser: firefox.exe 
 
Time in Milliseconds: 1927546 
Test Case: automationFramework.TestCases.BalanceHistoryTest 
Time Stamp: 2016-08-09 14:33:45,351 
Code Location: automationFramework.TestCases.BalanceHistoryTest.setUp(BalanceHistoryTest.java:37) 
Log Message: Current Browser: firefox.exe 
 
Time in Milliseconds: 1927546 
Test Case: automationFramework.TestCases.BalanceHistoryTest 
Time Stamp: 2016-08-09 14:33:45,351 
Code Location: automationFramework.TestCases.BalanceHistoryTest.setUp(BalanceHistoryTest.java:37) 
Log Message: Current Browser: firefox.exe 
 
Time in Milliseconds: 1927546 
Test Case: automationFramework.TestCases.BalanceHistoryTest 
Time Stamp: 2016-08-09 14:33:45,351 
Code Location: automationFramework.TestCases.BalanceHistoryTest.setUp(BalanceHistoryTest.java:37) 
Log Message: Current Browser: firefox.exe 
 
Time in Milliseconds: 1927546 
Test Case: automationFramework.TestCases.BalanceHistoryTest 
Time Stamp: 2016-08-09 14:33:45,351 
Code Location: automationFramework.TestCases.BalanceHistoryTest.setUp(BalanceHistoryTest.java:37) 
Log Message: Current Browser: firefox.exe 
 
Time in Milliseconds: 1927546 
Test Case: automationFramework.TestCases.BalanceHistoryTest 
Time Stamp: 2016-08-09 14:33:45,351 
Code Location: automationFramework.TestCases.BalanceHistoryTest.setUp(BalanceHistoryTest.java:37) 
Log Message: Current Browser: firefox.exe 
 
Time in Milliseconds: 1927546 
Test Case: automationFramework.TestCases.BalanceHistoryTest 
Time Stamp: 2016-08-09 14:33:45,351 
Code Location: automationFramework.TestCases.BalanceHistoryTest.setUp(BalanceHistoryTest.java:37) 
Log Message: Current Browser: firefox.exe 
 
Time in Milliseconds: 1927546 
Test Case: automationFramework.TestCases.BalanceHistoryTest 
Time Stamp: 2016-08-09 14:33:45,351 
Code Location: automationFramework.TestCases.BalanceHistoryTest.setUp(BalanceHistoryTest.java:37) 
Log Message: Current Browser: firefox.exe 
 
Time in Milliseconds: 1927546 
Test Case: automationFramework.TestCases.BalanceHistoryTest 
Time Stamp: 2016-08-09 14:33:45,351 
Code Location: automationFramework.TestCases.BalanceHistoryTest.setUp(BalanceHistoryTest.java:37) 
Log Message: Current Browser: firefox.exe 
 
Time in Milliseconds: 1927546 
Test Case: automationFramework.TestCases.BalanceHistoryTest 
Time Stamp: 2016-08-09 14:33:45,351 
Code Location: automationFramework.TestCases.BalanceHistoryTest.setUp(BalanceHistoryTest.java:37) 
Log Message: Current Browser: firefox.exe 
 
Time in Milliseconds: 1927546 
Test Case: automationFramework.TestCases.BalanceHistoryTest 
Time Stamp: 2016-08-09 14:33:45,351 
Code Location: automationFramework.TestCases.BalanceHistoryTest.setUp(BalanceHistoryTest.java:37) 
Log Message: Current Browser: firefox.exe 
 
Time in Milliseconds: 1927546 
Test Case: automationFramework.TestCases.BalanceHistoryTest 
Time Stamp: 2016-08-09 14:33:45,351 
Code Location: automationFramework.TestCases.BalanceHistoryTest.setUp(BalanceHistoryTest.java:37) 
Log Message: Current Browser: firefox.exe 
 
Time in Milliseconds: 1927546 
Test Case: automationFramework.TestCases.BalanceHistoryTest 
Time Stamp: 2016-08-09 14:33:45,351 
Code Location: automationFramework.TestCases.BalanceHistoryTest.setUp(BalanceHistoryTest.java:37) 
Log Message: Current Browser: firefox.exe 
 
2016-08-09 14:33:45,351 INFO  [Logger] Current Browser: firefox.exe 
Time in Milliseconds: 1940786 
Test Case: automationFramework.TestCases.BalanceHistoryTest 
Time Stamp: 2016-08-09 14:33:58,591 
Code Location: automationFramework.TestCases.BalanceHistoryTest.setUp(BalanceHistoryTest.java:40) 
Log Message: Setup Completed 
 
Time in Milliseconds: 1940786 
Test Case: automationFramework.TestCases.BalanceHistoryTest 
Time Stamp: 2016-08-09 14:33:58,591 
Code Location: automationFramework.TestCases.BalanceHistoryTest.setUp(BalanceHistoryTest.java:40) 
Log Message: Setup Completed 
 
Time in Milliseconds: 1940786 
Test Case: automationFramework.TestCases.BalanceHistoryTest 
Time Stamp: 2016-08-09 14:33:58,591 
Code Location: automationFramework.TestCases.BalanceHistoryTest.setUp(BalanceHistoryTest.java:40) 
Log Message: Setup Completed 
 
Time in Milliseconds: 1940786 
Test Case: automationFramework.TestCases.BalanceHistoryTest 
Time Stamp: 2016-08-09 14:33:58,591 
Code Location: automationFramework.TestCases.BalanceHistoryTest.setUp(BalanceHistoryTest.java:40) 
Log Message: Setup Completed 
 
Time in Milliseconds: 1940786 
Test Case: automationFramework.TestCases.BalanceHistoryTest 
Time Stamp: 2016-08-09 14:33:58,591 
Code Location: automationFramework.TestCases.BalanceHistoryTest.setUp(BalanceHistoryTest.java:40) 
Log Message: Setup Completed 
 
Time in Milliseconds: 1940786 
Test Case: automationFramework.TestCases.BalanceHistoryTest 
Time Stamp: 2016-08-09 14:33:58,591 
Code Location: automationFramework.TestCases.BalanceHistoryTest.setUp(BalanceHistoryTest.java:40) 
Log Message: Setup Completed 
 
Time in Milliseconds: 1940786 
Test Case: automationFramework.TestCases.BalanceHistoryTest 
Time Stamp: 2016-08-09 14:33:58,591 
Code Location: automationFramework.TestCases.BalanceHistoryTest.setUp(BalanceHistoryTest.java:40) 
Log Message: Setup Completed 
 
Time in Milliseconds: 1940786 
Test Case: automationFramework.TestCases.BalanceHistoryTest 
Time Stamp: 2016-08-09 14:33:58,591 
Code Location: automationFramework.TestCases.BalanceHistoryTest.setUp(BalanceHistoryTest.java:40) 
Log Message: Setup Completed 
 
Time in Milliseconds: 1940786 
Test Case: automationFramework.TestCases.BalanceHistoryTest 
Time Stamp: 2016-08-09 14:33:58,591 
Code Location: automationFramework.TestCases.BalanceHistoryTest.setUp(BalanceHistoryTest.java:40) 
Log Message: Setup Completed 
 
Time in Milliseconds: 1940786 
Test Case: automationFramework.TestCases.BalanceHistoryTest 
Time Stamp: 2016-08-09 14:33:58,591 
Code Location: automationFramework.TestCases.BalanceHistoryTest.setUp(BalanceHistoryTest.java:40) 
Log Message: Setup Completed 
 
Time in Milliseconds: 1940786 
Test Case: automationFramework.TestCases.BalanceHistoryTest 
Time Stamp: 2016-08-09 14:33:58,591 
Code Location: automationFramework.TestCases.BalanceHistoryTest.setUp(BalanceHistoryTest.java:40) 
Log Message: Setup Completed 
 
Time in Milliseconds: 1940786 
Test Case: automationFramework.TestCases.BalanceHistoryTest 
Time Stamp: 2016-08-09 14:33:58,591 
Code Location: automationFramework.TestCases.BalanceHistoryTest.setUp(BalanceHistoryTest.java:40) 
Log Message: Setup Completed 
 
Time in Milliseconds: 1940786 
Test Case: automationFramework.TestCases.BalanceHistoryTest 
Time Stamp: 2016-08-09 14:33:58,591 
Code Location: automationFramework.TestCases.BalanceHistoryTest.setUp(BalanceHistoryTest.java:40) 
Log Message: Setup Completed 
 
Time in Milliseconds: 1940786 
Test Case: automationFramework.TestCases.BalanceHistoryTest 
Time Stamp: 2016-08-09 14:33:58,591 
Code Location: automationFramework.TestCases.BalanceHistoryTest.setUp(BalanceHistoryTest.java:40) 
Log Message: Setup Completed 
 
Time in Milliseconds: 1940786 
Test Case: automationFramework.TestCases.BalanceHistoryTest 
Time Stamp: 2016-08-09 14:33:58,591 
Code Location: automationFramework.TestCases.BalanceHistoryTest.setUp(BalanceHistoryTest.java:40) 
Log Message: Setup Completed 
 
Time in Milliseconds: 1940786 
Test Case: automationFramework.TestCases.BalanceHistoryTest 
Time Stamp: 2016-08-09 14:33:58,591 
Code Location: automationFramework.TestCases.BalanceHistoryTest.setUp(BalanceHistoryTest.java:40) 
Log Message: Setup Completed 
 
Time in Milliseconds: 1940786 
Test Case: automationFramework.TestCases.BalanceHistoryTest 
Time Stamp: 2016-08-09 14:33:58,591 
Code Location: automationFramework.TestCases.BalanceHistoryTest.setUp(BalanceHistoryTest.java:40) 
Log Message: Setup Completed 
 
Time in Milliseconds: 1940786 
Test Case: automationFramework.TestCases.BalanceHistoryTest 
Time Stamp: 2016-08-09 14:33:58,591 
Code Location: automationFramework.TestCases.BalanceHistoryTest.setUp(BalanceHistoryTest.java:40) 
Log Message: Setup Completed 
 
Time in Milliseconds: 1940786 
Test Case: automationFramework.TestCases.BalanceHistoryTest 
Time Stamp: 2016-08-09 14:33:58,591 
Code Location: automationFramework.TestCases.BalanceHistoryTest.setUp(BalanceHistoryTest.java:40) 
Log Message: Setup Completed 
 
Time in Milliseconds: 1940786 
Test Case: automationFramework.TestCases.BalanceHistoryTest 
Time Stamp: 2016-08-09 14:33:58,591 
Code Location: automationFramework.TestCases.BalanceHistoryTest.setUp(BalanceHistoryTest.java:40) 
Log Message: Setup Completed 
 
Time in Milliseconds: 1940786 
Test Case: automationFramework.TestCases.BalanceHistoryTest 
Time Stamp: 2016-08-09 14:33:58,591 
Code Location: automationFramework.TestCases.BalanceHistoryTest.setUp(BalanceHistoryTest.java:40) 
Log Message: Setup Completed 
 
Time in Milliseconds: 1940786 
Test Case: automationFramework.TestCases.BalanceHistoryTest 
Time Stamp: 2016-08-09 14:33:58,591 
Code Location: automationFramework.TestCases.BalanceHistoryTest.setUp(BalanceHistoryTest.java:40) 
Log Message: Setup Completed 
 
Time in Milliseconds: 1940786 
Test Case: automationFramework.TestCases.BalanceHistoryTest 
Time Stamp: 2016-08-09 14:33:58,591 
Code Location: automationFramework.TestCases.BalanceHistoryTest.setUp(BalanceHistoryTest.java:40) 
Log Message: Setup Completed 
 
Time in Milliseconds: 1940786 
Test Case: automationFramework.TestCases.BalanceHistoryTest 
Time Stamp: 2016-08-09 14:33:58,591 
Code Location: automationFramework.TestCases.BalanceHistoryTest.setUp(BalanceHistoryTest.java:40) 
Log Message: Setup Completed 
 
Time in Milliseconds: 1940786 
Test Case: automationFramework.TestCases.BalanceHistoryTest 
Time Stamp: 2016-08-09 14:33:58,591 
Code Location: automationFramework.TestCases.BalanceHistoryTest.setUp(BalanceHistoryTest.java:40) 
Log Message: Setup Completed 
 
Time in Milliseconds: 1940786 
Test Case: automationFramework.TestCases.BalanceHistoryTest 
Time Stamp: 2016-08-09 14:33:58,591 
Code Location: automationFramework.TestCases.BalanceHistoryTest.setUp(BalanceHistoryTest.java:40) 
Log Message: Setup Completed 
 
Time in Milliseconds: 1940786 
Test Case: automationFramework.TestCases.BalanceHistoryTest 
Time Stamp: 2016-08-09 14:33:58,591 
Code Location: automationFramework.TestCases.BalanceHistoryTest.setUp(BalanceHistoryTest.java:40) 
Log Message: Setup Completed 
 
Time in Milliseconds: 1940786 
Test Case: automationFramework.TestCases.BalanceHistoryTest 
Time Stamp: 2016-08-09 14:33:58,591 
Code Location: automationFramework.TestCases.BalanceHistoryTest.setUp(BalanceHistoryTest.java:40) 
Log Message: Setup Completed 
 
Time in Milliseconds: 1940786 
Test Case: automationFramework.TestCases.BalanceHistoryTest 
Time Stamp: 2016-08-09 14:33:58,591 
Code Location: automationFramework.TestCases.BalanceHistoryTest.setUp(BalanceHistoryTest.java:40) 
Log Message: Setup Completed 
 
Time in Milliseconds: 1940786 
Test Case: automationFramework.TestCases.BalanceHistoryTest 
Time Stamp: 2016-08-09 14:33:58,591 
Code Location: automationFramework.TestCases.BalanceHistoryTest.setUp(BalanceHistoryTest.java:40) 
Log Message: Setup Completed 
 
Time in Milliseconds: 1940786 
Test Case: automationFramework.TestCases.BalanceHistoryTest 
Time Stamp: 2016-08-09 14:33:58,591 
Code Location: automationFramework.TestCases.BalanceHistoryTest.setUp(BalanceHistoryTest.java:40) 
Log Message: Setup Completed 
 
Time in Milliseconds: 1940786 
Test Case: automationFramework.TestCases.BalanceHistoryTest 
Time Stamp: 2016-08-09 14:33:58,591 
Code Location: automationFramework.TestCases.BalanceHistoryTest.setUp(BalanceHistoryTest.java:40) 
Log Message: Setup Completed 
 
Time in Milliseconds: 1940786 
Test Case: automationFramework.TestCases.BalanceHistoryTest 
Time Stamp: 2016-08-09 14:33:58,591 
Code Location: automationFramework.TestCases.BalanceHistoryTest.setUp(BalanceHistoryTest.java:40) 
Log Message: Setup Completed 
 
Time in Milliseconds: 1940786 
Test Case: automationFramework.TestCases.BalanceHistoryTest 
Time Stamp: 2016-08-09 14:33:58,591 
Code Location: automationFramework.TestCases.BalanceHistoryTest.setUp(BalanceHistoryTest.java:40) 
Log Message: Setup Completed 
 
2016-08-09 14:33:58,591 INFO  [Logger] Setup Completed 
</system-out>
  </testcase>
  <testcase classname="automationFramework.TestCases.BalanceHistoryTest" name="checkBalanceHistoryDetail" time="100.514">
    <failure message="Unable to locate element: {&quot;method&quot;:&quot;xpath&quot;,&quot;selector&quot;:&quot;//*[@id=&apos;balanceHistory_list_tbl&apos;]/div/div[1]/table/tbody/tr[1]/td[2]/span/span&quot;}
Command duration or timeout: 60.07 seconds
For documentation on this error, please visit: http://seleniumhq.org/exceptions/no_such_element.html
Build info: version: &apos;2.45.0&apos;, revision: &apos;5017cb8e7ca8e37638dc3091b2440b90a1d8686f&apos;, time: &apos;2015-02-27 09:10:26&apos;
System info: host: &apos;NACTS-081729&apos;, ip: &apos;172.28.0.111&apos;, os.name: &apos;Windows 7&apos;, os.arch: &apos;amd64&apos;, os.version: &apos;6.1&apos;, java.version: &apos;1.8.0_77&apos;
Driver info: org.openqa.selenium.firefox.FirefoxDriver
Capabilities [{applicationCacheEnabled=false, rotatable=false, handlesAlerts=true, databaseEnabled=true, version=32.0, platform=WINDOWS, nativeEvents=false, acceptSslCerts=true, webStorageEnabled=true, locationContextEnabled=true, browserName=firefox, takesScreenshot=true, javascriptEnabled=true, cssSelectorsEnabled=true}]
Session ID: 546ace65-9ba1-44d8-8fc0-debd2e9b6d1c
*** Element info: {Using=xpath, value=//*[@id=&apos;balanceHistory_list_tbl&apos;]/div/div[1]/table/tbody/tr[1]/td[2]/span/span}" type="org.openqa.selenium.NoSuchElementException">org.openqa.selenium.NoSuchElementException: Unable to locate element: {&quot;method&quot;:&quot;xpath&quot;,&quot;selector&quot;:&quot;//*[@id=&apos;balanceHistory_list_tbl&apos;]/div/div[1]/table/tbody/tr[1]/td[2]/span/span&quot;}
Command duration or timeout: 60.07 seconds
For documentation on this error, please visit: http://seleniumhq.org/exceptions/no_such_element.html
Build info: version: &apos;2.45.0&apos;, revision: &apos;5017cb8e7ca8e37638dc3091b2440b90a1d8686f&apos;, time: &apos;2015-02-27 09:10:26&apos;
System info: host: &apos;NACTS-081729&apos;, ip: &apos;172.28.0.111&apos;, os.name: &apos;Windows 7&apos;, os.arch: &apos;amd64&apos;, os.version: &apos;6.1&apos;, java.version: &apos;1.8.0_77&apos;
Driver info: org.openqa.selenium.firefox.FirefoxDriver
Capabilities [{applicationCacheEnabled=false, rotatable=false, handlesAlerts=true, databaseEnabled=true, version=32.0, platform=WINDOWS, nativeEvents=false, acceptSslCerts=true, webStorageEnabled=true, locationContextEnabled=true, browserName=firefox, takesScreenshot=true, javascriptEnabled=true, cssSelectorsEnabled=true}]
Session ID: 546ace65-9ba1-44d8-8fc0-debd2e9b6d1c
*** Element info: {Using=xpath, value=//*[@id=&apos;balanceHistory_list_tbl&apos;]/div/div[1]/table/tbody/tr[1]/td[2]/span/span}
	at sun.reflect.NativeConstructorAccessorImpl.newInstance0(Native Method)
	at sun.reflect.NativeConstructorAccessorImpl.newInstance(Unknown Source)
	at sun.reflect.DelegatingConstructorAccessorImpl.newInstance(Unknown Source)
	at java.lang.reflect.Constructor.newInstance(Unknown Source)
	at org.openqa.selenium.remote.ErrorHandler.createThrowable(ErrorHandler.java:204)
	at org.openqa.selenium.remote.ErrorHandler.throwIfResponseFailed(ErrorHandler.java:156)
	at org.openqa.selenium.remote.RemoteWebDriver.execute(RemoteWebDriver.java:599)
	at org.openqa.selenium.remote.RemoteWebDriver.findElement(RemoteWebDriver.java:352)
	at org.openqa.selenium.remote.RemoteWebDriver.findElementByXPath(RemoteWebDriver.java:449)
	at org.openqa.selenium.By$ByXPath.findElement(By.java:357)
	at org.openqa.selenium.remote.RemoteWebDriver.findElement(RemoteWebDriver.java:344)
	at automationFramework.PageObjects.BalanceHistoryPage.clickFirstRecord(BalanceHistoryPage.java:55)
	at automationFramework.TestCases.BalanceHistoryTest.checkBalanceHistoryDetail(BalanceHistoryTest.java:81)
Caused by: org.openqa.selenium.NoSuchElementException: Unable to locate element: {&quot;method&quot;:&quot;xpath&quot;,&quot;selector&quot;:&quot;//*[@id=&apos;balanceHistory_list_tbl&apos;]/div/div[1]/table/tbody/tr[1]/td[2]/span/span&quot;}
For documentation on this error, please visit: http://seleniumhq.org/exceptions/no_such_element.html
Build info: version: &apos;2.45.0&apos;, revision: &apos;5017cb8e7ca8e37638dc3091b2440b90a1d8686f&apos;, time: &apos;2015-02-27 09:10:26&apos;
System info: host: &apos;NACTS-081729&apos;, ip: &apos;172.28.0.111&apos;, os.name: &apos;Windows 7&apos;, os.arch: &apos;amd64&apos;, os.version: &apos;6.1&apos;, java.version: &apos;1.8.0_77&apos;
Driver info: driver.version: unknown
	at &lt;anonymous class&gt;.FirefoxDriver.prototype.findElementInternal_(file:///C:/Users/200123/AppData/Local/Temp/anonymous7308910939345875675webdriver-profile/extensions/fxdriver@googlecode.com/components/driver-component.js:10271)
	at &lt;anonymous class&gt;.fxdriver.Timer.prototype.setTimeout/&lt;.notify(file:///C:/Users/200123/AppData/Local/Temp/anonymous7308910939345875675webdriver-profile/extensions/fxdriver@googlecode.com/components/driver-component.js:603)
</failure>
    <system-out>Time in Milliseconds: 2038321 
Test Case: automationFramework.TestCases.BalanceHistoryTest 
Time Stamp: 2016-08-09 14:35:36,126 
Code Location: automationFramework.TestCases.BalanceHistoryTest.tearDown(BalanceHistoryTest.java:109) 
Log Message: TearDown Complete 
 
Time in Milliseconds: 2038321 
Test Case: automationFramework.TestCases.BalanceHistoryTest 
Time Stamp: 2016-08-09 14:35:36,126 
Code Location: automationFramework.TestCases.BalanceHistoryTest.tearDown(BalanceHistoryTest.java:109) 
Log Message: TearDown Complete 
 
Time in Milliseconds: 2038321 
Test Case: automationFramework.TestCases.BalanceHistoryTest 
Time Stamp: 2016-08-09 14:35:36,126 
Code Location: automationFramework.TestCases.BalanceHistoryTest.tearDown(BalanceHistoryTest.java:109) 
Log Message: TearDown Complete 
 
Time in Milliseconds: 2038321 
Test Case: automationFramework.TestCases.BalanceHistoryTest 
Time Stamp: 2016-08-09 14:35:36,126 
Code Location: automationFramework.TestCases.BalanceHistoryTest.tearDown(BalanceHistoryTest.java:109) 
Log Message: TearDown Complete 
 
Time in Milliseconds: 2038321 
Test Case: automationFramework.TestCases.BalanceHistoryTest 
Time Stamp: 2016-08-09 14:35:36,126 
Code Location: automationFramework.TestCases.BalanceHistoryTest.tearDown(BalanceHistoryTest.java:109) 
Log Message: TearDown Complete 
 
Time in Milliseconds: 2038321 
Test Case: automationFramework.TestCases.BalanceHistoryTest 
Time Stamp: 2016-08-09 14:35:36,126 
Code Location: automationFramework.TestCases.BalanceHistoryTest.tearDown(BalanceHistoryTest.java:109) 
Log Message: TearDown Complete 
 
Time in Milliseconds: 2038321 
Test Case: automationFramework.TestCases.BalanceHistoryTest 
Time Stamp: 2016-08-09 14:35:36,126 
Code Location: automationFramework.TestCases.BalanceHistoryTest.tearDown(BalanceHistoryTest.java:109) 
Log Message: TearDown Complete 
 
Time in Milliseconds: 2038321 
Test Case: automationFramework.TestCases.BalanceHistoryTest 
Time Stamp: 2016-08-09 14:35:36,126 
Code Location: automationFramework.TestCases.BalanceHistoryTest.tearDown(BalanceHistoryTest.java:109) 
Log Message: TearDown Complete 
 
Time in Milliseconds: 2038321 
Test Case: automationFramework.TestCases.BalanceHistoryTest 
Time Stamp: 2016-08-09 14:35:36,126 
Code Location: automationFramework.TestCases.BalanceHistoryTest.tearDown(BalanceHistoryTest.java:109) 
Log Message: TearDown Complete 
 
Time in Milliseconds: 2038321 
Test Case: automationFramework.TestCases.BalanceHistoryTest 
Time Stamp: 2016-08-09 14:35:36,126 
Code Location: automationFramework.TestCases.BalanceHistoryTest.tearDown(BalanceHistoryTest.java:109) 
Log Message: TearDown Complete 
 
Time in Milliseconds: 2038321 
Test Case: automationFramework.TestCases.BalanceHistoryTest 
Time Stamp: 2016-08-09 14:35:36,126 
Code Location: automationFramework.TestCases.BalanceHistoryTest.tearDown(BalanceHistoryTest.java:109) 
Log Message: TearDown Complete 
 
Time in Milliseconds: 2038321 
Test Case: automationFramework.TestCases.BalanceHistoryTest 
Time Stamp: 2016-08-09 14:35:36,126 
Code Location: automationFramework.TestCases.BalanceHistoryTest.tearDown(BalanceHistoryTest.java:109) 
Log Message: TearDown Complete 
 
Time in Milliseconds: 2038321 
Test Case: automationFramework.TestCases.BalanceHistoryTest 
Time Stamp: 2016-08-09 14:35:36,126 
Code Location: automationFramework.TestCases.BalanceHistoryTest.tearDown(BalanceHistoryTest.java:109) 
Log Message: TearDown Complete 
 
Time in Milliseconds: 2038321 
Test Case: automationFramework.TestCases.BalanceHistoryTest 
Time Stamp: 2016-08-09 14:35:36,126 
Code Location: automationFramework.TestCases.BalanceHistoryTest.tearDown(BalanceHistoryTest.java:109) 
Log Message: TearDown Complete 
 
Time in Milliseconds: 2038321 
Test Case: automationFramework.TestCases.BalanceHistoryTest 
Time Stamp: 2016-08-09 14:35:36,126 
Code Location: automationFramework.TestCases.BalanceHistoryTest.tearDown(BalanceHistoryTest.java:109) 
Log Message: TearDown Complete 
 
Time in Milliseconds: 2038321 
Test Case: automationFramework.TestCases.BalanceHistoryTest 
Time Stamp: 2016-08-09 14:35:36,126 
Code Location: automationFramework.TestCases.BalanceHistoryTest.tearDown(BalanceHistoryTest.java:109) 
Log Message: TearDown Complete 
 
Time in Milliseconds: 2038321 
Test Case: automationFramework.TestCases.BalanceHistoryTest 
Time Stamp: 2016-08-09 14:35:36,126 
Code Location: automationFramework.TestCases.BalanceHistoryTest.tearDown(BalanceHistoryTest.java:109) 
Log Message: TearDown Complete 
 
Time in Milliseconds: 2038321 
Test Case: automationFramework.TestCases.BalanceHistoryTest 
Time Stamp: 2016-08-09 14:35:36,126 
Code Location: automationFramework.TestCases.BalanceHistoryTest.tearDown(BalanceHistoryTest.java:109) 
Log Message: TearDown Complete 
 
Time in Milliseconds: 2038321 
Test Case: automationFramework.TestCases.BalanceHistoryTest 
Time Stamp: 2016-08-09 14:35:36,126 
Code Location: automationFramework.TestCases.BalanceHistoryTest.tearDown(BalanceHistoryTest.java:109) 
Log Message: TearDown Complete 
 
Time in Milliseconds: 2038321 
Test Case: automationFramework.TestCases.BalanceHistoryTest 
Time Stamp: 2016-08-09 14:35:36,126 
Code Location: automationFramework.TestCases.BalanceHistoryTest.tearDown(BalanceHistoryTest.java:109) 
Log Message: TearDown Complete 
 
Time in Milliseconds: 2038321 
Test Case: automationFramework.TestCases.BalanceHistoryTest 
Time Stamp: 2016-08-09 14:35:36,126 
Code Location: automationFramework.TestCases.BalanceHistoryTest.tearDown(BalanceHistoryTest.java:109) 
Log Message: TearDown Complete 
 
Time in Milliseconds: 2038321 
Test Case: automationFramework.TestCases.BalanceHistoryTest 
Time Stamp: 2016-08-09 14:35:36,126 
Code Location: automationFramework.TestCases.BalanceHistoryTest.tearDown(BalanceHistoryTest.java:109) 
Log Message: TearDown Complete 
 
Time in Milliseconds: 2038321 
Test Case: automationFramework.TestCases.BalanceHistoryTest 
Time Stamp: 2016-08-09 14:35:36,126 
Code Location: automationFramework.TestCases.BalanceHistoryTest.tearDown(BalanceHistoryTest.java:109) 
Log Message: TearDown Complete 
 
Time in Milliseconds: 2038321 
Test Case: automationFramework.TestCases.BalanceHistoryTest 
Time Stamp: 2016-08-09 14:35:36,126 
Code Location: automationFramework.TestCases.BalanceHistoryTest.tearDown(BalanceHistoryTest.java:109) 
Log Message: TearDown Complete 
 
Time in Milliseconds: 2038321 
Test Case: automationFramework.TestCases.BalanceHistoryTest 
Time Stamp: 2016-08-09 14:35:36,126 
Code Location: automationFramework.TestCases.BalanceHistoryTest.tearDown(BalanceHistoryTest.java:109) 
Log Message: TearDown Complete 
 
Time in Milliseconds: 2038321 
Test Case: automationFramework.TestCases.BalanceHistoryTest 
Time Stamp: 2016-08-09 14:35:36,126 
Code Location: automationFramework.TestCases.BalanceHistoryTest.tearDown(BalanceHistoryTest.java:109) 
Log Message: TearDown Complete 
 
Time in Milliseconds: 2038321 
Test Case: automationFramework.TestCases.BalanceHistoryTest 
Time Stamp: 2016-08-09 14:35:36,126 
Code Location: automationFramework.TestCases.BalanceHistoryTest.tearDown(BalanceHistoryTest.java:109) 
Log Message: TearDown Complete 
 
Time in Milliseconds: 2038321 
Test Case: automationFramework.TestCases.BalanceHistoryTest 
Time Stamp: 2016-08-09 14:35:36,126 
Code Location: automationFramework.TestCases.BalanceHistoryTest.tearDown(BalanceHistoryTest.java:109) 
Log Message: TearDown Complete 
 
Time in Milliseconds: 2038321 
Test Case: automationFramework.TestCases.BalanceHistoryTest 
Time Stamp: 2016-08-09 14:35:36,126 
Code Location: automationFramework.TestCases.BalanceHistoryTest.tearDown(BalanceHistoryTest.java:109) 
Log Message: TearDown Complete 
 
Time in Milliseconds: 2038321 
Test Case: automationFramework.TestCases.BalanceHistoryTest 
Time Stamp: 2016-08-09 14:35:36,126 
Code Location: automationFramework.TestCases.BalanceHistoryTest.tearDown(BalanceHistoryTest.java:109) 
Log Message: TearDown Complete 
 
Time in Milliseconds: 2038321 
Test Case: automationFramework.TestCases.BalanceHistoryTest 
Time Stamp: 2016-08-09 14:35:36,126 
Code Location: automationFramework.TestCases.BalanceHistoryTest.tearDown(BalanceHistoryTest.java:109) 
Log Message: TearDown Complete 
 
Time in Milliseconds: 2038321 
Test Case: automationFramework.TestCases.BalanceHistoryTest 
Time Stamp: 2016-08-09 14:35:36,126 
Code Location: automationFramework.TestCases.BalanceHistoryTest.tearDown(BalanceHistoryTest.java:109) 
Log Message: TearDown Complete 
 
Time in Milliseconds: 2038321 
Test Case: automationFramework.TestCases.BalanceHistoryTest 
Time Stamp: 2016-08-09 14:35:36,126 
Code Location: automationFramework.TestCases.BalanceHistoryTest.tearDown(BalanceHistoryTest.java:109) 
Log Message: TearDown Complete 
 
Time in Milliseconds: 2038321 
Test Case: automationFramework.TestCases.BalanceHistoryTest 
Time Stamp: 2016-08-09 14:35:36,126 
Code Location: automationFramework.TestCases.BalanceHistoryTest.tearDown(BalanceHistoryTest.java:109) 
Log Message: TearDown Complete 
 
2016-08-09 14:35:36,126 INFO  [Logger] TearDown Complete 
Time in Milliseconds: 2039051 
Test Case: automationFramework.TestCases.BalanceHistoryTest 
Time Stamp: 2016-08-09 14:35:36,856 
Code Location: automationFramework.TestCases.BalanceHistoryTest.setUp(BalanceHistoryTest.java:35) 
Log Message: Setup Started 
 
Time in Milliseconds: 2039051 
Test Case: automationFramework.TestCases.BalanceHistoryTest 
Time Stamp: 2016-08-09 14:35:36,856 
Code Location: automationFramework.TestCases.BalanceHistoryTest.setUp(BalanceHistoryTest.java:35) 
Log Message: Setup Started 
 
Time in Milliseconds: 2039051 
Test Case: automationFramework.TestCases.BalanceHistoryTest 
Time Stamp: 2016-08-09 14:35:36,856 
Code Location: automationFramework.TestCases.BalanceHistoryTest.setUp(BalanceHistoryTest.java:35) 
Log Message: Setup Started 
 
Time in Milliseconds: 2039051 
Test Case: automationFramework.TestCases.BalanceHistoryTest 
Time Stamp: 2016-08-09 14:35:36,856 
Code Location: automationFramework.TestCases.BalanceHistoryTest.setUp(BalanceHistoryTest.java:35) 
Log Message: Setup Started 
 
Time in Milliseconds: 2039051 
Test Case: automationFramework.TestCases.BalanceHistoryTest 
Time Stamp: 2016-08-09 14:35:36,856 
Code Location: automationFramework.TestCases.BalanceHistoryTest.setUp(BalanceHistoryTest.java:35) 
Log Message: Setup Started 
 
Time in Milliseconds: 2039051 
Test Case: automationFramework.TestCases.BalanceHistoryTest 
Time Stamp: 2016-08-09 14:35:36,856 
Code Location: automationFramework.TestCases.BalanceHistoryTest.setUp(BalanceHistoryTest.java:35) 
Log Message: Setup Started 
 
Time in Milliseconds: 2039051 
Test Case: automationFramework.TestCases.BalanceHistoryTest 
Time Stamp: 2016-08-09 14:35:36,856 
Code Location: automationFramework.TestCases.BalanceHistoryTest.setUp(BalanceHistoryTest.java:35) 
Log Message: Setup Started 
 
Time in Milliseconds: 2039051 
Test Case: automationFramework.TestCases.BalanceHistoryTest 
Time Stamp: 2016-08-09 14:35:36,856 
Code Location: automationFramework.TestCases.BalanceHistoryTest.setUp(BalanceHistoryTest.java:35) 
Log Message: Setup Started 
 
Time in Milliseconds: 2039051 
Test Case: automationFramework.TestCases.BalanceHistoryTest 
Time Stamp: 2016-08-09 14:35:36,856 
Code Location: automationFramework.TestCases.BalanceHistoryTest.setUp(BalanceHistoryTest.java:35) 
Log Message: Setup Started 
 
Time in Milliseconds: 2039051 
Test Case: automationFramework.TestCases.BalanceHistoryTest 
Time Stamp: 2016-08-09 14:35:36,856 
Code Location: automationFramework.TestCases.BalanceHistoryTest.setUp(BalanceHistoryTest.java:35) 
Log Message: Setup Started 
 
Time in Milliseconds: 2039051 
Test Case: automationFramework.TestCases.BalanceHistoryTest 
Time Stamp: 2016-08-09 14:35:36,856 
Code Location: automationFramework.TestCases.BalanceHistoryTest.setUp(BalanceHistoryTest.java:35) 
Log Message: Setup Started 
 
Time in Milliseconds: 2039051 
Test Case: automationFramework.TestCases.BalanceHistoryTest 
Time Stamp: 2016-08-09 14:35:36,856 
Code Location: automationFramework.TestCases.BalanceHistoryTest.setUp(BalanceHistoryTest.java:35) 
Log Message: Setup Started 
 
Time in Milliseconds: 2039051 
Test Case: automationFramework.TestCases.BalanceHistoryTest 
Time Stamp: 2016-08-09 14:35:36,856 
Code Location: automationFramework.TestCases.BalanceHistoryTest.setUp(BalanceHistoryTest.java:35) 
Log Message: Setup Started 
 
Time in Milliseconds: 2039051 
Test Case: automationFramework.TestCases.BalanceHistoryTest 
Time Stamp: 2016-08-09 14:35:36,856 
Code Location: automationFramework.TestCases.BalanceHistoryTest.setUp(BalanceHistoryTest.java:35) 
Log Message: Setup Started 
 
Time in Milliseconds: 2039051 
Test Case: automationFramework.TestCases.BalanceHistoryTest 
Time Stamp: 2016-08-09 14:35:36,856 
Code Location: automationFramework.TestCases.BalanceHistoryTest.setUp(BalanceHistoryTest.java:35) 
Log Message: Setup Started 
 
Time in Milliseconds: 2039051 
Test Case: automationFramework.TestCases.BalanceHistoryTest 
Time Stamp: 2016-08-09 14:35:36,856 
Code Location: automationFramework.TestCases.BalanceHistoryTest.setUp(BalanceHistoryTest.java:35) 
Log Message: Setup Started 
 
Time in Milliseconds: 2039051 
Test Case: automationFramework.TestCases.BalanceHistoryTest 
Time Stamp: 2016-08-09 14:35:36,856 
Code Location: automationFramework.TestCases.BalanceHistoryTest.setUp(BalanceHistoryTest.java:35) 
Log Message: Setup Started 
 
Time in Milliseconds: 2039051 
Test Case: automationFramework.TestCases.BalanceHistoryTest 
Time Stamp: 2016-08-09 14:35:36,856 
Code Location: automationFramework.TestCases.BalanceHistoryTest.setUp(BalanceHistoryTest.java:35) 
Log Message: Setup Started 
 
Time in Milliseconds: 2039051 
Test Case: automationFramework.TestCases.BalanceHistoryTest 
Time Stamp: 2016-08-09 14:35:36,856 
Code Location: automationFramework.TestCases.BalanceHistoryTest.setUp(BalanceHistoryTest.java:35) 
Log Message: Setup Started 
 
Time in Milliseconds: 2039051 
Test Case: automationFramework.TestCases.BalanceHistoryTest 
Time Stamp: 2016-08-09 14:35:36,856 
Code Location: automationFramework.TestCases.BalanceHistoryTest.setUp(BalanceHistoryTest.java:35) 
Log Message: Setup Started 
 
Time in Milliseconds: 2039051 
Test Case: automationFramework.TestCases.BalanceHistoryTest 
Time Stamp: 2016-08-09 14:35:36,856 
Code Location: automationFramework.TestCases.BalanceHistoryTest.setUp(BalanceHistoryTest.java:35) 
Log Message: Setup Started 
 
Time in Milliseconds: 2039051 
Test Case: automationFramework.TestCases.BalanceHistoryTest 
Time Stamp: 2016-08-09 14:35:36,856 
Code Location: automationFramework.TestCases.BalanceHistoryTest.setUp(BalanceHistoryTest.java:35) 
Log Message: Setup Started 
 
Time in Milliseconds: 2039051 
Test Case: automationFramework.TestCases.BalanceHistoryTest 
Time Stamp: 2016-08-09 14:35:36,856 
Code Location: automationFramework.TestCases.BalanceHistoryTest.setUp(BalanceHistoryTest.java:35) 
Log Message: Setup Started 
 
Time in Milliseconds: 2039051 
Test Case: automationFramework.TestCases.BalanceHistoryTest 
Time Stamp: 2016-08-09 14:35:36,856 
Code Location: automationFramework.TestCases.BalanceHistoryTest.setUp(BalanceHistoryTest.java:35) 
Log Message: Setup Started 
 
Time in Milliseconds: 2039051 
Test Case: automationFramework.TestCases.BalanceHistoryTest 
Time Stamp: 2016-08-09 14:35:36,856 
Code Location: automationFramework.TestCases.BalanceHistoryTest.setUp(BalanceHistoryTest.java:35) 
Log Message: Setup Started 
 
Time in Milliseconds: 2039051 
Test Case: automationFramework.TestCases.BalanceHistoryTest 
Time Stamp: 2016-08-09 14:35:36,856 
Code Location: automationFramework.TestCases.BalanceHistoryTest.setUp(BalanceHistoryTest.java:35) 
Log Message: Setup Started 
 
Time in Milliseconds: 2039051 
Test Case: automationFramework.TestCases.BalanceHistoryTest 
Time Stamp: 2016-08-09 14:35:36,856 
Code Location: automationFramework.TestCases.BalanceHistoryTest.setUp(BalanceHistoryTest.java:35) 
Log Message: Setup Started 
 
Time in Milliseconds: 2039051 
Test Case: automationFramework.TestCases.BalanceHistoryTest 
Time Stamp: 2016-08-09 14:35:36,856 
Code Location: automationFramework.TestCases.BalanceHistoryTest.setUp(BalanceHistoryTest.java:35) 
Log Message: Setup Started 
 
Time in Milliseconds: 2039051 
Test Case: automationFramework.TestCases.BalanceHistoryTest 
Time Stamp: 2016-08-09 14:35:36,856 
Code Location: automationFramework.TestCases.BalanceHistoryTest.setUp(BalanceHistoryTest.java:35) 
Log Message: Setup Started 
 
Time in Milliseconds: 2039051 
Test Case: automationFramework.TestCases.BalanceHistoryTest 
Time Stamp: 2016-08-09 14:35:36,856 
Code Location: automationFramework.TestCases.BalanceHistoryTest.setUp(BalanceHistoryTest.java:35) 
Log Message: Setup Started 
 
Time in Milliseconds: 2039051 
Test Case: automationFramework.TestCases.BalanceHistoryTest 
Time Stamp: 2016-08-09 14:35:36,856 
Code Location: automationFramework.TestCases.BalanceHistoryTest.setUp(BalanceHistoryTest.java:35) 
Log Message: Setup Started 
 
Time in Milliseconds: 2039051 
Test Case: automationFramework.TestCases.BalanceHistoryTest 
Time Stamp: 2016-08-09 14:35:36,856 
Code Location: automationFramework.TestCases.BalanceHistoryTest.setUp(BalanceHistoryTest.java:35) 
Log Message: Setup Started 
 
Time in Milliseconds: 2039051 
Test Case: automationFramework.TestCases.BalanceHistoryTest 
Time Stamp: 2016-08-09 14:35:36,856 
Code Location: automationFramework.TestCases.BalanceHistoryTest.setUp(BalanceHistoryTest.java:35) 
Log Message: Setup Started 
 
Time in Milliseconds: 2039051 
Test Case: automationFramework.TestCases.BalanceHistoryTest 
Time Stamp: 2016-08-09 14:35:36,856 
Code Location: automationFramework.TestCases.BalanceHistoryTest.setUp(BalanceHistoryTest.java:35) 
Log Message: Setup Started 
 
Time in Milliseconds: 2039051 
Test Case: automationFramework.TestCases.BalanceHistoryTest 
Time Stamp: 2016-08-09 14:35:36,856 
Code Location: automationFramework.TestCases.BalanceHistoryTest.setUp(BalanceHistoryTest.java:35) 
Log Message: Setup Started 
 
2016-08-09 14:35:36,856 INFO  [Logger] Setup Started 
Time in Milliseconds: 2039250 
Test Case: automationFramework.TestCases.BalanceHistoryTest 
Time Stamp: 2016-08-09 14:35:37,055 
Code Location: automationFramework.TestCases.BalanceHistoryTest.setUp(BalanceHistoryTest.java:36) 
Log Message: Current OS: Windows 7 Enterprise 
 
Time in Milliseconds: 2039250 
Test Case: automationFramework.TestCases.BalanceHistoryTest 
Time Stamp: 2016-08-09 14:35:37,055 
Code Location: automationFramework.TestCases.BalanceHistoryTest.setUp(BalanceHistoryTest.java:36) 
Log Message: Current OS: Windows 7 Enterprise 
 
Time in Milliseconds: 2039250 
Test Case: automationFramework.TestCases.BalanceHistoryTest 
Time Stamp: 2016-08-09 14:35:37,055 
Code Location: automationFramework.TestCases.BalanceHistoryTest.setUp(BalanceHistoryTest.java:36) 
Log Message: Current OS: Windows 7 Enterprise 
 
Time in Milliseconds: 2039250 
Test Case: automationFramework.TestCases.BalanceHistoryTest 
Time Stamp: 2016-08-09 14:35:37,055 
Code Location: automationFramework.TestCases.BalanceHistoryTest.setUp(BalanceHistoryTest.java:36) 
Log Message: Current OS: Windows 7 Enterprise 
 
Time in Milliseconds: 2039250 
Test Case: automationFramework.TestCases.BalanceHistoryTest 
Time Stamp: 2016-08-09 14:35:37,055 
Code Location: automationFramework.TestCases.BalanceHistoryTest.setUp(BalanceHistoryTest.java:36) 
Log Message: Current OS: Windows 7 Enterprise 
 
Time in Milliseconds: 2039250 
Test Case: automationFramework.TestCases.BalanceHistoryTest 
Time Stamp: 2016-08-09 14:35:37,055 
Code Location: automationFramework.TestCases.BalanceHistoryTest.setUp(BalanceHistoryTest.java:36) 
Log Message: Current OS: Windows 7 Enterprise 
 
Time in Milliseconds: 2039250 
Test Case: automationFramework.TestCases.BalanceHistoryTest 
Time Stamp: 2016-08-09 14:35:37,055 
Code Location: automationFramework.TestCases.BalanceHistoryTest.setUp(BalanceHistoryTest.java:36) 
Log Message: Current OS: Windows 7 Enterprise 
 
Time in Milliseconds: 2039250 
Test Case: automationFramework.TestCases.BalanceHistoryTest 
Time Stamp: 2016-08-09 14:35:37,055 
Code Location: automationFramework.TestCases.BalanceHistoryTest.setUp(BalanceHistoryTest.java:36) 
Log Message: Current OS: Windows 7 Enterprise 
 
Time in Milliseconds: 2039250 
Test Case: automationFramework.TestCases.BalanceHistoryTest 
Time Stamp: 2016-08-09 14:35:37,055 
Code Location: automationFramework.TestCases.BalanceHistoryTest.setUp(BalanceHistoryTest.java:36) 
Log Message: Current OS: Windows 7 Enterprise 
 
Time in Milliseconds: 2039250 
Test Case: automationFramework.TestCases.BalanceHistoryTest 
Time Stamp: 2016-08-09 14:35:37,055 
Code Location: automationFramework.TestCases.BalanceHistoryTest.setUp(BalanceHistoryTest.java:36) 
Log Message: Current OS: Windows 7 Enterprise 
 
Time in Milliseconds: 2039250 
Test Case: automationFramework.TestCases.BalanceHistoryTest 
Time Stamp: 2016-08-09 14:35:37,055 
Code Location: automationFramework.TestCases.BalanceHistoryTest.setUp(BalanceHistoryTest.java:36) 
Log Message: Current OS: Windows 7 Enterprise 
 
Time in Milliseconds: 2039250 
Test Case: automationFramework.TestCases.BalanceHistoryTest 
Time Stamp: 2016-08-09 14:35:37,055 
Code Location: automationFramework.TestCases.BalanceHistoryTest.setUp(BalanceHistoryTest.java:36) 
Log Message: Current OS: Windows 7 Enterprise 
 
Time in Milliseconds: 2039250 
Test Case: automationFramework.TestCases.BalanceHistoryTest 
Time Stamp: 2016-08-09 14:35:37,055 
Code Location: automationFramework.TestCases.BalanceHistoryTest.setUp(BalanceHistoryTest.java:36) 
Log Message: Current OS: Windows 7 Enterprise 
 
Time in Milliseconds: 2039250 
Test Case: automationFramework.TestCases.BalanceHistoryTest 
Time Stamp: 2016-08-09 14:35:37,055 
Code Location: automationFramework.TestCases.BalanceHistoryTest.setUp(BalanceHistoryTest.java:36) 
Log Message: Current OS: Windows 7 Enterprise 
 
Time in Milliseconds: 2039250 
Test Case: automationFramework.TestCases.BalanceHistoryTest 
Time Stamp: 2016-08-09 14:35:37,055 
Code Location: automationFramework.TestCases.BalanceHistoryTest.setUp(BalanceHistoryTest.java:36) 
Log Message: Current OS: Windows 7 Enterprise 
 
Time in Milliseconds: 2039250 
Test Case: automationFramework.TestCases.BalanceHistoryTest 
Time Stamp: 2016-08-09 14:35:37,055 
Code Location: automationFramework.TestCases.BalanceHistoryTest.setUp(BalanceHistoryTest.java:36) 
Log Message: Current OS: Windows 7 Enterprise 
 
Time in Milliseconds: 2039250 
Test Case: automationFramework.TestCases.BalanceHistoryTest 
Time Stamp: 2016-08-09 14:35:37,055 
Code Location: automationFramework.TestCases.BalanceHistoryTest.setUp(BalanceHistoryTest.java:36) 
Log Message: Current OS: Windows 7 Enterprise 
 
Time in Milliseconds: 2039250 
Test Case: automationFramework.TestCases.BalanceHistoryTest 
Time Stamp: 2016-08-09 14:35:37,055 
Code Location: automationFramework.TestCases.BalanceHistoryTest.setUp(BalanceHistoryTest.java:36) 
Log Message: Current OS: Windows 7 Enterprise 
 
Time in Milliseconds: 2039250 
Test Case: automationFramework.TestCases.BalanceHistoryTest 
Time Stamp: 2016-08-09 14:35:37,055 
Code Location: automationFramework.TestCases.BalanceHistoryTest.setUp(BalanceHistoryTest.java:36) 
Log Message: Current OS: Windows 7 Enterprise 
 
Time in Milliseconds: 2039250 
Test Case: automationFramework.TestCases.BalanceHistoryTest 
Time Stamp: 2016-08-09 14:35:37,055 
Code Location: automationFramework.TestCases.BalanceHistoryTest.setUp(BalanceHistoryTest.java:36) 
Log Message: Current OS: Windows 7 Enterprise 
 
Time in Milliseconds: 2039250 
Test Case: automationFramework.TestCases.BalanceHistoryTest 
Time Stamp: 2016-08-09 14:35:37,055 
Code Location: automationFramework.TestCases.BalanceHistoryTest.setUp(BalanceHistoryTest.java:36) 
Log Message: Current OS: Windows 7 Enterprise 
 
Time in Milliseconds: 2039250 
Test Case: automationFramework.TestCases.BalanceHistoryTest 
Time Stamp: 2016-08-09 14:35:37,055 
Code Location: automationFramework.TestCases.BalanceHistoryTest.setUp(BalanceHistoryTest.java:36) 
Log Message: Current OS: Windows 7 Enterprise 
 
Time in Milliseconds: 2039250 
Test Case: automationFramework.TestCases.BalanceHistoryTest 
Time Stamp: 2016-08-09 14:35:37,055 
Code Location: automationFramework.TestCases.BalanceHistoryTest.setUp(BalanceHistoryTest.java:36) 
Log Message: Current OS: Windows 7 Enterprise 
 
Time in Milliseconds: 2039250 
Test Case: automationFramework.TestCases.BalanceHistoryTest 
Time Stamp: 2016-08-09 14:35:37,055 
Code Location: automationFramework.TestCases.BalanceHistoryTest.setUp(BalanceHistoryTest.java:36) 
Log Message: Current OS: Windows 7 Enterprise 
 
Time in Milliseconds: 2039250 
Test Case: automationFramework.TestCases.BalanceHistoryTest 
Time Stamp: 2016-08-09 14:35:37,055 
Code Location: automationFramework.TestCases.BalanceHistoryTest.setUp(BalanceHistoryTest.java:36) 
Log Message: Current OS: Windows 7 Enterprise 
 
Time in Milliseconds: 2039250 
Test Case: automationFramework.TestCases.BalanceHistoryTest 
Time Stamp: 2016-08-09 14:35:37,055 
Code Location: automationFramework.TestCases.BalanceHistoryTest.setUp(BalanceHistoryTest.java:36) 
Log Message: Current OS: Windows 7 Enterprise 
 
Time in Milliseconds: 2039250 
Test Case: automationFramework.TestCases.BalanceHistoryTest 
Time Stamp: 2016-08-09 14:35:37,055 
Code Location: automationFramework.TestCases.BalanceHistoryTest.setUp(BalanceHistoryTest.java:36) 
Log Message: Current OS: Windows 7 Enterprise 
 
Time in Milliseconds: 2039250 
Test Case: automationFramework.TestCases.BalanceHistoryTest 
Time Stamp: 2016-08-09 14:35:37,055 
Code Location: automationFramework.TestCases.BalanceHistoryTest.setUp(BalanceHistoryTest.java:36) 
Log Message: Current OS: Windows 7 Enterprise 
 
Time in Milliseconds: 2039250 
Test Case: automationFramework.TestCases.BalanceHistoryTest 
Time Stamp: 2016-08-09 14:35:37,055 
Code Location: automationFramework.TestCases.BalanceHistoryTest.setUp(BalanceHistoryTest.java:36) 
Log Message: Current OS: Windows 7 Enterprise 
 
Time in Milliseconds: 2039250 
Test Case: automationFramework.TestCases.BalanceHistoryTest 
Time Stamp: 2016-08-09 14:35:37,055 
Code Location: automationFramework.TestCases.BalanceHistoryTest.setUp(BalanceHistoryTest.java:36) 
Log Message: Current OS: Windows 7 Enterprise 
 
Time in Milliseconds: 2039250 
Test Case: automationFramework.TestCases.BalanceHistoryTest 
Time Stamp: 2016-08-09 14:35:37,055 
Code Location: automationFramework.TestCases.BalanceHistoryTest.setUp(BalanceHistoryTest.java:36) 
Log Message: Current OS: Windows 7 Enterprise 
 
Time in Milliseconds: 2039250 
Test Case: automationFramework.TestCases.BalanceHistoryTest 
Time Stamp: 2016-08-09 14:35:37,055 
Code Location: automationFramework.TestCases.BalanceHistoryTest.setUp(BalanceHistoryTest.java:36) 
Log Message: Current OS: Windows 7 Enterprise 
 
Time in Milliseconds: 2039250 
Test Case: automationFramework.TestCases.BalanceHistoryTest 
Time Stamp: 2016-08-09 14:35:37,055 
Code Location: automationFramework.TestCases.BalanceHistoryTest.setUp(BalanceHistoryTest.java:36) 
Log Message: Current OS: Windows 7 Enterprise 
 
Time in Milliseconds: 2039250 
Test Case: automationFramework.TestCases.BalanceHistoryTest 
Time Stamp: 2016-08-09 14:35:37,055 
Code Location: automationFramework.TestCases.BalanceHistoryTest.setUp(BalanceHistoryTest.java:36) 
Log Message: Current OS: Windows 7 Enterprise 
 
Time in Milliseconds: 2039250 
Test Case: automationFramework.TestCases.BalanceHistoryTest 
Time Stamp: 2016-08-09 14:35:37,055 
Code Location: automationFramework.TestCases.BalanceHistoryTest.setUp(BalanceHistoryTest.java:36) 
Log Message: Current OS: Windows 7 Enterprise 
 
2016-08-09 14:35:37,055 INFO  [Logger] Current OS: Windows 7 Enterprise 
Time in Milliseconds: 2039254 
Test Case: automationFramework.TestCases.BalanceHistoryTest 
Time Stamp: 2016-08-09 14:35:37,059 
Code Location: automationFramework.TestCases.BalanceHistoryTest.setUp(BalanceHistoryTest.java:37) 
Log Message: Current Browser: firefox.exe 
 
Time in Milliseconds: 2039254 
Test Case: automationFramework.TestCases.BalanceHistoryTest 
Time Stamp: 2016-08-09 14:35:37,059 
Code Location: automationFramework.TestCases.BalanceHistoryTest.setUp(BalanceHistoryTest.java:37) 
Log Message: Current Browser: firefox.exe 
 
Time in Milliseconds: 2039254 
Test Case: automationFramework.TestCases.BalanceHistoryTest 
Time Stamp: 2016-08-09 14:35:37,059 
Code Location: automationFramework.TestCases.BalanceHistoryTest.setUp(BalanceHistoryTest.java:37) 
Log Message: Current Browser: firefox.exe 
 
Time in Milliseconds: 2039254 
Test Case: automationFramework.TestCases.BalanceHistoryTest 
Time Stamp: 2016-08-09 14:35:37,059 
Code Location: automationFramework.TestCases.BalanceHistoryTest.setUp(BalanceHistoryTest.java:37) 
Log Message: Current Browser: firefox.exe 
 
Time in Milliseconds: 2039254 
Test Case: automationFramework.TestCases.BalanceHistoryTest 
Time Stamp: 2016-08-09 14:35:37,059 
Code Location: automationFramework.TestCases.BalanceHistoryTest.setUp(BalanceHistoryTest.java:37) 
Log Message: Current Browser: firefox.exe 
 
Time in Milliseconds: 2039254 
Test Case: automationFramework.TestCases.BalanceHistoryTest 
Time Stamp: 2016-08-09 14:35:37,059 
Code Location: automationFramework.TestCases.BalanceHistoryTest.setUp(BalanceHistoryTest.java:37) 
Log Message: Current Browser: firefox.exe 
 
Time in Milliseconds: 2039254 
Test Case: automationFramework.TestCases.BalanceHistoryTest 
Time Stamp: 2016-08-09 14:35:37,059 
Code Location: automationFramework.TestCases.BalanceHistoryTest.setUp(BalanceHistoryTest.java:37) 
Log Message: Current Browser: firefox.exe 
 
Time in Milliseconds: 2039254 
Test Case: automationFramework.TestCases.BalanceHistoryTest 
Time Stamp: 2016-08-09 14:35:37,059 
Code Location: automationFramework.TestCases.BalanceHistoryTest.setUp(BalanceHistoryTest.java:37) 
Log Message: Current Browser: firefox.exe 
 
Time in Milliseconds: 2039254 
Test Case: automationFramework.TestCases.BalanceHistoryTest 
Time Stamp: 2016-08-09 14:35:37,059 
Code Location: automationFramework.TestCases.BalanceHistoryTest.setUp(BalanceHistoryTest.java:37) 
Log Message: Current Browser: firefox.exe 
 
Time in Milliseconds: 2039254 
Test Case: automationFramework.TestCases.BalanceHistoryTest 
Time Stamp: 2016-08-09 14:35:37,059 
Code Location: automationFramework.TestCases.BalanceHistoryTest.setUp(BalanceHistoryTest.java:37) 
Log Message: Current Browser: firefox.exe 
 
Time in Milliseconds: 2039254 
Test Case: automationFramework.TestCases.BalanceHistoryTest 
Time Stamp: 2016-08-09 14:35:37,059 
Code Location: automationFramework.TestCases.BalanceHistoryTest.setUp(BalanceHistoryTest.java:37) 
Log Message: Current Browser: firefox.exe 
 
Time in Milliseconds: 2039254 
Test Case: automationFramework.TestCases.BalanceHistoryTest 
Time Stamp: 2016-08-09 14:35:37,059 
Code Location: automationFramework.TestCases.BalanceHistoryTest.setUp(BalanceHistoryTest.java:37) 
Log Message: Current Browser: firefox.exe 
 
Time in Milliseconds: 2039254 
Test Case: automationFramework.TestCases.BalanceHistoryTest 
Time Stamp: 2016-08-09 14:35:37,059 
Code Location: automationFramework.TestCases.BalanceHistoryTest.setUp(BalanceHistoryTest.java:37) 
Log Message: Current Browser: firefox.exe 
 
Time in Milliseconds: 2039254 
Test Case: automationFramework.TestCases.BalanceHistoryTest 
Time Stamp: 2016-08-09 14:35:37,059 
Code Location: automationFramework.TestCases.BalanceHistoryTest.setUp(BalanceHistoryTest.java:37) 
Log Message: Current Browser: firefox.exe 
 
Time in Milliseconds: 2039254 
Test Case: automationFramework.TestCases.BalanceHistoryTest 
Time Stamp: 2016-08-09 14:35:37,059 
Code Location: automationFramework.TestCases.BalanceHistoryTest.setUp(BalanceHistoryTest.java:37) 
Log Message: Current Browser: firefox.exe 
 
Time in Milliseconds: 2039254 
Test Case: automationFramework.TestCases.BalanceHistoryTest 
Time Stamp: 2016-08-09 14:35:37,059 
Code Location: automationFramework.TestCases.BalanceHistoryTest.setUp(BalanceHistoryTest.java:37) 
Log Message: Current Browser: firefox.exe 
 
Time in Milliseconds: 2039254 
Test Case: automationFramework.TestCases.BalanceHistoryTest 
Time Stamp: 2016-08-09 14:35:37,059 
Code Location: automationFramework.TestCases.BalanceHistoryTest.setUp(BalanceHistoryTest.java:37) 
Log Message: Current Browser: firefox.exe 
 
Time in Milliseconds: 2039254 
Test Case: automationFramework.TestCases.BalanceHistoryTest 
Time Stamp: 2016-08-09 14:35:37,059 
Code Location: automationFramework.TestCases.BalanceHistoryTest.setUp(BalanceHistoryTest.java:37) 
Log Message: Current Browser: firefox.exe 
 
Time in Milliseconds: 2039254 
Test Case: automationFramework.TestCases.BalanceHistoryTest 
Time Stamp: 2016-08-09 14:35:37,059 
Code Location: automationFramework.TestCases.BalanceHistoryTest.setUp(BalanceHistoryTest.java:37) 
Log Message: Current Browser: firefox.exe 
 
Time in Milliseconds: 2039254 
Test Case: automationFramework.TestCases.BalanceHistoryTest 
Time Stamp: 2016-08-09 14:35:37,059 
Code Location: automationFramework.TestCases.BalanceHistoryTest.setUp(BalanceHistoryTest.java:37) 
Log Message: Current Browser: firefox.exe 
 
Time in Milliseconds: 2039254 
Test Case: automationFramework.TestCases.BalanceHistoryTest 
Time Stamp: 2016-08-09 14:35:37,059 
Code Location: automationFramework.TestCases.BalanceHistoryTest.setUp(BalanceHistoryTest.java:37) 
Log Message: Current Browser: firefox.exe 
 
Time in Milliseconds: 2039254 
Test Case: automationFramework.TestCases.BalanceHistoryTest 
Time Stamp: 2016-08-09 14:35:37,059 
Code Location: automationFramework.TestCases.BalanceHistoryTest.setUp(BalanceHistoryTest.java:37) 
Log Message: Current Browser: firefox.exe 
 
Time in Milliseconds: 2039254 
Test Case: automationFramework.TestCases.BalanceHistoryTest 
Time Stamp: 2016-08-09 14:35:37,059 
Code Location: automationFramework.TestCases.BalanceHistoryTest.setUp(BalanceHistoryTest.java:37) 
Log Message: Current Browser: firefox.exe 
 
Time in Milliseconds: 2039254 
Test Case: automationFramework.TestCases.BalanceHistoryTest 
Time Stamp: 2016-08-09 14:35:37,059 
Code Location: automationFramework.TestCases.BalanceHistoryTest.setUp(BalanceHistoryTest.java:37) 
Log Message: Current Browser: firefox.exe 
 
Time in Milliseconds: 2039254 
Test Case: automationFramework.TestCases.BalanceHistoryTest 
Time Stamp: 2016-08-09 14:35:37,059 
Code Location: automationFramework.TestCases.BalanceHistoryTest.setUp(BalanceHistoryTest.java:37) 
Log Message: Current Browser: firefox.exe 
 
Time in Milliseconds: 2039254 
Test Case: automationFramework.TestCases.BalanceHistoryTest 
Time Stamp: 2016-08-09 14:35:37,059 
Code Location: automationFramework.TestCases.BalanceHistoryTest.setUp(BalanceHistoryTest.java:37) 
Log Message: Current Browser: firefox.exe 
 
Time in Milliseconds: 2039254 
Test Case: automationFramework.TestCases.BalanceHistoryTest 
Time Stamp: 2016-08-09 14:35:37,059 
Code Location: automationFramework.TestCases.BalanceHistoryTest.setUp(BalanceHistoryTest.java:37) 
Log Message: Current Browser: firefox.exe 
 
Time in Milliseconds: 2039254 
Test Case: automationFramework.TestCases.BalanceHistoryTest 
Time Stamp: 2016-08-09 14:35:37,059 
Code Location: automationFramework.TestCases.BalanceHistoryTest.setUp(BalanceHistoryTest.java:37) 
Log Message: Current Browser: firefox.exe 
 
Time in Milliseconds: 2039254 
Test Case: automationFramework.TestCases.BalanceHistoryTest 
Time Stamp: 2016-08-09 14:35:37,059 
Code Location: automationFramework.TestCases.BalanceHistoryTest.setUp(BalanceHistoryTest.java:37) 
Log Message: Current Browser: firefox.exe 
 
Time in Milliseconds: 2039254 
Test Case: automationFramework.TestCases.BalanceHistoryTest 
Time Stamp: 2016-08-09 14:35:37,059 
Code Location: automationFramework.TestCases.BalanceHistoryTest.setUp(BalanceHistoryTest.java:37) 
Log Message: Current Browser: firefox.exe 
 
Time in Milliseconds: 2039254 
Test Case: automationFramework.TestCases.BalanceHistoryTest 
Time Stamp: 2016-08-09 14:35:37,059 
Code Location: automationFramework.TestCases.BalanceHistoryTest.setUp(BalanceHistoryTest.java:37) 
Log Message: Current Browser: firefox.exe 
 
Time in Milliseconds: 2039254 
Test Case: automationFramework.TestCases.BalanceHistoryTest 
Time Stamp: 2016-08-09 14:35:37,059 
Code Location: automationFramework.TestCases.BalanceHistoryTest.setUp(BalanceHistoryTest.java:37) 
Log Message: Current Browser: firefox.exe 
 
Time in Milliseconds: 2039254 
Test Case: automationFramework.TestCases.BalanceHistoryTest 
Time Stamp: 2016-08-09 14:35:37,059 
Code Location: automationFramework.TestCases.BalanceHistoryTest.setUp(BalanceHistoryTest.java:37) 
Log Message: Current Browser: firefox.exe 
 
Time in Milliseconds: 2039254 
Test Case: automationFramework.TestCases.BalanceHistoryTest 
Time Stamp: 2016-08-09 14:35:37,059 
Code Location: automationFramework.TestCases.BalanceHistoryTest.setUp(BalanceHistoryTest.java:37) 
Log Message: Current Browser: firefox.exe 
 
Time in Milliseconds: 2039254 
Test Case: automationFramework.TestCases.BalanceHistoryTest 
Time Stamp: 2016-08-09 14:35:37,059 
Code Location: automationFramework.TestCases.BalanceHistoryTest.setUp(BalanceHistoryTest.java:37) 
Log Message: Current Browser: firefox.exe 
 
2016-08-09 14:35:37,059 INFO  [Logger] Current Browser: firefox.exe 
Time in Milliseconds: 2051870 
Test Case: automationFramework.TestCases.BalanceHistoryTest 
Time Stamp: 2016-08-09 14:35:49,675 
Code Location: automationFramework.TestCases.BalanceHistoryTest.setUp(BalanceHistoryTest.java:40) 
Log Message: Setup Completed 
 
Time in Milliseconds: 2051870 
Test Case: automationFramework.TestCases.BalanceHistoryTest 
Time Stamp: 2016-08-09 14:35:49,675 
Code Location: automationFramework.TestCases.BalanceHistoryTest.setUp(BalanceHistoryTest.java:40) 
Log Message: Setup Completed 
 
Time in Milliseconds: 2051870 
Test Case: automationFramework.TestCases.BalanceHistoryTest 
Time Stamp: 2016-08-09 14:35:49,675 
Code Location: automationFramework.TestCases.BalanceHistoryTest.setUp(BalanceHistoryTest.java:40) 
Log Message: Setup Completed 
 
Time in Milliseconds: 2051870 
Test Case: automationFramework.TestCases.BalanceHistoryTest 
Time Stamp: 2016-08-09 14:35:49,675 
Code Location: automationFramework.TestCases.BalanceHistoryTest.setUp(BalanceHistoryTest.java:40) 
Log Message: Setup Completed 
 
Time in Milliseconds: 2051870 
Test Case: automationFramework.TestCases.BalanceHistoryTest 
Time Stamp: 2016-08-09 14:35:49,675 
Code Location: automationFramework.TestCases.BalanceHistoryTest.setUp(BalanceHistoryTest.java:40) 
Log Message: Setup Completed 
 
Time in Milliseconds: 2051870 
Test Case: automationFramework.TestCases.BalanceHistoryTest 
Time Stamp: 2016-08-09 14:35:49,675 
Code Location: automationFramework.TestCases.BalanceHistoryTest.setUp(BalanceHistoryTest.java:40) 
Log Message: Setup Completed 
 
Time in Milliseconds: 2051870 
Test Case: automationFramework.TestCases.BalanceHistoryTest 
Time Stamp: 2016-08-09 14:35:49,675 
Code Location: automationFramework.TestCases.BalanceHistoryTest.setUp(BalanceHistoryTest.java:40) 
Log Message: Setup Completed 
 
Time in Milliseconds: 2051870 
Test Case: automationFramework.TestCases.BalanceHistoryTest 
Time Stamp: 2016-08-09 14:35:49,675 
Code Location: automationFramework.TestCases.BalanceHistoryTest.setUp(BalanceHistoryTest.java:40) 
Log Message: Setup Completed 
 
Time in Milliseconds: 2051870 
Test Case: automationFramework.TestCases.BalanceHistoryTest 
Time Stamp: 2016-08-09 14:35:49,675 
Code Location: automationFramework.TestCases.BalanceHistoryTest.setUp(BalanceHistoryTest.java:40) 
Log Message: Setup Completed 
 
Time in Milliseconds: 2051870 
Test Case: automationFramework.TestCases.BalanceHistoryTest 
Time Stamp: 2016-08-09 14:35:49,675 
Code Location: automationFramework.TestCases.BalanceHistoryTest.setUp(BalanceHistoryTest.java:40) 
Log Message: Setup Completed 
 
Time in Milliseconds: 2051870 
Test Case: automationFramework.TestCases.BalanceHistoryTest 
Time Stamp: 2016-08-09 14:35:49,675 
Code Location: automationFramework.TestCases.BalanceHistoryTest.setUp(BalanceHistoryTest.java:40) 
Log Message: Setup Completed 
 
Time in Milliseconds: 2051870 
Test Case: automationFramework.TestCases.BalanceHistoryTest 
Time Stamp: 2016-08-09 14:35:49,675 
Code Location: automationFramework.TestCases.BalanceHistoryTest.setUp(BalanceHistoryTest.java:40) 
Log Message: Setup Completed 
 
Time in Milliseconds: 2051870 
Test Case: automationFramework.TestCases.BalanceHistoryTest 
Time Stamp: 2016-08-09 14:35:49,675 
Code Location: automationFramework.TestCases.BalanceHistoryTest.setUp(BalanceHistoryTest.java:40) 
Log Message: Setup Completed 
 
Time in Milliseconds: 2051870 
Test Case: automationFramework.TestCases.BalanceHistoryTest 
Time Stamp: 2016-08-09 14:35:49,675 
Code Location: automationFramework.TestCases.BalanceHistoryTest.setUp(BalanceHistoryTest.java:40) 
Log Message: Setup Completed 
 
Time in Milliseconds: 2051870 
Test Case: automationFramework.TestCases.BalanceHistoryTest 
Time Stamp: 2016-08-09 14:35:49,675 
Code Location: automationFramework.TestCases.BalanceHistoryTest.setUp(BalanceHistoryTest.java:40) 
Log Message: Setup Completed 
 
Time in Milliseconds: 2051870 
Test Case: automationFramework.TestCases.BalanceHistoryTest 
Time Stamp: 2016-08-09 14:35:49,675 
Code Location: automationFramework.TestCases.BalanceHistoryTest.setUp(BalanceHistoryTest.java:40) 
Log Message: Setup Completed 
 
Time in Milliseconds: 2051870 
Test Case: automationFramework.TestCases.BalanceHistoryTest 
Time Stamp: 2016-08-09 14:35:49,675 
Code Location: automationFramework.TestCases.BalanceHistoryTest.setUp(BalanceHistoryTest.java:40) 
Log Message: Setup Completed 
 
Time in Milliseconds: 2051870 
Test Case: automationFramework.TestCases.BalanceHistoryTest 
Time Stamp: 2016-08-09 14:35:49,675 
Code Location: automationFramework.TestCases.BalanceHistoryTest.setUp(BalanceHistoryTest.java:40) 
Log Message: Setup Completed 
 
Time in Milliseconds: 2051870 
Test Case: automationFramework.TestCases.BalanceHistoryTest 
Time Stamp: 2016-08-09 14:35:49,675 
Code Location: automationFramework.TestCases.BalanceHistoryTest.setUp(BalanceHistoryTest.java:40) 
Log Message: Setup Completed 
 
Time in Milliseconds: 2051870 
Test Case: automationFramework.TestCases.BalanceHistoryTest 
Time Stamp: 2016-08-09 14:35:49,675 
Code Location: automationFramework.TestCases.BalanceHistoryTest.setUp(BalanceHistoryTest.java:40) 
Log Message: Setup Completed 
 
Time in Milliseconds: 2051870 
Test Case: automationFramework.TestCases.BalanceHistoryTest 
Time Stamp: 2016-08-09 14:35:49,675 
Code Location: automationFramework.TestCases.BalanceHistoryTest.setUp(BalanceHistoryTest.java:40) 
Log Message: Setup Completed 
 
Time in Milliseconds: 2051870 
Test Case: automationFramework.TestCases.BalanceHistoryTest 
Time Stamp: 2016-08-09 14:35:49,675 
Code Location: automationFramework.TestCases.BalanceHistoryTest.setUp(BalanceHistoryTest.java:40) 
Log Message: Setup Completed 
 
Time in Milliseconds: 2051870 
Test Case: automationFramework.TestCases.BalanceHistoryTest 
Time Stamp: 2016-08-09 14:35:49,675 
Code Location: automationFramework.TestCases.BalanceHistoryTest.setUp(BalanceHistoryTest.java:40) 
Log Message: Setup Completed 
 
Time in Milliseconds: 2051870 
Test Case: automationFramework.TestCases.BalanceHistoryTest 
Time Stamp: 2016-08-09 14:35:49,675 
Code Location: automationFramework.TestCases.BalanceHistoryTest.setUp(BalanceHistoryTest.java:40) 
Log Message: Setup Completed 
 
Time in Milliseconds: 2051870 
Test Case: automationFramework.TestCases.BalanceHistoryTest 
Time Stamp: 2016-08-09 14:35:49,675 
Code Location: automationFramework.TestCases.BalanceHistoryTest.setUp(BalanceHistoryTest.java:40) 
Log Message: Setup Completed 
 
Time in Milliseconds: 2051870 
Test Case: automationFramework.TestCases.BalanceHistoryTest 
Time Stamp: 2016-08-09 14:35:49,675 
Code Location: automationFramework.TestCases.BalanceHistoryTest.setUp(BalanceHistoryTest.java:40) 
Log Message: Setup Completed 
 
Time in Milliseconds: 2051870 
Test Case: automationFramework.TestCases.BalanceHistoryTest 
Time Stamp: 2016-08-09 14:35:49,675 
Code Location: automationFramework.TestCases.BalanceHistoryTest.setUp(BalanceHistoryTest.java:40) 
Log Message: Setup Completed 
 
Time in Milliseconds: 2051870 
Test Case: automationFramework.TestCases.BalanceHistoryTest 
Time Stamp: 2016-08-09 14:35:49,675 
Code Location: automationFramework.TestCases.BalanceHistoryTest.setUp(BalanceHistoryTest.java:40) 
Log Message: Setup Completed 
 
Time in Milliseconds: 2051870 
Test Case: automationFramework.TestCases.BalanceHistoryTest 
Time Stamp: 2016-08-09 14:35:49,675 
Code Location: automationFramework.TestCases.BalanceHistoryTest.setUp(BalanceHistoryTest.java:40) 
Log Message: Setup Completed 
 
Time in Milliseconds: 2051870 
Test Case: automationFramework.TestCases.BalanceHistoryTest 
Time Stamp: 2016-08-09 14:35:49,675 
Code Location: automationFramework.TestCases.BalanceHistoryTest.setUp(BalanceHistoryTest.java:40) 
Log Message: Setup Completed 
 
Time in Milliseconds: 2051870 
Test Case: automationFramework.TestCases.BalanceHistoryTest 
Time Stamp: 2016-08-09 14:35:49,675 
Code Location: automationFramework.TestCases.BalanceHistoryTest.setUp(BalanceHistoryTest.java:40) 
Log Message: Setup Completed 
 
Time in Milliseconds: 2051870 
Test Case: automationFramework.TestCases.BalanceHistoryTest 
Time Stamp: 2016-08-09 14:35:49,675 
Code Location: automationFramework.TestCases.BalanceHistoryTest.setUp(BalanceHistoryTest.java:40) 
Log Message: Setup Completed 
 
Time in Milliseconds: 2051870 
Test Case: automationFramework.TestCases.BalanceHistoryTest 
Time Stamp: 2016-08-09 14:35:49,675 
Code Location: automationFramework.TestCases.BalanceHistoryTest.setUp(BalanceHistoryTest.java:40) 
Log Message: Setup Completed 
 
Time in Milliseconds: 2051870 
Test Case: automationFramework.TestCases.BalanceHistoryTest 
Time Stamp: 2016-08-09 14:35:49,675 
Code Location: automationFramework.TestCases.BalanceHistoryTest.setUp(BalanceHistoryTest.java:40) 
Log Message: Setup Completed 
 
Time in Milliseconds: 2051870 
Test Case: automationFramework.TestCases.BalanceHistoryTest 
Time Stamp: 2016-08-09 14:35:49,675 
Code Location: automationFramework.TestCases.BalanceHistoryTest.setUp(BalanceHistoryTest.java:40) 
Log Message: Setup Completed 
 
2016-08-09 14:35:49,675 INFO  [Logger] Setup Completed 
</system-out>
  </testcase>
  <testcase classname="automationFramework.TestCases.EmailTest" name="checkEmailCreateOrder" time="112.219"/>
  <testcase classname="automationFramework.TestCases.EmailTest" name="checkEmailNewCustomer" time="68.203"/>
  <testcase classname="automationFramework.TestCases.CreateOrderTest" name="createOrderSubmit" time="98.238"/>
  <testcase classname="automationFramework.TestCases.CreateOrderTest" name="createOrderCancel" time="96.015"/>
  <testcase classname="automationFramework.TestCases.TravelHistoryTest" name="checkTravelHistory" time="147.787">
    <failure message="Timed out after 90 seconds waiting for visibility of element located by By.xpath: //*[@id=&apos;customerContacts_list_tbl&apos;]/div/div[1]/table/tbody/tr[1]/td[1]/span
Build info: version: &apos;2.45.0&apos;, revision: &apos;5017cb8e7ca8e37638dc3091b2440b90a1d8686f&apos;, time: &apos;2015-02-27 09:10:26&apos;
System info: host: &apos;NACTS-081729&apos;, ip: &apos;172.28.0.111&apos;, os.name: &apos;Windows 7&apos;, os.arch: &apos;amd64&apos;, os.version: &apos;6.1&apos;, java.version: &apos;1.8.0_77&apos;
Driver info: org.openqa.selenium.firefox.FirefoxDriver
Capabilities [{applicationCacheEnabled=false, rotatable=false, handlesAlerts=true, databaseEnabled=true, version=32.0, platform=WINDOWS, nativeEvents=false, acceptSslCerts=true, webStorageEnabled=true, locationContextEnabled=true, browserName=firefox, takesScreenshot=true, javascriptEnabled=true, cssSelectorsEnabled=true}]
Session ID: c9341c7e-36b8-4976-9fd9-ec9994b169ed" type="org.openqa.selenium.TimeoutException">org.openqa.selenium.TimeoutException: Timed out after 90 seconds waiting for visibility of element located by By.xpath: //*[@id=&apos;customerContacts_list_tbl&apos;]/div/div[1]/table/tbody/tr[1]/td[1]/span
Build info: version: &apos;2.45.0&apos;, revision: &apos;5017cb8e7ca8e37638dc3091b2440b90a1d8686f&apos;, time: &apos;2015-02-27 09:10:26&apos;
System info: host: &apos;NACTS-081729&apos;, ip: &apos;172.28.0.111&apos;, os.name: &apos;Windows 7&apos;, os.arch: &apos;amd64&apos;, os.version: &apos;6.1&apos;, java.version: &apos;1.8.0_77&apos;
Driver info: org.openqa.selenium.firefox.FirefoxDriver
Capabilities [{applicationCacheEnabled=false, rotatable=false, handlesAlerts=true, databaseEnabled=true, version=32.0, platform=WINDOWS, nativeEvents=false, acceptSslCerts=true, webStorageEnabled=true, locationContextEnabled=true, browserName=firefox, takesScreenshot=true, javascriptEnabled=true, cssSelectorsEnabled=true}]
Session ID: c9341c7e-36b8-4976-9fd9-ec9994b169ed
	at org.openqa.selenium.support.ui.WebDriverWait.timeoutException(WebDriverWait.java:79)
	at org.openqa.selenium.support.ui.FluentWait.until(FluentWait.java:228)
	at automationFramework.PageObjects.SearchPage.clickRecord(SearchPage.java:87)
	at automationFramework.TestCases.TravelHistoryTest.checkTravelHistory(TravelHistoryTest.java:56)
Caused by: org.openqa.selenium.NoSuchElementException: Unable to locate element: {&quot;method&quot;:&quot;xpath&quot;,&quot;selector&quot;:&quot;//*[@id=&apos;customerContacts_list_tbl&apos;]/div/div[1]/table/tbody/tr[1]/td[1]/span&quot;}
Command duration or timeout: 60.05 seconds
For documentation on this error, please visit: http://seleniumhq.org/exceptions/no_such_element.html
Build info: version: &apos;2.45.0&apos;, revision: &apos;5017cb8e7ca8e37638dc3091b2440b90a1d8686f&apos;, time: &apos;2015-02-27 09:10:26&apos;
System info: host: &apos;NACTS-081729&apos;, ip: &apos;172.28.0.111&apos;, os.name: &apos;Windows 7&apos;, os.arch: &apos;amd64&apos;, os.version: &apos;6.1&apos;, java.version: &apos;1.8.0_77&apos;
Driver info: org.openqa.selenium.firefox.FirefoxDriver
Capabilities [{applicationCacheEnabled=false, rotatable=false, handlesAlerts=true, databaseEnabled=true, version=32.0, platform=WINDOWS, nativeEvents=false, acceptSslCerts=true, webStorageEnabled=true, locationContextEnabled=true, browserName=firefox, takesScreenshot=true, javascriptEnabled=true, cssSelectorsEnabled=true}]
Session ID: c9341c7e-36b8-4976-9fd9-ec9994b169ed
*** Element info: {Using=xpath, value=//*[@id=&apos;customerContacts_list_tbl&apos;]/div/div[1]/table/tbody/tr[1]/td[1]/span}
	at sun.reflect.NativeConstructorAccessorImpl.newInstance0(Native Method)
	at sun.reflect.NativeConstructorAccessorImpl.newInstance(Unknown Source)
	at sun.reflect.DelegatingConstructorAccessorImpl.newInstance(Unknown Source)
	at java.lang.reflect.Constructor.newInstance(Unknown Source)
	at org.openqa.selenium.remote.ErrorHandler.createThrowable(ErrorHandler.java:204)
	at org.openqa.selenium.remote.ErrorHandler.throwIfResponseFailed(ErrorHandler.java:156)
	at org.openqa.selenium.remote.RemoteWebDriver.execute(RemoteWebDriver.java:599)
	at org.openqa.selenium.remote.RemoteWebDriver.findElement(RemoteWebDriver.java:352)
	at org.openqa.selenium.remote.RemoteWebDriver.findElementByXPath(RemoteWebDriver.java:449)
	at org.openqa.selenium.By$ByXPath.findElement(By.java:357)
	at org.openqa.selenium.remote.RemoteWebDriver.findElement(RemoteWebDriver.java:344)
	at org.openqa.selenium.support.ui.ExpectedConditions.findElement(ExpectedConditions.java:730)
	at org.openqa.selenium.support.ui.ExpectedConditions.access$000(ExpectedConditions.java:39)
	at org.openqa.selenium.support.ui.ExpectedConditions$4.apply(ExpectedConditions.java:130)
	at org.openqa.selenium.support.ui.ExpectedConditions$4.apply(ExpectedConditions.java:126)
	at org.openqa.selenium.support.ui.FluentWait.until(FluentWait.java:208)
	... 35 more
Caused by: org.openqa.selenium.NoSuchElementException: Unable to locate element: {&quot;method&quot;:&quot;xpath&quot;,&quot;selector&quot;:&quot;//*[@id=&apos;customerContacts_list_tbl&apos;]/div/div[1]/table/tbody/tr[1]/td[1]/span&quot;}
For documentation on this error, please visit: http://seleniumhq.org/exceptions/no_such_element.html
Build info: version: &apos;2.45.0&apos;, revision: &apos;5017cb8e7ca8e37638dc3091b2440b90a1d8686f&apos;, time: &apos;2015-02-27 09:10:26&apos;
System info: host: &apos;NACTS-081729&apos;, ip: &apos;172.28.0.111&apos;, os.name: &apos;Windows 7&apos;, os.arch: &apos;amd64&apos;, os.version: &apos;6.1&apos;, java.version: &apos;1.8.0_77&apos;
Driver info: driver.version: unknown
	at &lt;anonymous class&gt;.FirefoxDriver.prototype.findElementInternal_(file:///C:/Users/200123/AppData/Local/Temp/anonymous760111407937690293webdriver-profile/extensions/fxdriver@googlecode.com/components/driver-component.js:10271)
	at &lt;anonymous class&gt;.fxdriver.Timer.prototype.setTimeout/&lt;.notify(file:///C:/Users/200123/AppData/Local/Temp/anonymous760111407937690293webdriver-profile/extensions/fxdriver@googlecode.com/components/driver-component.js:603)
</failure>
    <system-out>Time in Milliseconds: 2581511 
Test Case: automationFramework.TestCases.CreateOrderTest 
Time Stamp: 2016-08-09 14:44:39,316 
Code Location: automationFramework.TestCases.CreateOrderTest.tearDown(CreateOrderTest.java:104) 
Log Message: TearDown Complete 
 
Time in Milliseconds: 2581511 
Test Case: automationFramework.TestCases.CreateOrderTest 
Time Stamp: 2016-08-09 14:44:39,316 
Code Location: automationFramework.TestCases.CreateOrderTest.tearDown(CreateOrderTest.java:104) 
Log Message: TearDown Complete 
 
Time in Milliseconds: 2581511 
Test Case: automationFramework.TestCases.CreateOrderTest 
Time Stamp: 2016-08-09 14:44:39,316 
Code Location: automationFramework.TestCases.CreateOrderTest.tearDown(CreateOrderTest.java:104) 
Log Message: TearDown Complete 
 
Time in Milliseconds: 2581511 
Test Case: automationFramework.TestCases.CreateOrderTest 
Time Stamp: 2016-08-09 14:44:39,316 
Code Location: automationFramework.TestCases.CreateOrderTest.tearDown(CreateOrderTest.java:104) 
Log Message: TearDown Complete 
 
Time in Milliseconds: 2581511 
Test Case: automationFramework.TestCases.CreateOrderTest 
Time Stamp: 2016-08-09 14:44:39,316 
Code Location: automationFramework.TestCases.CreateOrderTest.tearDown(CreateOrderTest.java:104) 
Log Message: TearDown Complete 
 
Time in Milliseconds: 2581511 
Test Case: automationFramework.TestCases.CreateOrderTest 
Time Stamp: 2016-08-09 14:44:39,316 
Code Location: automationFramework.TestCases.CreateOrderTest.tearDown(CreateOrderTest.java:104) 
Log Message: TearDown Complete 
 
Time in Milliseconds: 2581511 
Test Case: automationFramework.TestCases.CreateOrderTest 
Time Stamp: 2016-08-09 14:44:39,316 
Code Location: automationFramework.TestCases.CreateOrderTest.tearDown(CreateOrderTest.java:104) 
Log Message: TearDown Complete 
 
Time in Milliseconds: 2581511 
Test Case: automationFramework.TestCases.CreateOrderTest 
Time Stamp: 2016-08-09 14:44:39,316 
Code Location: automationFramework.TestCases.CreateOrderTest.tearDown(CreateOrderTest.java:104) 
Log Message: TearDown Complete 
 
Time in Milliseconds: 2581511 
Test Case: automationFramework.TestCases.CreateOrderTest 
Time Stamp: 2016-08-09 14:44:39,316 
Code Location: automationFramework.TestCases.CreateOrderTest.tearDown(CreateOrderTest.java:104) 
Log Message: TearDown Complete 
 
Time in Milliseconds: 2581511 
Test Case: automationFramework.TestCases.CreateOrderTest 
Time Stamp: 2016-08-09 14:44:39,316 
Code Location: automationFramework.TestCases.CreateOrderTest.tearDown(CreateOrderTest.java:104) 
Log Message: TearDown Complete 
 
Time in Milliseconds: 2581511 
Test Case: automationFramework.TestCases.CreateOrderTest 
Time Stamp: 2016-08-09 14:44:39,316 
Code Location: automationFramework.TestCases.CreateOrderTest.tearDown(CreateOrderTest.java:104) 
Log Message: TearDown Complete 
 
Time in Milliseconds: 2581511 
Test Case: automationFramework.TestCases.CreateOrderTest 
Time Stamp: 2016-08-09 14:44:39,316 
Code Location: automationFramework.TestCases.CreateOrderTest.tearDown(CreateOrderTest.java:104) 
Log Message: TearDown Complete 
 
Time in Milliseconds: 2581511 
Test Case: automationFramework.TestCases.CreateOrderTest 
Time Stamp: 2016-08-09 14:44:39,316 
Code Location: automationFramework.TestCases.CreateOrderTest.tearDown(CreateOrderTest.java:104) 
Log Message: TearDown Complete 
 
Time in Milliseconds: 2581511 
Test Case: automationFramework.TestCases.CreateOrderTest 
Time Stamp: 2016-08-09 14:44:39,316 
Code Location: automationFramework.TestCases.CreateOrderTest.tearDown(CreateOrderTest.java:104) 
Log Message: TearDown Complete 
 
Time in Milliseconds: 2581511 
Test Case: automationFramework.TestCases.CreateOrderTest 
Time Stamp: 2016-08-09 14:44:39,316 
Code Location: automationFramework.TestCases.CreateOrderTest.tearDown(CreateOrderTest.java:104) 
Log Message: TearDown Complete 
 
Time in Milliseconds: 2581511 
Test Case: automationFramework.TestCases.CreateOrderTest 
Time Stamp: 2016-08-09 14:44:39,316 
Code Location: automationFramework.TestCases.CreateOrderTest.tearDown(CreateOrderTest.java:104) 
Log Message: TearDown Complete 
 
Time in Milliseconds: 2581511 
Test Case: automationFramework.TestCases.CreateOrderTest 
Time Stamp: 2016-08-09 14:44:39,316 
Code Location: automationFramework.TestCases.CreateOrderTest.tearDown(CreateOrderTest.java:104) 
Log Message: TearDown Complete 
 
Time in Milliseconds: 2581511 
Test Case: automationFramework.TestCases.CreateOrderTest 
Time Stamp: 2016-08-09 14:44:39,316 
Code Location: automationFramework.TestCases.CreateOrderTest.tearDown(CreateOrderTest.java:104) 
Log Message: TearDown Complete 
 
Time in Milliseconds: 2581511 
Test Case: automationFramework.TestCases.CreateOrderTest 
Time Stamp: 2016-08-09 14:44:39,316 
Code Location: automationFramework.TestCases.CreateOrderTest.tearDown(CreateOrderTest.java:104) 
Log Message: TearDown Complete 
 
Time in Milliseconds: 2581511 
Test Case: automationFramework.TestCases.CreateOrderTest 
Time Stamp: 2016-08-09 14:44:39,316 
Code Location: automationFramework.TestCases.CreateOrderTest.tearDown(CreateOrderTest.java:104) 
Log Message: TearDown Complete 
 
Time in Milliseconds: 2581511 
Test Case: automationFramework.TestCases.CreateOrderTest 
Time Stamp: 2016-08-09 14:44:39,316 
Code Location: automationFramework.TestCases.CreateOrderTest.tearDown(CreateOrderTest.java:104) 
Log Message: TearDown Complete 
 
Time in Milliseconds: 2581511 
Test Case: automationFramework.TestCases.CreateOrderTest 
Time Stamp: 2016-08-09 14:44:39,316 
Code Location: automationFramework.TestCases.CreateOrderTest.tearDown(CreateOrderTest.java:104) 
Log Message: TearDown Complete 
 
Time in Milliseconds: 2581511 
Test Case: automationFramework.TestCases.CreateOrderTest 
Time Stamp: 2016-08-09 14:44:39,316 
Code Location: automationFramework.TestCases.CreateOrderTest.tearDown(CreateOrderTest.java:104) 
Log Message: TearDown Complete 
 
Time in Milliseconds: 2581511 
Test Case: automationFramework.TestCases.CreateOrderTest 
Time Stamp: 2016-08-09 14:44:39,316 
Code Location: automationFramework.TestCases.CreateOrderTest.tearDown(CreateOrderTest.java:104) 
Log Message: TearDown Complete 
 
Time in Milliseconds: 2581511 
Test Case: automationFramework.TestCases.CreateOrderTest 
Time Stamp: 2016-08-09 14:44:39,316 
Code Location: automationFramework.TestCases.CreateOrderTest.tearDown(CreateOrderTest.java:104) 
Log Message: TearDown Complete 
 
Time in Milliseconds: 2581511 
Test Case: automationFramework.TestCases.CreateOrderTest 
Time Stamp: 2016-08-09 14:44:39,316 
Code Location: automationFramework.TestCases.CreateOrderTest.tearDown(CreateOrderTest.java:104) 
Log Message: TearDown Complete 
 
Time in Milliseconds: 2581511 
Test Case: automationFramework.TestCases.CreateOrderTest 
Time Stamp: 2016-08-09 14:44:39,316 
Code Location: automationFramework.TestCases.CreateOrderTest.tearDown(CreateOrderTest.java:104) 
Log Message: TearDown Complete 
 
Time in Milliseconds: 2581511 
Test Case: automationFramework.TestCases.CreateOrderTest 
Time Stamp: 2016-08-09 14:44:39,316 
Code Location: automationFramework.TestCases.CreateOrderTest.tearDown(CreateOrderTest.java:104) 
Log Message: TearDown Complete 
 
Time in Milliseconds: 2581511 
Test Case: automationFramework.TestCases.CreateOrderTest 
Time Stamp: 2016-08-09 14:44:39,316 
Code Location: automationFramework.TestCases.CreateOrderTest.tearDown(CreateOrderTest.java:104) 
Log Message: TearDown Complete 
 
Time in Milliseconds: 2581511 
Test Case: automationFramework.TestCases.CreateOrderTest 
Time Stamp: 2016-08-09 14:44:39,316 
Code Location: automationFramework.TestCases.CreateOrderTest.tearDown(CreateOrderTest.java:104) 
Log Message: TearDown Complete 
 
Time in Milliseconds: 2581511 
Test Case: automationFramework.TestCases.CreateOrderTest 
Time Stamp: 2016-08-09 14:44:39,316 
Code Location: automationFramework.TestCases.CreateOrderTest.tearDown(CreateOrderTest.java:104) 
Log Message: TearDown Complete 
 
Time in Milliseconds: 2581511 
Test Case: automationFramework.TestCases.CreateOrderTest 
Time Stamp: 2016-08-09 14:44:39,316 
Code Location: automationFramework.TestCases.CreateOrderTest.tearDown(CreateOrderTest.java:104) 
Log Message: TearDown Complete 
 
Time in Milliseconds: 2581511 
Test Case: automationFramework.TestCases.CreateOrderTest 
Time Stamp: 2016-08-09 14:44:39,316 
Code Location: automationFramework.TestCases.CreateOrderTest.tearDown(CreateOrderTest.java:104) 
Log Message: TearDown Complete 
 
Time in Milliseconds: 2581511 
Test Case: automationFramework.TestCases.CreateOrderTest 
Time Stamp: 2016-08-09 14:44:39,316 
Code Location: automationFramework.TestCases.CreateOrderTest.tearDown(CreateOrderTest.java:104) 
Log Message: TearDown Complete 
 
Time in Milliseconds: 2581511 
Test Case: automationFramework.TestCases.CreateOrderTest 
Time Stamp: 2016-08-09 14:44:39,316 
Code Location: automationFramework.TestCases.CreateOrderTest.tearDown(CreateOrderTest.java:104) 
Log Message: TearDown Complete 
 
Time in Milliseconds: 2581511 
Test Case: automationFramework.TestCases.CreateOrderTest 
Time Stamp: 2016-08-09 14:44:39,316 
Code Location: automationFramework.TestCases.CreateOrderTest.tearDown(CreateOrderTest.java:104) 
Log Message: TearDown Complete 
 
Time in Milliseconds: 2581511 
Test Case: automationFramework.TestCases.CreateOrderTest 
Time Stamp: 2016-08-09 14:44:39,316 
Code Location: automationFramework.TestCases.CreateOrderTest.tearDown(CreateOrderTest.java:104) 
Log Message: TearDown Complete 
 
Time in Milliseconds: 2581511 
Test Case: automationFramework.TestCases.CreateOrderTest 
Time Stamp: 2016-08-09 14:44:39,316 
Code Location: automationFramework.TestCases.CreateOrderTest.tearDown(CreateOrderTest.java:104) 
Log Message: TearDown Complete 
 
Time in Milliseconds: 2581511 
Test Case: automationFramework.TestCases.CreateOrderTest 
Time Stamp: 2016-08-09 14:44:39,316 
Code Location: automationFramework.TestCases.CreateOrderTest.tearDown(CreateOrderTest.java:104) 
Log Message: TearDown Complete 
 
2016-08-09 14:44:39,316 INFO  [Logger] TearDown Complete 
Time in Milliseconds: 2582001 
Test Case: automationFramework.TestCases.TravelHistoryTest 
Time Stamp: 2016-08-09 14:44:39,806 
Code Location: automationFramework.TestCases.TravelHistoryTest.setUp(TravelHistoryTest.java:38) 
Log Message: Setup Started 
 
Time in Milliseconds: 2582001 
Test Case: automationFramework.TestCases.TravelHistoryTest 
Time Stamp: 2016-08-09 14:44:39,806 
Code Location: automationFramework.TestCases.TravelHistoryTest.setUp(TravelHistoryTest.java:38) 
Log Message: Setup Started 
 
Time in Milliseconds: 2582001 
Test Case: automationFramework.TestCases.TravelHistoryTest 
Time Stamp: 2016-08-09 14:44:39,806 
Code Location: automationFramework.TestCases.TravelHistoryTest.setUp(TravelHistoryTest.java:38) 
Log Message: Setup Started 
 
Time in Milliseconds: 2582001 
Test Case: automationFramework.TestCases.TravelHistoryTest 
Time Stamp: 2016-08-09 14:44:39,806 
Code Location: automationFramework.TestCases.TravelHistoryTest.setUp(TravelHistoryTest.java:38) 
Log Message: Setup Started 
 
Time in Milliseconds: 2582001 
Test Case: automationFramework.TestCases.TravelHistoryTest 
Time Stamp: 2016-08-09 14:44:39,806 
Code Location: automationFramework.TestCases.TravelHistoryTest.setUp(TravelHistoryTest.java:38) 
Log Message: Setup Started 
 
Time in Milliseconds: 2582001 
Test Case: automationFramework.TestCases.TravelHistoryTest 
Time Stamp: 2016-08-09 14:44:39,806 
Code Location: automationFramework.TestCases.TravelHistoryTest.setUp(TravelHistoryTest.java:38) 
Log Message: Setup Started 
 
Time in Milliseconds: 2582001 
Test Case: automationFramework.TestCases.TravelHistoryTest 
Time Stamp: 2016-08-09 14:44:39,806 
Code Location: automationFramework.TestCases.TravelHistoryTest.setUp(TravelHistoryTest.java:38) 
Log Message: Setup Started 
 
Time in Milliseconds: 2582001 
Test Case: automationFramework.TestCases.TravelHistoryTest 
Time Stamp: 2016-08-09 14:44:39,806 
Code Location: automationFramework.TestCases.TravelHistoryTest.setUp(TravelHistoryTest.java:38) 
Log Message: Setup Started 
 
Time in Milliseconds: 2582001 
Test Case: automationFramework.TestCases.TravelHistoryTest 
Time Stamp: 2016-08-09 14:44:39,806 
Code Location: automationFramework.TestCases.TravelHistoryTest.setUp(TravelHistoryTest.java:38) 
Log Message: Setup Started 
 
Time in Milliseconds: 2582001 
Test Case: automationFramework.TestCases.TravelHistoryTest 
Time Stamp: 2016-08-09 14:44:39,806 
Code Location: automationFramework.TestCases.TravelHistoryTest.setUp(TravelHistoryTest.java:38) 
Log Message: Setup Started 
 
Time in Milliseconds: 2582001 
Test Case: automationFramework.TestCases.TravelHistoryTest 
Time Stamp: 2016-08-09 14:44:39,806 
Code Location: automationFramework.TestCases.TravelHistoryTest.setUp(TravelHistoryTest.java:38) 
Log Message: Setup Started 
 
Time in Milliseconds: 2582001 
Test Case: automationFramework.TestCases.TravelHistoryTest 
Time Stamp: 2016-08-09 14:44:39,806 
Code Location: automationFramework.TestCases.TravelHistoryTest.setUp(TravelHistoryTest.java:38) 
Log Message: Setup Started 
 
Time in Milliseconds: 2582001 
Test Case: automationFramework.TestCases.TravelHistoryTest 
Time Stamp: 2016-08-09 14:44:39,806 
Code Location: automationFramework.TestCases.TravelHistoryTest.setUp(TravelHistoryTest.java:38) 
Log Message: Setup Started 
 
Time in Milliseconds: 2582001 
Test Case: automationFramework.TestCases.TravelHistoryTest 
Time Stamp: 2016-08-09 14:44:39,806 
Code Location: automationFramework.TestCases.TravelHistoryTest.setUp(TravelHistoryTest.java:38) 
Log Message: Setup Started 
 
Time in Milliseconds: 2582001 
Test Case: automationFramework.TestCases.TravelHistoryTest 
Time Stamp: 2016-08-09 14:44:39,806 
Code Location: automationFramework.TestCases.TravelHistoryTest.setUp(TravelHistoryTest.java:38) 
Log Message: Setup Started 
 
Time in Milliseconds: 2582001 
Test Case: automationFramework.TestCases.TravelHistoryTest 
Time Stamp: 2016-08-09 14:44:39,806 
Code Location: automationFramework.TestCases.TravelHistoryTest.setUp(TravelHistoryTest.java:38) 
Log Message: Setup Started 
 
Time in Milliseconds: 2582001 
Test Case: automationFramework.TestCases.TravelHistoryTest 
Time Stamp: 2016-08-09 14:44:39,806 
Code Location: automationFramework.TestCases.TravelHistoryTest.setUp(TravelHistoryTest.java:38) 
Log Message: Setup Started 
 
Time in Milliseconds: 2582001 
Test Case: automationFramework.TestCases.TravelHistoryTest 
Time Stamp: 2016-08-09 14:44:39,806 
Code Location: automationFramework.TestCases.TravelHistoryTest.setUp(TravelHistoryTest.java:38) 
Log Message: Setup Started 
 
Time in Milliseconds: 2582001 
Test Case: automationFramework.TestCases.TravelHistoryTest 
Time Stamp: 2016-08-09 14:44:39,806 
Code Location: automationFramework.TestCases.TravelHistoryTest.setUp(TravelHistoryTest.java:38) 
Log Message: Setup Started 
 
Time in Milliseconds: 2582001 
Test Case: automationFramework.TestCases.TravelHistoryTest 
Time Stamp: 2016-08-09 14:44:39,806 
Code Location: automationFramework.TestCases.TravelHistoryTest.setUp(TravelHistoryTest.java:38) 
Log Message: Setup Started 
 
Time in Milliseconds: 2582001 
Test Case: automationFramework.TestCases.TravelHistoryTest 
Time Stamp: 2016-08-09 14:44:39,806 
Code Location: automationFramework.TestCases.TravelHistoryTest.setUp(TravelHistoryTest.java:38) 
Log Message: Setup Started 
 
Time in Milliseconds: 2582001 
Test Case: automationFramework.TestCases.TravelHistoryTest 
Time Stamp: 2016-08-09 14:44:39,806 
Code Location: automationFramework.TestCases.TravelHistoryTest.setUp(TravelHistoryTest.java:38) 
Log Message: Setup Started 
 
Time in Milliseconds: 2582001 
Test Case: automationFramework.TestCases.TravelHistoryTest 
Time Stamp: 2016-08-09 14:44:39,806 
Code Location: automationFramework.TestCases.TravelHistoryTest.setUp(TravelHistoryTest.java:38) 
Log Message: Setup Started 
 
Time in Milliseconds: 2582001 
Test Case: automationFramework.TestCases.TravelHistoryTest 
Time Stamp: 2016-08-09 14:44:39,806 
Code Location: automationFramework.TestCases.TravelHistoryTest.setUp(TravelHistoryTest.java:38) 
Log Message: Setup Started 
 
Time in Milliseconds: 2582001 
Test Case: automationFramework.TestCases.TravelHistoryTest 
Time Stamp: 2016-08-09 14:44:39,806 
Code Location: automationFramework.TestCases.TravelHistoryTest.setUp(TravelHistoryTest.java:38) 
Log Message: Setup Started 
 
Time in Milliseconds: 2582001 
Test Case: automationFramework.TestCases.TravelHistoryTest 
Time Stamp: 2016-08-09 14:44:39,806 
Code Location: automationFramework.TestCases.TravelHistoryTest.setUp(TravelHistoryTest.java:38) 
Log Message: Setup Started 
 
Time in Milliseconds: 2582001 
Test Case: automationFramework.TestCases.TravelHistoryTest 
Time Stamp: 2016-08-09 14:44:39,806 
Code Location: automationFramework.TestCases.TravelHistoryTest.setUp(TravelHistoryTest.java:38) 
Log Message: Setup Started 
 
Time in Milliseconds: 2582001 
Test Case: automationFramework.TestCases.TravelHistoryTest 
Time Stamp: 2016-08-09 14:44:39,806 
Code Location: automationFramework.TestCases.TravelHistoryTest.setUp(TravelHistoryTest.java:38) 
Log Message: Setup Started 
 
Time in Milliseconds: 2582001 
Test Case: automationFramework.TestCases.TravelHistoryTest 
Time Stamp: 2016-08-09 14:44:39,806 
Code Location: automationFramework.TestCases.TravelHistoryTest.setUp(TravelHistoryTest.java:38) 
Log Message: Setup Started 
 
Time in Milliseconds: 2582001 
Test Case: automationFramework.TestCases.TravelHistoryTest 
Time Stamp: 2016-08-09 14:44:39,806 
Code Location: automationFramework.TestCases.TravelHistoryTest.setUp(TravelHistoryTest.java:38) 
Log Message: Setup Started 
 
Time in Milliseconds: 2582001 
Test Case: automationFramework.TestCases.TravelHistoryTest 
Time Stamp: 2016-08-09 14:44:39,806 
Code Location: automationFramework.TestCases.TravelHistoryTest.setUp(TravelHistoryTest.java:38) 
Log Message: Setup Started 
 
Time in Milliseconds: 2582001 
Test Case: automationFramework.TestCases.TravelHistoryTest 
Time Stamp: 2016-08-09 14:44:39,806 
Code Location: automationFramework.TestCases.TravelHistoryTest.setUp(TravelHistoryTest.java:38) 
Log Message: Setup Started 
 
Time in Milliseconds: 2582001 
Test Case: automationFramework.TestCases.TravelHistoryTest 
Time Stamp: 2016-08-09 14:44:39,806 
Code Location: automationFramework.TestCases.TravelHistoryTest.setUp(TravelHistoryTest.java:38) 
Log Message: Setup Started 
 
Time in Milliseconds: 2582001 
Test Case: automationFramework.TestCases.TravelHistoryTest 
Time Stamp: 2016-08-09 14:44:39,806 
Code Location: automationFramework.TestCases.TravelHistoryTest.setUp(TravelHistoryTest.java:38) 
Log Message: Setup Started 
 
Time in Milliseconds: 2582001 
Test Case: automationFramework.TestCases.TravelHistoryTest 
Time Stamp: 2016-08-09 14:44:39,806 
Code Location: automationFramework.TestCases.TravelHistoryTest.setUp(TravelHistoryTest.java:38) 
Log Message: Setup Started 
 
Time in Milliseconds: 2582001 
Test Case: automationFramework.TestCases.TravelHistoryTest 
Time Stamp: 2016-08-09 14:44:39,806 
Code Location: automationFramework.TestCases.TravelHistoryTest.setUp(TravelHistoryTest.java:38) 
Log Message: Setup Started 
 
Time in Milliseconds: 2582001 
Test Case: automationFramework.TestCases.TravelHistoryTest 
Time Stamp: 2016-08-09 14:44:39,806 
Code Location: automationFramework.TestCases.TravelHistoryTest.setUp(TravelHistoryTest.java:38) 
Log Message: Setup Started 
 
Time in Milliseconds: 2582001 
Test Case: automationFramework.TestCases.TravelHistoryTest 
Time Stamp: 2016-08-09 14:44:39,806 
Code Location: automationFramework.TestCases.TravelHistoryTest.setUp(TravelHistoryTest.java:38) 
Log Message: Setup Started 
 
Time in Milliseconds: 2582001 
Test Case: automationFramework.TestCases.TravelHistoryTest 
Time Stamp: 2016-08-09 14:44:39,806 
Code Location: automationFramework.TestCases.TravelHistoryTest.setUp(TravelHistoryTest.java:38) 
Log Message: Setup Started 
 
Time in Milliseconds: 2582001 
Test Case: automationFramework.TestCases.TravelHistoryTest 
Time Stamp: 2016-08-09 14:44:39,806 
Code Location: automationFramework.TestCases.TravelHistoryTest.setUp(TravelHistoryTest.java:38) 
Log Message: Setup Started 
 
2016-08-09 14:44:39,806 INFO  [Logger] Setup Started 
Time in Milliseconds: 2582066 
Test Case: automationFramework.TestCases.TravelHistoryTest 
Time Stamp: 2016-08-09 14:44:39,871 
Code Location: automationFramework.TestCases.TravelHistoryTest.setUp(TravelHistoryTest.java:39) 
Log Message: Current OS: Windows 7 Enterprise 
 
Time in Milliseconds: 2582066 
Test Case: automationFramework.TestCases.TravelHistoryTest 
Time Stamp: 2016-08-09 14:44:39,871 
Code Location: automationFramework.TestCases.TravelHistoryTest.setUp(TravelHistoryTest.java:39) 
Log Message: Current OS: Windows 7 Enterprise 
 
Time in Milliseconds: 2582066 
Test Case: automationFramework.TestCases.TravelHistoryTest 
Time Stamp: 2016-08-09 14:44:39,871 
Code Location: automationFramework.TestCases.TravelHistoryTest.setUp(TravelHistoryTest.java:39) 
Log Message: Current OS: Windows 7 Enterprise 
 
Time in Milliseconds: 2582066 
Test Case: automationFramework.TestCases.TravelHistoryTest 
Time Stamp: 2016-08-09 14:44:39,871 
Code Location: automationFramework.TestCases.TravelHistoryTest.setUp(TravelHistoryTest.java:39) 
Log Message: Current OS: Windows 7 Enterprise 
 
Time in Milliseconds: 2582066 
Test Case: automationFramework.TestCases.TravelHistoryTest 
Time Stamp: 2016-08-09 14:44:39,871 
Code Location: automationFramework.TestCases.TravelHistoryTest.setUp(TravelHistoryTest.java:39) 
Log Message: Current OS: Windows 7 Enterprise 
 
Time in Milliseconds: 2582066 
Test Case: automationFramework.TestCases.TravelHistoryTest 
Time Stamp: 2016-08-09 14:44:39,871 
Code Location: automationFramework.TestCases.TravelHistoryTest.setUp(TravelHistoryTest.java:39) 
Log Message: Current OS: Windows 7 Enterprise 
 
Time in Milliseconds: 2582066 
Test Case: automationFramework.TestCases.TravelHistoryTest 
Time Stamp: 2016-08-09 14:44:39,871 
Code Location: automationFramework.TestCases.TravelHistoryTest.setUp(TravelHistoryTest.java:39) 
Log Message: Current OS: Windows 7 Enterprise 
 
Time in Milliseconds: 2582066 
Test Case: automationFramework.TestCases.TravelHistoryTest 
Time Stamp: 2016-08-09 14:44:39,871 
Code Location: automationFramework.TestCases.TravelHistoryTest.setUp(TravelHistoryTest.java:39) 
Log Message: Current OS: Windows 7 Enterprise 
 
Time in Milliseconds: 2582066 
Test Case: automationFramework.TestCases.TravelHistoryTest 
Time Stamp: 2016-08-09 14:44:39,871 
Code Location: automationFramework.TestCases.TravelHistoryTest.setUp(TravelHistoryTest.java:39) 
Log Message: Current OS: Windows 7 Enterprise 
 
Time in Milliseconds: 2582066 
Test Case: automationFramework.TestCases.TravelHistoryTest 
Time Stamp: 2016-08-09 14:44:39,871 
Code Location: automationFramework.TestCases.TravelHistoryTest.setUp(TravelHistoryTest.java:39) 
Log Message: Current OS: Windows 7 Enterprise 
 
Time in Milliseconds: 2582066 
Test Case: automationFramework.TestCases.TravelHistoryTest 
Time Stamp: 2016-08-09 14:44:39,871 
Code Location: automationFramework.TestCases.TravelHistoryTest.setUp(TravelHistoryTest.java:39) 
Log Message: Current OS: Windows 7 Enterprise 
 
Time in Milliseconds: 2582066 
Test Case: automationFramework.TestCases.TravelHistoryTest 
Time Stamp: 2016-08-09 14:44:39,871 
Code Location: automationFramework.TestCases.TravelHistoryTest.setUp(TravelHistoryTest.java:39) 
Log Message: Current OS: Windows 7 Enterprise 
 
Time in Milliseconds: 2582066 
Test Case: automationFramework.TestCases.TravelHistoryTest 
Time Stamp: 2016-08-09 14:44:39,871 
Code Location: automationFramework.TestCases.TravelHistoryTest.setUp(TravelHistoryTest.java:39) 
Log Message: Current OS: Windows 7 Enterprise 
 
Time in Milliseconds: 2582066 
Test Case: automationFramework.TestCases.TravelHistoryTest 
Time Stamp: 2016-08-09 14:44:39,871 
Code Location: automationFramework.TestCases.TravelHistoryTest.setUp(TravelHistoryTest.java:39) 
Log Message: Current OS: Windows 7 Enterprise 
 
Time in Milliseconds: 2582066 
Test Case: automationFramework.TestCases.TravelHistoryTest 
Time Stamp: 2016-08-09 14:44:39,871 
Code Location: automationFramework.TestCases.TravelHistoryTest.setUp(TravelHistoryTest.java:39) 
Log Message: Current OS: Windows 7 Enterprise 
 
Time in Milliseconds: 2582066 
Test Case: automationFramework.TestCases.TravelHistoryTest 
Time Stamp: 2016-08-09 14:44:39,871 
Code Location: automationFramework.TestCases.TravelHistoryTest.setUp(TravelHistoryTest.java:39) 
Log Message: Current OS: Windows 7 Enterprise 
 
Time in Milliseconds: 2582066 
Test Case: automationFramework.TestCases.TravelHistoryTest 
Time Stamp: 2016-08-09 14:44:39,871 
Code Location: automationFramework.TestCases.TravelHistoryTest.setUp(TravelHistoryTest.java:39) 
Log Message: Current OS: Windows 7 Enterprise 
 
Time in Milliseconds: 2582066 
Test Case: automationFramework.TestCases.TravelHistoryTest 
Time Stamp: 2016-08-09 14:44:39,871 
Code Location: automationFramework.TestCases.TravelHistoryTest.setUp(TravelHistoryTest.java:39) 
Log Message: Current OS: Windows 7 Enterprise 
 
Time in Milliseconds: 2582066 
Test Case: automationFramework.TestCases.TravelHistoryTest 
Time Stamp: 2016-08-09 14:44:39,871 
Code Location: automationFramework.TestCases.TravelHistoryTest.setUp(TravelHistoryTest.java:39) 
Log Message: Current OS: Windows 7 Enterprise 
 
Time in Milliseconds: 2582066 
Test Case: automationFramework.TestCases.TravelHistoryTest 
Time Stamp: 2016-08-09 14:44:39,871 
Code Location: automationFramework.TestCases.TravelHistoryTest.setUp(TravelHistoryTest.java:39) 
Log Message: Current OS: Windows 7 Enterprise 
 
Time in Milliseconds: 2582066 
Test Case: automationFramework.TestCases.TravelHistoryTest 
Time Stamp: 2016-08-09 14:44:39,871 
Code Location: automationFramework.TestCases.TravelHistoryTest.setUp(TravelHistoryTest.java:39) 
Log Message: Current OS: Windows 7 Enterprise 
 
Time in Milliseconds: 2582066 
Test Case: automationFramework.TestCases.TravelHistoryTest 
Time Stamp: 2016-08-09 14:44:39,871 
Code Location: automationFramework.TestCases.TravelHistoryTest.setUp(TravelHistoryTest.java:39) 
Log Message: Current OS: Windows 7 Enterprise 
 
Time in Milliseconds: 2582066 
Test Case: automationFramework.TestCases.TravelHistoryTest 
Time Stamp: 2016-08-09 14:44:39,871 
Code Location: automationFramework.TestCases.TravelHistoryTest.setUp(TravelHistoryTest.java:39) 
Log Message: Current OS: Windows 7 Enterprise 
 
Time in Milliseconds: 2582066 
Test Case: automationFramework.TestCases.TravelHistoryTest 
Time Stamp: 2016-08-09 14:44:39,871 
Code Location: automationFramework.TestCases.TravelHistoryTest.setUp(TravelHistoryTest.java:39) 
Log Message: Current OS: Windows 7 Enterprise 
 
Time in Milliseconds: 2582066 
Test Case: automationFramework.TestCases.TravelHistoryTest 
Time Stamp: 2016-08-09 14:44:39,871 
Code Location: automationFramework.TestCases.TravelHistoryTest.setUp(TravelHistoryTest.java:39) 
Log Message: Current OS: Windows 7 Enterprise 
 
Time in Milliseconds: 2582066 
Test Case: automationFramework.TestCases.TravelHistoryTest 
Time Stamp: 2016-08-09 14:44:39,871 
Code Location: automationFramework.TestCases.TravelHistoryTest.setUp(TravelHistoryTest.java:39) 
Log Message: Current OS: Windows 7 Enterprise 
 
Time in Milliseconds: 2582066 
Test Case: automationFramework.TestCases.TravelHistoryTest 
Time Stamp: 2016-08-09 14:44:39,871 
Code Location: automationFramework.TestCases.TravelHistoryTest.setUp(TravelHistoryTest.java:39) 
Log Message: Current OS: Windows 7 Enterprise 
 
Time in Milliseconds: 2582066 
Test Case: automationFramework.TestCases.TravelHistoryTest 
Time Stamp: 2016-08-09 14:44:39,871 
Code Location: automationFramework.TestCases.TravelHistoryTest.setUp(TravelHistoryTest.java:39) 
Log Message: Current OS: Windows 7 Enterprise 
 
Time in Milliseconds: 2582066 
Test Case: automationFramework.TestCases.TravelHistoryTest 
Time Stamp: 2016-08-09 14:44:39,871 
Code Location: automationFramework.TestCases.TravelHistoryTest.setUp(TravelHistoryTest.java:39) 
Log Message: Current OS: Windows 7 Enterprise 
 
Time in Milliseconds: 2582066 
Test Case: automationFramework.TestCases.TravelHistoryTest 
Time Stamp: 2016-08-09 14:44:39,871 
Code Location: automationFramework.TestCases.TravelHistoryTest.setUp(TravelHistoryTest.java:39) 
Log Message: Current OS: Windows 7 Enterprise 
 
Time in Milliseconds: 2582066 
Test Case: automationFramework.TestCases.TravelHistoryTest 
Time Stamp: 2016-08-09 14:44:39,871 
Code Location: automationFramework.TestCases.TravelHistoryTest.setUp(TravelHistoryTest.java:39) 
Log Message: Current OS: Windows 7 Enterprise 
 
Time in Milliseconds: 2582066 
Test Case: automationFramework.TestCases.TravelHistoryTest 
Time Stamp: 2016-08-09 14:44:39,871 
Code Location: automationFramework.TestCases.TravelHistoryTest.setUp(TravelHistoryTest.java:39) 
Log Message: Current OS: Windows 7 Enterprise 
 
Time in Milliseconds: 2582066 
Test Case: automationFramework.TestCases.TravelHistoryTest 
Time Stamp: 2016-08-09 14:44:39,871 
Code Location: automationFramework.TestCases.TravelHistoryTest.setUp(TravelHistoryTest.java:39) 
Log Message: Current OS: Windows 7 Enterprise 
 
Time in Milliseconds: 2582066 
Test Case: automationFramework.TestCases.TravelHistoryTest 
Time Stamp: 2016-08-09 14:44:39,871 
Code Location: automationFramework.TestCases.TravelHistoryTest.setUp(TravelHistoryTest.java:39) 
Log Message: Current OS: Windows 7 Enterprise 
 
Time in Milliseconds: 2582066 
Test Case: automationFramework.TestCases.TravelHistoryTest 
Time Stamp: 2016-08-09 14:44:39,871 
Code Location: automationFramework.TestCases.TravelHistoryTest.setUp(TravelHistoryTest.java:39) 
Log Message: Current OS: Windows 7 Enterprise 
 
Time in Milliseconds: 2582066 
Test Case: automationFramework.TestCases.TravelHistoryTest 
Time Stamp: 2016-08-09 14:44:39,871 
Code Location: automationFramework.TestCases.TravelHistoryTest.setUp(TravelHistoryTest.java:39) 
Log Message: Current OS: Windows 7 Enterprise 
 
Time in Milliseconds: 2582066 
Test Case: automationFramework.TestCases.TravelHistoryTest 
Time Stamp: 2016-08-09 14:44:39,871 
Code Location: automationFramework.TestCases.TravelHistoryTest.setUp(TravelHistoryTest.java:39) 
Log Message: Current OS: Windows 7 Enterprise 
 
Time in Milliseconds: 2582066 
Test Case: automationFramework.TestCases.TravelHistoryTest 
Time Stamp: 2016-08-09 14:44:39,871 
Code Location: automationFramework.TestCases.TravelHistoryTest.setUp(TravelHistoryTest.java:39) 
Log Message: Current OS: Windows 7 Enterprise 
 
Time in Milliseconds: 2582066 
Test Case: automationFramework.TestCases.TravelHistoryTest 
Time Stamp: 2016-08-09 14:44:39,871 
Code Location: automationFramework.TestCases.TravelHistoryTest.setUp(TravelHistoryTest.java:39) 
Log Message: Current OS: Windows 7 Enterprise 
 
Time in Milliseconds: 2582066 
Test Case: automationFramework.TestCases.TravelHistoryTest 
Time Stamp: 2016-08-09 14:44:39,871 
Code Location: automationFramework.TestCases.TravelHistoryTest.setUp(TravelHistoryTest.java:39) 
Log Message: Current OS: Windows 7 Enterprise 
 
2016-08-09 14:44:39,871 INFO  [Logger] Current OS: Windows 7 Enterprise 
Time in Milliseconds: 2582072 
Test Case: automationFramework.TestCases.TravelHistoryTest 
Time Stamp: 2016-08-09 14:44:39,877 
Code Location: automationFramework.TestCases.TravelHistoryTest.setUp(TravelHistoryTest.java:40) 
Log Message: Current Browser: firefox.exe 
 
Time in Milliseconds: 2582072 
Test Case: automationFramework.TestCases.TravelHistoryTest 
Time Stamp: 2016-08-09 14:44:39,877 
Code Location: automationFramework.TestCases.TravelHistoryTest.setUp(TravelHistoryTest.java:40) 
Log Message: Current Browser: firefox.exe 
 
Time in Milliseconds: 2582072 
Test Case: automationFramework.TestCases.TravelHistoryTest 
Time Stamp: 2016-08-09 14:44:39,877 
Code Location: automationFramework.TestCases.TravelHistoryTest.setUp(TravelHistoryTest.java:40) 
Log Message: Current Browser: firefox.exe 
 
Time in Milliseconds: 2582072 
Test Case: automationFramework.TestCases.TravelHistoryTest 
Time Stamp: 2016-08-09 14:44:39,877 
Code Location: automationFramework.TestCases.TravelHistoryTest.setUp(TravelHistoryTest.java:40) 
Log Message: Current Browser: firefox.exe 
 
Time in Milliseconds: 2582072 
Test Case: automationFramework.TestCases.TravelHistoryTest 
Time Stamp: 2016-08-09 14:44:39,877 
Code Location: automationFramework.TestCases.TravelHistoryTest.setUp(TravelHistoryTest.java:40) 
Log Message: Current Browser: firefox.exe 
 
Time in Milliseconds: 2582072 
Test Case: automationFramework.TestCases.TravelHistoryTest 
Time Stamp: 2016-08-09 14:44:39,877 
Code Location: automationFramework.TestCases.TravelHistoryTest.setUp(TravelHistoryTest.java:40) 
Log Message: Current Browser: firefox.exe 
 
Time in Milliseconds: 2582072 
Test Case: automationFramework.TestCases.TravelHistoryTest 
Time Stamp: 2016-08-09 14:44:39,877 
Code Location: automationFramework.TestCases.TravelHistoryTest.setUp(TravelHistoryTest.java:40) 
Log Message: Current Browser: firefox.exe 
 
Time in Milliseconds: 2582072 
Test Case: automationFramework.TestCases.TravelHistoryTest 
Time Stamp: 2016-08-09 14:44:39,877 
Code Location: automationFramework.TestCases.TravelHistoryTest.setUp(TravelHistoryTest.java:40) 
Log Message: Current Browser: firefox.exe 
 
Time in Milliseconds: 2582072 
Test Case: automationFramework.TestCases.TravelHistoryTest 
Time Stamp: 2016-08-09 14:44:39,877 
Code Location: automationFramework.TestCases.TravelHistoryTest.setUp(TravelHistoryTest.java:40) 
Log Message: Current Browser: firefox.exe 
 
Time in Milliseconds: 2582072 
Test Case: automationFramework.TestCases.TravelHistoryTest 
Time Stamp: 2016-08-09 14:44:39,877 
Code Location: automationFramework.TestCases.TravelHistoryTest.setUp(TravelHistoryTest.java:40) 
Log Message: Current Browser: firefox.exe 
 
Time in Milliseconds: 2582072 
Test Case: automationFramework.TestCases.TravelHistoryTest 
Time Stamp: 2016-08-09 14:44:39,877 
Code Location: automationFramework.TestCases.TravelHistoryTest.setUp(TravelHistoryTest.java:40) 
Log Message: Current Browser: firefox.exe 
 
Time in Milliseconds: 2582072 
Test Case: automationFramework.TestCases.TravelHistoryTest 
Time Stamp: 2016-08-09 14:44:39,877 
Code Location: automationFramework.TestCases.TravelHistoryTest.setUp(TravelHistoryTest.java:40) 
Log Message: Current Browser: firefox.exe 
 
Time in Milliseconds: 2582072 
Test Case: automationFramework.TestCases.TravelHistoryTest 
Time Stamp: 2016-08-09 14:44:39,877 
Code Location: automationFramework.TestCases.TravelHistoryTest.setUp(TravelHistoryTest.java:40) 
Log Message: Current Browser: firefox.exe 
 
Time in Milliseconds: 2582072 
Test Case: automationFramework.TestCases.TravelHistoryTest 
Time Stamp: 2016-08-09 14:44:39,877 
Code Location: automationFramework.TestCases.TravelHistoryTest.setUp(TravelHistoryTest.java:40) 
Log Message: Current Browser: firefox.exe 
 
Time in Milliseconds: 2582072 
Test Case: automationFramework.TestCases.TravelHistoryTest 
Time Stamp: 2016-08-09 14:44:39,877 
Code Location: automationFramework.TestCases.TravelHistoryTest.setUp(TravelHistoryTest.java:40) 
Log Message: Current Browser: firefox.exe 
 
Time in Milliseconds: 2582072 
Test Case: automationFramework.TestCases.TravelHistoryTest 
Time Stamp: 2016-08-09 14:44:39,877 
Code Location: automationFramework.TestCases.TravelHistoryTest.setUp(TravelHistoryTest.java:40) 
Log Message: Current Browser: firefox.exe 
 
Time in Milliseconds: 2582072 
Test Case: automationFramework.TestCases.TravelHistoryTest 
Time Stamp: 2016-08-09 14:44:39,877 
Code Location: automationFramework.TestCases.TravelHistoryTest.setUp(TravelHistoryTest.java:40) 
Log Message: Current Browser: firefox.exe 
 
Time in Milliseconds: 2582072 
Test Case: automationFramework.TestCases.TravelHistoryTest 
Time Stamp: 2016-08-09 14:44:39,877 
Code Location: automationFramework.TestCases.TravelHistoryTest.setUp(TravelHistoryTest.java:40) 
Log Message: Current Browser: firefox.exe 
 
Time in Milliseconds: 2582072 
Test Case: automationFramework.TestCases.TravelHistoryTest 
Time Stamp: 2016-08-09 14:44:39,877 
Code Location: automationFramework.TestCases.TravelHistoryTest.setUp(TravelHistoryTest.java:40) 
Log Message: Current Browser: firefox.exe 
 
Time in Milliseconds: 2582072 
Test Case: automationFramework.TestCases.TravelHistoryTest 
Time Stamp: 2016-08-09 14:44:39,877 
Code Location: automationFramework.TestCases.TravelHistoryTest.setUp(TravelHistoryTest.java:40) 
Log Message: Current Browser: firefox.exe 
 
Time in Milliseconds: 2582072 
Test Case: automationFramework.TestCases.TravelHistoryTest 
Time Stamp: 2016-08-09 14:44:39,877 
Code Location: automationFramework.TestCases.TravelHistoryTest.setUp(TravelHistoryTest.java:40) 
Log Message: Current Browser: firefox.exe 
 
Time in Milliseconds: 2582072 
Test Case: automationFramework.TestCases.TravelHistoryTest 
Time Stamp: 2016-08-09 14:44:39,877 
Code Location: automationFramework.TestCases.TravelHistoryTest.setUp(TravelHistoryTest.java:40) 
Log Message: Current Browser: firefox.exe 
 
Time in Milliseconds: 2582072 
Test Case: automationFramework.TestCases.TravelHistoryTest 
Time Stamp: 2016-08-09 14:44:39,877 
Code Location: automationFramework.TestCases.TravelHistoryTest.setUp(TravelHistoryTest.java:40) 
Log Message: Current Browser: firefox.exe 
 
Time in Milliseconds: 2582072 
Test Case: automationFramework.TestCases.TravelHistoryTest 
Time Stamp: 2016-08-09 14:44:39,877 
Code Location: automationFramework.TestCases.TravelHistoryTest.setUp(TravelHistoryTest.java:40) 
Log Message: Current Browser: firefox.exe 
 
Time in Milliseconds: 2582072 
Test Case: automationFramework.TestCases.TravelHistoryTest 
Time Stamp: 2016-08-09 14:44:39,877 
Code Location: automationFramework.TestCases.TravelHistoryTest.setUp(TravelHistoryTest.java:40) 
Log Message: Current Browser: firefox.exe 
 
Time in Milliseconds: 2582072 
Test Case: automationFramework.TestCases.TravelHistoryTest 
Time Stamp: 2016-08-09 14:44:39,877 
Code Location: automationFramework.TestCases.TravelHistoryTest.setUp(TravelHistoryTest.java:40) 
Log Message: Current Browser: firefox.exe 
 
Time in Milliseconds: 2582072 
Test Case: automationFramework.TestCases.TravelHistoryTest 
Time Stamp: 2016-08-09 14:44:39,877 
Code Location: automationFramework.TestCases.TravelHistoryTest.setUp(TravelHistoryTest.java:40) 
Log Message: Current Browser: firefox.exe 
 
Time in Milliseconds: 2582072 
Test Case: automationFramework.TestCases.TravelHistoryTest 
Time Stamp: 2016-08-09 14:44:39,877 
Code Location: automationFramework.TestCases.TravelHistoryTest.setUp(TravelHistoryTest.java:40) 
Log Message: Current Browser: firefox.exe 
 
Time in Milliseconds: 2582072 
Test Case: automationFramework.TestCases.TravelHistoryTest 
Time Stamp: 2016-08-09 14:44:39,877 
Code Location: automationFramework.TestCases.TravelHistoryTest.setUp(TravelHistoryTest.java:40) 
Log Message: Current Browser: firefox.exe 
 
Time in Milliseconds: 2582072 
Test Case: automationFramework.TestCases.TravelHistoryTest 
Time Stamp: 2016-08-09 14:44:39,877 
Code Location: automationFramework.TestCases.TravelHistoryTest.setUp(TravelHistoryTest.java:40) 
Log Message: Current Browser: firefox.exe 
 
Time in Milliseconds: 2582072 
Test Case: automationFramework.TestCases.TravelHistoryTest 
Time Stamp: 2016-08-09 14:44:39,877 
Code Location: automationFramework.TestCases.TravelHistoryTest.setUp(TravelHistoryTest.java:40) 
Log Message: Current Browser: firefox.exe 
 
Time in Milliseconds: 2582072 
Test Case: automationFramework.TestCases.TravelHistoryTest 
Time Stamp: 2016-08-09 14:44:39,877 
Code Location: automationFramework.TestCases.TravelHistoryTest.setUp(TravelHistoryTest.java:40) 
Log Message: Current Browser: firefox.exe 
 
Time in Milliseconds: 2582072 
Test Case: automationFramework.TestCases.TravelHistoryTest 
Time Stamp: 2016-08-09 14:44:39,877 
Code Location: automationFramework.TestCases.TravelHistoryTest.setUp(TravelHistoryTest.java:40) 
Log Message: Current Browser: firefox.exe 
 
Time in Milliseconds: 2582072 
Test Case: automationFramework.TestCases.TravelHistoryTest 
Time Stamp: 2016-08-09 14:44:39,877 
Code Location: automationFramework.TestCases.TravelHistoryTest.setUp(TravelHistoryTest.java:40) 
Log Message: Current Browser: firefox.exe 
 
Time in Milliseconds: 2582072 
Test Case: automationFramework.TestCases.TravelHistoryTest 
Time Stamp: 2016-08-09 14:44:39,877 
Code Location: automationFramework.TestCases.TravelHistoryTest.setUp(TravelHistoryTest.java:40) 
Log Message: Current Browser: firefox.exe 
 
Time in Milliseconds: 2582072 
Test Case: automationFramework.TestCases.TravelHistoryTest 
Time Stamp: 2016-08-09 14:44:39,877 
Code Location: automationFramework.TestCases.TravelHistoryTest.setUp(TravelHistoryTest.java:40) 
Log Message: Current Browser: firefox.exe 
 
Time in Milliseconds: 2582072 
Test Case: automationFramework.TestCases.TravelHistoryTest 
Time Stamp: 2016-08-09 14:44:39,877 
Code Location: automationFramework.TestCases.TravelHistoryTest.setUp(TravelHistoryTest.java:40) 
Log Message: Current Browser: firefox.exe 
 
Time in Milliseconds: 2582072 
Test Case: automationFramework.TestCases.TravelHistoryTest 
Time Stamp: 2016-08-09 14:44:39,877 
Code Location: automationFramework.TestCases.TravelHistoryTest.setUp(TravelHistoryTest.java:40) 
Log Message: Current Browser: firefox.exe 
 
Time in Milliseconds: 2582072 
Test Case: automationFramework.TestCases.TravelHistoryTest 
Time Stamp: 2016-08-09 14:44:39,877 
Code Location: automationFramework.TestCases.TravelHistoryTest.setUp(TravelHistoryTest.java:40) 
Log Message: Current Browser: firefox.exe 
 
Time in Milliseconds: 2582072 
Test Case: automationFramework.TestCases.TravelHistoryTest 
Time Stamp: 2016-08-09 14:44:39,877 
Code Location: automationFramework.TestCases.TravelHistoryTest.setUp(TravelHistoryTest.java:40) 
Log Message: Current Browser: firefox.exe 
 
2016-08-09 14:44:39,877 INFO  [Logger] Current Browser: firefox.exe 
Time in Milliseconds: 2593508 
Test Case: automationFramework.TestCases.TravelHistoryTest 
Time Stamp: 2016-08-09 14:44:51,313 
Code Location: automationFramework.TestCases.TravelHistoryTest.setUp(TravelHistoryTest.java:43) 
Log Message: Setup Completed 
 
Time in Milliseconds: 2593508 
Test Case: automationFramework.TestCases.TravelHistoryTest 
Time Stamp: 2016-08-09 14:44:51,313 
Code Location: automationFramework.TestCases.TravelHistoryTest.setUp(TravelHistoryTest.java:43) 
Log Message: Setup Completed 
 
Time in Milliseconds: 2593508 
Test Case: automationFramework.TestCases.TravelHistoryTest 
Time Stamp: 2016-08-09 14:44:51,313 
Code Location: automationFramework.TestCases.TravelHistoryTest.setUp(TravelHistoryTest.java:43) 
Log Message: Setup Completed 
 
Time in Milliseconds: 2593508 
Test Case: automationFramework.TestCases.TravelHistoryTest 
Time Stamp: 2016-08-09 14:44:51,313 
Code Location: automationFramework.TestCases.TravelHistoryTest.setUp(TravelHistoryTest.java:43) 
Log Message: Setup Completed 
 
Time in Milliseconds: 2593508 
Test Case: automationFramework.TestCases.TravelHistoryTest 
Time Stamp: 2016-08-09 14:44:51,313 
Code Location: automationFramework.TestCases.TravelHistoryTest.setUp(TravelHistoryTest.java:43) 
Log Message: Setup Completed 
 
Time in Milliseconds: 2593508 
Test Case: automationFramework.TestCases.TravelHistoryTest 
Time Stamp: 2016-08-09 14:44:51,313 
Code Location: automationFramework.TestCases.TravelHistoryTest.setUp(TravelHistoryTest.java:43) 
Log Message: Setup Completed 
 
Time in Milliseconds: 2593508 
Test Case: automationFramework.TestCases.TravelHistoryTest 
Time Stamp: 2016-08-09 14:44:51,313 
Code Location: automationFramework.TestCases.TravelHistoryTest.setUp(TravelHistoryTest.java:43) 
Log Message: Setup Completed 
 
Time in Milliseconds: 2593508 
Test Case: automationFramework.TestCases.TravelHistoryTest 
Time Stamp: 2016-08-09 14:44:51,313 
Code Location: automationFramework.TestCases.TravelHistoryTest.setUp(TravelHistoryTest.java:43) 
Log Message: Setup Completed 
 
Time in Milliseconds: 2593508 
Test Case: automationFramework.TestCases.TravelHistoryTest 
Time Stamp: 2016-08-09 14:44:51,313 
Code Location: automationFramework.TestCases.TravelHistoryTest.setUp(TravelHistoryTest.java:43) 
Log Message: Setup Completed 
 
Time in Milliseconds: 2593508 
Test Case: automationFramework.TestCases.TravelHistoryTest 
Time Stamp: 2016-08-09 14:44:51,313 
Code Location: automationFramework.TestCases.TravelHistoryTest.setUp(TravelHistoryTest.java:43) 
Log Message: Setup Completed 
 
Time in Milliseconds: 2593508 
Test Case: automationFramework.TestCases.TravelHistoryTest 
Time Stamp: 2016-08-09 14:44:51,313 
Code Location: automationFramework.TestCases.TravelHistoryTest.setUp(TravelHistoryTest.java:43) 
Log Message: Setup Completed 
 
Time in Milliseconds: 2593508 
Test Case: automationFramework.TestCases.TravelHistoryTest 
Time Stamp: 2016-08-09 14:44:51,313 
Code Location: automationFramework.TestCases.TravelHistoryTest.setUp(TravelHistoryTest.java:43) 
Log Message: Setup Completed 
 
Time in Milliseconds: 2593508 
Test Case: automationFramework.TestCases.TravelHistoryTest 
Time Stamp: 2016-08-09 14:44:51,313 
Code Location: automationFramework.TestCases.TravelHistoryTest.setUp(TravelHistoryTest.java:43) 
Log Message: Setup Completed 
 
Time in Milliseconds: 2593508 
Test Case: automationFramework.TestCases.TravelHistoryTest 
Time Stamp: 2016-08-09 14:44:51,313 
Code Location: automationFramework.TestCases.TravelHistoryTest.setUp(TravelHistoryTest.java:43) 
Log Message: Setup Completed 
 
Time in Milliseconds: 2593508 
Test Case: automationFramework.TestCases.TravelHistoryTest 
Time Stamp: 2016-08-09 14:44:51,313 
Code Location: automationFramework.TestCases.TravelHistoryTest.setUp(TravelHistoryTest.java:43) 
Log Message: Setup Completed 
 
Time in Milliseconds: 2593508 
Test Case: automationFramework.TestCases.TravelHistoryTest 
Time Stamp: 2016-08-09 14:44:51,313 
Code Location: automationFramework.TestCases.TravelHistoryTest.setUp(TravelHistoryTest.java:43) 
Log Message: Setup Completed 
 
Time in Milliseconds: 2593508 
Test Case: automationFramework.TestCases.TravelHistoryTest 
Time Stamp: 2016-08-09 14:44:51,313 
Code Location: automationFramework.TestCases.TravelHistoryTest.setUp(TravelHistoryTest.java:43) 
Log Message: Setup Completed 
 
Time in Milliseconds: 2593508 
Test Case: automationFramework.TestCases.TravelHistoryTest 
Time Stamp: 2016-08-09 14:44:51,313 
Code Location: automationFramework.TestCases.TravelHistoryTest.setUp(TravelHistoryTest.java:43) 
Log Message: Setup Completed 
 
Time in Milliseconds: 2593508 
Test Case: automationFramework.TestCases.TravelHistoryTest 
Time Stamp: 2016-08-09 14:44:51,313 
Code Location: automationFramework.TestCases.TravelHistoryTest.setUp(TravelHistoryTest.java:43) 
Log Message: Setup Completed 
 
Time in Milliseconds: 2593508 
Test Case: automationFramework.TestCases.TravelHistoryTest 
Time Stamp: 2016-08-09 14:44:51,313 
Code Location: automationFramework.TestCases.TravelHistoryTest.setUp(TravelHistoryTest.java:43) 
Log Message: Setup Completed 
 
Time in Milliseconds: 2593508 
Test Case: automationFramework.TestCases.TravelHistoryTest 
Time Stamp: 2016-08-09 14:44:51,313 
Code Location: automationFramework.TestCases.TravelHistoryTest.setUp(TravelHistoryTest.java:43) 
Log Message: Setup Completed 
 
Time in Milliseconds: 2593508 
Test Case: automationFramework.TestCases.TravelHistoryTest 
Time Stamp: 2016-08-09 14:44:51,313 
Code Location: automationFramework.TestCases.TravelHistoryTest.setUp(TravelHistoryTest.java:43) 
Log Message: Setup Completed 
 
Time in Milliseconds: 2593508 
Test Case: automationFramework.TestCases.TravelHistoryTest 
Time Stamp: 2016-08-09 14:44:51,313 
Code Location: automationFramework.TestCases.TravelHistoryTest.setUp(TravelHistoryTest.java:43) 
Log Message: Setup Completed 
 
Time in Milliseconds: 2593508 
Test Case: automationFramework.TestCases.TravelHistoryTest 
Time Stamp: 2016-08-09 14:44:51,313 
Code Location: automationFramework.TestCases.TravelHistoryTest.setUp(TravelHistoryTest.java:43) 
Log Message: Setup Completed 
 
Time in Milliseconds: 2593508 
Test Case: automationFramework.TestCases.TravelHistoryTest 
Time Stamp: 2016-08-09 14:44:51,313 
Code Location: automationFramework.TestCases.TravelHistoryTest.setUp(TravelHistoryTest.java:43) 
Log Message: Setup Completed 
 
Time in Milliseconds: 2593508 
Test Case: automationFramework.TestCases.TravelHistoryTest 
Time Stamp: 2016-08-09 14:44:51,313 
Code Location: automationFramework.TestCases.TravelHistoryTest.setUp(TravelHistoryTest.java:43) 
Log Message: Setup Completed 
 
Time in Milliseconds: 2593508 
Test Case: automationFramework.TestCases.TravelHistoryTest 
Time Stamp: 2016-08-09 14:44:51,313 
Code Location: automationFramework.TestCases.TravelHistoryTest.setUp(TravelHistoryTest.java:43) 
Log Message: Setup Completed 
 
Time in Milliseconds: 2593508 
Test Case: automationFramework.TestCases.TravelHistoryTest 
Time Stamp: 2016-08-09 14:44:51,313 
Code Location: automationFramework.TestCases.TravelHistoryTest.setUp(TravelHistoryTest.java:43) 
Log Message: Setup Completed 
 
Time in Milliseconds: 2593508 
Test Case: automationFramework.TestCases.TravelHistoryTest 
Time Stamp: 2016-08-09 14:44:51,313 
Code Location: automationFramework.TestCases.TravelHistoryTest.setUp(TravelHistoryTest.java:43) 
Log Message: Setup Completed 
 
Time in Milliseconds: 2593508 
Test Case: automationFramework.TestCases.TravelHistoryTest 
Time Stamp: 2016-08-09 14:44:51,313 
Code Location: automationFramework.TestCases.TravelHistoryTest.setUp(TravelHistoryTest.java:43) 
Log Message: Setup Completed 
 
Time in Milliseconds: 2593508 
Test Case: automationFramework.TestCases.TravelHistoryTest 
Time Stamp: 2016-08-09 14:44:51,313 
Code Location: automationFramework.TestCases.TravelHistoryTest.setUp(TravelHistoryTest.java:43) 
Log Message: Setup Completed 
 
Time in Milliseconds: 2593508 
Test Case: automationFramework.TestCases.TravelHistoryTest 
Time Stamp: 2016-08-09 14:44:51,313 
Code Location: automationFramework.TestCases.TravelHistoryTest.setUp(TravelHistoryTest.java:43) 
Log Message: Setup Completed 
 
Time in Milliseconds: 2593508 
Test Case: automationFramework.TestCases.TravelHistoryTest 
Time Stamp: 2016-08-09 14:44:51,313 
Code Location: automationFramework.TestCases.TravelHistoryTest.setUp(TravelHistoryTest.java:43) 
Log Message: Setup Completed 
 
Time in Milliseconds: 2593508 
Test Case: automationFramework.TestCases.TravelHistoryTest 
Time Stamp: 2016-08-09 14:44:51,313 
Code Location: automationFramework.TestCases.TravelHistoryTest.setUp(TravelHistoryTest.java:43) 
Log Message: Setup Completed 
 
Time in Milliseconds: 2593508 
Test Case: automationFramework.TestCases.TravelHistoryTest 
Time Stamp: 2016-08-09 14:44:51,313 
Code Location: automationFramework.TestCases.TravelHistoryTest.setUp(TravelHistoryTest.java:43) 
Log Message: Setup Completed 
 
Time in Milliseconds: 2593508 
Test Case: automationFramework.TestCases.TravelHistoryTest 
Time Stamp: 2016-08-09 14:44:51,313 
Code Location: automationFramework.TestCases.TravelHistoryTest.setUp(TravelHistoryTest.java:43) 
Log Message: Setup Completed 
 
Time in Milliseconds: 2593508 
Test Case: automationFramework.TestCases.TravelHistoryTest 
Time Stamp: 2016-08-09 14:44:51,313 
Code Location: automationFramework.TestCases.TravelHistoryTest.setUp(TravelHistoryTest.java:43) 
Log Message: Setup Completed 
 
Time in Milliseconds: 2593508 
Test Case: automationFramework.TestCases.TravelHistoryTest 
Time Stamp: 2016-08-09 14:44:51,313 
Code Location: automationFramework.TestCases.TravelHistoryTest.setUp(TravelHistoryTest.java:43) 
Log Message: Setup Completed 
 
Time in Milliseconds: 2593508 
Test Case: automationFramework.TestCases.TravelHistoryTest 
Time Stamp: 2016-08-09 14:44:51,313 
Code Location: automationFramework.TestCases.TravelHistoryTest.setUp(TravelHistoryTest.java:43) 
Log Message: Setup Completed 
 
Time in Milliseconds: 2593508 
Test Case: automationFramework.TestCases.TravelHistoryTest 
Time Stamp: 2016-08-09 14:44:51,313 
Code Location: automationFramework.TestCases.TravelHistoryTest.setUp(TravelHistoryTest.java:43) 
Log Message: Setup Completed 
 
2016-08-09 14:44:51,313 INFO  [Logger] Setup Completed 
</system-out>
  </testcase>
  <testcase classname="automationFramework.TestCases.CreateFundingDBTest" name="createNewFundingCancelDBcheck" time="79.163"/>
  <testcase classname="automationFramework.TestCases.CreateFundingDBTest" name="createNewFundingCreditCardDBcheck" time="74.288"/>
  <testcase classname="automationFramework.TestCases.CreateFundingDBTest" name="createNewFundingDBcheck" time="85.11"/>
  <testcase classname="automationFramework.TestCases.CreateCustomerDBTest" name="createNewCustomerDBCheckContactTable" time="59.165"/>
  <testcase classname="automationFramework.TestCases.CreateCustomerDBTest" name="createNewCustomerDBCheckAccountTable" time="54.908"/>
  <testcase classname="automationFramework.TestCases.CreateCustomerDBTest" name="createNewCustomerDBCheckAddressTable" time="60.757"/>
  <testcase classname="automationFramework.TestCases.CreateCustomerDBTest" name="createNewCustomerDBCheckSecurityTable" time="60.607"/>
  <testcase classname="automationFramework.TestCases.CreateCustomerDBTest" name="createNewCustomerDBCheckPhoneTable" time="60.152"/>
  <testcase classname="automationFramework.TestCases.CreateCustomerDBTest" name="createNewCustomerDBCheckUserName" time="61.748"/>
  <testcase classname="automationFramework.TestCases.CreateCustomerDBTest" name="createNewCustomerCancelDBCheck" time="33.687"/>
</testsuite>