<?xml version="1.0" encoding="UTF-8" ?>
<testsuite tests="50" failures="7" name="TestSuite" time="2,445.165" errors="0" skipped="0">
  <properties>
    <property name="java.vendor" value="Oracle Corporation"/>
    <property name="JOB_NAME" value="CMCAutomation"/>
    <property name="sun.java.launcher" value="SUN_STANDARD"/>
    <property name="windows_tracing_logfile" value="C:\BVTBin\Tests\installpackage\csilogfile.log"/>
    <property name="NUMBER_OF_PROCESSORS" value="4"/>
    <property name="sun.management.compiler" value="HotSpot 64-Bit Tiered Compilers"/>
    <property name="JENKINS_HOME" value="C:\Program Files (x86)\Jenkins"/>
    <property name="HUDSON_SERVER_COOKIE" value="e365e32deb8c86f4"/>
    <property name="POM_ARTIFACTID" value="AutomationFramework"/>
    <property name="os.name" value="Windows 7"/>
    <property name="sun.boot.class.path" value="C:\Program Files\Java\jdk1.8.0_77\jre\lib\resources.jar;C:\Program Files\Java\jdk1.8.0_77\jre\lib\rt.jar;C:\Program Files\Java\jdk1.8.0_77\jre\lib\sunrsasign.jar;C:\Program Files\Java\jdk1.8.0_77\jre\lib\jsse.jar;C:\Program Files\Java\jdk1.8.0_77\jre\lib\jce.jar;C:\Program Files\Java\jdk1.8.0_77\jre\lib\charsets.jar;C:\Program Files\Java\jdk1.8.0_77\jre\lib\jfr.jar;C:\Program Files\Java\jdk1.8.0_77\jre\classes"/>
    <property name="EXECUTOR_NUMBER" value="0"/>
    <property name="sun.desktop" value="windows"/>
    <property name="PATHEXT" value=".COM;.EXE;.BAT;.CMD;.VBS;.VBE;.JS;.JSE;.WSF;.WSH;.MSC"/>
    <property name="java.vm.specification.vendor" value="Oracle Corporation"/>
    <property name="POM_DISPLAYNAME" value="AutomationFramework"/>
    <property name="NODE_LABELS" value="master"/>
    <property name="TEMP" value="C:\WINDOWS\TEMP"/>
    <property name="java.runtime.version" value="1.8.0_77-b03"/>
    <property name="user.name" value="NACTS-081729$"/>
    <property name="RoxioCentral" value="C:\Program Files (x86)\Common Files\Roxio Shared\10.0\Roxio Central36\"/>
    <property name="guice.disable.misplaced.annotation.check" value="true"/>
    <property name="CommonProgramW6432" value="C:\Program Files\Common Files"/>
    <property name="ProgramFiles" value="C:\Program Files (x86)"/>
    <property name="user.language" value="en"/>
    <property name="BUILD_DISPLAY_NAME" value="#13"/>
    <property name="sun.boot.library.path" value="C:\Program Files\Java\jdk1.8.0_77\jre\bin"/>
    <property name="LOCALAPPDATA" value="C:\WINDOWS\system32\config\systemprofile\AppData\Local"/>
    <property name="java.version" value="1.8.0_77"/>
    <property name="PROCESSOR_LEVEL" value="6"/>
    <property name="user.timezone" value="America/Los_Angeles"/>
    <property name="USERNAME" value="NACTS-081729$"/>
    <property name="sun.arch.data.model" value="64"/>
    <property name="NODE_NAME" value="master"/>
    <property name="PROCESSOR_ARCHITEW6432" value="AMD64"/>
    <property name="java.endorsed.dirs" value="C:\Program Files\Java\jdk1.8.0_77\jre\lib\endorsed"/>
    <property name="BUILD_ID" value="13"/>
    <property name="sun.cpu.isalist" value="amd64"/>
    <property name="sun.jnu.encoding" value="Cp1252"/>
    <property name="file.encoding.pkg" value="sun.io"/>
    <property name="file.separator" value="\"/>
    <property name="java.specification.name" value="Java Platform API Specification"/>
    <property name="java.class.version" value="52.0"/>
    <property name="org.slf4j.simpleLogger.defaultLogLevel" value="info"/>
    <property name="user.country" value="US"/>
    <property name="ALLUSERSPROFILE" value="C:\ProgramData"/>
    <property name="java.home" value="C:\Program Files\Java\jdk1.8.0_77\jre"/>
    <property name="java.vm.info" value="mixed mode"/>
    <property name="os.version" value="6.1"/>
    <property name="POM_VERSION" value="0.0.1-SNAPSHOT"/>
    <property name="TMP" value="C:\WINDOWS\TEMP"/>
    <property name="path.separator" value=";"/>
    <property name="java.vm.version" value="25.77-b03"/>
    <property name="user.variant" value=""/>
    <property name="CommonProgramFiles(x86)" value="C:\Program Files (x86)\Common Files"/>
    <property name="java.awt.printerjob" value="sun.awt.windows.WPrinterJob"/>
    <property name="GRADLE_HOME" value="C:\Users\200123\Downloads\gradle-2.13-all\gradle-2.13"/>
    <property name="FP_NO_HOST_CHECK" value="NO"/>
    <property name="JAVA_HOME" value="C:\Program Files\Java\jdk1.8.0_77"/>
    <property name="sun.io.unicode.encoding" value="UnicodeLittle"/>
    <property name="CommonProgramFiles" value="C:\Program Files (x86)\Common Files"/>
    <property name="ComSpec" value="C:\WINDOWS\system32\cmd.exe"/>
    <property name="awt.toolkit" value="sun.awt.windows.WToolkit"/>
    <property name="POM_PACKAGING" value="jar"/>
    <property name="SERVICE_ID" value="jenkins"/>
    <property name="COMPUTERNAME" value="NACTS-081729"/>
    <property name="user.script" value=""/>
    <property name="POM_GROUPID" value="CmcAutomation"/>
    <property name="PUBLIC" value="C:\Users\Public"/>
    <property name="user.home" value="C:\WINDOWS\system32\config\systemprofile"/>
    <property name="BUILD_TAG" value="jenkins-CMCAutomation-13"/>
    <property name="JENKINS_SERVER_COOKIE" value="e365e32deb8c86f4"/>
    <property name="HUDSON_URL" value="http://149.63.89.132:8080/"/>
    <property name="ProgramData" value="C:\ProgramData"/>
    <property name="java.specification.vendor" value="Oracle Corporation"/>
    <property name="USERPROFILE" value="C:\WINDOWS\system32\config\systemprofile"/>
    <property name="CLASSPATH" value=""/>
    <property name="java.vendor.url" value="http://java.oracle.com/"/>
    <property name="java.library.path" value="C:\Program Files\Java\jdk1.8.0_77\bin;C:\WINDOWS\Sun\Java\bin;C:\WINDOWS\system32;C:\WINDOWS;C:\Program Files (x86)\Jenkins\tools\hudson.tasks.Maven_MavenInstallation\Maven/bin;C:\Program Files\Java\jdk1.8.0_77/bin;C:\Program Files\Java\jdk1.8.0_77/bin;C:\ProgramData\Oracle\Java\javapath;C:\oracle\product\10.2.0\clientx86_1\bin;C:\WINDOWS\system32;C:\WINDOWS;C:\WINDOWS\System32\Wbem;C:\WINDOWS\System32\WindowsPowerShell\v1.0\;C:\Program Files (x86)\Common Files\Roxio Shared\DLLShared\;C:\Program Files (x86)\Common Files\Roxio Shared\10.0\DLLShared\;C:\Program Files (x86)\Riverbed\Steelhead Mobile\;C:\apache-maven-3.3.9\bin;C:\Program Files\Java\jdk1.8.0_77\bin;C:\Program Files\MongoDB\Server\3.2\bin;C:\Users\200123\Downloads\gradle-2.13-all\gradle-2.13\bin;C:\dev\bin;C:\cts\jdk8\bin;C:\dev\unix\usr\local\wbin;C:\Program Files\nodejs\;C:\dev\unix\usr\local\wbin;;."/>
    <property name="java.vm.vendor" value="Oracle Corporation"/>
    <property name="APPDATA" value="C:\WINDOWS\system32\config\systemprofile\AppData\Roaming"/>
    <property name="java.runtime.name" value="Java(TM) SE Runtime Environment"/>
    <property name="maven.home" value="C:\Program Files (x86)\Jenkins\tools\hudson.tasks.Maven_MavenInstallation\Maven"/>
    <property name="java.class.path" value="C:\Program Files (x86)\Jenkins\plugins\maven-plugin\WEB-INF\lib\maven31-agent-1.5.jar;C:\Program Files (x86)\Jenkins\tools\hudson.tasks.Maven_MavenInstallation\Maven\boot\plexus-classworlds-2.5.2.jar;C:\Program Files (x86)\Jenkins\tools\hudson.tasks.Maven_MavenInstallation\Maven/conf/logging"/>
    <property name="sun.java.command" value="jenkins.maven3.agent.Maven31Main C:\Program Files (x86)\Jenkins\tools\hudson.tasks.Maven_MavenInstallation\Maven C:\Program Files (x86)\Jenkins\war\WEB-INF\lib\remoting-2.53.3.jar C:\Program Files (x86)\Jenkins\plugins\maven-plugin\WEB-INF\lib\maven31-interceptor-1.5.jar C:\Program Files (x86)\Jenkins\plugins\maven-plugin\WEB-INF\lib\maven3-interceptor-commons-1.5.jar 60280"/>
    <property name="Path" value="C:\Program Files\Java\jdk1.8.0_77/bin;C:\ProgramData\Oracle\Java\javapath;C:\oracle\product\10.2.0\clientx86_1\bin;C:\WINDOWS\system32;C:\WINDOWS;C:\WINDOWS\System32\Wbem;C:\WINDOWS\System32\WindowsPowerShell\v1.0\;C:\Program Files (x86)\Common Files\Roxio Shared\DLLShared\;C:\Program Files (x86)\Common Files\Roxio Shared\10.0\DLLShared\;C:\Program Files (x86)\Riverbed\Steelhead Mobile\;C:\apache-maven-3.3.9\bin;C:\Program Files\Java\jdk1.8.0_77\bin;C:\Program Files\MongoDB\Server\3.2\bin;C:\Users\200123\Downloads\gradle-2.13-all\gradle-2.13\bin;C:\dev\bin;C:\cts\jdk8\bin;C:\dev\unix\usr\local\wbin;C:\Program Files\nodejs\;C:\dev\unix\usr\local\wbin;"/>
    <property name="java.vm.specification.name" value="Java Virtual Machine Specification"/>
    <property name="PROCESSOR_ARCHITECTURE" value="x86"/>
    <property name="PATH+JDK" value="C:\Program Files\Java\jdk1.8.0_77/bin"/>
    <property name="PROCESSOR_IDENTIFIER" value="Intel64 Family 6 Model 61 Stepping 4, GenuineIntel"/>
    <property name="java.vm.specification.version" value="1.8"/>
    <property name="sun.os.patch.level" value="Service Pack 1"/>
    <property name="sun.cpu.endian" value="little"/>
    <property name="M2_HOME" value="C:\Program Files (x86)\Jenkins\tools\hudson.tasks.Maven_MavenInstallation\Maven"/>
    <property name="java.io.tmpdir" value="C:\WINDOWS\TEMP\"/>
    <property name="OS" value="Windows_NT"/>
    <property name="HUDSON_HOME" value="C:\Program Files (x86)\Jenkins"/>
    <property name="PATH+MAVEN" value="C:\Program Files (x86)\Jenkins\tools\hudson.tasks.Maven_MavenInstallation\Maven/bin"/>
    <property name="ProgramFiles(x86)" value="C:\Program Files (x86)"/>
    <property name="BUILD_URL" value="http://149.63.89.132:8080/job/CMCAutomation/13/"/>
    <property name="java.vendor.url.bug" value="http://bugreport.sun.com/bugreport/"/>
    <property name="java.awt.graphicsenv" value="sun.awt.Win32GraphicsEnvironment"/>
    <property name="os.arch" value="amd64"/>
    <property name="SystemRoot" value="C:\WINDOWS"/>
    <property name="windows_tracing_flags" value="3"/>
    <property name="java.ext.dirs" value="C:\Program Files\Java\jdk1.8.0_77\jre\lib\ext;C:\WINDOWS\Sun\Java\lib\ext"/>
    <property name="user.dir" value="C:\Users\200123\workspace\CmcAutomation"/>
    <property name="JOB_URL" value="http://149.63.89.132:8080/job/CMCAutomation/"/>
    <property name="USERDOMAIN" value="CARCGNT"/>
    <property name="line.separator" value="
"/>
    <property name="MAVEN_HOME" value="C:\Program Files (x86)\Jenkins\tools\hudson.tasks.Maven_MavenInstallation\Maven"/>
    <property name="java.vm.name" value="Java HotSpot(TM) 64-Bit Server VM"/>
    <property name="BUILD_NUMBER" value="13"/>
    <property name="BASE" value="C:\Program Files (x86)\Jenkins"/>
    <property name="JENKINS_URL" value="http://149.63.89.132:8080/"/>
    <property name="PROCESSOR_REVISION" value="3d04"/>
    <property name="UATDATA" value="C:\Windows\SysWOW64\CCM\UATData\D9F8C395-CAB8-491d-B8AC-179A1FE1BE77"/>
    <property name="ProgramW6432" value="C:\Program Files"/>
    <property name="windir" value="C:\WINDOWS"/>
    <property name="file.encoding" value="Cp1252"/>
    <property name="SystemDrive" value="C:"/>
    <property name="maven3.interceptor" value="C:\Program Files (x86)\Jenkins\plugins\maven-plugin\WEB-INF\lib\maven31-interceptor-1.5.jar"/>
    <property name="WORKSPACE" value="C:\Program Files (x86)\Jenkins\jobs\CMCAutomation\workspace"/>
    <property name="maven3.interceptor.common" value="C:\Program Files (x86)\Jenkins\plugins\maven-plugin\WEB-INF\lib\maven3-interceptor-commons-1.5.jar"/>
    <property name="WINSW_EXECUTABLE" value="C:\Program Files (x86)\Jenkins\jenkins.exe"/>
    <property name="java.specification.version" value="1.8"/>
    <property name="PSModulePath" value="C:\WINDOWS\system32\WindowsPowerShell\v1.0\Modules\"/>
  </properties>
  <testcase classname="automationFramework.TestCases.CreateCustomerTest" name="createNewCustomer" time="50.782"/>
  <testcase classname="automationFramework.TestCases.CreateCustomerTest" name="createCustomerCancel" time="25.469"/>
  <testcase classname="automationFramework.TestCases.CreateCustomerTest" name="createCustomerContactTypeNotSelected" time="35.304"/>
  <testcase classname="automationFramework.TestCases.CreateCustomerTest" name="createCustomerInvalidEmail" time="37.592"/>
  <testcase classname="automationFramework.TestCases.CreateCustomerTest" name="createCustomerInvalidPin" time="32.601"/>
  <testcase classname="automationFramework.TestCases.CreateCustomerTest" name="createCustomerFundingInvalidCC" time="36.177"/>
  <testcase classname="automationFramework.TestCases.CreateCustomerTest" name="createCustomerDuplicateUserName" time="46.607"/>
  <testcase classname="automationFramework.TestCases.CreateCustomerTest" name="createCustomerInvalidUserName" time="35.598"/>
  <testcase classname="automationFramework.TestCases.CreateCustomerTest" name="createCustomerInvalidPhone" time="23.523"/>
  <testcase classname="automationFramework.TestCases.CreateCustomerTest" name="createCustomerNameMissing" time="20.987"/>
  <testcase classname="automationFramework.TestCases.CreateCustomerTest" name="createCustomerEmailMissing" time="25.681"/>
  <testcase classname="automationFramework.TestCases.SearchTest" name="searchCustomerVerifiedTest" time="27.593"/>
  <testcase classname="automationFramework.TestCases.SearchTest" name="searchCustomerNotVerifiedTest" time="36.277"/>
  <testcase classname="automationFramework.TestCases.SearchTest" name="searchCustomerNoResultsTest" time="28.795"/>
  <testcase classname="automationFramework.TestCases.SearchTest" name="searchCustomerTypeNotSelected" time="17.01"/>
  <testcase classname="automationFramework.TestCases.SearchTest" name="searchCustomerInvalidEmail" time="26.81"/>
  <testcase classname="automationFramework.TestCases.SearchTest" name="searchCustomerCheckDuplicateTestFname" time="26.538"/>
  <testcase classname="automationFramework.TestCases.SearchTest" name="searchCustomerCheckDuplicateTestLname" time="23.63"/>
  <testcase classname="automationFramework.TestCases.SearchTest" name="searchCustomerCheckDuplicateTestFnameLname" time="31.001"/>
  <testcase classname="automationFramework.TestCases.SearchTest" name="searchCustomerCheckDuplicateTestPhone" time="25.324"/>
  <testcase classname="automationFramework.TestCases.SearchTest" name="searchCustomerCheckDuplicateTestEmail" time="26.52"/>
  <testcase classname="automationFramework.TestCases.SearchTest" name="searchCustomerCheckDuplicateTestEmailPhone" time="28.435"/>
  <testcase classname="automationFramework.TestCases.SearchTest" name="searchCustomerCheckDuplicateTestAll" time="22.903"/>
  <testcase classname="automationFramework.TestCases.CreateFundingTest" name="createFundingSource" time="76.426"/>
  <testcase classname="automationFramework.TestCases.CreateFundingTest" name="createFundingSourceNewBillingAddress" time="85.354"/>
  <testcase classname="automationFramework.TestCases.CreateFundingTest" name="createFundingSourceCancel" time="40.411"/>
  <testcase classname="automationFramework.TestCases.CreateFundingTest" name="createFundingSourceTypeNotSelected" time="43.214"/>
  <testcase classname="automationFramework.TestCases.CreateFundingTest" name="createCustomerInvalidEmail" time="44.251"/>
  <testcase classname="automationFramework.TestCases.CreateFundingTest" name="createCustomerFundingInvalidCC" time="41.99"/>
  <testcase classname="automationFramework.TestCases.LinkAccountTest" name="linkAccountAlreadyLinkedException" time="43.393">
    <failure message="expected [Account Already Linked] but found [Link Account Failure]" type="java.lang.AssertionError">java.lang.AssertionError: expected [Account Already Linked] but found [Link Account Failure]
	at org.testng.Assert.fail(Assert.java:94)
	at org.testng.Assert.failNotEquals(Assert.java:494)
	at org.testng.Assert.assertEquals(Assert.java:123)
	at org.testng.Assert.assertEquals(Assert.java:176)
	at org.testng.Assert.assertEquals(Assert.java:186)
	at automationFramework.TestCases.LinkAccountTest.linkAccountAlreadyLinkedException(LinkAccountTest.java:121)
</failure>
    <system-out>Time in Milliseconds: 1327790 
Test Case: automationFramework.TestCases.CreateFundingTest 
Time Stamp: 2016-07-27 17:18:52,846 
Code Location: automationFramework.TestCases.CreateFundingTest.tearDown(CreateFundingTest.java:237) 
Log Message: TearDown Complete 
 
Time in Milliseconds: 1327790 
Test Case: automationFramework.TestCases.CreateFundingTest 
Time Stamp: 2016-07-27 17:18:52,846 
Code Location: automationFramework.TestCases.CreateFundingTest.tearDown(CreateFundingTest.java:237) 
Log Message: TearDown Complete 
 
Time in Milliseconds: 1327790 
Test Case: automationFramework.TestCases.CreateFundingTest 
Time Stamp: 2016-07-27 17:18:52,846 
Code Location: automationFramework.TestCases.CreateFundingTest.tearDown(CreateFundingTest.java:237) 
Log Message: TearDown Complete 
 
Time in Milliseconds: 1327790 
Test Case: automationFramework.TestCases.CreateFundingTest 
Time Stamp: 2016-07-27 17:18:52,846 
Code Location: automationFramework.TestCases.CreateFundingTest.tearDown(CreateFundingTest.java:237) 
Log Message: TearDown Complete 
 
Time in Milliseconds: 1327790 
Test Case: automationFramework.TestCases.CreateFundingTest 
Time Stamp: 2016-07-27 17:18:52,846 
Code Location: automationFramework.TestCases.CreateFundingTest.tearDown(CreateFundingTest.java:237) 
Log Message: TearDown Complete 
 
Time in Milliseconds: 1327790 
Test Case: automationFramework.TestCases.CreateFundingTest 
Time Stamp: 2016-07-27 17:18:52,846 
Code Location: automationFramework.TestCases.CreateFundingTest.tearDown(CreateFundingTest.java:237) 
Log Message: TearDown Complete 
 
Time in Milliseconds: 1327790 
Test Case: automationFramework.TestCases.CreateFundingTest 
Time Stamp: 2016-07-27 17:18:52,846 
Code Location: automationFramework.TestCases.CreateFundingTest.tearDown(CreateFundingTest.java:237) 
Log Message: TearDown Complete 
 
Time in Milliseconds: 1327790 
Test Case: automationFramework.TestCases.CreateFundingTest 
Time Stamp: 2016-07-27 17:18:52,846 
Code Location: automationFramework.TestCases.CreateFundingTest.tearDown(CreateFundingTest.java:237) 
Log Message: TearDown Complete 
 
Time in Milliseconds: 1327790 
Test Case: automationFramework.TestCases.CreateFundingTest 
Time Stamp: 2016-07-27 17:18:52,846 
Code Location: automationFramework.TestCases.CreateFundingTest.tearDown(CreateFundingTest.java:237) 
Log Message: TearDown Complete 
 
Time in Milliseconds: 1327790 
Test Case: automationFramework.TestCases.CreateFundingTest 
Time Stamp: 2016-07-27 17:18:52,846 
Code Location: automationFramework.TestCases.CreateFundingTest.tearDown(CreateFundingTest.java:237) 
Log Message: TearDown Complete 
 
Time in Milliseconds: 1327790 
Test Case: automationFramework.TestCases.CreateFundingTest 
Time Stamp: 2016-07-27 17:18:52,846 
Code Location: automationFramework.TestCases.CreateFundingTest.tearDown(CreateFundingTest.java:237) 
Log Message: TearDown Complete 
 
Time in Milliseconds: 1327790 
Test Case: automationFramework.TestCases.CreateFundingTest 
Time Stamp: 2016-07-27 17:18:52,846 
Code Location: automationFramework.TestCases.CreateFundingTest.tearDown(CreateFundingTest.java:237) 
Log Message: TearDown Complete 
 
Time in Milliseconds: 1327790 
Test Case: automationFramework.TestCases.CreateFundingTest 
Time Stamp: 2016-07-27 17:18:52,846 
Code Location: automationFramework.TestCases.CreateFundingTest.tearDown(CreateFundingTest.java:237) 
Log Message: TearDown Complete 
 
Time in Milliseconds: 1327790 
Test Case: automationFramework.TestCases.CreateFundingTest 
Time Stamp: 2016-07-27 17:18:52,846 
Code Location: automationFramework.TestCases.CreateFundingTest.tearDown(CreateFundingTest.java:237) 
Log Message: TearDown Complete 
 
Time in Milliseconds: 1327790 
Test Case: automationFramework.TestCases.CreateFundingTest 
Time Stamp: 2016-07-27 17:18:52,846 
Code Location: automationFramework.TestCases.CreateFundingTest.tearDown(CreateFundingTest.java:237) 
Log Message: TearDown Complete 
 
Time in Milliseconds: 1327790 
Test Case: automationFramework.TestCases.CreateFundingTest 
Time Stamp: 2016-07-27 17:18:52,846 
Code Location: automationFramework.TestCases.CreateFundingTest.tearDown(CreateFundingTest.java:237) 
Log Message: TearDown Complete 
 
Time in Milliseconds: 1327790 
Test Case: automationFramework.TestCases.CreateFundingTest 
Time Stamp: 2016-07-27 17:18:52,846 
Code Location: automationFramework.TestCases.CreateFundingTest.tearDown(CreateFundingTest.java:237) 
Log Message: TearDown Complete 
 
Time in Milliseconds: 1327790 
Test Case: automationFramework.TestCases.CreateFundingTest 
Time Stamp: 2016-07-27 17:18:52,846 
Code Location: automationFramework.TestCases.CreateFundingTest.tearDown(CreateFundingTest.java:237) 
Log Message: TearDown Complete 
 
Time in Milliseconds: 1327790 
Test Case: automationFramework.TestCases.CreateFundingTest 
Time Stamp: 2016-07-27 17:18:52,846 
Code Location: automationFramework.TestCases.CreateFundingTest.tearDown(CreateFundingTest.java:237) 
Log Message: TearDown Complete 
 
Time in Milliseconds: 1327790 
Test Case: automationFramework.TestCases.CreateFundingTest 
Time Stamp: 2016-07-27 17:18:52,846 
Code Location: automationFramework.TestCases.CreateFundingTest.tearDown(CreateFundingTest.java:237) 
Log Message: TearDown Complete 
 
Time in Milliseconds: 1327790 
Test Case: automationFramework.TestCases.CreateFundingTest 
Time Stamp: 2016-07-27 17:18:52,846 
Code Location: automationFramework.TestCases.CreateFundingTest.tearDown(CreateFundingTest.java:237) 
Log Message: TearDown Complete 
 
Time in Milliseconds: 1327790 
Test Case: automationFramework.TestCases.CreateFundingTest 
Time Stamp: 2016-07-27 17:18:52,846 
Code Location: automationFramework.TestCases.CreateFundingTest.tearDown(CreateFundingTest.java:237) 
Log Message: TearDown Complete 
 
Time in Milliseconds: 1327790 
Test Case: automationFramework.TestCases.CreateFundingTest 
Time Stamp: 2016-07-27 17:18:52,846 
Code Location: automationFramework.TestCases.CreateFundingTest.tearDown(CreateFundingTest.java:237) 
Log Message: TearDown Complete 
 
Time in Milliseconds: 1327790 
Test Case: automationFramework.TestCases.CreateFundingTest 
Time Stamp: 2016-07-27 17:18:52,846 
Code Location: automationFramework.TestCases.CreateFundingTest.tearDown(CreateFundingTest.java:237) 
Log Message: TearDown Complete 
 
Time in Milliseconds: 1327790 
Test Case: automationFramework.TestCases.CreateFundingTest 
Time Stamp: 2016-07-27 17:18:52,846 
Code Location: automationFramework.TestCases.CreateFundingTest.tearDown(CreateFundingTest.java:237) 
Log Message: TearDown Complete 
 
Time in Milliseconds: 1327790 
Test Case: automationFramework.TestCases.CreateFundingTest 
Time Stamp: 2016-07-27 17:18:52,846 
Code Location: automationFramework.TestCases.CreateFundingTest.tearDown(CreateFundingTest.java:237) 
Log Message: TearDown Complete 
 
Time in Milliseconds: 1327790 
Test Case: automationFramework.TestCases.CreateFundingTest 
Time Stamp: 2016-07-27 17:18:52,846 
Code Location: automationFramework.TestCases.CreateFundingTest.tearDown(CreateFundingTest.java:237) 
Log Message: TearDown Complete 
 
Time in Milliseconds: 1327790 
Test Case: automationFramework.TestCases.CreateFundingTest 
Time Stamp: 2016-07-27 17:18:52,846 
Code Location: automationFramework.TestCases.CreateFundingTest.tearDown(CreateFundingTest.java:237) 
Log Message: TearDown Complete 
 
Time in Milliseconds: 1327790 
Test Case: automationFramework.TestCases.CreateFundingTest 
Time Stamp: 2016-07-27 17:18:52,846 
Code Location: automationFramework.TestCases.CreateFundingTest.tearDown(CreateFundingTest.java:237) 
Log Message: TearDown Complete 
 
2016-07-27 17:18:52,846 INFO  [Logger] TearDown Complete 
Time in Milliseconds: 1328166 
Test Case: automationFramework.TestCases.LinkAccountTest 
Time Stamp: 2016-07-27 17:18:53,222 
Code Location: automationFramework.TestCases.LinkAccountTest.setUp(LinkAccountTest.java:42) 
Log Message: Setup Started 
 
Time in Milliseconds: 1328166 
Test Case: automationFramework.TestCases.LinkAccountTest 
Time Stamp: 2016-07-27 17:18:53,222 
Code Location: automationFramework.TestCases.LinkAccountTest.setUp(LinkAccountTest.java:42) 
Log Message: Setup Started 
 
Time in Milliseconds: 1328166 
Test Case: automationFramework.TestCases.LinkAccountTest 
Time Stamp: 2016-07-27 17:18:53,222 
Code Location: automationFramework.TestCases.LinkAccountTest.setUp(LinkAccountTest.java:42) 
Log Message: Setup Started 
 
Time in Milliseconds: 1328166 
Test Case: automationFramework.TestCases.LinkAccountTest 
Time Stamp: 2016-07-27 17:18:53,222 
Code Location: automationFramework.TestCases.LinkAccountTest.setUp(LinkAccountTest.java:42) 
Log Message: Setup Started 
 
Time in Milliseconds: 1328166 
Test Case: automationFramework.TestCases.LinkAccountTest 
Time Stamp: 2016-07-27 17:18:53,222 
Code Location: automationFramework.TestCases.LinkAccountTest.setUp(LinkAccountTest.java:42) 
Log Message: Setup Started 
 
Time in Milliseconds: 1328166 
Test Case: automationFramework.TestCases.LinkAccountTest 
Time Stamp: 2016-07-27 17:18:53,222 
Code Location: automationFramework.TestCases.LinkAccountTest.setUp(LinkAccountTest.java:42) 
Log Message: Setup Started 
 
Time in Milliseconds: 1328166 
Test Case: automationFramework.TestCases.LinkAccountTest 
Time Stamp: 2016-07-27 17:18:53,222 
Code Location: automationFramework.TestCases.LinkAccountTest.setUp(LinkAccountTest.java:42) 
Log Message: Setup Started 
 
Time in Milliseconds: 1328166 
Test Case: automationFramework.TestCases.LinkAccountTest 
Time Stamp: 2016-07-27 17:18:53,222 
Code Location: automationFramework.TestCases.LinkAccountTest.setUp(LinkAccountTest.java:42) 
Log Message: Setup Started 
 
Time in Milliseconds: 1328166 
Test Case: automationFramework.TestCases.LinkAccountTest 
Time Stamp: 2016-07-27 17:18:53,222 
Code Location: automationFramework.TestCases.LinkAccountTest.setUp(LinkAccountTest.java:42) 
Log Message: Setup Started 
 
Time in Milliseconds: 1328166 
Test Case: automationFramework.TestCases.LinkAccountTest 
Time Stamp: 2016-07-27 17:18:53,222 
Code Location: automationFramework.TestCases.LinkAccountTest.setUp(LinkAccountTest.java:42) 
Log Message: Setup Started 
 
Time in Milliseconds: 1328166 
Test Case: automationFramework.TestCases.LinkAccountTest 
Time Stamp: 2016-07-27 17:18:53,222 
Code Location: automationFramework.TestCases.LinkAccountTest.setUp(LinkAccountTest.java:42) 
Log Message: Setup Started 
 
Time in Milliseconds: 1328166 
Test Case: automationFramework.TestCases.LinkAccountTest 
Time Stamp: 2016-07-27 17:18:53,222 
Code Location: automationFramework.TestCases.LinkAccountTest.setUp(LinkAccountTest.java:42) 
Log Message: Setup Started 
 
Time in Milliseconds: 1328166 
Test Case: automationFramework.TestCases.LinkAccountTest 
Time Stamp: 2016-07-27 17:18:53,222 
Code Location: automationFramework.TestCases.LinkAccountTest.setUp(LinkAccountTest.java:42) 
Log Message: Setup Started 
 
Time in Milliseconds: 1328166 
Test Case: automationFramework.TestCases.LinkAccountTest 
Time Stamp: 2016-07-27 17:18:53,222 
Code Location: automationFramework.TestCases.LinkAccountTest.setUp(LinkAccountTest.java:42) 
Log Message: Setup Started 
 
Time in Milliseconds: 1328166 
Test Case: automationFramework.TestCases.LinkAccountTest 
Time Stamp: 2016-07-27 17:18:53,222 
Code Location: automationFramework.TestCases.LinkAccountTest.setUp(LinkAccountTest.java:42) 
Log Message: Setup Started 
 
Time in Milliseconds: 1328166 
Test Case: automationFramework.TestCases.LinkAccountTest 
Time Stamp: 2016-07-27 17:18:53,222 
Code Location: automationFramework.TestCases.LinkAccountTest.setUp(LinkAccountTest.java:42) 
Log Message: Setup Started 
 
Time in Milliseconds: 1328166 
Test Case: automationFramework.TestCases.LinkAccountTest 
Time Stamp: 2016-07-27 17:18:53,222 
Code Location: automationFramework.TestCases.LinkAccountTest.setUp(LinkAccountTest.java:42) 
Log Message: Setup Started 
 
Time in Milliseconds: 1328166 
Test Case: automationFramework.TestCases.LinkAccountTest 
Time Stamp: 2016-07-27 17:18:53,222 
Code Location: automationFramework.TestCases.LinkAccountTest.setUp(LinkAccountTest.java:42) 
Log Message: Setup Started 
 
Time in Milliseconds: 1328166 
Test Case: automationFramework.TestCases.LinkAccountTest 
Time Stamp: 2016-07-27 17:18:53,222 
Code Location: automationFramework.TestCases.LinkAccountTest.setUp(LinkAccountTest.java:42) 
Log Message: Setup Started 
 
Time in Milliseconds: 1328166 
Test Case: automationFramework.TestCases.LinkAccountTest 
Time Stamp: 2016-07-27 17:18:53,222 
Code Location: automationFramework.TestCases.LinkAccountTest.setUp(LinkAccountTest.java:42) 
Log Message: Setup Started 
 
Time in Milliseconds: 1328166 
Test Case: automationFramework.TestCases.LinkAccountTest 
Time Stamp: 2016-07-27 17:18:53,222 
Code Location: automationFramework.TestCases.LinkAccountTest.setUp(LinkAccountTest.java:42) 
Log Message: Setup Started 
 
Time in Milliseconds: 1328166 
Test Case: automationFramework.TestCases.LinkAccountTest 
Time Stamp: 2016-07-27 17:18:53,222 
Code Location: automationFramework.TestCases.LinkAccountTest.setUp(LinkAccountTest.java:42) 
Log Message: Setup Started 
 
Time in Milliseconds: 1328166 
Test Case: automationFramework.TestCases.LinkAccountTest 
Time Stamp: 2016-07-27 17:18:53,222 
Code Location: automationFramework.TestCases.LinkAccountTest.setUp(LinkAccountTest.java:42) 
Log Message: Setup Started 
 
Time in Milliseconds: 1328166 
Test Case: automationFramework.TestCases.LinkAccountTest 
Time Stamp: 2016-07-27 17:18:53,222 
Code Location: automationFramework.TestCases.LinkAccountTest.setUp(LinkAccountTest.java:42) 
Log Message: Setup Started 
 
Time in Milliseconds: 1328166 
Test Case: automationFramework.TestCases.LinkAccountTest 
Time Stamp: 2016-07-27 17:18:53,222 
Code Location: automationFramework.TestCases.LinkAccountTest.setUp(LinkAccountTest.java:42) 
Log Message: Setup Started 
 
Time in Milliseconds: 1328166 
Test Case: automationFramework.TestCases.LinkAccountTest 
Time Stamp: 2016-07-27 17:18:53,222 
Code Location: automationFramework.TestCases.LinkAccountTest.setUp(LinkAccountTest.java:42) 
Log Message: Setup Started 
 
Time in Milliseconds: 1328166 
Test Case: automationFramework.TestCases.LinkAccountTest 
Time Stamp: 2016-07-27 17:18:53,222 
Code Location: automationFramework.TestCases.LinkAccountTest.setUp(LinkAccountTest.java:42) 
Log Message: Setup Started 
 
Time in Milliseconds: 1328166 
Test Case: automationFramework.TestCases.LinkAccountTest 
Time Stamp: 2016-07-27 17:18:53,222 
Code Location: automationFramework.TestCases.LinkAccountTest.setUp(LinkAccountTest.java:42) 
Log Message: Setup Started 
 
Time in Milliseconds: 1328166 
Test Case: automationFramework.TestCases.LinkAccountTest 
Time Stamp: 2016-07-27 17:18:53,222 
Code Location: automationFramework.TestCases.LinkAccountTest.setUp(LinkAccountTest.java:42) 
Log Message: Setup Started 
 
Time in Milliseconds: 1328166 
Test Case: automationFramework.TestCases.LinkAccountTest 
Time Stamp: 2016-07-27 17:18:53,222 
Code Location: automationFramework.TestCases.LinkAccountTest.setUp(LinkAccountTest.java:42) 
Log Message: Setup Started 
 
2016-07-27 17:18:53,222 INFO  [Logger] Setup Started 
Time in Milliseconds: 1328277 
Test Case: automationFramework.TestCases.LinkAccountTest 
Time Stamp: 2016-07-27 17:18:53,333 
Code Location: automationFramework.TestCases.LinkAccountTest.setUp(LinkAccountTest.java:43) 
Log Message: Current OS: Windows 7 Enterprise 
 
Time in Milliseconds: 1328277 
Test Case: automationFramework.TestCases.LinkAccountTest 
Time Stamp: 2016-07-27 17:18:53,333 
Code Location: automationFramework.TestCases.LinkAccountTest.setUp(LinkAccountTest.java:43) 
Log Message: Current OS: Windows 7 Enterprise 
 
Time in Milliseconds: 1328277 
Test Case: automationFramework.TestCases.LinkAccountTest 
Time Stamp: 2016-07-27 17:18:53,333 
Code Location: automationFramework.TestCases.LinkAccountTest.setUp(LinkAccountTest.java:43) 
Log Message: Current OS: Windows 7 Enterprise 
 
Time in Milliseconds: 1328277 
Test Case: automationFramework.TestCases.LinkAccountTest 
Time Stamp: 2016-07-27 17:18:53,333 
Code Location: automationFramework.TestCases.LinkAccountTest.setUp(LinkAccountTest.java:43) 
Log Message: Current OS: Windows 7 Enterprise 
 
Time in Milliseconds: 1328277 
Test Case: automationFramework.TestCases.LinkAccountTest 
Time Stamp: 2016-07-27 17:18:53,333 
Code Location: automationFramework.TestCases.LinkAccountTest.setUp(LinkAccountTest.java:43) 
Log Message: Current OS: Windows 7 Enterprise 
 
Time in Milliseconds: 1328277 
Test Case: automationFramework.TestCases.LinkAccountTest 
Time Stamp: 2016-07-27 17:18:53,333 
Code Location: automationFramework.TestCases.LinkAccountTest.setUp(LinkAccountTest.java:43) 
Log Message: Current OS: Windows 7 Enterprise 
 
Time in Milliseconds: 1328277 
Test Case: automationFramework.TestCases.LinkAccountTest 
Time Stamp: 2016-07-27 17:18:53,333 
Code Location: automationFramework.TestCases.LinkAccountTest.setUp(LinkAccountTest.java:43) 
Log Message: Current OS: Windows 7 Enterprise 
 
Time in Milliseconds: 1328277 
Test Case: automationFramework.TestCases.LinkAccountTest 
Time Stamp: 2016-07-27 17:18:53,333 
Code Location: automationFramework.TestCases.LinkAccountTest.setUp(LinkAccountTest.java:43) 
Log Message: Current OS: Windows 7 Enterprise 
 
Time in Milliseconds: 1328277 
Test Case: automationFramework.TestCases.LinkAccountTest 
Time Stamp: 2016-07-27 17:18:53,333 
Code Location: automationFramework.TestCases.LinkAccountTest.setUp(LinkAccountTest.java:43) 
Log Message: Current OS: Windows 7 Enterprise 
 
Time in Milliseconds: 1328277 
Test Case: automationFramework.TestCases.LinkAccountTest 
Time Stamp: 2016-07-27 17:18:53,333 
Code Location: automationFramework.TestCases.LinkAccountTest.setUp(LinkAccountTest.java:43) 
Log Message: Current OS: Windows 7 Enterprise 
 
Time in Milliseconds: 1328277 
Test Case: automationFramework.TestCases.LinkAccountTest 
Time Stamp: 2016-07-27 17:18:53,333 
Code Location: automationFramework.TestCases.LinkAccountTest.setUp(LinkAccountTest.java:43) 
Log Message: Current OS: Windows 7 Enterprise 
 
Time in Milliseconds: 1328277 
Test Case: automationFramework.TestCases.LinkAccountTest 
Time Stamp: 2016-07-27 17:18:53,333 
Code Location: automationFramework.TestCases.LinkAccountTest.setUp(LinkAccountTest.java:43) 
Log Message: Current OS: Windows 7 Enterprise 
 
Time in Milliseconds: 1328277 
Test Case: automationFramework.TestCases.LinkAccountTest 
Time Stamp: 2016-07-27 17:18:53,333 
Code Location: automationFramework.TestCases.LinkAccountTest.setUp(LinkAccountTest.java:43) 
Log Message: Current OS: Windows 7 Enterprise 
 
Time in Milliseconds: 1328277 
Test Case: automationFramework.TestCases.LinkAccountTest 
Time Stamp: 2016-07-27 17:18:53,333 
Code Location: automationFramework.TestCases.LinkAccountTest.setUp(LinkAccountTest.java:43) 
Log Message: Current OS: Windows 7 Enterprise 
 
Time in Milliseconds: 1328277 
Test Case: automationFramework.TestCases.LinkAccountTest 
Time Stamp: 2016-07-27 17:18:53,333 
Code Location: automationFramework.TestCases.LinkAccountTest.setUp(LinkAccountTest.java:43) 
Log Message: Current OS: Windows 7 Enterprise 
 
Time in Milliseconds: 1328277 
Test Case: automationFramework.TestCases.LinkAccountTest 
Time Stamp: 2016-07-27 17:18:53,333 
Code Location: automationFramework.TestCases.LinkAccountTest.setUp(LinkAccountTest.java:43) 
Log Message: Current OS: Windows 7 Enterprise 
 
Time in Milliseconds: 1328277 
Test Case: automationFramework.TestCases.LinkAccountTest 
Time Stamp: 2016-07-27 17:18:53,333 
Code Location: automationFramework.TestCases.LinkAccountTest.setUp(LinkAccountTest.java:43) 
Log Message: Current OS: Windows 7 Enterprise 
 
Time in Milliseconds: 1328277 
Test Case: automationFramework.TestCases.LinkAccountTest 
Time Stamp: 2016-07-27 17:18:53,333 
Code Location: automationFramework.TestCases.LinkAccountTest.setUp(LinkAccountTest.java:43) 
Log Message: Current OS: Windows 7 Enterprise 
 
Time in Milliseconds: 1328277 
Test Case: automationFramework.TestCases.LinkAccountTest 
Time Stamp: 2016-07-27 17:18:53,333 
Code Location: automationFramework.TestCases.LinkAccountTest.setUp(LinkAccountTest.java:43) 
Log Message: Current OS: Windows 7 Enterprise 
 
Time in Milliseconds: 1328277 
Test Case: automationFramework.TestCases.LinkAccountTest 
Time Stamp: 2016-07-27 17:18:53,333 
Code Location: automationFramework.TestCases.LinkAccountTest.setUp(LinkAccountTest.java:43) 
Log Message: Current OS: Windows 7 Enterprise 
 
Time in Milliseconds: 1328277 
Test Case: automationFramework.TestCases.LinkAccountTest 
Time Stamp: 2016-07-27 17:18:53,333 
Code Location: automationFramework.TestCases.LinkAccountTest.setUp(LinkAccountTest.java:43) 
Log Message: Current OS: Windows 7 Enterprise 
 
Time in Milliseconds: 1328277 
Test Case: automationFramework.TestCases.LinkAccountTest 
Time Stamp: 2016-07-27 17:18:53,333 
Code Location: automationFramework.TestCases.LinkAccountTest.setUp(LinkAccountTest.java:43) 
Log Message: Current OS: Windows 7 Enterprise 
 
Time in Milliseconds: 1328277 
Test Case: automationFramework.TestCases.LinkAccountTest 
Time Stamp: 2016-07-27 17:18:53,333 
Code Location: automationFramework.TestCases.LinkAccountTest.setUp(LinkAccountTest.java:43) 
Log Message: Current OS: Windows 7 Enterprise 
 
Time in Milliseconds: 1328277 
Test Case: automationFramework.TestCases.LinkAccountTest 
Time Stamp: 2016-07-27 17:18:53,333 
Code Location: automationFramework.TestCases.LinkAccountTest.setUp(LinkAccountTest.java:43) 
Log Message: Current OS: Windows 7 Enterprise 
 
Time in Milliseconds: 1328277 
Test Case: automationFramework.TestCases.LinkAccountTest 
Time Stamp: 2016-07-27 17:18:53,333 
Code Location: automationFramework.TestCases.LinkAccountTest.setUp(LinkAccountTest.java:43) 
Log Message: Current OS: Windows 7 Enterprise 
 
Time in Milliseconds: 1328277 
Test Case: automationFramework.TestCases.LinkAccountTest 
Time Stamp: 2016-07-27 17:18:53,333 
Code Location: automationFramework.TestCases.LinkAccountTest.setUp(LinkAccountTest.java:43) 
Log Message: Current OS: Windows 7 Enterprise 
 
Time in Milliseconds: 1328277 
Test Case: automationFramework.TestCases.LinkAccountTest 
Time Stamp: 2016-07-27 17:18:53,333 
Code Location: automationFramework.TestCases.LinkAccountTest.setUp(LinkAccountTest.java:43) 
Log Message: Current OS: Windows 7 Enterprise 
 
Time in Milliseconds: 1328277 
Test Case: automationFramework.TestCases.LinkAccountTest 
Time Stamp: 2016-07-27 17:18:53,333 
Code Location: automationFramework.TestCases.LinkAccountTest.setUp(LinkAccountTest.java:43) 
Log Message: Current OS: Windows 7 Enterprise 
 
Time in Milliseconds: 1328277 
Test Case: automationFramework.TestCases.LinkAccountTest 
Time Stamp: 2016-07-27 17:18:53,333 
Code Location: automationFramework.TestCases.LinkAccountTest.setUp(LinkAccountTest.java:43) 
Log Message: Current OS: Windows 7 Enterprise 
 
Time in Milliseconds: 1328277 
Test Case: automationFramework.TestCases.LinkAccountTest 
Time Stamp: 2016-07-27 17:18:53,333 
Code Location: automationFramework.TestCases.LinkAccountTest.setUp(LinkAccountTest.java:43) 
Log Message: Current OS: Windows 7 Enterprise 
 
2016-07-27 17:18:53,333 INFO  [Logger] Current OS: Windows 7 Enterprise 
Time in Milliseconds: 1328284 
Test Case: automationFramework.TestCases.LinkAccountTest 
Time Stamp: 2016-07-27 17:18:53,340 
Code Location: automationFramework.TestCases.LinkAccountTest.setUp(LinkAccountTest.java:44) 
Log Message: Current Browser: firefox.exe 
 
Time in Milliseconds: 1328284 
Test Case: automationFramework.TestCases.LinkAccountTest 
Time Stamp: 2016-07-27 17:18:53,340 
Code Location: automationFramework.TestCases.LinkAccountTest.setUp(LinkAccountTest.java:44) 
Log Message: Current Browser: firefox.exe 
 
Time in Milliseconds: 1328284 
Test Case: automationFramework.TestCases.LinkAccountTest 
Time Stamp: 2016-07-27 17:18:53,340 
Code Location: automationFramework.TestCases.LinkAccountTest.setUp(LinkAccountTest.java:44) 
Log Message: Current Browser: firefox.exe 
 
Time in Milliseconds: 1328284 
Test Case: automationFramework.TestCases.LinkAccountTest 
Time Stamp: 2016-07-27 17:18:53,340 
Code Location: automationFramework.TestCases.LinkAccountTest.setUp(LinkAccountTest.java:44) 
Log Message: Current Browser: firefox.exe 
 
Time in Milliseconds: 1328284 
Test Case: automationFramework.TestCases.LinkAccountTest 
Time Stamp: 2016-07-27 17:18:53,340 
Code Location: automationFramework.TestCases.LinkAccountTest.setUp(LinkAccountTest.java:44) 
Log Message: Current Browser: firefox.exe 
 
Time in Milliseconds: 1328284 
Test Case: automationFramework.TestCases.LinkAccountTest 
Time Stamp: 2016-07-27 17:18:53,340 
Code Location: automationFramework.TestCases.LinkAccountTest.setUp(LinkAccountTest.java:44) 
Log Message: Current Browser: firefox.exe 
 
Time in Milliseconds: 1328284 
Test Case: automationFramework.TestCases.LinkAccountTest 
Time Stamp: 2016-07-27 17:18:53,340 
Code Location: automationFramework.TestCases.LinkAccountTest.setUp(LinkAccountTest.java:44) 
Log Message: Current Browser: firefox.exe 
 
Time in Milliseconds: 1328284 
Test Case: automationFramework.TestCases.LinkAccountTest 
Time Stamp: 2016-07-27 17:18:53,340 
Code Location: automationFramework.TestCases.LinkAccountTest.setUp(LinkAccountTest.java:44) 
Log Message: Current Browser: firefox.exe 
 
Time in Milliseconds: 1328284 
Test Case: automationFramework.TestCases.LinkAccountTest 
Time Stamp: 2016-07-27 17:18:53,340 
Code Location: automationFramework.TestCases.LinkAccountTest.setUp(LinkAccountTest.java:44) 
Log Message: Current Browser: firefox.exe 
 
Time in Milliseconds: 1328284 
Test Case: automationFramework.TestCases.LinkAccountTest 
Time Stamp: 2016-07-27 17:18:53,340 
Code Location: automationFramework.TestCases.LinkAccountTest.setUp(LinkAccountTest.java:44) 
Log Message: Current Browser: firefox.exe 
 
Time in Milliseconds: 1328284 
Test Case: automationFramework.TestCases.LinkAccountTest 
Time Stamp: 2016-07-27 17:18:53,340 
Code Location: automationFramework.TestCases.LinkAccountTest.setUp(LinkAccountTest.java:44) 
Log Message: Current Browser: firefox.exe 
 
Time in Milliseconds: 1328284 
Test Case: automationFramework.TestCases.LinkAccountTest 
Time Stamp: 2016-07-27 17:18:53,340 
Code Location: automationFramework.TestCases.LinkAccountTest.setUp(LinkAccountTest.java:44) 
Log Message: Current Browser: firefox.exe 
 
Time in Milliseconds: 1328284 
Test Case: automationFramework.TestCases.LinkAccountTest 
Time Stamp: 2016-07-27 17:18:53,340 
Code Location: automationFramework.TestCases.LinkAccountTest.setUp(LinkAccountTest.java:44) 
Log Message: Current Browser: firefox.exe 
 
Time in Milliseconds: 1328284 
Test Case: automationFramework.TestCases.LinkAccountTest 
Time Stamp: 2016-07-27 17:18:53,340 
Code Location: automationFramework.TestCases.LinkAccountTest.setUp(LinkAccountTest.java:44) 
Log Message: Current Browser: firefox.exe 
 
Time in Milliseconds: 1328284 
Test Case: automationFramework.TestCases.LinkAccountTest 
Time Stamp: 2016-07-27 17:18:53,340 
Code Location: automationFramework.TestCases.LinkAccountTest.setUp(LinkAccountTest.java:44) 
Log Message: Current Browser: firefox.exe 
 
Time in Milliseconds: 1328284 
Test Case: automationFramework.TestCases.LinkAccountTest 
Time Stamp: 2016-07-27 17:18:53,340 
Code Location: automationFramework.TestCases.LinkAccountTest.setUp(LinkAccountTest.java:44) 
Log Message: Current Browser: firefox.exe 
 
Time in Milliseconds: 1328284 
Test Case: automationFramework.TestCases.LinkAccountTest 
Time Stamp: 2016-07-27 17:18:53,340 
Code Location: automationFramework.TestCases.LinkAccountTest.setUp(LinkAccountTest.java:44) 
Log Message: Current Browser: firefox.exe 
 
Time in Milliseconds: 1328284 
Test Case: automationFramework.TestCases.LinkAccountTest 
Time Stamp: 2016-07-27 17:18:53,340 
Code Location: automationFramework.TestCases.LinkAccountTest.setUp(LinkAccountTest.java:44) 
Log Message: Current Browser: firefox.exe 
 
Time in Milliseconds: 1328284 
Test Case: automationFramework.TestCases.LinkAccountTest 
Time Stamp: 2016-07-27 17:18:53,340 
Code Location: automationFramework.TestCases.LinkAccountTest.setUp(LinkAccountTest.java:44) 
Log Message: Current Browser: firefox.exe 
 
Time in Milliseconds: 1328284 
Test Case: automationFramework.TestCases.LinkAccountTest 
Time Stamp: 2016-07-27 17:18:53,340 
Code Location: automationFramework.TestCases.LinkAccountTest.setUp(LinkAccountTest.java:44) 
Log Message: Current Browser: firefox.exe 
 
Time in Milliseconds: 1328284 
Test Case: automationFramework.TestCases.LinkAccountTest 
Time Stamp: 2016-07-27 17:18:53,340 
Code Location: automationFramework.TestCases.LinkAccountTest.setUp(LinkAccountTest.java:44) 
Log Message: Current Browser: firefox.exe 
 
Time in Milliseconds: 1328284 
Test Case: automationFramework.TestCases.LinkAccountTest 
Time Stamp: 2016-07-27 17:18:53,340 
Code Location: automationFramework.TestCases.LinkAccountTest.setUp(LinkAccountTest.java:44) 
Log Message: Current Browser: firefox.exe 
 
Time in Milliseconds: 1328284 
Test Case: automationFramework.TestCases.LinkAccountTest 
Time Stamp: 2016-07-27 17:18:53,340 
Code Location: automationFramework.TestCases.LinkAccountTest.setUp(LinkAccountTest.java:44) 
Log Message: Current Browser: firefox.exe 
 
Time in Milliseconds: 1328284 
Test Case: automationFramework.TestCases.LinkAccountTest 
Time Stamp: 2016-07-27 17:18:53,340 
Code Location: automationFramework.TestCases.LinkAccountTest.setUp(LinkAccountTest.java:44) 
Log Message: Current Browser: firefox.exe 
 
Time in Milliseconds: 1328284 
Test Case: automationFramework.TestCases.LinkAccountTest 
Time Stamp: 2016-07-27 17:18:53,340 
Code Location: automationFramework.TestCases.LinkAccountTest.setUp(LinkAccountTest.java:44) 
Log Message: Current Browser: firefox.exe 
 
Time in Milliseconds: 1328284 
Test Case: automationFramework.TestCases.LinkAccountTest 
Time Stamp: 2016-07-27 17:18:53,340 
Code Location: automationFramework.TestCases.LinkAccountTest.setUp(LinkAccountTest.java:44) 
Log Message: Current Browser: firefox.exe 
 
Time in Milliseconds: 1328284 
Test Case: automationFramework.TestCases.LinkAccountTest 
Time Stamp: 2016-07-27 17:18:53,340 
Code Location: automationFramework.TestCases.LinkAccountTest.setUp(LinkAccountTest.java:44) 
Log Message: Current Browser: firefox.exe 
 
Time in Milliseconds: 1328284 
Test Case: automationFramework.TestCases.LinkAccountTest 
Time Stamp: 2016-07-27 17:18:53,340 
Code Location: automationFramework.TestCases.LinkAccountTest.setUp(LinkAccountTest.java:44) 
Log Message: Current Browser: firefox.exe 
 
Time in Milliseconds: 1328284 
Test Case: automationFramework.TestCases.LinkAccountTest 
Time Stamp: 2016-07-27 17:18:53,340 
Code Location: automationFramework.TestCases.LinkAccountTest.setUp(LinkAccountTest.java:44) 
Log Message: Current Browser: firefox.exe 
 
Time in Milliseconds: 1328284 
Test Case: automationFramework.TestCases.LinkAccountTest 
Time Stamp: 2016-07-27 17:18:53,340 
Code Location: automationFramework.TestCases.LinkAccountTest.setUp(LinkAccountTest.java:44) 
Log Message: Current Browser: firefox.exe 
 
2016-07-27 17:18:53,340 INFO  [Logger] Current Browser: firefox.exe 
Time in Milliseconds: 1335737 
Test Case: automationFramework.TestCases.LinkAccountTest 
Time Stamp: 2016-07-27 17:19:00,793 
Code Location: automationFramework.TestCases.LinkAccountTest.setUp(LinkAccountTest.java:47) 
Log Message: Setup Completed 
 
Time in Milliseconds: 1335737 
Test Case: automationFramework.TestCases.LinkAccountTest 
Time Stamp: 2016-07-27 17:19:00,793 
Code Location: automationFramework.TestCases.LinkAccountTest.setUp(LinkAccountTest.java:47) 
Log Message: Setup Completed 
 
Time in Milliseconds: 1335737 
Test Case: automationFramework.TestCases.LinkAccountTest 
Time Stamp: 2016-07-27 17:19:00,793 
Code Location: automationFramework.TestCases.LinkAccountTest.setUp(LinkAccountTest.java:47) 
Log Message: Setup Completed 
 
Time in Milliseconds: 1335737 
Test Case: automationFramework.TestCases.LinkAccountTest 
Time Stamp: 2016-07-27 17:19:00,793 
Code Location: automationFramework.TestCases.LinkAccountTest.setUp(LinkAccountTest.java:47) 
Log Message: Setup Completed 
 
Time in Milliseconds: 1335737 
Test Case: automationFramework.TestCases.LinkAccountTest 
Time Stamp: 2016-07-27 17:19:00,793 
Code Location: automationFramework.TestCases.LinkAccountTest.setUp(LinkAccountTest.java:47) 
Log Message: Setup Completed 
 
Time in Milliseconds: 1335737 
Test Case: automationFramework.TestCases.LinkAccountTest 
Time Stamp: 2016-07-27 17:19:00,793 
Code Location: automationFramework.TestCases.LinkAccountTest.setUp(LinkAccountTest.java:47) 
Log Message: Setup Completed 
 
Time in Milliseconds: 1335737 
Test Case: automationFramework.TestCases.LinkAccountTest 
Time Stamp: 2016-07-27 17:19:00,793 
Code Location: automationFramework.TestCases.LinkAccountTest.setUp(LinkAccountTest.java:47) 
Log Message: Setup Completed 
 
Time in Milliseconds: 1335737 
Test Case: automationFramework.TestCases.LinkAccountTest 
Time Stamp: 2016-07-27 17:19:00,793 
Code Location: automationFramework.TestCases.LinkAccountTest.setUp(LinkAccountTest.java:47) 
Log Message: Setup Completed 
 
Time in Milliseconds: 1335737 
Test Case: automationFramework.TestCases.LinkAccountTest 
Time Stamp: 2016-07-27 17:19:00,793 
Code Location: automationFramework.TestCases.LinkAccountTest.setUp(LinkAccountTest.java:47) 
Log Message: Setup Completed 
 
Time in Milliseconds: 1335737 
Test Case: automationFramework.TestCases.LinkAccountTest 
Time Stamp: 2016-07-27 17:19:00,793 
Code Location: automationFramework.TestCases.LinkAccountTest.setUp(LinkAccountTest.java:47) 
Log Message: Setup Completed 
 
Time in Milliseconds: 1335737 
Test Case: automationFramework.TestCases.LinkAccountTest 
Time Stamp: 2016-07-27 17:19:00,793 
Code Location: automationFramework.TestCases.LinkAccountTest.setUp(LinkAccountTest.java:47) 
Log Message: Setup Completed 
 
Time in Milliseconds: 1335737 
Test Case: automationFramework.TestCases.LinkAccountTest 
Time Stamp: 2016-07-27 17:19:00,793 
Code Location: automationFramework.TestCases.LinkAccountTest.setUp(LinkAccountTest.java:47) 
Log Message: Setup Completed 
 
Time in Milliseconds: 1335737 
Test Case: automationFramework.TestCases.LinkAccountTest 
Time Stamp: 2016-07-27 17:19:00,793 
Code Location: automationFramework.TestCases.LinkAccountTest.setUp(LinkAccountTest.java:47) 
Log Message: Setup Completed 
 
Time in Milliseconds: 1335737 
Test Case: automationFramework.TestCases.LinkAccountTest 
Time Stamp: 2016-07-27 17:19:00,793 
Code Location: automationFramework.TestCases.LinkAccountTest.setUp(LinkAccountTest.java:47) 
Log Message: Setup Completed 
 
Time in Milliseconds: 1335737 
Test Case: automationFramework.TestCases.LinkAccountTest 
Time Stamp: 2016-07-27 17:19:00,793 
Code Location: automationFramework.TestCases.LinkAccountTest.setUp(LinkAccountTest.java:47) 
Log Message: Setup Completed 
 
Time in Milliseconds: 1335737 
Test Case: automationFramework.TestCases.LinkAccountTest 
Time Stamp: 2016-07-27 17:19:00,793 
Code Location: automationFramework.TestCases.LinkAccountTest.setUp(LinkAccountTest.java:47) 
Log Message: Setup Completed 
 
Time in Milliseconds: 1335737 
Test Case: automationFramework.TestCases.LinkAccountTest 
Time Stamp: 2016-07-27 17:19:00,793 
Code Location: automationFramework.TestCases.LinkAccountTest.setUp(LinkAccountTest.java:47) 
Log Message: Setup Completed 
 
Time in Milliseconds: 1335737 
Test Case: automationFramework.TestCases.LinkAccountTest 
Time Stamp: 2016-07-27 17:19:00,793 
Code Location: automationFramework.TestCases.LinkAccountTest.setUp(LinkAccountTest.java:47) 
Log Message: Setup Completed 
 
Time in Milliseconds: 1335737 
Test Case: automationFramework.TestCases.LinkAccountTest 
Time Stamp: 2016-07-27 17:19:00,793 
Code Location: automationFramework.TestCases.LinkAccountTest.setUp(LinkAccountTest.java:47) 
Log Message: Setup Completed 
 
Time in Milliseconds: 1335737 
Test Case: automationFramework.TestCases.LinkAccountTest 
Time Stamp: 2016-07-27 17:19:00,793 
Code Location: automationFramework.TestCases.LinkAccountTest.setUp(LinkAccountTest.java:47) 
Log Message: Setup Completed 
 
Time in Milliseconds: 1335737 
Test Case: automationFramework.TestCases.LinkAccountTest 
Time Stamp: 2016-07-27 17:19:00,793 
Code Location: automationFramework.TestCases.LinkAccountTest.setUp(LinkAccountTest.java:47) 
Log Message: Setup Completed 
 
Time in Milliseconds: 1335737 
Test Case: automationFramework.TestCases.LinkAccountTest 
Time Stamp: 2016-07-27 17:19:00,793 
Code Location: automationFramework.TestCases.LinkAccountTest.setUp(LinkAccountTest.java:47) 
Log Message: Setup Completed 
 
Time in Milliseconds: 1335737 
Test Case: automationFramework.TestCases.LinkAccountTest 
Time Stamp: 2016-07-27 17:19:00,793 
Code Location: automationFramework.TestCases.LinkAccountTest.setUp(LinkAccountTest.java:47) 
Log Message: Setup Completed 
 
Time in Milliseconds: 1335737 
Test Case: automationFramework.TestCases.LinkAccountTest 
Time Stamp: 2016-07-27 17:19:00,793 
Code Location: automationFramework.TestCases.LinkAccountTest.setUp(LinkAccountTest.java:47) 
Log Message: Setup Completed 
 
Time in Milliseconds: 1335737 
Test Case: automationFramework.TestCases.LinkAccountTest 
Time Stamp: 2016-07-27 17:19:00,793 
Code Location: automationFramework.TestCases.LinkAccountTest.setUp(LinkAccountTest.java:47) 
Log Message: Setup Completed 
 
Time in Milliseconds: 1335737 
Test Case: automationFramework.TestCases.LinkAccountTest 
Time Stamp: 2016-07-27 17:19:00,793 
Code Location: automationFramework.TestCases.LinkAccountTest.setUp(LinkAccountTest.java:47) 
Log Message: Setup Completed 
 
Time in Milliseconds: 1335737 
Test Case: automationFramework.TestCases.LinkAccountTest 
Time Stamp: 2016-07-27 17:19:00,793 
Code Location: automationFramework.TestCases.LinkAccountTest.setUp(LinkAccountTest.java:47) 
Log Message: Setup Completed 
 
Time in Milliseconds: 1335737 
Test Case: automationFramework.TestCases.LinkAccountTest 
Time Stamp: 2016-07-27 17:19:00,793 
Code Location: automationFramework.TestCases.LinkAccountTest.setUp(LinkAccountTest.java:47) 
Log Message: Setup Completed 
 
Time in Milliseconds: 1335737 
Test Case: automationFramework.TestCases.LinkAccountTest 
Time Stamp: 2016-07-27 17:19:00,793 
Code Location: automationFramework.TestCases.LinkAccountTest.setUp(LinkAccountTest.java:47) 
Log Message: Setup Completed 
 
Time in Milliseconds: 1335737 
Test Case: automationFramework.TestCases.LinkAccountTest 
Time Stamp: 2016-07-27 17:19:00,793 
Code Location: automationFramework.TestCases.LinkAccountTest.setUp(LinkAccountTest.java:47) 
Log Message: Setup Completed 
 
2016-07-27 17:19:00,793 INFO  [Logger] Setup Completed 
</system-out>
  </testcase>
  <testcase classname="automationFramework.TestCases.LinkAccountTest" name="linkAccountBankNumberMissingTest" time="34.923"/>
  <testcase classname="automationFramework.TestCases.LinkAccountTest" name="linkAccountCancelTest" time="43.657">
    <failure message="expected [$5.00] but found [$17.40]" type="java.lang.AssertionError">java.lang.AssertionError: expected [$5.00] but found [$17.40]
	at org.testng.Assert.fail(Assert.java:94)
	at org.testng.Assert.failNotEquals(Assert.java:494)
	at org.testng.Assert.assertEquals(Assert.java:123)
	at org.testng.Assert.assertEquals(Assert.java:176)
	at org.testng.Assert.assertEquals(Assert.java:186)
	at automationFramework.TestCases.LinkAccountTest.linkAccountCancelTest(LinkAccountTest.java:253)
</failure>
    <system-out>Time in Milliseconds: 1425462 
Test Case: automationFramework.TestCases.LinkAccountTest 
Time Stamp: 2016-07-27 17:20:30,518 
Code Location: automationFramework.TestCases.LinkAccountTest.tearDown(LinkAccountTest.java:324) 
Log Message: TearDown Complete 
 
Time in Milliseconds: 1425462 
Test Case: automationFramework.TestCases.LinkAccountTest 
Time Stamp: 2016-07-27 17:20:30,518 
Code Location: automationFramework.TestCases.LinkAccountTest.tearDown(LinkAccountTest.java:324) 
Log Message: TearDown Complete 
 
Time in Milliseconds: 1425462 
Test Case: automationFramework.TestCases.LinkAccountTest 
Time Stamp: 2016-07-27 17:20:30,518 
Code Location: automationFramework.TestCases.LinkAccountTest.tearDown(LinkAccountTest.java:324) 
Log Message: TearDown Complete 
 
Time in Milliseconds: 1425462 
Test Case: automationFramework.TestCases.LinkAccountTest 
Time Stamp: 2016-07-27 17:20:30,518 
Code Location: automationFramework.TestCases.LinkAccountTest.tearDown(LinkAccountTest.java:324) 
Log Message: TearDown Complete 
 
Time in Milliseconds: 1425462 
Test Case: automationFramework.TestCases.LinkAccountTest 
Time Stamp: 2016-07-27 17:20:30,518 
Code Location: automationFramework.TestCases.LinkAccountTest.tearDown(LinkAccountTest.java:324) 
Log Message: TearDown Complete 
 
Time in Milliseconds: 1425462 
Test Case: automationFramework.TestCases.LinkAccountTest 
Time Stamp: 2016-07-27 17:20:30,518 
Code Location: automationFramework.TestCases.LinkAccountTest.tearDown(LinkAccountTest.java:324) 
Log Message: TearDown Complete 
 
Time in Milliseconds: 1425462 
Test Case: automationFramework.TestCases.LinkAccountTest 
Time Stamp: 2016-07-27 17:20:30,518 
Code Location: automationFramework.TestCases.LinkAccountTest.tearDown(LinkAccountTest.java:324) 
Log Message: TearDown Complete 
 
Time in Milliseconds: 1425462 
Test Case: automationFramework.TestCases.LinkAccountTest 
Time Stamp: 2016-07-27 17:20:30,518 
Code Location: automationFramework.TestCases.LinkAccountTest.tearDown(LinkAccountTest.java:324) 
Log Message: TearDown Complete 
 
Time in Milliseconds: 1425462 
Test Case: automationFramework.TestCases.LinkAccountTest 
Time Stamp: 2016-07-27 17:20:30,518 
Code Location: automationFramework.TestCases.LinkAccountTest.tearDown(LinkAccountTest.java:324) 
Log Message: TearDown Complete 
 
Time in Milliseconds: 1425462 
Test Case: automationFramework.TestCases.LinkAccountTest 
Time Stamp: 2016-07-27 17:20:30,518 
Code Location: automationFramework.TestCases.LinkAccountTest.tearDown(LinkAccountTest.java:324) 
Log Message: TearDown Complete 
 
Time in Milliseconds: 1425462 
Test Case: automationFramework.TestCases.LinkAccountTest 
Time Stamp: 2016-07-27 17:20:30,518 
Code Location: automationFramework.TestCases.LinkAccountTest.tearDown(LinkAccountTest.java:324) 
Log Message: TearDown Complete 
 
Time in Milliseconds: 1425462 
Test Case: automationFramework.TestCases.LinkAccountTest 
Time Stamp: 2016-07-27 17:20:30,518 
Code Location: automationFramework.TestCases.LinkAccountTest.tearDown(LinkAccountTest.java:324) 
Log Message: TearDown Complete 
 
Time in Milliseconds: 1425462 
Test Case: automationFramework.TestCases.LinkAccountTest 
Time Stamp: 2016-07-27 17:20:30,518 
Code Location: automationFramework.TestCases.LinkAccountTest.tearDown(LinkAccountTest.java:324) 
Log Message: TearDown Complete 
 
Time in Milliseconds: 1425462 
Test Case: automationFramework.TestCases.LinkAccountTest 
Time Stamp: 2016-07-27 17:20:30,518 
Code Location: automationFramework.TestCases.LinkAccountTest.tearDown(LinkAccountTest.java:324) 
Log Message: TearDown Complete 
 
Time in Milliseconds: 1425462 
Test Case: automationFramework.TestCases.LinkAccountTest 
Time Stamp: 2016-07-27 17:20:30,518 
Code Location: automationFramework.TestCases.LinkAccountTest.tearDown(LinkAccountTest.java:324) 
Log Message: TearDown Complete 
 
Time in Milliseconds: 1425462 
Test Case: automationFramework.TestCases.LinkAccountTest 
Time Stamp: 2016-07-27 17:20:30,518 
Code Location: automationFramework.TestCases.LinkAccountTest.tearDown(LinkAccountTest.java:324) 
Log Message: TearDown Complete 
 
Time in Milliseconds: 1425462 
Test Case: automationFramework.TestCases.LinkAccountTest 
Time Stamp: 2016-07-27 17:20:30,518 
Code Location: automationFramework.TestCases.LinkAccountTest.tearDown(LinkAccountTest.java:324) 
Log Message: TearDown Complete 
 
Time in Milliseconds: 1425462 
Test Case: automationFramework.TestCases.LinkAccountTest 
Time Stamp: 2016-07-27 17:20:30,518 
Code Location: automationFramework.TestCases.LinkAccountTest.tearDown(LinkAccountTest.java:324) 
Log Message: TearDown Complete 
 
Time in Milliseconds: 1425462 
Test Case: automationFramework.TestCases.LinkAccountTest 
Time Stamp: 2016-07-27 17:20:30,518 
Code Location: automationFramework.TestCases.LinkAccountTest.tearDown(LinkAccountTest.java:324) 
Log Message: TearDown Complete 
 
Time in Milliseconds: 1425462 
Test Case: automationFramework.TestCases.LinkAccountTest 
Time Stamp: 2016-07-27 17:20:30,518 
Code Location: automationFramework.TestCases.LinkAccountTest.tearDown(LinkAccountTest.java:324) 
Log Message: TearDown Complete 
 
Time in Milliseconds: 1425462 
Test Case: automationFramework.TestCases.LinkAccountTest 
Time Stamp: 2016-07-27 17:20:30,518 
Code Location: automationFramework.TestCases.LinkAccountTest.tearDown(LinkAccountTest.java:324) 
Log Message: TearDown Complete 
 
Time in Milliseconds: 1425462 
Test Case: automationFramework.TestCases.LinkAccountTest 
Time Stamp: 2016-07-27 17:20:30,518 
Code Location: automationFramework.TestCases.LinkAccountTest.tearDown(LinkAccountTest.java:324) 
Log Message: TearDown Complete 
 
Time in Milliseconds: 1425462 
Test Case: automationFramework.TestCases.LinkAccountTest 
Time Stamp: 2016-07-27 17:20:30,518 
Code Location: automationFramework.TestCases.LinkAccountTest.tearDown(LinkAccountTest.java:324) 
Log Message: TearDown Complete 
 
Time in Milliseconds: 1425462 
Test Case: automationFramework.TestCases.LinkAccountTest 
Time Stamp: 2016-07-27 17:20:30,518 
Code Location: automationFramework.TestCases.LinkAccountTest.tearDown(LinkAccountTest.java:324) 
Log Message: TearDown Complete 
 
Time in Milliseconds: 1425462 
Test Case: automationFramework.TestCases.LinkAccountTest 
Time Stamp: 2016-07-27 17:20:30,518 
Code Location: automationFramework.TestCases.LinkAccountTest.tearDown(LinkAccountTest.java:324) 
Log Message: TearDown Complete 
 
Time in Milliseconds: 1425462 
Test Case: automationFramework.TestCases.LinkAccountTest 
Time Stamp: 2016-07-27 17:20:30,518 
Code Location: automationFramework.TestCases.LinkAccountTest.tearDown(LinkAccountTest.java:324) 
Log Message: TearDown Complete 
 
Time in Milliseconds: 1425462 
Test Case: automationFramework.TestCases.LinkAccountTest 
Time Stamp: 2016-07-27 17:20:30,518 
Code Location: automationFramework.TestCases.LinkAccountTest.tearDown(LinkAccountTest.java:324) 
Log Message: TearDown Complete 
 
Time in Milliseconds: 1425462 
Test Case: automationFramework.TestCases.LinkAccountTest 
Time Stamp: 2016-07-27 17:20:30,518 
Code Location: automationFramework.TestCases.LinkAccountTest.tearDown(LinkAccountTest.java:324) 
Log Message: TearDown Complete 
 
Time in Milliseconds: 1425462 
Test Case: automationFramework.TestCases.LinkAccountTest 
Time Stamp: 2016-07-27 17:20:30,518 
Code Location: automationFramework.TestCases.LinkAccountTest.tearDown(LinkAccountTest.java:324) 
Log Message: TearDown Complete 
 
Time in Milliseconds: 1425462 
Test Case: automationFramework.TestCases.LinkAccountTest 
Time Stamp: 2016-07-27 17:20:30,518 
Code Location: automationFramework.TestCases.LinkAccountTest.tearDown(LinkAccountTest.java:324) 
Log Message: TearDown Complete 
 
Time in Milliseconds: 1425462 
Test Case: automationFramework.TestCases.LinkAccountTest 
Time Stamp: 2016-07-27 17:20:30,518 
Code Location: automationFramework.TestCases.LinkAccountTest.tearDown(LinkAccountTest.java:324) 
Log Message: TearDown Complete 
 
2016-07-27 17:20:30,518 INFO  [Logger] TearDown Complete 
Time in Milliseconds: 1425987 
Test Case: automationFramework.TestCases.LinkAccountTest 
Time Stamp: 2016-07-27 17:20:31,043 
Code Location: automationFramework.TestCases.LinkAccountTest.setUp(LinkAccountTest.java:42) 
Log Message: Setup Started 
 
Time in Milliseconds: 1425987 
Test Case: automationFramework.TestCases.LinkAccountTest 
Time Stamp: 2016-07-27 17:20:31,043 
Code Location: automationFramework.TestCases.LinkAccountTest.setUp(LinkAccountTest.java:42) 
Log Message: Setup Started 
 
Time in Milliseconds: 1425987 
Test Case: automationFramework.TestCases.LinkAccountTest 
Time Stamp: 2016-07-27 17:20:31,043 
Code Location: automationFramework.TestCases.LinkAccountTest.setUp(LinkAccountTest.java:42) 
Log Message: Setup Started 
 
Time in Milliseconds: 1425987 
Test Case: automationFramework.TestCases.LinkAccountTest 
Time Stamp: 2016-07-27 17:20:31,043 
Code Location: automationFramework.TestCases.LinkAccountTest.setUp(LinkAccountTest.java:42) 
Log Message: Setup Started 
 
Time in Milliseconds: 1425987 
Test Case: automationFramework.TestCases.LinkAccountTest 
Time Stamp: 2016-07-27 17:20:31,043 
Code Location: automationFramework.TestCases.LinkAccountTest.setUp(LinkAccountTest.java:42) 
Log Message: Setup Started 
 
Time in Milliseconds: 1425987 
Test Case: automationFramework.TestCases.LinkAccountTest 
Time Stamp: 2016-07-27 17:20:31,043 
Code Location: automationFramework.TestCases.LinkAccountTest.setUp(LinkAccountTest.java:42) 
Log Message: Setup Started 
 
Time in Milliseconds: 1425987 
Test Case: automationFramework.TestCases.LinkAccountTest 
Time Stamp: 2016-07-27 17:20:31,043 
Code Location: automationFramework.TestCases.LinkAccountTest.setUp(LinkAccountTest.java:42) 
Log Message: Setup Started 
 
Time in Milliseconds: 1425987 
Test Case: automationFramework.TestCases.LinkAccountTest 
Time Stamp: 2016-07-27 17:20:31,043 
Code Location: automationFramework.TestCases.LinkAccountTest.setUp(LinkAccountTest.java:42) 
Log Message: Setup Started 
 
Time in Milliseconds: 1425987 
Test Case: automationFramework.TestCases.LinkAccountTest 
Time Stamp: 2016-07-27 17:20:31,043 
Code Location: automationFramework.TestCases.LinkAccountTest.setUp(LinkAccountTest.java:42) 
Log Message: Setup Started 
 
Time in Milliseconds: 1425987 
Test Case: automationFramework.TestCases.LinkAccountTest 
Time Stamp: 2016-07-27 17:20:31,043 
Code Location: automationFramework.TestCases.LinkAccountTest.setUp(LinkAccountTest.java:42) 
Log Message: Setup Started 
 
Time in Milliseconds: 1425987 
Test Case: automationFramework.TestCases.LinkAccountTest 
Time Stamp: 2016-07-27 17:20:31,043 
Code Location: automationFramework.TestCases.LinkAccountTest.setUp(LinkAccountTest.java:42) 
Log Message: Setup Started 
 
Time in Milliseconds: 1425987 
Test Case: automationFramework.TestCases.LinkAccountTest 
Time Stamp: 2016-07-27 17:20:31,043 
Code Location: automationFramework.TestCases.LinkAccountTest.setUp(LinkAccountTest.java:42) 
Log Message: Setup Started 
 
Time in Milliseconds: 1425987 
Test Case: automationFramework.TestCases.LinkAccountTest 
Time Stamp: 2016-07-27 17:20:31,043 
Code Location: automationFramework.TestCases.LinkAccountTest.setUp(LinkAccountTest.java:42) 
Log Message: Setup Started 
 
Time in Milliseconds: 1425987 
Test Case: automationFramework.TestCases.LinkAccountTest 
Time Stamp: 2016-07-27 17:20:31,043 
Code Location: automationFramework.TestCases.LinkAccountTest.setUp(LinkAccountTest.java:42) 
Log Message: Setup Started 
 
Time in Milliseconds: 1425987 
Test Case: automationFramework.TestCases.LinkAccountTest 
Time Stamp: 2016-07-27 17:20:31,043 
Code Location: automationFramework.TestCases.LinkAccountTest.setUp(LinkAccountTest.java:42) 
Log Message: Setup Started 
 
Time in Milliseconds: 1425987 
Test Case: automationFramework.TestCases.LinkAccountTest 
Time Stamp: 2016-07-27 17:20:31,043 
Code Location: automationFramework.TestCases.LinkAccountTest.setUp(LinkAccountTest.java:42) 
Log Message: Setup Started 
 
Time in Milliseconds: 1425987 
Test Case: automationFramework.TestCases.LinkAccountTest 
Time Stamp: 2016-07-27 17:20:31,043 
Code Location: automationFramework.TestCases.LinkAccountTest.setUp(LinkAccountTest.java:42) 
Log Message: Setup Started 
 
Time in Milliseconds: 1425987 
Test Case: automationFramework.TestCases.LinkAccountTest 
Time Stamp: 2016-07-27 17:20:31,043 
Code Location: automationFramework.TestCases.LinkAccountTest.setUp(LinkAccountTest.java:42) 
Log Message: Setup Started 
 
Time in Milliseconds: 1425987 
Test Case: automationFramework.TestCases.LinkAccountTest 
Time Stamp: 2016-07-27 17:20:31,043 
Code Location: automationFramework.TestCases.LinkAccountTest.setUp(LinkAccountTest.java:42) 
Log Message: Setup Started 
 
Time in Milliseconds: 1425987 
Test Case: automationFramework.TestCases.LinkAccountTest 
Time Stamp: 2016-07-27 17:20:31,043 
Code Location: automationFramework.TestCases.LinkAccountTest.setUp(LinkAccountTest.java:42) 
Log Message: Setup Started 
 
Time in Milliseconds: 1425987 
Test Case: automationFramework.TestCases.LinkAccountTest 
Time Stamp: 2016-07-27 17:20:31,043 
Code Location: automationFramework.TestCases.LinkAccountTest.setUp(LinkAccountTest.java:42) 
Log Message: Setup Started 
 
Time in Milliseconds: 1425987 
Test Case: automationFramework.TestCases.LinkAccountTest 
Time Stamp: 2016-07-27 17:20:31,043 
Code Location: automationFramework.TestCases.LinkAccountTest.setUp(LinkAccountTest.java:42) 
Log Message: Setup Started 
 
Time in Milliseconds: 1425987 
Test Case: automationFramework.TestCases.LinkAccountTest 
Time Stamp: 2016-07-27 17:20:31,043 
Code Location: automationFramework.TestCases.LinkAccountTest.setUp(LinkAccountTest.java:42) 
Log Message: Setup Started 
 
Time in Milliseconds: 1425987 
Test Case: automationFramework.TestCases.LinkAccountTest 
Time Stamp: 2016-07-27 17:20:31,043 
Code Location: automationFramework.TestCases.LinkAccountTest.setUp(LinkAccountTest.java:42) 
Log Message: Setup Started 
 
Time in Milliseconds: 1425987 
Test Case: automationFramework.TestCases.LinkAccountTest 
Time Stamp: 2016-07-27 17:20:31,043 
Code Location: automationFramework.TestCases.LinkAccountTest.setUp(LinkAccountTest.java:42) 
Log Message: Setup Started 
 
Time in Milliseconds: 1425987 
Test Case: automationFramework.TestCases.LinkAccountTest 
Time Stamp: 2016-07-27 17:20:31,043 
Code Location: automationFramework.TestCases.LinkAccountTest.setUp(LinkAccountTest.java:42) 
Log Message: Setup Started 
 
Time in Milliseconds: 1425987 
Test Case: automationFramework.TestCases.LinkAccountTest 
Time Stamp: 2016-07-27 17:20:31,043 
Code Location: automationFramework.TestCases.LinkAccountTest.setUp(LinkAccountTest.java:42) 
Log Message: Setup Started 
 
Time in Milliseconds: 1425987 
Test Case: automationFramework.TestCases.LinkAccountTest 
Time Stamp: 2016-07-27 17:20:31,043 
Code Location: automationFramework.TestCases.LinkAccountTest.setUp(LinkAccountTest.java:42) 
Log Message: Setup Started 
 
Time in Milliseconds: 1425987 
Test Case: automationFramework.TestCases.LinkAccountTest 
Time Stamp: 2016-07-27 17:20:31,043 
Code Location: automationFramework.TestCases.LinkAccountTest.setUp(LinkAccountTest.java:42) 
Log Message: Setup Started 
 
Time in Milliseconds: 1425987 
Test Case: automationFramework.TestCases.LinkAccountTest 
Time Stamp: 2016-07-27 17:20:31,043 
Code Location: automationFramework.TestCases.LinkAccountTest.setUp(LinkAccountTest.java:42) 
Log Message: Setup Started 
 
Time in Milliseconds: 1425987 
Test Case: automationFramework.TestCases.LinkAccountTest 
Time Stamp: 2016-07-27 17:20:31,043 
Code Location: automationFramework.TestCases.LinkAccountTest.setUp(LinkAccountTest.java:42) 
Log Message: Setup Started 
 
Time in Milliseconds: 1425987 
Test Case: automationFramework.TestCases.LinkAccountTest 
Time Stamp: 2016-07-27 17:20:31,043 
Code Location: automationFramework.TestCases.LinkAccountTest.setUp(LinkAccountTest.java:42) 
Log Message: Setup Started 
 
2016-07-27 17:20:31,043 INFO  [Logger] Setup Started 
Time in Milliseconds: 1426044 
Test Case: automationFramework.TestCases.LinkAccountTest 
Time Stamp: 2016-07-27 17:20:31,100 
Code Location: automationFramework.TestCases.LinkAccountTest.setUp(LinkAccountTest.java:43) 
Log Message: Current OS: Windows 7 Enterprise 
 
Time in Milliseconds: 1426044 
Test Case: automationFramework.TestCases.LinkAccountTest 
Time Stamp: 2016-07-27 17:20:31,100 
Code Location: automationFramework.TestCases.LinkAccountTest.setUp(LinkAccountTest.java:43) 
Log Message: Current OS: Windows 7 Enterprise 
 
Time in Milliseconds: 1426044 
Test Case: automationFramework.TestCases.LinkAccountTest 
Time Stamp: 2016-07-27 17:20:31,100 
Code Location: automationFramework.TestCases.LinkAccountTest.setUp(LinkAccountTest.java:43) 
Log Message: Current OS: Windows 7 Enterprise 
 
Time in Milliseconds: 1426044 
Test Case: automationFramework.TestCases.LinkAccountTest 
Time Stamp: 2016-07-27 17:20:31,100 
Code Location: automationFramework.TestCases.LinkAccountTest.setUp(LinkAccountTest.java:43) 
Log Message: Current OS: Windows 7 Enterprise 
 
Time in Milliseconds: 1426044 
Test Case: automationFramework.TestCases.LinkAccountTest 
Time Stamp: 2016-07-27 17:20:31,100 
Code Location: automationFramework.TestCases.LinkAccountTest.setUp(LinkAccountTest.java:43) 
Log Message: Current OS: Windows 7 Enterprise 
 
Time in Milliseconds: 1426044 
Test Case: automationFramework.TestCases.LinkAccountTest 
Time Stamp: 2016-07-27 17:20:31,100 
Code Location: automationFramework.TestCases.LinkAccountTest.setUp(LinkAccountTest.java:43) 
Log Message: Current OS: Windows 7 Enterprise 
 
Time in Milliseconds: 1426044 
Test Case: automationFramework.TestCases.LinkAccountTest 
Time Stamp: 2016-07-27 17:20:31,100 
Code Location: automationFramework.TestCases.LinkAccountTest.setUp(LinkAccountTest.java:43) 
Log Message: Current OS: Windows 7 Enterprise 
 
Time in Milliseconds: 1426044 
Test Case: automationFramework.TestCases.LinkAccountTest 
Time Stamp: 2016-07-27 17:20:31,100 
Code Location: automationFramework.TestCases.LinkAccountTest.setUp(LinkAccountTest.java:43) 
Log Message: Current OS: Windows 7 Enterprise 
 
Time in Milliseconds: 1426044 
Test Case: automationFramework.TestCases.LinkAccountTest 
Time Stamp: 2016-07-27 17:20:31,100 
Code Location: automationFramework.TestCases.LinkAccountTest.setUp(LinkAccountTest.java:43) 
Log Message: Current OS: Windows 7 Enterprise 
 
Time in Milliseconds: 1426044 
Test Case: automationFramework.TestCases.LinkAccountTest 
Time Stamp: 2016-07-27 17:20:31,100 
Code Location: automationFramework.TestCases.LinkAccountTest.setUp(LinkAccountTest.java:43) 
Log Message: Current OS: Windows 7 Enterprise 
 
Time in Milliseconds: 1426044 
Test Case: automationFramework.TestCases.LinkAccountTest 
Time Stamp: 2016-07-27 17:20:31,100 
Code Location: automationFramework.TestCases.LinkAccountTest.setUp(LinkAccountTest.java:43) 
Log Message: Current OS: Windows 7 Enterprise 
 
Time in Milliseconds: 1426044 
Test Case: automationFramework.TestCases.LinkAccountTest 
Time Stamp: 2016-07-27 17:20:31,100 
Code Location: automationFramework.TestCases.LinkAccountTest.setUp(LinkAccountTest.java:43) 
Log Message: Current OS: Windows 7 Enterprise 
 
Time in Milliseconds: 1426044 
Test Case: automationFramework.TestCases.LinkAccountTest 
Time Stamp: 2016-07-27 17:20:31,100 
Code Location: automationFramework.TestCases.LinkAccountTest.setUp(LinkAccountTest.java:43) 
Log Message: Current OS: Windows 7 Enterprise 
 
Time in Milliseconds: 1426044 
Test Case: automationFramework.TestCases.LinkAccountTest 
Time Stamp: 2016-07-27 17:20:31,100 
Code Location: automationFramework.TestCases.LinkAccountTest.setUp(LinkAccountTest.java:43) 
Log Message: Current OS: Windows 7 Enterprise 
 
Time in Milliseconds: 1426044 
Test Case: automationFramework.TestCases.LinkAccountTest 
Time Stamp: 2016-07-27 17:20:31,100 
Code Location: automationFramework.TestCases.LinkAccountTest.setUp(LinkAccountTest.java:43) 
Log Message: Current OS: Windows 7 Enterprise 
 
Time in Milliseconds: 1426044 
Test Case: automationFramework.TestCases.LinkAccountTest 
Time Stamp: 2016-07-27 17:20:31,100 
Code Location: automationFramework.TestCases.LinkAccountTest.setUp(LinkAccountTest.java:43) 
Log Message: Current OS: Windows 7 Enterprise 
 
Time in Milliseconds: 1426044 
Test Case: automationFramework.TestCases.LinkAccountTest 
Time Stamp: 2016-07-27 17:20:31,100 
Code Location: automationFramework.TestCases.LinkAccountTest.setUp(LinkAccountTest.java:43) 
Log Message: Current OS: Windows 7 Enterprise 
 
Time in Milliseconds: 1426044 
Test Case: automationFramework.TestCases.LinkAccountTest 
Time Stamp: 2016-07-27 17:20:31,100 
Code Location: automationFramework.TestCases.LinkAccountTest.setUp(LinkAccountTest.java:43) 
Log Message: Current OS: Windows 7 Enterprise 
 
Time in Milliseconds: 1426044 
Test Case: automationFramework.TestCases.LinkAccountTest 
Time Stamp: 2016-07-27 17:20:31,100 
Code Location: automationFramework.TestCases.LinkAccountTest.setUp(LinkAccountTest.java:43) 
Log Message: Current OS: Windows 7 Enterprise 
 
Time in Milliseconds: 1426044 
Test Case: automationFramework.TestCases.LinkAccountTest 
Time Stamp: 2016-07-27 17:20:31,100 
Code Location: automationFramework.TestCases.LinkAccountTest.setUp(LinkAccountTest.java:43) 
Log Message: Current OS: Windows 7 Enterprise 
 
Time in Milliseconds: 1426044 
Test Case: automationFramework.TestCases.LinkAccountTest 
Time Stamp: 2016-07-27 17:20:31,100 
Code Location: automationFramework.TestCases.LinkAccountTest.setUp(LinkAccountTest.java:43) 
Log Message: Current OS: Windows 7 Enterprise 
 
Time in Milliseconds: 1426044 
Test Case: automationFramework.TestCases.LinkAccountTest 
Time Stamp: 2016-07-27 17:20:31,100 
Code Location: automationFramework.TestCases.LinkAccountTest.setUp(LinkAccountTest.java:43) 
Log Message: Current OS: Windows 7 Enterprise 
 
Time in Milliseconds: 1426044 
Test Case: automationFramework.TestCases.LinkAccountTest 
Time Stamp: 2016-07-27 17:20:31,100 
Code Location: automationFramework.TestCases.LinkAccountTest.setUp(LinkAccountTest.java:43) 
Log Message: Current OS: Windows 7 Enterprise 
 
Time in Milliseconds: 1426044 
Test Case: automationFramework.TestCases.LinkAccountTest 
Time Stamp: 2016-07-27 17:20:31,100 
Code Location: automationFramework.TestCases.LinkAccountTest.setUp(LinkAccountTest.java:43) 
Log Message: Current OS: Windows 7 Enterprise 
 
Time in Milliseconds: 1426044 
Test Case: automationFramework.TestCases.LinkAccountTest 
Time Stamp: 2016-07-27 17:20:31,100 
Code Location: automationFramework.TestCases.LinkAccountTest.setUp(LinkAccountTest.java:43) 
Log Message: Current OS: Windows 7 Enterprise 
 
Time in Milliseconds: 1426044 
Test Case: automationFramework.TestCases.LinkAccountTest 
Time Stamp: 2016-07-27 17:20:31,100 
Code Location: automationFramework.TestCases.LinkAccountTest.setUp(LinkAccountTest.java:43) 
Log Message: Current OS: Windows 7 Enterprise 
 
Time in Milliseconds: 1426044 
Test Case: automationFramework.TestCases.LinkAccountTest 
Time Stamp: 2016-07-27 17:20:31,100 
Code Location: automationFramework.TestCases.LinkAccountTest.setUp(LinkAccountTest.java:43) 
Log Message: Current OS: Windows 7 Enterprise 
 
Time in Milliseconds: 1426044 
Test Case: automationFramework.TestCases.LinkAccountTest 
Time Stamp: 2016-07-27 17:20:31,100 
Code Location: automationFramework.TestCases.LinkAccountTest.setUp(LinkAccountTest.java:43) 
Log Message: Current OS: Windows 7 Enterprise 
 
Time in Milliseconds: 1426044 
Test Case: automationFramework.TestCases.LinkAccountTest 
Time Stamp: 2016-07-27 17:20:31,100 
Code Location: automationFramework.TestCases.LinkAccountTest.setUp(LinkAccountTest.java:43) 
Log Message: Current OS: Windows 7 Enterprise 
 
Time in Milliseconds: 1426044 
Test Case: automationFramework.TestCases.LinkAccountTest 
Time Stamp: 2016-07-27 17:20:31,100 
Code Location: automationFramework.TestCases.LinkAccountTest.setUp(LinkAccountTest.java:43) 
Log Message: Current OS: Windows 7 Enterprise 
 
Time in Milliseconds: 1426044 
Test Case: automationFramework.TestCases.LinkAccountTest 
Time Stamp: 2016-07-27 17:20:31,100 
Code Location: automationFramework.TestCases.LinkAccountTest.setUp(LinkAccountTest.java:43) 
Log Message: Current OS: Windows 7 Enterprise 
 
Time in Milliseconds: 1426044 
Test Case: automationFramework.TestCases.LinkAccountTest 
Time Stamp: 2016-07-27 17:20:31,100 
Code Location: automationFramework.TestCases.LinkAccountTest.setUp(LinkAccountTest.java:43) 
Log Message: Current OS: Windows 7 Enterprise 
 
2016-07-27 17:20:31,100 INFO  [Logger] Current OS: Windows 7 Enterprise 
Time in Milliseconds: 1426050 
Test Case: automationFramework.TestCases.LinkAccountTest 
Time Stamp: 2016-07-27 17:20:31,106 
Code Location: automationFramework.TestCases.LinkAccountTest.setUp(LinkAccountTest.java:44) 
Log Message: Current Browser: firefox.exe 
 
Time in Milliseconds: 1426050 
Test Case: automationFramework.TestCases.LinkAccountTest 
Time Stamp: 2016-07-27 17:20:31,106 
Code Location: automationFramework.TestCases.LinkAccountTest.setUp(LinkAccountTest.java:44) 
Log Message: Current Browser: firefox.exe 
 
Time in Milliseconds: 1426050 
Test Case: automationFramework.TestCases.LinkAccountTest 
Time Stamp: 2016-07-27 17:20:31,106 
Code Location: automationFramework.TestCases.LinkAccountTest.setUp(LinkAccountTest.java:44) 
Log Message: Current Browser: firefox.exe 
 
Time in Milliseconds: 1426050 
Test Case: automationFramework.TestCases.LinkAccountTest 
Time Stamp: 2016-07-27 17:20:31,106 
Code Location: automationFramework.TestCases.LinkAccountTest.setUp(LinkAccountTest.java:44) 
Log Message: Current Browser: firefox.exe 
 
Time in Milliseconds: 1426050 
Test Case: automationFramework.TestCases.LinkAccountTest 
Time Stamp: 2016-07-27 17:20:31,106 
Code Location: automationFramework.TestCases.LinkAccountTest.setUp(LinkAccountTest.java:44) 
Log Message: Current Browser: firefox.exe 
 
Time in Milliseconds: 1426050 
Test Case: automationFramework.TestCases.LinkAccountTest 
Time Stamp: 2016-07-27 17:20:31,106 
Code Location: automationFramework.TestCases.LinkAccountTest.setUp(LinkAccountTest.java:44) 
Log Message: Current Browser: firefox.exe 
 
Time in Milliseconds: 1426050 
Test Case: automationFramework.TestCases.LinkAccountTest 
Time Stamp: 2016-07-27 17:20:31,106 
Code Location: automationFramework.TestCases.LinkAccountTest.setUp(LinkAccountTest.java:44) 
Log Message: Current Browser: firefox.exe 
 
Time in Milliseconds: 1426050 
Test Case: automationFramework.TestCases.LinkAccountTest 
Time Stamp: 2016-07-27 17:20:31,106 
Code Location: automationFramework.TestCases.LinkAccountTest.setUp(LinkAccountTest.java:44) 
Log Message: Current Browser: firefox.exe 
 
Time in Milliseconds: 1426050 
Test Case: automationFramework.TestCases.LinkAccountTest 
Time Stamp: 2016-07-27 17:20:31,106 
Code Location: automationFramework.TestCases.LinkAccountTest.setUp(LinkAccountTest.java:44) 
Log Message: Current Browser: firefox.exe 
 
Time in Milliseconds: 1426050 
Test Case: automationFramework.TestCases.LinkAccountTest 
Time Stamp: 2016-07-27 17:20:31,106 
Code Location: automationFramework.TestCases.LinkAccountTest.setUp(LinkAccountTest.java:44) 
Log Message: Current Browser: firefox.exe 
 
Time in Milliseconds: 1426050 
Test Case: automationFramework.TestCases.LinkAccountTest 
Time Stamp: 2016-07-27 17:20:31,106 
Code Location: automationFramework.TestCases.LinkAccountTest.setUp(LinkAccountTest.java:44) 
Log Message: Current Browser: firefox.exe 
 
Time in Milliseconds: 1426050 
Test Case: automationFramework.TestCases.LinkAccountTest 
Time Stamp: 2016-07-27 17:20:31,106 
Code Location: automationFramework.TestCases.LinkAccountTest.setUp(LinkAccountTest.java:44) 
Log Message: Current Browser: firefox.exe 
 
Time in Milliseconds: 1426050 
Test Case: automationFramework.TestCases.LinkAccountTest 
Time Stamp: 2016-07-27 17:20:31,106 
Code Location: automationFramework.TestCases.LinkAccountTest.setUp(LinkAccountTest.java:44) 
Log Message: Current Browser: firefox.exe 
 
Time in Milliseconds: 1426050 
Test Case: automationFramework.TestCases.LinkAccountTest 
Time Stamp: 2016-07-27 17:20:31,106 
Code Location: automationFramework.TestCases.LinkAccountTest.setUp(LinkAccountTest.java:44) 
Log Message: Current Browser: firefox.exe 
 
Time in Milliseconds: 1426050 
Test Case: automationFramework.TestCases.LinkAccountTest 
Time Stamp: 2016-07-27 17:20:31,106 
Code Location: automationFramework.TestCases.LinkAccountTest.setUp(LinkAccountTest.java:44) 
Log Message: Current Browser: firefox.exe 
 
Time in Milliseconds: 1426050 
Test Case: automationFramework.TestCases.LinkAccountTest 
Time Stamp: 2016-07-27 17:20:31,106 
Code Location: automationFramework.TestCases.LinkAccountTest.setUp(LinkAccountTest.java:44) 
Log Message: Current Browser: firefox.exe 
 
Time in Milliseconds: 1426050 
Test Case: automationFramework.TestCases.LinkAccountTest 
Time Stamp: 2016-07-27 17:20:31,106 
Code Location: automationFramework.TestCases.LinkAccountTest.setUp(LinkAccountTest.java:44) 
Log Message: Current Browser: firefox.exe 
 
Time in Milliseconds: 1426050 
Test Case: automationFramework.TestCases.LinkAccountTest 
Time Stamp: 2016-07-27 17:20:31,106 
Code Location: automationFramework.TestCases.LinkAccountTest.setUp(LinkAccountTest.java:44) 
Log Message: Current Browser: firefox.exe 
 
Time in Milliseconds: 1426050 
Test Case: automationFramework.TestCases.LinkAccountTest 
Time Stamp: 2016-07-27 17:20:31,106 
Code Location: automationFramework.TestCases.LinkAccountTest.setUp(LinkAccountTest.java:44) 
Log Message: Current Browser: firefox.exe 
 
Time in Milliseconds: 1426050 
Test Case: automationFramework.TestCases.LinkAccountTest 
Time Stamp: 2016-07-27 17:20:31,106 
Code Location: automationFramework.TestCases.LinkAccountTest.setUp(LinkAccountTest.java:44) 
Log Message: Current Browser: firefox.exe 
 
Time in Milliseconds: 1426050 
Test Case: automationFramework.TestCases.LinkAccountTest 
Time Stamp: 2016-07-27 17:20:31,106 
Code Location: automationFramework.TestCases.LinkAccountTest.setUp(LinkAccountTest.java:44) 
Log Message: Current Browser: firefox.exe 
 
Time in Milliseconds: 1426050 
Test Case: automationFramework.TestCases.LinkAccountTest 
Time Stamp: 2016-07-27 17:20:31,106 
Code Location: automationFramework.TestCases.LinkAccountTest.setUp(LinkAccountTest.java:44) 
Log Message: Current Browser: firefox.exe 
 
Time in Milliseconds: 1426050 
Test Case: automationFramework.TestCases.LinkAccountTest 
Time Stamp: 2016-07-27 17:20:31,106 
Code Location: automationFramework.TestCases.LinkAccountTest.setUp(LinkAccountTest.java:44) 
Log Message: Current Browser: firefox.exe 
 
Time in Milliseconds: 1426050 
Test Case: automationFramework.TestCases.LinkAccountTest 
Time Stamp: 2016-07-27 17:20:31,106 
Code Location: automationFramework.TestCases.LinkAccountTest.setUp(LinkAccountTest.java:44) 
Log Message: Current Browser: firefox.exe 
 
Time in Milliseconds: 1426050 
Test Case: automationFramework.TestCases.LinkAccountTest 
Time Stamp: 2016-07-27 17:20:31,106 
Code Location: automationFramework.TestCases.LinkAccountTest.setUp(LinkAccountTest.java:44) 
Log Message: Current Browser: firefox.exe 
 
Time in Milliseconds: 1426050 
Test Case: automationFramework.TestCases.LinkAccountTest 
Time Stamp: 2016-07-27 17:20:31,106 
Code Location: automationFramework.TestCases.LinkAccountTest.setUp(LinkAccountTest.java:44) 
Log Message: Current Browser: firefox.exe 
 
Time in Milliseconds: 1426050 
Test Case: automationFramework.TestCases.LinkAccountTest 
Time Stamp: 2016-07-27 17:20:31,106 
Code Location: automationFramework.TestCases.LinkAccountTest.setUp(LinkAccountTest.java:44) 
Log Message: Current Browser: firefox.exe 
 
Time in Milliseconds: 1426050 
Test Case: automationFramework.TestCases.LinkAccountTest 
Time Stamp: 2016-07-27 17:20:31,106 
Code Location: automationFramework.TestCases.LinkAccountTest.setUp(LinkAccountTest.java:44) 
Log Message: Current Browser: firefox.exe 
 
Time in Milliseconds: 1426050 
Test Case: automationFramework.TestCases.LinkAccountTest 
Time Stamp: 2016-07-27 17:20:31,106 
Code Location: automationFramework.TestCases.LinkAccountTest.setUp(LinkAccountTest.java:44) 
Log Message: Current Browser: firefox.exe 
 
Time in Milliseconds: 1426050 
Test Case: automationFramework.TestCases.LinkAccountTest 
Time Stamp: 2016-07-27 17:20:31,106 
Code Location: automationFramework.TestCases.LinkAccountTest.setUp(LinkAccountTest.java:44) 
Log Message: Current Browser: firefox.exe 
 
Time in Milliseconds: 1426050 
Test Case: automationFramework.TestCases.LinkAccountTest 
Time Stamp: 2016-07-27 17:20:31,106 
Code Location: automationFramework.TestCases.LinkAccountTest.setUp(LinkAccountTest.java:44) 
Log Message: Current Browser: firefox.exe 
 
Time in Milliseconds: 1426050 
Test Case: automationFramework.TestCases.LinkAccountTest 
Time Stamp: 2016-07-27 17:20:31,106 
Code Location: automationFramework.TestCases.LinkAccountTest.setUp(LinkAccountTest.java:44) 
Log Message: Current Browser: firefox.exe 
 
2016-07-27 17:20:31,106 INFO  [Logger] Current Browser: firefox.exe 
Time in Milliseconds: 1436374 
Test Case: automationFramework.TestCases.LinkAccountTest 
Time Stamp: 2016-07-27 17:20:41,430 
Code Location: automationFramework.TestCases.LinkAccountTest.setUp(LinkAccountTest.java:47) 
Log Message: Setup Completed 
 
Time in Milliseconds: 1436374 
Test Case: automationFramework.TestCases.LinkAccountTest 
Time Stamp: 2016-07-27 17:20:41,430 
Code Location: automationFramework.TestCases.LinkAccountTest.setUp(LinkAccountTest.java:47) 
Log Message: Setup Completed 
 
Time in Milliseconds: 1436374 
Test Case: automationFramework.TestCases.LinkAccountTest 
Time Stamp: 2016-07-27 17:20:41,430 
Code Location: automationFramework.TestCases.LinkAccountTest.setUp(LinkAccountTest.java:47) 
Log Message: Setup Completed 
 
Time in Milliseconds: 1436374 
Test Case: automationFramework.TestCases.LinkAccountTest 
Time Stamp: 2016-07-27 17:20:41,430 
Code Location: automationFramework.TestCases.LinkAccountTest.setUp(LinkAccountTest.java:47) 
Log Message: Setup Completed 
 
Time in Milliseconds: 1436374 
Test Case: automationFramework.TestCases.LinkAccountTest 
Time Stamp: 2016-07-27 17:20:41,430 
Code Location: automationFramework.TestCases.LinkAccountTest.setUp(LinkAccountTest.java:47) 
Log Message: Setup Completed 
 
Time in Milliseconds: 1436374 
Test Case: automationFramework.TestCases.LinkAccountTest 
Time Stamp: 2016-07-27 17:20:41,430 
Code Location: automationFramework.TestCases.LinkAccountTest.setUp(LinkAccountTest.java:47) 
Log Message: Setup Completed 
 
Time in Milliseconds: 1436374 
Test Case: automationFramework.TestCases.LinkAccountTest 
Time Stamp: 2016-07-27 17:20:41,430 
Code Location: automationFramework.TestCases.LinkAccountTest.setUp(LinkAccountTest.java:47) 
Log Message: Setup Completed 
 
Time in Milliseconds: 1436374 
Test Case: automationFramework.TestCases.LinkAccountTest 
Time Stamp: 2016-07-27 17:20:41,430 
Code Location: automationFramework.TestCases.LinkAccountTest.setUp(LinkAccountTest.java:47) 
Log Message: Setup Completed 
 
Time in Milliseconds: 1436374 
Test Case: automationFramework.TestCases.LinkAccountTest 
Time Stamp: 2016-07-27 17:20:41,430 
Code Location: automationFramework.TestCases.LinkAccountTest.setUp(LinkAccountTest.java:47) 
Log Message: Setup Completed 
 
Time in Milliseconds: 1436374 
Test Case: automationFramework.TestCases.LinkAccountTest 
Time Stamp: 2016-07-27 17:20:41,430 
Code Location: automationFramework.TestCases.LinkAccountTest.setUp(LinkAccountTest.java:47) 
Log Message: Setup Completed 
 
Time in Milliseconds: 1436374 
Test Case: automationFramework.TestCases.LinkAccountTest 
Time Stamp: 2016-07-27 17:20:41,430 
Code Location: automationFramework.TestCases.LinkAccountTest.setUp(LinkAccountTest.java:47) 
Log Message: Setup Completed 
 
Time in Milliseconds: 1436374 
Test Case: automationFramework.TestCases.LinkAccountTest 
Time Stamp: 2016-07-27 17:20:41,430 
Code Location: automationFramework.TestCases.LinkAccountTest.setUp(LinkAccountTest.java:47) 
Log Message: Setup Completed 
 
Time in Milliseconds: 1436374 
Test Case: automationFramework.TestCases.LinkAccountTest 
Time Stamp: 2016-07-27 17:20:41,430 
Code Location: automationFramework.TestCases.LinkAccountTest.setUp(LinkAccountTest.java:47) 
Log Message: Setup Completed 
 
Time in Milliseconds: 1436374 
Test Case: automationFramework.TestCases.LinkAccountTest 
Time Stamp: 2016-07-27 17:20:41,430 
Code Location: automationFramework.TestCases.LinkAccountTest.setUp(LinkAccountTest.java:47) 
Log Message: Setup Completed 
 
Time in Milliseconds: 1436374 
Test Case: automationFramework.TestCases.LinkAccountTest 
Time Stamp: 2016-07-27 17:20:41,430 
Code Location: automationFramework.TestCases.LinkAccountTest.setUp(LinkAccountTest.java:47) 
Log Message: Setup Completed 
 
Time in Milliseconds: 1436374 
Test Case: automationFramework.TestCases.LinkAccountTest 
Time Stamp: 2016-07-27 17:20:41,430 
Code Location: automationFramework.TestCases.LinkAccountTest.setUp(LinkAccountTest.java:47) 
Log Message: Setup Completed 
 
Time in Milliseconds: 1436374 
Test Case: automationFramework.TestCases.LinkAccountTest 
Time Stamp: 2016-07-27 17:20:41,430 
Code Location: automationFramework.TestCases.LinkAccountTest.setUp(LinkAccountTest.java:47) 
Log Message: Setup Completed 
 
Time in Milliseconds: 1436374 
Test Case: automationFramework.TestCases.LinkAccountTest 
Time Stamp: 2016-07-27 17:20:41,430 
Code Location: automationFramework.TestCases.LinkAccountTest.setUp(LinkAccountTest.java:47) 
Log Message: Setup Completed 
 
Time in Milliseconds: 1436374 
Test Case: automationFramework.TestCases.LinkAccountTest 
Time Stamp: 2016-07-27 17:20:41,430 
Code Location: automationFramework.TestCases.LinkAccountTest.setUp(LinkAccountTest.java:47) 
Log Message: Setup Completed 
 
Time in Milliseconds: 1436374 
Test Case: automationFramework.TestCases.LinkAccountTest 
Time Stamp: 2016-07-27 17:20:41,430 
Code Location: automationFramework.TestCases.LinkAccountTest.setUp(LinkAccountTest.java:47) 
Log Message: Setup Completed 
 
Time in Milliseconds: 1436374 
Test Case: automationFramework.TestCases.LinkAccountTest 
Time Stamp: 2016-07-27 17:20:41,430 
Code Location: automationFramework.TestCases.LinkAccountTest.setUp(LinkAccountTest.java:47) 
Log Message: Setup Completed 
 
Time in Milliseconds: 1436374 
Test Case: automationFramework.TestCases.LinkAccountTest 
Time Stamp: 2016-07-27 17:20:41,430 
Code Location: automationFramework.TestCases.LinkAccountTest.setUp(LinkAccountTest.java:47) 
Log Message: Setup Completed 
 
Time in Milliseconds: 1436374 
Test Case: automationFramework.TestCases.LinkAccountTest 
Time Stamp: 2016-07-27 17:20:41,430 
Code Location: automationFramework.TestCases.LinkAccountTest.setUp(LinkAccountTest.java:47) 
Log Message: Setup Completed 
 
Time in Milliseconds: 1436374 
Test Case: automationFramework.TestCases.LinkAccountTest 
Time Stamp: 2016-07-27 17:20:41,430 
Code Location: automationFramework.TestCases.LinkAccountTest.setUp(LinkAccountTest.java:47) 
Log Message: Setup Completed 
 
Time in Milliseconds: 1436374 
Test Case: automationFramework.TestCases.LinkAccountTest 
Time Stamp: 2016-07-27 17:20:41,430 
Code Location: automationFramework.TestCases.LinkAccountTest.setUp(LinkAccountTest.java:47) 
Log Message: Setup Completed 
 
Time in Milliseconds: 1436374 
Test Case: automationFramework.TestCases.LinkAccountTest 
Time Stamp: 2016-07-27 17:20:41,430 
Code Location: automationFramework.TestCases.LinkAccountTest.setUp(LinkAccountTest.java:47) 
Log Message: Setup Completed 
 
Time in Milliseconds: 1436374 
Test Case: automationFramework.TestCases.LinkAccountTest 
Time Stamp: 2016-07-27 17:20:41,430 
Code Location: automationFramework.TestCases.LinkAccountTest.setUp(LinkAccountTest.java:47) 
Log Message: Setup Completed 
 
Time in Milliseconds: 1436374 
Test Case: automationFramework.TestCases.LinkAccountTest 
Time Stamp: 2016-07-27 17:20:41,430 
Code Location: automationFramework.TestCases.LinkAccountTest.setUp(LinkAccountTest.java:47) 
Log Message: Setup Completed 
 
Time in Milliseconds: 1436374 
Test Case: automationFramework.TestCases.LinkAccountTest 
Time Stamp: 2016-07-27 17:20:41,430 
Code Location: automationFramework.TestCases.LinkAccountTest.setUp(LinkAccountTest.java:47) 
Log Message: Setup Completed 
 
Time in Milliseconds: 1436374 
Test Case: automationFramework.TestCases.LinkAccountTest 
Time Stamp: 2016-07-27 17:20:41,430 
Code Location: automationFramework.TestCases.LinkAccountTest.setUp(LinkAccountTest.java:47) 
Log Message: Setup Completed 
 
Time in Milliseconds: 1436374 
Test Case: automationFramework.TestCases.LinkAccountTest 
Time Stamp: 2016-07-27 17:20:41,430 
Code Location: automationFramework.TestCases.LinkAccountTest.setUp(LinkAccountTest.java:47) 
Log Message: Setup Completed 
 
Time in Milliseconds: 1436374 
Test Case: automationFramework.TestCases.LinkAccountTest 
Time Stamp: 2016-07-27 17:20:41,430 
Code Location: automationFramework.TestCases.LinkAccountTest.setUp(LinkAccountTest.java:47) 
Log Message: Setup Completed 
 
2016-07-27 17:20:41,430 INFO  [Logger] Setup Completed 
</system-out>
  </testcase>
  <testcase classname="automationFramework.TestCases.LinkAccountTest" name="linkAccountCardExpirationMissingTest" time="41.37"/>
  <testcase classname="automationFramework.TestCases.BalanceHistoryTest" name="checkBalanceHistory" time="96.645">
    <failure message="Unable to locate element: {&quot;method&quot;:&quot;xpath&quot;,&quot;selector&quot;:&quot;.//*[@id=&apos;balanceHistory_list_tbl&apos;]/div/div[1]/table/tbody/tr[1]/td[3]/span&quot;}
Command duration or timeout: 60.15 seconds
For documentation on this error, please visit: http://seleniumhq.org/exceptions/no_such_element.html
Build info: version: &apos;2.45.0&apos;, revision: &apos;5017cb8e7ca8e37638dc3091b2440b90a1d8686f&apos;, time: &apos;2015-02-27 09:10:26&apos;
System info: host: &apos;NACTS-081729&apos;, ip: &apos;149.63.89.232&apos;, os.name: &apos;Windows 7&apos;, os.arch: &apos;amd64&apos;, os.version: &apos;6.1&apos;, java.version: &apos;1.8.0_77&apos;
Driver info: org.openqa.selenium.firefox.FirefoxDriver
Capabilities [{applicationCacheEnabled=false, rotatable=false, handlesAlerts=true, databaseEnabled=true, version=32.0, platform=WINDOWS, nativeEvents=false, acceptSslCerts=true, webStorageEnabled=true, locationContextEnabled=true, browserName=firefox, takesScreenshot=true, javascriptEnabled=true, cssSelectorsEnabled=true}]
Session ID: 5b7fff07-7573-4876-89ad-f88f1e92fee1
*** Element info: {Using=xpath, value=.//*[@id=&apos;balanceHistory_list_tbl&apos;]/div/div[1]/table/tbody/tr[1]/td[3]/span}" type="org.openqa.selenium.NoSuchElementException">org.openqa.selenium.NoSuchElementException: Unable to locate element: {&quot;method&quot;:&quot;xpath&quot;,&quot;selector&quot;:&quot;.//*[@id=&apos;balanceHistory_list_tbl&apos;]/div/div[1]/table/tbody/tr[1]/td[3]/span&quot;}
Command duration or timeout: 60.15 seconds
For documentation on this error, please visit: http://seleniumhq.org/exceptions/no_such_element.html
Build info: version: &apos;2.45.0&apos;, revision: &apos;5017cb8e7ca8e37638dc3091b2440b90a1d8686f&apos;, time: &apos;2015-02-27 09:10:26&apos;
System info: host: &apos;NACTS-081729&apos;, ip: &apos;149.63.89.232&apos;, os.name: &apos;Windows 7&apos;, os.arch: &apos;amd64&apos;, os.version: &apos;6.1&apos;, java.version: &apos;1.8.0_77&apos;
Driver info: org.openqa.selenium.firefox.FirefoxDriver
Capabilities [{applicationCacheEnabled=false, rotatable=false, handlesAlerts=true, databaseEnabled=true, version=32.0, platform=WINDOWS, nativeEvents=false, acceptSslCerts=true, webStorageEnabled=true, locationContextEnabled=true, browserName=firefox, takesScreenshot=true, javascriptEnabled=true, cssSelectorsEnabled=true}]
Session ID: 5b7fff07-7573-4876-89ad-f88f1e92fee1
*** Element info: {Using=xpath, value=.//*[@id=&apos;balanceHistory_list_tbl&apos;]/div/div[1]/table/tbody/tr[1]/td[3]/span}
	at sun.reflect.NativeConstructorAccessorImpl.newInstance0(Native Method)
	at sun.reflect.NativeConstructorAccessorImpl.newInstance(NativeConstructorAccessorImpl.java:62)
	at sun.reflect.DelegatingConstructorAccessorImpl.newInstance(DelegatingConstructorAccessorImpl.java:45)
	at java.lang.reflect.Constructor.newInstance(Constructor.java:423)
	at org.openqa.selenium.remote.ErrorHandler.createThrowable(ErrorHandler.java:204)
	at org.openqa.selenium.remote.ErrorHandler.throwIfResponseFailed(ErrorHandler.java:156)
	at org.openqa.selenium.remote.RemoteWebDriver.execute(RemoteWebDriver.java:599)
	at org.openqa.selenium.remote.RemoteWebDriver.findElement(RemoteWebDriver.java:352)
	at org.openqa.selenium.remote.RemoteWebDriver.findElementByXPath(RemoteWebDriver.java:449)
	at org.openqa.selenium.By$ByXPath.findElement(By.java:357)
	at org.openqa.selenium.remote.RemoteWebDriver.findElement(RemoteWebDriver.java:344)
	at automationFramework.PageObjects.BalanceHistoryPage.getPurse(BalanceHistoryPage.java:35)
	at automationFramework.TestCases.BalanceHistoryTest.checkBalanceHistory(BalanceHistoryTest.java:58)
Caused by: org.openqa.selenium.NoSuchElementException: Unable to locate element: {&quot;method&quot;:&quot;xpath&quot;,&quot;selector&quot;:&quot;.//*[@id=&apos;balanceHistory_list_tbl&apos;]/div/div[1]/table/tbody/tr[1]/td[3]/span&quot;}
For documentation on this error, please visit: http://seleniumhq.org/exceptions/no_such_element.html
Build info: version: &apos;2.45.0&apos;, revision: &apos;5017cb8e7ca8e37638dc3091b2440b90a1d8686f&apos;, time: &apos;2015-02-27 09:10:26&apos;
System info: host: &apos;NACTS-081729&apos;, ip: &apos;149.63.89.232&apos;, os.name: &apos;Windows 7&apos;, os.arch: &apos;amd64&apos;, os.version: &apos;6.1&apos;, java.version: &apos;1.8.0_77&apos;
Driver info: driver.version: unknown
	at &lt;anonymous class&gt;.FirefoxDriver.prototype.findElementInternal_(file:///C:/WINDOWS/TEMP/anonymous4260513124110857875webdriver-profile/extensions/fxdriver@googlecode.com/components/driver-component.js:10271)
	at &lt;anonymous class&gt;.fxdriver.Timer.prototype.setTimeout/&lt;.notify(file:///C:/WINDOWS/TEMP/anonymous4260513124110857875webdriver-profile/extensions/fxdriver@googlecode.com/components/driver-component.js:603)
</failure>
    <system-out>Time in Milliseconds: 1530853 
Test Case: automationFramework.TestCases.LinkAccountTest 
Time Stamp: 2016-07-27 17:22:15,909 
Code Location: automationFramework.TestCases.LinkAccountTest.tearDown(LinkAccountTest.java:324) 
Log Message: TearDown Complete 
 
Time in Milliseconds: 1530853 
Test Case: automationFramework.TestCases.LinkAccountTest 
Time Stamp: 2016-07-27 17:22:15,909 
Code Location: automationFramework.TestCases.LinkAccountTest.tearDown(LinkAccountTest.java:324) 
Log Message: TearDown Complete 
 
Time in Milliseconds: 1530853 
Test Case: automationFramework.TestCases.LinkAccountTest 
Time Stamp: 2016-07-27 17:22:15,909 
Code Location: automationFramework.TestCases.LinkAccountTest.tearDown(LinkAccountTest.java:324) 
Log Message: TearDown Complete 
 
Time in Milliseconds: 1530853 
Test Case: automationFramework.TestCases.LinkAccountTest 
Time Stamp: 2016-07-27 17:22:15,909 
Code Location: automationFramework.TestCases.LinkAccountTest.tearDown(LinkAccountTest.java:324) 
Log Message: TearDown Complete 
 
Time in Milliseconds: 1530853 
Test Case: automationFramework.TestCases.LinkAccountTest 
Time Stamp: 2016-07-27 17:22:15,909 
Code Location: automationFramework.TestCases.LinkAccountTest.tearDown(LinkAccountTest.java:324) 
Log Message: TearDown Complete 
 
Time in Milliseconds: 1530853 
Test Case: automationFramework.TestCases.LinkAccountTest 
Time Stamp: 2016-07-27 17:22:15,909 
Code Location: automationFramework.TestCases.LinkAccountTest.tearDown(LinkAccountTest.java:324) 
Log Message: TearDown Complete 
 
Time in Milliseconds: 1530853 
Test Case: automationFramework.TestCases.LinkAccountTest 
Time Stamp: 2016-07-27 17:22:15,909 
Code Location: automationFramework.TestCases.LinkAccountTest.tearDown(LinkAccountTest.java:324) 
Log Message: TearDown Complete 
 
Time in Milliseconds: 1530853 
Test Case: automationFramework.TestCases.LinkAccountTest 
Time Stamp: 2016-07-27 17:22:15,909 
Code Location: automationFramework.TestCases.LinkAccountTest.tearDown(LinkAccountTest.java:324) 
Log Message: TearDown Complete 
 
Time in Milliseconds: 1530853 
Test Case: automationFramework.TestCases.LinkAccountTest 
Time Stamp: 2016-07-27 17:22:15,909 
Code Location: automationFramework.TestCases.LinkAccountTest.tearDown(LinkAccountTest.java:324) 
Log Message: TearDown Complete 
 
Time in Milliseconds: 1530853 
Test Case: automationFramework.TestCases.LinkAccountTest 
Time Stamp: 2016-07-27 17:22:15,909 
Code Location: automationFramework.TestCases.LinkAccountTest.tearDown(LinkAccountTest.java:324) 
Log Message: TearDown Complete 
 
Time in Milliseconds: 1530853 
Test Case: automationFramework.TestCases.LinkAccountTest 
Time Stamp: 2016-07-27 17:22:15,909 
Code Location: automationFramework.TestCases.LinkAccountTest.tearDown(LinkAccountTest.java:324) 
Log Message: TearDown Complete 
 
Time in Milliseconds: 1530853 
Test Case: automationFramework.TestCases.LinkAccountTest 
Time Stamp: 2016-07-27 17:22:15,909 
Code Location: automationFramework.TestCases.LinkAccountTest.tearDown(LinkAccountTest.java:324) 
Log Message: TearDown Complete 
 
Time in Milliseconds: 1530853 
Test Case: automationFramework.TestCases.LinkAccountTest 
Time Stamp: 2016-07-27 17:22:15,909 
Code Location: automationFramework.TestCases.LinkAccountTest.tearDown(LinkAccountTest.java:324) 
Log Message: TearDown Complete 
 
Time in Milliseconds: 1530853 
Test Case: automationFramework.TestCases.LinkAccountTest 
Time Stamp: 2016-07-27 17:22:15,909 
Code Location: automationFramework.TestCases.LinkAccountTest.tearDown(LinkAccountTest.java:324) 
Log Message: TearDown Complete 
 
Time in Milliseconds: 1530853 
Test Case: automationFramework.TestCases.LinkAccountTest 
Time Stamp: 2016-07-27 17:22:15,909 
Code Location: automationFramework.TestCases.LinkAccountTest.tearDown(LinkAccountTest.java:324) 
Log Message: TearDown Complete 
 
Time in Milliseconds: 1530853 
Test Case: automationFramework.TestCases.LinkAccountTest 
Time Stamp: 2016-07-27 17:22:15,909 
Code Location: automationFramework.TestCases.LinkAccountTest.tearDown(LinkAccountTest.java:324) 
Log Message: TearDown Complete 
 
Time in Milliseconds: 1530853 
Test Case: automationFramework.TestCases.LinkAccountTest 
Time Stamp: 2016-07-27 17:22:15,909 
Code Location: automationFramework.TestCases.LinkAccountTest.tearDown(LinkAccountTest.java:324) 
Log Message: TearDown Complete 
 
Time in Milliseconds: 1530853 
Test Case: automationFramework.TestCases.LinkAccountTest 
Time Stamp: 2016-07-27 17:22:15,909 
Code Location: automationFramework.TestCases.LinkAccountTest.tearDown(LinkAccountTest.java:324) 
Log Message: TearDown Complete 
 
Time in Milliseconds: 1530853 
Test Case: automationFramework.TestCases.LinkAccountTest 
Time Stamp: 2016-07-27 17:22:15,909 
Code Location: automationFramework.TestCases.LinkAccountTest.tearDown(LinkAccountTest.java:324) 
Log Message: TearDown Complete 
 
Time in Milliseconds: 1530853 
Test Case: automationFramework.TestCases.LinkAccountTest 
Time Stamp: 2016-07-27 17:22:15,909 
Code Location: automationFramework.TestCases.LinkAccountTest.tearDown(LinkAccountTest.java:324) 
Log Message: TearDown Complete 
 
Time in Milliseconds: 1530853 
Test Case: automationFramework.TestCases.LinkAccountTest 
Time Stamp: 2016-07-27 17:22:15,909 
Code Location: automationFramework.TestCases.LinkAccountTest.tearDown(LinkAccountTest.java:324) 
Log Message: TearDown Complete 
 
Time in Milliseconds: 1530853 
Test Case: automationFramework.TestCases.LinkAccountTest 
Time Stamp: 2016-07-27 17:22:15,909 
Code Location: automationFramework.TestCases.LinkAccountTest.tearDown(LinkAccountTest.java:324) 
Log Message: TearDown Complete 
 
Time in Milliseconds: 1530853 
Test Case: automationFramework.TestCases.LinkAccountTest 
Time Stamp: 2016-07-27 17:22:15,909 
Code Location: automationFramework.TestCases.LinkAccountTest.tearDown(LinkAccountTest.java:324) 
Log Message: TearDown Complete 
 
Time in Milliseconds: 1530853 
Test Case: automationFramework.TestCases.LinkAccountTest 
Time Stamp: 2016-07-27 17:22:15,909 
Code Location: automationFramework.TestCases.LinkAccountTest.tearDown(LinkAccountTest.java:324) 
Log Message: TearDown Complete 
 
Time in Milliseconds: 1530853 
Test Case: automationFramework.TestCases.LinkAccountTest 
Time Stamp: 2016-07-27 17:22:15,909 
Code Location: automationFramework.TestCases.LinkAccountTest.tearDown(LinkAccountTest.java:324) 
Log Message: TearDown Complete 
 
Time in Milliseconds: 1530853 
Test Case: automationFramework.TestCases.LinkAccountTest 
Time Stamp: 2016-07-27 17:22:15,909 
Code Location: automationFramework.TestCases.LinkAccountTest.tearDown(LinkAccountTest.java:324) 
Log Message: TearDown Complete 
 
Time in Milliseconds: 1530853 
Test Case: automationFramework.TestCases.LinkAccountTest 
Time Stamp: 2016-07-27 17:22:15,909 
Code Location: automationFramework.TestCases.LinkAccountTest.tearDown(LinkAccountTest.java:324) 
Log Message: TearDown Complete 
 
Time in Milliseconds: 1530853 
Test Case: automationFramework.TestCases.LinkAccountTest 
Time Stamp: 2016-07-27 17:22:15,909 
Code Location: automationFramework.TestCases.LinkAccountTest.tearDown(LinkAccountTest.java:324) 
Log Message: TearDown Complete 
 
Time in Milliseconds: 1530853 
Test Case: automationFramework.TestCases.LinkAccountTest 
Time Stamp: 2016-07-27 17:22:15,909 
Code Location: automationFramework.TestCases.LinkAccountTest.tearDown(LinkAccountTest.java:324) 
Log Message: TearDown Complete 
 
Time in Milliseconds: 1530853 
Test Case: automationFramework.TestCases.LinkAccountTest 
Time Stamp: 2016-07-27 17:22:15,909 
Code Location: automationFramework.TestCases.LinkAccountTest.tearDown(LinkAccountTest.java:324) 
Log Message: TearDown Complete 
 
Time in Milliseconds: 1530853 
Test Case: automationFramework.TestCases.LinkAccountTest 
Time Stamp: 2016-07-27 17:22:15,909 
Code Location: automationFramework.TestCases.LinkAccountTest.tearDown(LinkAccountTest.java:324) 
Log Message: TearDown Complete 
 
Time in Milliseconds: 1530853 
Test Case: automationFramework.TestCases.LinkAccountTest 
Time Stamp: 2016-07-27 17:22:15,909 
Code Location: automationFramework.TestCases.LinkAccountTest.tearDown(LinkAccountTest.java:324) 
Log Message: TearDown Complete 
 
Time in Milliseconds: 1530853 
Test Case: automationFramework.TestCases.LinkAccountTest 
Time Stamp: 2016-07-27 17:22:15,909 
Code Location: automationFramework.TestCases.LinkAccountTest.tearDown(LinkAccountTest.java:324) 
Log Message: TearDown Complete 
 
2016-07-27 17:22:15,909 INFO  [Logger] TearDown Complete 
Time in Milliseconds: 1531490 
Test Case: automationFramework.TestCases.BalanceHistoryTest 
Time Stamp: 2016-07-27 17:22:16,546 
Code Location: automationFramework.TestCases.BalanceHistoryTest.setUp(BalanceHistoryTest.java:35) 
Log Message: Setup Started 
 
Time in Milliseconds: 1531490 
Test Case: automationFramework.TestCases.BalanceHistoryTest 
Time Stamp: 2016-07-27 17:22:16,546 
Code Location: automationFramework.TestCases.BalanceHistoryTest.setUp(BalanceHistoryTest.java:35) 
Log Message: Setup Started 
 
Time in Milliseconds: 1531490 
Test Case: automationFramework.TestCases.BalanceHistoryTest 
Time Stamp: 2016-07-27 17:22:16,546 
Code Location: automationFramework.TestCases.BalanceHistoryTest.setUp(BalanceHistoryTest.java:35) 
Log Message: Setup Started 
 
Time in Milliseconds: 1531490 
Test Case: automationFramework.TestCases.BalanceHistoryTest 
Time Stamp: 2016-07-27 17:22:16,546 
Code Location: automationFramework.TestCases.BalanceHistoryTest.setUp(BalanceHistoryTest.java:35) 
Log Message: Setup Started 
 
Time in Milliseconds: 1531490 
Test Case: automationFramework.TestCases.BalanceHistoryTest 
Time Stamp: 2016-07-27 17:22:16,546 
Code Location: automationFramework.TestCases.BalanceHistoryTest.setUp(BalanceHistoryTest.java:35) 
Log Message: Setup Started 
 
Time in Milliseconds: 1531490 
Test Case: automationFramework.TestCases.BalanceHistoryTest 
Time Stamp: 2016-07-27 17:22:16,546 
Code Location: automationFramework.TestCases.BalanceHistoryTest.setUp(BalanceHistoryTest.java:35) 
Log Message: Setup Started 
 
Time in Milliseconds: 1531490 
Test Case: automationFramework.TestCases.BalanceHistoryTest 
Time Stamp: 2016-07-27 17:22:16,546 
Code Location: automationFramework.TestCases.BalanceHistoryTest.setUp(BalanceHistoryTest.java:35) 
Log Message: Setup Started 
 
Time in Milliseconds: 1531490 
Test Case: automationFramework.TestCases.BalanceHistoryTest 
Time Stamp: 2016-07-27 17:22:16,546 
Code Location: automationFramework.TestCases.BalanceHistoryTest.setUp(BalanceHistoryTest.java:35) 
Log Message: Setup Started 
 
Time in Milliseconds: 1531490 
Test Case: automationFramework.TestCases.BalanceHistoryTest 
Time Stamp: 2016-07-27 17:22:16,546 
Code Location: automationFramework.TestCases.BalanceHistoryTest.setUp(BalanceHistoryTest.java:35) 
Log Message: Setup Started 
 
Time in Milliseconds: 1531490 
Test Case: automationFramework.TestCases.BalanceHistoryTest 
Time Stamp: 2016-07-27 17:22:16,546 
Code Location: automationFramework.TestCases.BalanceHistoryTest.setUp(BalanceHistoryTest.java:35) 
Log Message: Setup Started 
 
Time in Milliseconds: 1531490 
Test Case: automationFramework.TestCases.BalanceHistoryTest 
Time Stamp: 2016-07-27 17:22:16,546 
Code Location: automationFramework.TestCases.BalanceHistoryTest.setUp(BalanceHistoryTest.java:35) 
Log Message: Setup Started 
 
Time in Milliseconds: 1531490 
Test Case: automationFramework.TestCases.BalanceHistoryTest 
Time Stamp: 2016-07-27 17:22:16,546 
Code Location: automationFramework.TestCases.BalanceHistoryTest.setUp(BalanceHistoryTest.java:35) 
Log Message: Setup Started 
 
Time in Milliseconds: 1531490 
Test Case: automationFramework.TestCases.BalanceHistoryTest 
Time Stamp: 2016-07-27 17:22:16,546 
Code Location: automationFramework.TestCases.BalanceHistoryTest.setUp(BalanceHistoryTest.java:35) 
Log Message: Setup Started 
 
Time in Milliseconds: 1531490 
Test Case: automationFramework.TestCases.BalanceHistoryTest 
Time Stamp: 2016-07-27 17:22:16,546 
Code Location: automationFramework.TestCases.BalanceHistoryTest.setUp(BalanceHistoryTest.java:35) 
Log Message: Setup Started 
 
Time in Milliseconds: 1531490 
Test Case: automationFramework.TestCases.BalanceHistoryTest 
Time Stamp: 2016-07-27 17:22:16,546 
Code Location: automationFramework.TestCases.BalanceHistoryTest.setUp(BalanceHistoryTest.java:35) 
Log Message: Setup Started 
 
Time in Milliseconds: 1531490 
Test Case: automationFramework.TestCases.BalanceHistoryTest 
Time Stamp: 2016-07-27 17:22:16,546 
Code Location: automationFramework.TestCases.BalanceHistoryTest.setUp(BalanceHistoryTest.java:35) 
Log Message: Setup Started 
 
Time in Milliseconds: 1531490 
Test Case: automationFramework.TestCases.BalanceHistoryTest 
Time Stamp: 2016-07-27 17:22:16,546 
Code Location: automationFramework.TestCases.BalanceHistoryTest.setUp(BalanceHistoryTest.java:35) 
Log Message: Setup Started 
 
Time in Milliseconds: 1531490 
Test Case: automationFramework.TestCases.BalanceHistoryTest 
Time Stamp: 2016-07-27 17:22:16,546 
Code Location: automationFramework.TestCases.BalanceHistoryTest.setUp(BalanceHistoryTest.java:35) 
Log Message: Setup Started 
 
Time in Milliseconds: 1531490 
Test Case: automationFramework.TestCases.BalanceHistoryTest 
Time Stamp: 2016-07-27 17:22:16,546 
Code Location: automationFramework.TestCases.BalanceHistoryTest.setUp(BalanceHistoryTest.java:35) 
Log Message: Setup Started 
 
Time in Milliseconds: 1531490 
Test Case: automationFramework.TestCases.BalanceHistoryTest 
Time Stamp: 2016-07-27 17:22:16,546 
Code Location: automationFramework.TestCases.BalanceHistoryTest.setUp(BalanceHistoryTest.java:35) 
Log Message: Setup Started 
 
Time in Milliseconds: 1531490 
Test Case: automationFramework.TestCases.BalanceHistoryTest 
Time Stamp: 2016-07-27 17:22:16,546 
Code Location: automationFramework.TestCases.BalanceHistoryTest.setUp(BalanceHistoryTest.java:35) 
Log Message: Setup Started 
 
Time in Milliseconds: 1531490 
Test Case: automationFramework.TestCases.BalanceHistoryTest 
Time Stamp: 2016-07-27 17:22:16,546 
Code Location: automationFramework.TestCases.BalanceHistoryTest.setUp(BalanceHistoryTest.java:35) 
Log Message: Setup Started 
 
Time in Milliseconds: 1531490 
Test Case: automationFramework.TestCases.BalanceHistoryTest 
Time Stamp: 2016-07-27 17:22:16,546 
Code Location: automationFramework.TestCases.BalanceHistoryTest.setUp(BalanceHistoryTest.java:35) 
Log Message: Setup Started 
 
Time in Milliseconds: 1531490 
Test Case: automationFramework.TestCases.BalanceHistoryTest 
Time Stamp: 2016-07-27 17:22:16,546 
Code Location: automationFramework.TestCases.BalanceHistoryTest.setUp(BalanceHistoryTest.java:35) 
Log Message: Setup Started 
 
Time in Milliseconds: 1531490 
Test Case: automationFramework.TestCases.BalanceHistoryTest 
Time Stamp: 2016-07-27 17:22:16,546 
Code Location: automationFramework.TestCases.BalanceHistoryTest.setUp(BalanceHistoryTest.java:35) 
Log Message: Setup Started 
 
Time in Milliseconds: 1531490 
Test Case: automationFramework.TestCases.BalanceHistoryTest 
Time Stamp: 2016-07-27 17:22:16,546 
Code Location: automationFramework.TestCases.BalanceHistoryTest.setUp(BalanceHistoryTest.java:35) 
Log Message: Setup Started 
 
Time in Milliseconds: 1531490 
Test Case: automationFramework.TestCases.BalanceHistoryTest 
Time Stamp: 2016-07-27 17:22:16,546 
Code Location: automationFramework.TestCases.BalanceHistoryTest.setUp(BalanceHistoryTest.java:35) 
Log Message: Setup Started 
 
Time in Milliseconds: 1531490 
Test Case: automationFramework.TestCases.BalanceHistoryTest 
Time Stamp: 2016-07-27 17:22:16,546 
Code Location: automationFramework.TestCases.BalanceHistoryTest.setUp(BalanceHistoryTest.java:35) 
Log Message: Setup Started 
 
Time in Milliseconds: 1531490 
Test Case: automationFramework.TestCases.BalanceHistoryTest 
Time Stamp: 2016-07-27 17:22:16,546 
Code Location: automationFramework.TestCases.BalanceHistoryTest.setUp(BalanceHistoryTest.java:35) 
Log Message: Setup Started 
 
Time in Milliseconds: 1531490 
Test Case: automationFramework.TestCases.BalanceHistoryTest 
Time Stamp: 2016-07-27 17:22:16,546 
Code Location: automationFramework.TestCases.BalanceHistoryTest.setUp(BalanceHistoryTest.java:35) 
Log Message: Setup Started 
 
Time in Milliseconds: 1531490 
Test Case: automationFramework.TestCases.BalanceHistoryTest 
Time Stamp: 2016-07-27 17:22:16,546 
Code Location: automationFramework.TestCases.BalanceHistoryTest.setUp(BalanceHistoryTest.java:35) 
Log Message: Setup Started 
 
Time in Milliseconds: 1531490 
Test Case: automationFramework.TestCases.BalanceHistoryTest 
Time Stamp: 2016-07-27 17:22:16,546 
Code Location: automationFramework.TestCases.BalanceHistoryTest.setUp(BalanceHistoryTest.java:35) 
Log Message: Setup Started 
 
Time in Milliseconds: 1531490 
Test Case: automationFramework.TestCases.BalanceHistoryTest 
Time Stamp: 2016-07-27 17:22:16,546 
Code Location: automationFramework.TestCases.BalanceHistoryTest.setUp(BalanceHistoryTest.java:35) 
Log Message: Setup Started 
 
Time in Milliseconds: 1531490 
Test Case: automationFramework.TestCases.BalanceHistoryTest 
Time Stamp: 2016-07-27 17:22:16,546 
Code Location: automationFramework.TestCases.BalanceHistoryTest.setUp(BalanceHistoryTest.java:35) 
Log Message: Setup Started 
 
2016-07-27 17:22:16,546 INFO  [Logger] Setup Started 
Time in Milliseconds: 1531657 
Test Case: automationFramework.TestCases.BalanceHistoryTest 
Time Stamp: 2016-07-27 17:22:16,713 
Code Location: automationFramework.TestCases.BalanceHistoryTest.setUp(BalanceHistoryTest.java:36) 
Log Message: Current OS: Windows 7 Enterprise 
 
Time in Milliseconds: 1531657 
Test Case: automationFramework.TestCases.BalanceHistoryTest 
Time Stamp: 2016-07-27 17:22:16,713 
Code Location: automationFramework.TestCases.BalanceHistoryTest.setUp(BalanceHistoryTest.java:36) 
Log Message: Current OS: Windows 7 Enterprise 
 
Time in Milliseconds: 1531657 
Test Case: automationFramework.TestCases.BalanceHistoryTest 
Time Stamp: 2016-07-27 17:22:16,713 
Code Location: automationFramework.TestCases.BalanceHistoryTest.setUp(BalanceHistoryTest.java:36) 
Log Message: Current OS: Windows 7 Enterprise 
 
Time in Milliseconds: 1531657 
Test Case: automationFramework.TestCases.BalanceHistoryTest 
Time Stamp: 2016-07-27 17:22:16,713 
Code Location: automationFramework.TestCases.BalanceHistoryTest.setUp(BalanceHistoryTest.java:36) 
Log Message: Current OS: Windows 7 Enterprise 
 
Time in Milliseconds: 1531657 
Test Case: automationFramework.TestCases.BalanceHistoryTest 
Time Stamp: 2016-07-27 17:22:16,713 
Code Location: automationFramework.TestCases.BalanceHistoryTest.setUp(BalanceHistoryTest.java:36) 
Log Message: Current OS: Windows 7 Enterprise 
 
Time in Milliseconds: 1531657 
Test Case: automationFramework.TestCases.BalanceHistoryTest 
Time Stamp: 2016-07-27 17:22:16,713 
Code Location: automationFramework.TestCases.BalanceHistoryTest.setUp(BalanceHistoryTest.java:36) 
Log Message: Current OS: Windows 7 Enterprise 
 
Time in Milliseconds: 1531657 
Test Case: automationFramework.TestCases.BalanceHistoryTest 
Time Stamp: 2016-07-27 17:22:16,713 
Code Location: automationFramework.TestCases.BalanceHistoryTest.setUp(BalanceHistoryTest.java:36) 
Log Message: Current OS: Windows 7 Enterprise 
 
Time in Milliseconds: 1531657 
Test Case: automationFramework.TestCases.BalanceHistoryTest 
Time Stamp: 2016-07-27 17:22:16,713 
Code Location: automationFramework.TestCases.BalanceHistoryTest.setUp(BalanceHistoryTest.java:36) 
Log Message: Current OS: Windows 7 Enterprise 
 
Time in Milliseconds: 1531657 
Test Case: automationFramework.TestCases.BalanceHistoryTest 
Time Stamp: 2016-07-27 17:22:16,713 
Code Location: automationFramework.TestCases.BalanceHistoryTest.setUp(BalanceHistoryTest.java:36) 
Log Message: Current OS: Windows 7 Enterprise 
 
Time in Milliseconds: 1531657 
Test Case: automationFramework.TestCases.BalanceHistoryTest 
Time Stamp: 2016-07-27 17:22:16,713 
Code Location: automationFramework.TestCases.BalanceHistoryTest.setUp(BalanceHistoryTest.java:36) 
Log Message: Current OS: Windows 7 Enterprise 
 
Time in Milliseconds: 1531657 
Test Case: automationFramework.TestCases.BalanceHistoryTest 
Time Stamp: 2016-07-27 17:22:16,713 
Code Location: automationFramework.TestCases.BalanceHistoryTest.setUp(BalanceHistoryTest.java:36) 
Log Message: Current OS: Windows 7 Enterprise 
 
Time in Milliseconds: 1531657 
Test Case: automationFramework.TestCases.BalanceHistoryTest 
Time Stamp: 2016-07-27 17:22:16,713 
Code Location: automationFramework.TestCases.BalanceHistoryTest.setUp(BalanceHistoryTest.java:36) 
Log Message: Current OS: Windows 7 Enterprise 
 
Time in Milliseconds: 1531657 
Test Case: automationFramework.TestCases.BalanceHistoryTest 
Time Stamp: 2016-07-27 17:22:16,713 
Code Location: automationFramework.TestCases.BalanceHistoryTest.setUp(BalanceHistoryTest.java:36) 
Log Message: Current OS: Windows 7 Enterprise 
 
Time in Milliseconds: 1531657 
Test Case: automationFramework.TestCases.BalanceHistoryTest 
Time Stamp: 2016-07-27 17:22:16,713 
Code Location: automationFramework.TestCases.BalanceHistoryTest.setUp(BalanceHistoryTest.java:36) 
Log Message: Current OS: Windows 7 Enterprise 
 
Time in Milliseconds: 1531657 
Test Case: automationFramework.TestCases.BalanceHistoryTest 
Time Stamp: 2016-07-27 17:22:16,713 
Code Location: automationFramework.TestCases.BalanceHistoryTest.setUp(BalanceHistoryTest.java:36) 
Log Message: Current OS: Windows 7 Enterprise 
 
Time in Milliseconds: 1531657 
Test Case: automationFramework.TestCases.BalanceHistoryTest 
Time Stamp: 2016-07-27 17:22:16,713 
Code Location: automationFramework.TestCases.BalanceHistoryTest.setUp(BalanceHistoryTest.java:36) 
Log Message: Current OS: Windows 7 Enterprise 
 
Time in Milliseconds: 1531657 
Test Case: automationFramework.TestCases.BalanceHistoryTest 
Time Stamp: 2016-07-27 17:22:16,713 
Code Location: automationFramework.TestCases.BalanceHistoryTest.setUp(BalanceHistoryTest.java:36) 
Log Message: Current OS: Windows 7 Enterprise 
 
Time in Milliseconds: 1531657 
Test Case: automationFramework.TestCases.BalanceHistoryTest 
Time Stamp: 2016-07-27 17:22:16,713 
Code Location: automationFramework.TestCases.BalanceHistoryTest.setUp(BalanceHistoryTest.java:36) 
Log Message: Current OS: Windows 7 Enterprise 
 
Time in Milliseconds: 1531657 
Test Case: automationFramework.TestCases.BalanceHistoryTest 
Time Stamp: 2016-07-27 17:22:16,713 
Code Location: automationFramework.TestCases.BalanceHistoryTest.setUp(BalanceHistoryTest.java:36) 
Log Message: Current OS: Windows 7 Enterprise 
 
Time in Milliseconds: 1531657 
Test Case: automationFramework.TestCases.BalanceHistoryTest 
Time Stamp: 2016-07-27 17:22:16,713 
Code Location: automationFramework.TestCases.BalanceHistoryTest.setUp(BalanceHistoryTest.java:36) 
Log Message: Current OS: Windows 7 Enterprise 
 
Time in Milliseconds: 1531657 
Test Case: automationFramework.TestCases.BalanceHistoryTest 
Time Stamp: 2016-07-27 17:22:16,713 
Code Location: automationFramework.TestCases.BalanceHistoryTest.setUp(BalanceHistoryTest.java:36) 
Log Message: Current OS: Windows 7 Enterprise 
 
Time in Milliseconds: 1531657 
Test Case: automationFramework.TestCases.BalanceHistoryTest 
Time Stamp: 2016-07-27 17:22:16,713 
Code Location: automationFramework.TestCases.BalanceHistoryTest.setUp(BalanceHistoryTest.java:36) 
Log Message: Current OS: Windows 7 Enterprise 
 
Time in Milliseconds: 1531657 
Test Case: automationFramework.TestCases.BalanceHistoryTest 
Time Stamp: 2016-07-27 17:22:16,713 
Code Location: automationFramework.TestCases.BalanceHistoryTest.setUp(BalanceHistoryTest.java:36) 
Log Message: Current OS: Windows 7 Enterprise 
 
Time in Milliseconds: 1531657 
Test Case: automationFramework.TestCases.BalanceHistoryTest 
Time Stamp: 2016-07-27 17:22:16,713 
Code Location: automationFramework.TestCases.BalanceHistoryTest.setUp(BalanceHistoryTest.java:36) 
Log Message: Current OS: Windows 7 Enterprise 
 
Time in Milliseconds: 1531657 
Test Case: automationFramework.TestCases.BalanceHistoryTest 
Time Stamp: 2016-07-27 17:22:16,713 
Code Location: automationFramework.TestCases.BalanceHistoryTest.setUp(BalanceHistoryTest.java:36) 
Log Message: Current OS: Windows 7 Enterprise 
 
Time in Milliseconds: 1531657 
Test Case: automationFramework.TestCases.BalanceHistoryTest 
Time Stamp: 2016-07-27 17:22:16,713 
Code Location: automationFramework.TestCases.BalanceHistoryTest.setUp(BalanceHistoryTest.java:36) 
Log Message: Current OS: Windows 7 Enterprise 
 
Time in Milliseconds: 1531657 
Test Case: automationFramework.TestCases.BalanceHistoryTest 
Time Stamp: 2016-07-27 17:22:16,713 
Code Location: automationFramework.TestCases.BalanceHistoryTest.setUp(BalanceHistoryTest.java:36) 
Log Message: Current OS: Windows 7 Enterprise 
 
Time in Milliseconds: 1531657 
Test Case: automationFramework.TestCases.BalanceHistoryTest 
Time Stamp: 2016-07-27 17:22:16,713 
Code Location: automationFramework.TestCases.BalanceHistoryTest.setUp(BalanceHistoryTest.java:36) 
Log Message: Current OS: Windows 7 Enterprise 
 
Time in Milliseconds: 1531657 
Test Case: automationFramework.TestCases.BalanceHistoryTest 
Time Stamp: 2016-07-27 17:22:16,713 
Code Location: automationFramework.TestCases.BalanceHistoryTest.setUp(BalanceHistoryTest.java:36) 
Log Message: Current OS: Windows 7 Enterprise 
 
Time in Milliseconds: 1531657 
Test Case: automationFramework.TestCases.BalanceHistoryTest 
Time Stamp: 2016-07-27 17:22:16,713 
Code Location: automationFramework.TestCases.BalanceHistoryTest.setUp(BalanceHistoryTest.java:36) 
Log Message: Current OS: Windows 7 Enterprise 
 
Time in Milliseconds: 1531657 
Test Case: automationFramework.TestCases.BalanceHistoryTest 
Time Stamp: 2016-07-27 17:22:16,713 
Code Location: automationFramework.TestCases.BalanceHistoryTest.setUp(BalanceHistoryTest.java:36) 
Log Message: Current OS: Windows 7 Enterprise 
 
Time in Milliseconds: 1531657 
Test Case: automationFramework.TestCases.BalanceHistoryTest 
Time Stamp: 2016-07-27 17:22:16,713 
Code Location: automationFramework.TestCases.BalanceHistoryTest.setUp(BalanceHistoryTest.java:36) 
Log Message: Current OS: Windows 7 Enterprise 
 
Time in Milliseconds: 1531657 
Test Case: automationFramework.TestCases.BalanceHistoryTest 
Time Stamp: 2016-07-27 17:22:16,713 
Code Location: automationFramework.TestCases.BalanceHistoryTest.setUp(BalanceHistoryTest.java:36) 
Log Message: Current OS: Windows 7 Enterprise 
 
Time in Milliseconds: 1531657 
Test Case: automationFramework.TestCases.BalanceHistoryTest 
Time Stamp: 2016-07-27 17:22:16,713 
Code Location: automationFramework.TestCases.BalanceHistoryTest.setUp(BalanceHistoryTest.java:36) 
Log Message: Current OS: Windows 7 Enterprise 
 
2016-07-27 17:22:16,713 INFO  [Logger] Current OS: Windows 7 Enterprise 
Time in Milliseconds: 1531667 
Test Case: automationFramework.TestCases.BalanceHistoryTest 
Time Stamp: 2016-07-27 17:22:16,723 
Code Location: automationFramework.TestCases.BalanceHistoryTest.setUp(BalanceHistoryTest.java:37) 
Log Message: Current Browser: firefox.exe 
 
Time in Milliseconds: 1531667 
Test Case: automationFramework.TestCases.BalanceHistoryTest 
Time Stamp: 2016-07-27 17:22:16,723 
Code Location: automationFramework.TestCases.BalanceHistoryTest.setUp(BalanceHistoryTest.java:37) 
Log Message: Current Browser: firefox.exe 
 
Time in Milliseconds: 1531667 
Test Case: automationFramework.TestCases.BalanceHistoryTest 
Time Stamp: 2016-07-27 17:22:16,723 
Code Location: automationFramework.TestCases.BalanceHistoryTest.setUp(BalanceHistoryTest.java:37) 
Log Message: Current Browser: firefox.exe 
 
Time in Milliseconds: 1531667 
Test Case: automationFramework.TestCases.BalanceHistoryTest 
Time Stamp: 2016-07-27 17:22:16,723 
Code Location: automationFramework.TestCases.BalanceHistoryTest.setUp(BalanceHistoryTest.java:37) 
Log Message: Current Browser: firefox.exe 
 
Time in Milliseconds: 1531667 
Test Case: automationFramework.TestCases.BalanceHistoryTest 
Time Stamp: 2016-07-27 17:22:16,723 
Code Location: automationFramework.TestCases.BalanceHistoryTest.setUp(BalanceHistoryTest.java:37) 
Log Message: Current Browser: firefox.exe 
 
Time in Milliseconds: 1531667 
Test Case: automationFramework.TestCases.BalanceHistoryTest 
Time Stamp: 2016-07-27 17:22:16,723 
Code Location: automationFramework.TestCases.BalanceHistoryTest.setUp(BalanceHistoryTest.java:37) 
Log Message: Current Browser: firefox.exe 
 
Time in Milliseconds: 1531667 
Test Case: automationFramework.TestCases.BalanceHistoryTest 
Time Stamp: 2016-07-27 17:22:16,723 
Code Location: automationFramework.TestCases.BalanceHistoryTest.setUp(BalanceHistoryTest.java:37) 
Log Message: Current Browser: firefox.exe 
 
Time in Milliseconds: 1531667 
Test Case: automationFramework.TestCases.BalanceHistoryTest 
Time Stamp: 2016-07-27 17:22:16,723 
Code Location: automationFramework.TestCases.BalanceHistoryTest.setUp(BalanceHistoryTest.java:37) 
Log Message: Current Browser: firefox.exe 
 
Time in Milliseconds: 1531667 
Test Case: automationFramework.TestCases.BalanceHistoryTest 
Time Stamp: 2016-07-27 17:22:16,723 
Code Location: automationFramework.TestCases.BalanceHistoryTest.setUp(BalanceHistoryTest.java:37) 
Log Message: Current Browser: firefox.exe 
 
Time in Milliseconds: 1531667 
Test Case: automationFramework.TestCases.BalanceHistoryTest 
Time Stamp: 2016-07-27 17:22:16,723 
Code Location: automationFramework.TestCases.BalanceHistoryTest.setUp(BalanceHistoryTest.java:37) 
Log Message: Current Browser: firefox.exe 
 
Time in Milliseconds: 1531667 
Test Case: automationFramework.TestCases.BalanceHistoryTest 
Time Stamp: 2016-07-27 17:22:16,723 
Code Location: automationFramework.TestCases.BalanceHistoryTest.setUp(BalanceHistoryTest.java:37) 
Log Message: Current Browser: firefox.exe 
 
Time in Milliseconds: 1531667 
Test Case: automationFramework.TestCases.BalanceHistoryTest 
Time Stamp: 2016-07-27 17:22:16,723 
Code Location: automationFramework.TestCases.BalanceHistoryTest.setUp(BalanceHistoryTest.java:37) 
Log Message: Current Browser: firefox.exe 
 
Time in Milliseconds: 1531667 
Test Case: automationFramework.TestCases.BalanceHistoryTest 
Time Stamp: 2016-07-27 17:22:16,723 
Code Location: automationFramework.TestCases.BalanceHistoryTest.setUp(BalanceHistoryTest.java:37) 
Log Message: Current Browser: firefox.exe 
 
Time in Milliseconds: 1531667 
Test Case: automationFramework.TestCases.BalanceHistoryTest 
Time Stamp: 2016-07-27 17:22:16,723 
Code Location: automationFramework.TestCases.BalanceHistoryTest.setUp(BalanceHistoryTest.java:37) 
Log Message: Current Browser: firefox.exe 
 
Time in Milliseconds: 1531667 
Test Case: automationFramework.TestCases.BalanceHistoryTest 
Time Stamp: 2016-07-27 17:22:16,723 
Code Location: automationFramework.TestCases.BalanceHistoryTest.setUp(BalanceHistoryTest.java:37) 
Log Message: Current Browser: firefox.exe 
 
Time in Milliseconds: 1531667 
Test Case: automationFramework.TestCases.BalanceHistoryTest 
Time Stamp: 2016-07-27 17:22:16,723 
Code Location: automationFramework.TestCases.BalanceHistoryTest.setUp(BalanceHistoryTest.java:37) 
Log Message: Current Browser: firefox.exe 
 
Time in Milliseconds: 1531667 
Test Case: automationFramework.TestCases.BalanceHistoryTest 
Time Stamp: 2016-07-27 17:22:16,723 
Code Location: automationFramework.TestCases.BalanceHistoryTest.setUp(BalanceHistoryTest.java:37) 
Log Message: Current Browser: firefox.exe 
 
Time in Milliseconds: 1531667 
Test Case: automationFramework.TestCases.BalanceHistoryTest 
Time Stamp: 2016-07-27 17:22:16,723 
Code Location: automationFramework.TestCases.BalanceHistoryTest.setUp(BalanceHistoryTest.java:37) 
Log Message: Current Browser: firefox.exe 
 
Time in Milliseconds: 1531667 
Test Case: automationFramework.TestCases.BalanceHistoryTest 
Time Stamp: 2016-07-27 17:22:16,723 
Code Location: automationFramework.TestCases.BalanceHistoryTest.setUp(BalanceHistoryTest.java:37) 
Log Message: Current Browser: firefox.exe 
 
Time in Milliseconds: 1531667 
Test Case: automationFramework.TestCases.BalanceHistoryTest 
Time Stamp: 2016-07-27 17:22:16,723 
Code Location: automationFramework.TestCases.BalanceHistoryTest.setUp(BalanceHistoryTest.java:37) 
Log Message: Current Browser: firefox.exe 
 
Time in Milliseconds: 1531667 
Test Case: automationFramework.TestCases.BalanceHistoryTest 
Time Stamp: 2016-07-27 17:22:16,723 
Code Location: automationFramework.TestCases.BalanceHistoryTest.setUp(BalanceHistoryTest.java:37) 
Log Message: Current Browser: firefox.exe 
 
Time in Milliseconds: 1531667 
Test Case: automationFramework.TestCases.BalanceHistoryTest 
Time Stamp: 2016-07-27 17:22:16,723 
Code Location: automationFramework.TestCases.BalanceHistoryTest.setUp(BalanceHistoryTest.java:37) 
Log Message: Current Browser: firefox.exe 
 
Time in Milliseconds: 1531667 
Test Case: automationFramework.TestCases.BalanceHistoryTest 
Time Stamp: 2016-07-27 17:22:16,723 
Code Location: automationFramework.TestCases.BalanceHistoryTest.setUp(BalanceHistoryTest.java:37) 
Log Message: Current Browser: firefox.exe 
 
Time in Milliseconds: 1531667 
Test Case: automationFramework.TestCases.BalanceHistoryTest 
Time Stamp: 2016-07-27 17:22:16,723 
Code Location: automationFramework.TestCases.BalanceHistoryTest.setUp(BalanceHistoryTest.java:37) 
Log Message: Current Browser: firefox.exe 
 
Time in Milliseconds: 1531667 
Test Case: automationFramework.TestCases.BalanceHistoryTest 
Time Stamp: 2016-07-27 17:22:16,723 
Code Location: automationFramework.TestCases.BalanceHistoryTest.setUp(BalanceHistoryTest.java:37) 
Log Message: Current Browser: firefox.exe 
 
Time in Milliseconds: 1531667 
Test Case: automationFramework.TestCases.BalanceHistoryTest 
Time Stamp: 2016-07-27 17:22:16,723 
Code Location: automationFramework.TestCases.BalanceHistoryTest.setUp(BalanceHistoryTest.java:37) 
Log Message: Current Browser: firefox.exe 
 
Time in Milliseconds: 1531667 
Test Case: automationFramework.TestCases.BalanceHistoryTest 
Time Stamp: 2016-07-27 17:22:16,723 
Code Location: automationFramework.TestCases.BalanceHistoryTest.setUp(BalanceHistoryTest.java:37) 
Log Message: Current Browser: firefox.exe 
 
Time in Milliseconds: 1531667 
Test Case: automationFramework.TestCases.BalanceHistoryTest 
Time Stamp: 2016-07-27 17:22:16,723 
Code Location: automationFramework.TestCases.BalanceHistoryTest.setUp(BalanceHistoryTest.java:37) 
Log Message: Current Browser: firefox.exe 
 
Time in Milliseconds: 1531667 
Test Case: automationFramework.TestCases.BalanceHistoryTest 
Time Stamp: 2016-07-27 17:22:16,723 
Code Location: automationFramework.TestCases.BalanceHistoryTest.setUp(BalanceHistoryTest.java:37) 
Log Message: Current Browser: firefox.exe 
 
Time in Milliseconds: 1531667 
Test Case: automationFramework.TestCases.BalanceHistoryTest 
Time Stamp: 2016-07-27 17:22:16,723 
Code Location: automationFramework.TestCases.BalanceHistoryTest.setUp(BalanceHistoryTest.java:37) 
Log Message: Current Browser: firefox.exe 
 
Time in Milliseconds: 1531667 
Test Case: automationFramework.TestCases.BalanceHistoryTest 
Time Stamp: 2016-07-27 17:22:16,723 
Code Location: automationFramework.TestCases.BalanceHistoryTest.setUp(BalanceHistoryTest.java:37) 
Log Message: Current Browser: firefox.exe 
 
Time in Milliseconds: 1531667 
Test Case: automationFramework.TestCases.BalanceHistoryTest 
Time Stamp: 2016-07-27 17:22:16,723 
Code Location: automationFramework.TestCases.BalanceHistoryTest.setUp(BalanceHistoryTest.java:37) 
Log Message: Current Browser: firefox.exe 
 
Time in Milliseconds: 1531667 
Test Case: automationFramework.TestCases.BalanceHistoryTest 
Time Stamp: 2016-07-27 17:22:16,723 
Code Location: automationFramework.TestCases.BalanceHistoryTest.setUp(BalanceHistoryTest.java:37) 
Log Message: Current Browser: firefox.exe 
 
Time in Milliseconds: 1531667 
Test Case: automationFramework.TestCases.BalanceHistoryTest 
Time Stamp: 2016-07-27 17:22:16,723 
Code Location: automationFramework.TestCases.BalanceHistoryTest.setUp(BalanceHistoryTest.java:37) 
Log Message: Current Browser: firefox.exe 
 
2016-07-27 17:22:16,723 INFO  [Logger] Current Browser: firefox.exe 
Time in Milliseconds: 1543230 
Test Case: automationFramework.TestCases.BalanceHistoryTest 
Time Stamp: 2016-07-27 17:22:28,286 
Code Location: automationFramework.TestCases.BalanceHistoryTest.setUp(BalanceHistoryTest.java:40) 
Log Message: Setup Completed 
 
Time in Milliseconds: 1543230 
Test Case: automationFramework.TestCases.BalanceHistoryTest 
Time Stamp: 2016-07-27 17:22:28,286 
Code Location: automationFramework.TestCases.BalanceHistoryTest.setUp(BalanceHistoryTest.java:40) 
Log Message: Setup Completed 
 
Time in Milliseconds: 1543230 
Test Case: automationFramework.TestCases.BalanceHistoryTest 
Time Stamp: 2016-07-27 17:22:28,286 
Code Location: automationFramework.TestCases.BalanceHistoryTest.setUp(BalanceHistoryTest.java:40) 
Log Message: Setup Completed 
 
Time in Milliseconds: 1543230 
Test Case: automationFramework.TestCases.BalanceHistoryTest 
Time Stamp: 2016-07-27 17:22:28,286 
Code Location: automationFramework.TestCases.BalanceHistoryTest.setUp(BalanceHistoryTest.java:40) 
Log Message: Setup Completed 
 
Time in Milliseconds: 1543230 
Test Case: automationFramework.TestCases.BalanceHistoryTest 
Time Stamp: 2016-07-27 17:22:28,286 
Code Location: automationFramework.TestCases.BalanceHistoryTest.setUp(BalanceHistoryTest.java:40) 
Log Message: Setup Completed 
 
Time in Milliseconds: 1543230 
Test Case: automationFramework.TestCases.BalanceHistoryTest 
Time Stamp: 2016-07-27 17:22:28,286 
Code Location: automationFramework.TestCases.BalanceHistoryTest.setUp(BalanceHistoryTest.java:40) 
Log Message: Setup Completed 
 
Time in Milliseconds: 1543230 
Test Case: automationFramework.TestCases.BalanceHistoryTest 
Time Stamp: 2016-07-27 17:22:28,286 
Code Location: automationFramework.TestCases.BalanceHistoryTest.setUp(BalanceHistoryTest.java:40) 
Log Message: Setup Completed 
 
Time in Milliseconds: 1543230 
Test Case: automationFramework.TestCases.BalanceHistoryTest 
Time Stamp: 2016-07-27 17:22:28,286 
Code Location: automationFramework.TestCases.BalanceHistoryTest.setUp(BalanceHistoryTest.java:40) 
Log Message: Setup Completed 
 
Time in Milliseconds: 1543230 
Test Case: automationFramework.TestCases.BalanceHistoryTest 
Time Stamp: 2016-07-27 17:22:28,286 
Code Location: automationFramework.TestCases.BalanceHistoryTest.setUp(BalanceHistoryTest.java:40) 
Log Message: Setup Completed 
 
Time in Milliseconds: 1543230 
Test Case: automationFramework.TestCases.BalanceHistoryTest 
Time Stamp: 2016-07-27 17:22:28,286 
Code Location: automationFramework.TestCases.BalanceHistoryTest.setUp(BalanceHistoryTest.java:40) 
Log Message: Setup Completed 
 
Time in Milliseconds: 1543230 
Test Case: automationFramework.TestCases.BalanceHistoryTest 
Time Stamp: 2016-07-27 17:22:28,286 
Code Location: automationFramework.TestCases.BalanceHistoryTest.setUp(BalanceHistoryTest.java:40) 
Log Message: Setup Completed 
 
Time in Milliseconds: 1543230 
Test Case: automationFramework.TestCases.BalanceHistoryTest 
Time Stamp: 2016-07-27 17:22:28,286 
Code Location: automationFramework.TestCases.BalanceHistoryTest.setUp(BalanceHistoryTest.java:40) 
Log Message: Setup Completed 
 
Time in Milliseconds: 1543230 
Test Case: automationFramework.TestCases.BalanceHistoryTest 
Time Stamp: 2016-07-27 17:22:28,286 
Code Location: automationFramework.TestCases.BalanceHistoryTest.setUp(BalanceHistoryTest.java:40) 
Log Message: Setup Completed 
 
Time in Milliseconds: 1543230 
Test Case: automationFramework.TestCases.BalanceHistoryTest 
Time Stamp: 2016-07-27 17:22:28,286 
Code Location: automationFramework.TestCases.BalanceHistoryTest.setUp(BalanceHistoryTest.java:40) 
Log Message: Setup Completed 
 
Time in Milliseconds: 1543230 
Test Case: automationFramework.TestCases.BalanceHistoryTest 
Time Stamp: 2016-07-27 17:22:28,286 
Code Location: automationFramework.TestCases.BalanceHistoryTest.setUp(BalanceHistoryTest.java:40) 
Log Message: Setup Completed 
 
Time in Milliseconds: 1543230 
Test Case: automationFramework.TestCases.BalanceHistoryTest 
Time Stamp: 2016-07-27 17:22:28,286 
Code Location: automationFramework.TestCases.BalanceHistoryTest.setUp(BalanceHistoryTest.java:40) 
Log Message: Setup Completed 
 
Time in Milliseconds: 1543230 
Test Case: automationFramework.TestCases.BalanceHistoryTest 
Time Stamp: 2016-07-27 17:22:28,286 
Code Location: automationFramework.TestCases.BalanceHistoryTest.setUp(BalanceHistoryTest.java:40) 
Log Message: Setup Completed 
 
Time in Milliseconds: 1543230 
Test Case: automationFramework.TestCases.BalanceHistoryTest 
Time Stamp: 2016-07-27 17:22:28,286 
Code Location: automationFramework.TestCases.BalanceHistoryTest.setUp(BalanceHistoryTest.java:40) 
Log Message: Setup Completed 
 
Time in Milliseconds: 1543230 
Test Case: automationFramework.TestCases.BalanceHistoryTest 
Time Stamp: 2016-07-27 17:22:28,286 
Code Location: automationFramework.TestCases.BalanceHistoryTest.setUp(BalanceHistoryTest.java:40) 
Log Message: Setup Completed 
 
Time in Milliseconds: 1543230 
Test Case: automationFramework.TestCases.BalanceHistoryTest 
Time Stamp: 2016-07-27 17:22:28,286 
Code Location: automationFramework.TestCases.BalanceHistoryTest.setUp(BalanceHistoryTest.java:40) 
Log Message: Setup Completed 
 
Time in Milliseconds: 1543230 
Test Case: automationFramework.TestCases.BalanceHistoryTest 
Time Stamp: 2016-07-27 17:22:28,286 
Code Location: automationFramework.TestCases.BalanceHistoryTest.setUp(BalanceHistoryTest.java:40) 
Log Message: Setup Completed 
 
Time in Milliseconds: 1543230 
Test Case: automationFramework.TestCases.BalanceHistoryTest 
Time Stamp: 2016-07-27 17:22:28,286 
Code Location: automationFramework.TestCases.BalanceHistoryTest.setUp(BalanceHistoryTest.java:40) 
Log Message: Setup Completed 
 
Time in Milliseconds: 1543230 
Test Case: automationFramework.TestCases.BalanceHistoryTest 
Time Stamp: 2016-07-27 17:22:28,286 
Code Location: automationFramework.TestCases.BalanceHistoryTest.setUp(BalanceHistoryTest.java:40) 
Log Message: Setup Completed 
 
Time in Milliseconds: 1543230 
Test Case: automationFramework.TestCases.BalanceHistoryTest 
Time Stamp: 2016-07-27 17:22:28,286 
Code Location: automationFramework.TestCases.BalanceHistoryTest.setUp(BalanceHistoryTest.java:40) 
Log Message: Setup Completed 
 
Time in Milliseconds: 1543230 
Test Case: automationFramework.TestCases.BalanceHistoryTest 
Time Stamp: 2016-07-27 17:22:28,286 
Code Location: automationFramework.TestCases.BalanceHistoryTest.setUp(BalanceHistoryTest.java:40) 
Log Message: Setup Completed 
 
Time in Milliseconds: 1543230 
Test Case: automationFramework.TestCases.BalanceHistoryTest 
Time Stamp: 2016-07-27 17:22:28,286 
Code Location: automationFramework.TestCases.BalanceHistoryTest.setUp(BalanceHistoryTest.java:40) 
Log Message: Setup Completed 
 
Time in Milliseconds: 1543230 
Test Case: automationFramework.TestCases.BalanceHistoryTest 
Time Stamp: 2016-07-27 17:22:28,286 
Code Location: automationFramework.TestCases.BalanceHistoryTest.setUp(BalanceHistoryTest.java:40) 
Log Message: Setup Completed 
 
Time in Milliseconds: 1543230 
Test Case: automationFramework.TestCases.BalanceHistoryTest 
Time Stamp: 2016-07-27 17:22:28,286 
Code Location: automationFramework.TestCases.BalanceHistoryTest.setUp(BalanceHistoryTest.java:40) 
Log Message: Setup Completed 
 
Time in Milliseconds: 1543230 
Test Case: automationFramework.TestCases.BalanceHistoryTest 
Time Stamp: 2016-07-27 17:22:28,286 
Code Location: automationFramework.TestCases.BalanceHistoryTest.setUp(BalanceHistoryTest.java:40) 
Log Message: Setup Completed 
 
Time in Milliseconds: 1543230 
Test Case: automationFramework.TestCases.BalanceHistoryTest 
Time Stamp: 2016-07-27 17:22:28,286 
Code Location: automationFramework.TestCases.BalanceHistoryTest.setUp(BalanceHistoryTest.java:40) 
Log Message: Setup Completed 
 
Time in Milliseconds: 1543230 
Test Case: automationFramework.TestCases.BalanceHistoryTest 
Time Stamp: 2016-07-27 17:22:28,286 
Code Location: automationFramework.TestCases.BalanceHistoryTest.setUp(BalanceHistoryTest.java:40) 
Log Message: Setup Completed 
 
Time in Milliseconds: 1543230 
Test Case: automationFramework.TestCases.BalanceHistoryTest 
Time Stamp: 2016-07-27 17:22:28,286 
Code Location: automationFramework.TestCases.BalanceHistoryTest.setUp(BalanceHistoryTest.java:40) 
Log Message: Setup Completed 
 
Time in Milliseconds: 1543230 
Test Case: automationFramework.TestCases.BalanceHistoryTest 
Time Stamp: 2016-07-27 17:22:28,286 
Code Location: automationFramework.TestCases.BalanceHistoryTest.setUp(BalanceHistoryTest.java:40) 
Log Message: Setup Completed 
 
Time in Milliseconds: 1543230 
Test Case: automationFramework.TestCases.BalanceHistoryTest 
Time Stamp: 2016-07-27 17:22:28,286 
Code Location: automationFramework.TestCases.BalanceHistoryTest.setUp(BalanceHistoryTest.java:40) 
Log Message: Setup Completed 
 
2016-07-27 17:22:28,286 INFO  [Logger] Setup Completed 
</system-out>
  </testcase>
  <testcase classname="automationFramework.TestCases.BalanceHistoryTest" name="checkBalanceHistoryDetail" time="92.04">
    <failure message="Unable to locate element: {&quot;method&quot;:&quot;xpath&quot;,&quot;selector&quot;:&quot;//*[@id=&apos;balanceHistory_list_tbl&apos;]/div/div[1]/table/tbody/tr[1]/td[2]/span/span&quot;}
Command duration or timeout: 60.07 seconds
For documentation on this error, please visit: http://seleniumhq.org/exceptions/no_such_element.html
Build info: version: &apos;2.45.0&apos;, revision: &apos;5017cb8e7ca8e37638dc3091b2440b90a1d8686f&apos;, time: &apos;2015-02-27 09:10:26&apos;
System info: host: &apos;NACTS-081729&apos;, ip: &apos;149.63.89.232&apos;, os.name: &apos;Windows 7&apos;, os.arch: &apos;amd64&apos;, os.version: &apos;6.1&apos;, java.version: &apos;1.8.0_77&apos;
Driver info: org.openqa.selenium.firefox.FirefoxDriver
Capabilities [{applicationCacheEnabled=false, rotatable=false, handlesAlerts=true, databaseEnabled=true, version=32.0, platform=WINDOWS, nativeEvents=false, acceptSslCerts=true, webStorageEnabled=true, locationContextEnabled=true, browserName=firefox, takesScreenshot=true, javascriptEnabled=true, cssSelectorsEnabled=true}]
Session ID: d747b9ad-8d9d-4269-948e-12d1fb8b3ffa
*** Element info: {Using=xpath, value=//*[@id=&apos;balanceHistory_list_tbl&apos;]/div/div[1]/table/tbody/tr[1]/td[2]/span/span}" type="org.openqa.selenium.NoSuchElementException">org.openqa.selenium.NoSuchElementException: Unable to locate element: {&quot;method&quot;:&quot;xpath&quot;,&quot;selector&quot;:&quot;//*[@id=&apos;balanceHistory_list_tbl&apos;]/div/div[1]/table/tbody/tr[1]/td[2]/span/span&quot;}
Command duration or timeout: 60.07 seconds
For documentation on this error, please visit: http://seleniumhq.org/exceptions/no_such_element.html
Build info: version: &apos;2.45.0&apos;, revision: &apos;5017cb8e7ca8e37638dc3091b2440b90a1d8686f&apos;, time: &apos;2015-02-27 09:10:26&apos;
System info: host: &apos;NACTS-081729&apos;, ip: &apos;149.63.89.232&apos;, os.name: &apos;Windows 7&apos;, os.arch: &apos;amd64&apos;, os.version: &apos;6.1&apos;, java.version: &apos;1.8.0_77&apos;
Driver info: org.openqa.selenium.firefox.FirefoxDriver
Capabilities [{applicationCacheEnabled=false, rotatable=false, handlesAlerts=true, databaseEnabled=true, version=32.0, platform=WINDOWS, nativeEvents=false, acceptSslCerts=true, webStorageEnabled=true, locationContextEnabled=true, browserName=firefox, takesScreenshot=true, javascriptEnabled=true, cssSelectorsEnabled=true}]
Session ID: d747b9ad-8d9d-4269-948e-12d1fb8b3ffa
*** Element info: {Using=xpath, value=//*[@id=&apos;balanceHistory_list_tbl&apos;]/div/div[1]/table/tbody/tr[1]/td[2]/span/span}
	at sun.reflect.NativeConstructorAccessorImpl.newInstance0(Native Method)
	at sun.reflect.NativeConstructorAccessorImpl.newInstance(NativeConstructorAccessorImpl.java:62)
	at sun.reflect.DelegatingConstructorAccessorImpl.newInstance(DelegatingConstructorAccessorImpl.java:45)
	at java.lang.reflect.Constructor.newInstance(Constructor.java:423)
	at org.openqa.selenium.remote.ErrorHandler.createThrowable(ErrorHandler.java:204)
	at org.openqa.selenium.remote.ErrorHandler.throwIfResponseFailed(ErrorHandler.java:156)
	at org.openqa.selenium.remote.RemoteWebDriver.execute(RemoteWebDriver.java:599)
	at org.openqa.selenium.remote.RemoteWebDriver.findElement(RemoteWebDriver.java:352)
	at org.openqa.selenium.remote.RemoteWebDriver.findElementByXPath(RemoteWebDriver.java:449)
	at org.openqa.selenium.By$ByXPath.findElement(By.java:357)
	at org.openqa.selenium.remote.RemoteWebDriver.findElement(RemoteWebDriver.java:344)
	at automationFramework.PageObjects.BalanceHistoryPage.clickFirstRecord(BalanceHistoryPage.java:55)
	at automationFramework.TestCases.BalanceHistoryTest.checkBalanceHistoryDetail(BalanceHistoryTest.java:81)
Caused by: org.openqa.selenium.NoSuchElementException: Unable to locate element: {&quot;method&quot;:&quot;xpath&quot;,&quot;selector&quot;:&quot;//*[@id=&apos;balanceHistory_list_tbl&apos;]/div/div[1]/table/tbody/tr[1]/td[2]/span/span&quot;}
For documentation on this error, please visit: http://seleniumhq.org/exceptions/no_such_element.html
Build info: version: &apos;2.45.0&apos;, revision: &apos;5017cb8e7ca8e37638dc3091b2440b90a1d8686f&apos;, time: &apos;2015-02-27 09:10:26&apos;
System info: host: &apos;NACTS-081729&apos;, ip: &apos;149.63.89.232&apos;, os.name: &apos;Windows 7&apos;, os.arch: &apos;amd64&apos;, os.version: &apos;6.1&apos;, java.version: &apos;1.8.0_77&apos;
Driver info: driver.version: unknown
	at &lt;anonymous class&gt;.FirefoxDriver.prototype.findElementInternal_(file:///C:/WINDOWS/TEMP/anonymous2015735926152339873webdriver-profile/extensions/fxdriver@googlecode.com/components/driver-component.js:10271)
	at &lt;anonymous class&gt;.fxdriver.Timer.prototype.setTimeout/&lt;.notify(file:///C:/WINDOWS/TEMP/anonymous2015735926152339873webdriver-profile/extensions/fxdriver@googlecode.com/components/driver-component.js:603)
</failure>
    <system-out>Time in Milliseconds: 1639859 
Test Case: automationFramework.TestCases.BalanceHistoryTest 
Time Stamp: 2016-07-27 17:24:04,915 
Code Location: automationFramework.TestCases.BalanceHistoryTest.tearDown(BalanceHistoryTest.java:109) 
Log Message: TearDown Complete 
 
Time in Milliseconds: 1639859 
Test Case: automationFramework.TestCases.BalanceHistoryTest 
Time Stamp: 2016-07-27 17:24:04,915 
Code Location: automationFramework.TestCases.BalanceHistoryTest.tearDown(BalanceHistoryTest.java:109) 
Log Message: TearDown Complete 
 
Time in Milliseconds: 1639859 
Test Case: automationFramework.TestCases.BalanceHistoryTest 
Time Stamp: 2016-07-27 17:24:04,915 
Code Location: automationFramework.TestCases.BalanceHistoryTest.tearDown(BalanceHistoryTest.java:109) 
Log Message: TearDown Complete 
 
Time in Milliseconds: 1639859 
Test Case: automationFramework.TestCases.BalanceHistoryTest 
Time Stamp: 2016-07-27 17:24:04,915 
Code Location: automationFramework.TestCases.BalanceHistoryTest.tearDown(BalanceHistoryTest.java:109) 
Log Message: TearDown Complete 
 
Time in Milliseconds: 1639859 
Test Case: automationFramework.TestCases.BalanceHistoryTest 
Time Stamp: 2016-07-27 17:24:04,915 
Code Location: automationFramework.TestCases.BalanceHistoryTest.tearDown(BalanceHistoryTest.java:109) 
Log Message: TearDown Complete 
 
Time in Milliseconds: 1639859 
Test Case: automationFramework.TestCases.BalanceHistoryTest 
Time Stamp: 2016-07-27 17:24:04,915 
Code Location: automationFramework.TestCases.BalanceHistoryTest.tearDown(BalanceHistoryTest.java:109) 
Log Message: TearDown Complete 
 
Time in Milliseconds: 1639859 
Test Case: automationFramework.TestCases.BalanceHistoryTest 
Time Stamp: 2016-07-27 17:24:04,915 
Code Location: automationFramework.TestCases.BalanceHistoryTest.tearDown(BalanceHistoryTest.java:109) 
Log Message: TearDown Complete 
 
Time in Milliseconds: 1639859 
Test Case: automationFramework.TestCases.BalanceHistoryTest 
Time Stamp: 2016-07-27 17:24:04,915 
Code Location: automationFramework.TestCases.BalanceHistoryTest.tearDown(BalanceHistoryTest.java:109) 
Log Message: TearDown Complete 
 
Time in Milliseconds: 1639859 
Test Case: automationFramework.TestCases.BalanceHistoryTest 
Time Stamp: 2016-07-27 17:24:04,915 
Code Location: automationFramework.TestCases.BalanceHistoryTest.tearDown(BalanceHistoryTest.java:109) 
Log Message: TearDown Complete 
 
Time in Milliseconds: 1639859 
Test Case: automationFramework.TestCases.BalanceHistoryTest 
Time Stamp: 2016-07-27 17:24:04,915 
Code Location: automationFramework.TestCases.BalanceHistoryTest.tearDown(BalanceHistoryTest.java:109) 
Log Message: TearDown Complete 
 
Time in Milliseconds: 1639859 
Test Case: automationFramework.TestCases.BalanceHistoryTest 
Time Stamp: 2016-07-27 17:24:04,915 
Code Location: automationFramework.TestCases.BalanceHistoryTest.tearDown(BalanceHistoryTest.java:109) 
Log Message: TearDown Complete 
 
Time in Milliseconds: 1639859 
Test Case: automationFramework.TestCases.BalanceHistoryTest 
Time Stamp: 2016-07-27 17:24:04,915 
Code Location: automationFramework.TestCases.BalanceHistoryTest.tearDown(BalanceHistoryTest.java:109) 
Log Message: TearDown Complete 
 
Time in Milliseconds: 1639859 
Test Case: automationFramework.TestCases.BalanceHistoryTest 
Time Stamp: 2016-07-27 17:24:04,915 
Code Location: automationFramework.TestCases.BalanceHistoryTest.tearDown(BalanceHistoryTest.java:109) 
Log Message: TearDown Complete 
 
Time in Milliseconds: 1639859 
Test Case: automationFramework.TestCases.BalanceHistoryTest 
Time Stamp: 2016-07-27 17:24:04,915 
Code Location: automationFramework.TestCases.BalanceHistoryTest.tearDown(BalanceHistoryTest.java:109) 
Log Message: TearDown Complete 
 
Time in Milliseconds: 1639859 
Test Case: automationFramework.TestCases.BalanceHistoryTest 
Time Stamp: 2016-07-27 17:24:04,915 
Code Location: automationFramework.TestCases.BalanceHistoryTest.tearDown(BalanceHistoryTest.java:109) 
Log Message: TearDown Complete 
 
Time in Milliseconds: 1639859 
Test Case: automationFramework.TestCases.BalanceHistoryTest 
Time Stamp: 2016-07-27 17:24:04,915 
Code Location: automationFramework.TestCases.BalanceHistoryTest.tearDown(BalanceHistoryTest.java:109) 
Log Message: TearDown Complete 
 
Time in Milliseconds: 1639859 
Test Case: automationFramework.TestCases.BalanceHistoryTest 
Time Stamp: 2016-07-27 17:24:04,915 
Code Location: automationFramework.TestCases.BalanceHistoryTest.tearDown(BalanceHistoryTest.java:109) 
Log Message: TearDown Complete 
 
Time in Milliseconds: 1639859 
Test Case: automationFramework.TestCases.BalanceHistoryTest 
Time Stamp: 2016-07-27 17:24:04,915 
Code Location: automationFramework.TestCases.BalanceHistoryTest.tearDown(BalanceHistoryTest.java:109) 
Log Message: TearDown Complete 
 
Time in Milliseconds: 1639859 
Test Case: automationFramework.TestCases.BalanceHistoryTest 
Time Stamp: 2016-07-27 17:24:04,915 
Code Location: automationFramework.TestCases.BalanceHistoryTest.tearDown(BalanceHistoryTest.java:109) 
Log Message: TearDown Complete 
 
Time in Milliseconds: 1639859 
Test Case: automationFramework.TestCases.BalanceHistoryTest 
Time Stamp: 2016-07-27 17:24:04,915 
Code Location: automationFramework.TestCases.BalanceHistoryTest.tearDown(BalanceHistoryTest.java:109) 
Log Message: TearDown Complete 
 
Time in Milliseconds: 1639859 
Test Case: automationFramework.TestCases.BalanceHistoryTest 
Time Stamp: 2016-07-27 17:24:04,915 
Code Location: automationFramework.TestCases.BalanceHistoryTest.tearDown(BalanceHistoryTest.java:109) 
Log Message: TearDown Complete 
 
Time in Milliseconds: 1639859 
Test Case: automationFramework.TestCases.BalanceHistoryTest 
Time Stamp: 2016-07-27 17:24:04,915 
Code Location: automationFramework.TestCases.BalanceHistoryTest.tearDown(BalanceHistoryTest.java:109) 
Log Message: TearDown Complete 
 
Time in Milliseconds: 1639859 
Test Case: automationFramework.TestCases.BalanceHistoryTest 
Time Stamp: 2016-07-27 17:24:04,915 
Code Location: automationFramework.TestCases.BalanceHistoryTest.tearDown(BalanceHistoryTest.java:109) 
Log Message: TearDown Complete 
 
Time in Milliseconds: 1639859 
Test Case: automationFramework.TestCases.BalanceHistoryTest 
Time Stamp: 2016-07-27 17:24:04,915 
Code Location: automationFramework.TestCases.BalanceHistoryTest.tearDown(BalanceHistoryTest.java:109) 
Log Message: TearDown Complete 
 
Time in Milliseconds: 1639859 
Test Case: automationFramework.TestCases.BalanceHistoryTest 
Time Stamp: 2016-07-27 17:24:04,915 
Code Location: automationFramework.TestCases.BalanceHistoryTest.tearDown(BalanceHistoryTest.java:109) 
Log Message: TearDown Complete 
 
Time in Milliseconds: 1639859 
Test Case: automationFramework.TestCases.BalanceHistoryTest 
Time Stamp: 2016-07-27 17:24:04,915 
Code Location: automationFramework.TestCases.BalanceHistoryTest.tearDown(BalanceHistoryTest.java:109) 
Log Message: TearDown Complete 
 
Time in Milliseconds: 1639859 
Test Case: automationFramework.TestCases.BalanceHistoryTest 
Time Stamp: 2016-07-27 17:24:04,915 
Code Location: automationFramework.TestCases.BalanceHistoryTest.tearDown(BalanceHistoryTest.java:109) 
Log Message: TearDown Complete 
 
Time in Milliseconds: 1639859 
Test Case: automationFramework.TestCases.BalanceHistoryTest 
Time Stamp: 2016-07-27 17:24:04,915 
Code Location: automationFramework.TestCases.BalanceHistoryTest.tearDown(BalanceHistoryTest.java:109) 
Log Message: TearDown Complete 
 
Time in Milliseconds: 1639859 
Test Case: automationFramework.TestCases.BalanceHistoryTest 
Time Stamp: 2016-07-27 17:24:04,915 
Code Location: automationFramework.TestCases.BalanceHistoryTest.tearDown(BalanceHistoryTest.java:109) 
Log Message: TearDown Complete 
 
Time in Milliseconds: 1639859 
Test Case: automationFramework.TestCases.BalanceHistoryTest 
Time Stamp: 2016-07-27 17:24:04,915 
Code Location: automationFramework.TestCases.BalanceHistoryTest.tearDown(BalanceHistoryTest.java:109) 
Log Message: TearDown Complete 
 
Time in Milliseconds: 1639859 
Test Case: automationFramework.TestCases.BalanceHistoryTest 
Time Stamp: 2016-07-27 17:24:04,915 
Code Location: automationFramework.TestCases.BalanceHistoryTest.tearDown(BalanceHistoryTest.java:109) 
Log Message: TearDown Complete 
 
Time in Milliseconds: 1639859 
Test Case: automationFramework.TestCases.BalanceHistoryTest 
Time Stamp: 2016-07-27 17:24:04,915 
Code Location: automationFramework.TestCases.BalanceHistoryTest.tearDown(BalanceHistoryTest.java:109) 
Log Message: TearDown Complete 
 
Time in Milliseconds: 1639859 
Test Case: automationFramework.TestCases.BalanceHistoryTest 
Time Stamp: 2016-07-27 17:24:04,915 
Code Location: automationFramework.TestCases.BalanceHistoryTest.tearDown(BalanceHistoryTest.java:109) 
Log Message: TearDown Complete 
 
Time in Milliseconds: 1639859 
Test Case: automationFramework.TestCases.BalanceHistoryTest 
Time Stamp: 2016-07-27 17:24:04,915 
Code Location: automationFramework.TestCases.BalanceHistoryTest.tearDown(BalanceHistoryTest.java:109) 
Log Message: TearDown Complete 
 
2016-07-27 17:24:04,915 INFO  [Logger] TearDown Complete 
Time in Milliseconds: 1640690 
Test Case: automationFramework.TestCases.BalanceHistoryTest 
Time Stamp: 2016-07-27 17:24:05,746 
Code Location: automationFramework.TestCases.BalanceHistoryTest.setUp(BalanceHistoryTest.java:35) 
Log Message: Setup Started 
 
Time in Milliseconds: 1640690 
Test Case: automationFramework.TestCases.BalanceHistoryTest 
Time Stamp: 2016-07-27 17:24:05,746 
Code Location: automationFramework.TestCases.BalanceHistoryTest.setUp(BalanceHistoryTest.java:35) 
Log Message: Setup Started 
 
Time in Milliseconds: 1640690 
Test Case: automationFramework.TestCases.BalanceHistoryTest 
Time Stamp: 2016-07-27 17:24:05,746 
Code Location: automationFramework.TestCases.BalanceHistoryTest.setUp(BalanceHistoryTest.java:35) 
Log Message: Setup Started 
 
Time in Milliseconds: 1640690 
Test Case: automationFramework.TestCases.BalanceHistoryTest 
Time Stamp: 2016-07-27 17:24:05,746 
Code Location: automationFramework.TestCases.BalanceHistoryTest.setUp(BalanceHistoryTest.java:35) 
Log Message: Setup Started 
 
Time in Milliseconds: 1640690 
Test Case: automationFramework.TestCases.BalanceHistoryTest 
Time Stamp: 2016-07-27 17:24:05,746 
Code Location: automationFramework.TestCases.BalanceHistoryTest.setUp(BalanceHistoryTest.java:35) 
Log Message: Setup Started 
 
Time in Milliseconds: 1640690 
Test Case: automationFramework.TestCases.BalanceHistoryTest 
Time Stamp: 2016-07-27 17:24:05,746 
Code Location: automationFramework.TestCases.BalanceHistoryTest.setUp(BalanceHistoryTest.java:35) 
Log Message: Setup Started 
 
Time in Milliseconds: 1640690 
Test Case: automationFramework.TestCases.BalanceHistoryTest 
Time Stamp: 2016-07-27 17:24:05,746 
Code Location: automationFramework.TestCases.BalanceHistoryTest.setUp(BalanceHistoryTest.java:35) 
Log Message: Setup Started 
 
Time in Milliseconds: 1640690 
Test Case: automationFramework.TestCases.BalanceHistoryTest 
Time Stamp: 2016-07-27 17:24:05,746 
Code Location: automationFramework.TestCases.BalanceHistoryTest.setUp(BalanceHistoryTest.java:35) 
Log Message: Setup Started 
 
Time in Milliseconds: 1640690 
Test Case: automationFramework.TestCases.BalanceHistoryTest 
Time Stamp: 2016-07-27 17:24:05,746 
Code Location: automationFramework.TestCases.BalanceHistoryTest.setUp(BalanceHistoryTest.java:35) 
Log Message: Setup Started 
 
Time in Milliseconds: 1640690 
Test Case: automationFramework.TestCases.BalanceHistoryTest 
Time Stamp: 2016-07-27 17:24:05,746 
Code Location: automationFramework.TestCases.BalanceHistoryTest.setUp(BalanceHistoryTest.java:35) 
Log Message: Setup Started 
 
Time in Milliseconds: 1640690 
Test Case: automationFramework.TestCases.BalanceHistoryTest 
Time Stamp: 2016-07-27 17:24:05,746 
Code Location: automationFramework.TestCases.BalanceHistoryTest.setUp(BalanceHistoryTest.java:35) 
Log Message: Setup Started 
 
Time in Milliseconds: 1640690 
Test Case: automationFramework.TestCases.BalanceHistoryTest 
Time Stamp: 2016-07-27 17:24:05,746 
Code Location: automationFramework.TestCases.BalanceHistoryTest.setUp(BalanceHistoryTest.java:35) 
Log Message: Setup Started 
 
Time in Milliseconds: 1640690 
Test Case: automationFramework.TestCases.BalanceHistoryTest 
Time Stamp: 2016-07-27 17:24:05,746 
Code Location: automationFramework.TestCases.BalanceHistoryTest.setUp(BalanceHistoryTest.java:35) 
Log Message: Setup Started 
 
Time in Milliseconds: 1640690 
Test Case: automationFramework.TestCases.BalanceHistoryTest 
Time Stamp: 2016-07-27 17:24:05,746 
Code Location: automationFramework.TestCases.BalanceHistoryTest.setUp(BalanceHistoryTest.java:35) 
Log Message: Setup Started 
 
Time in Milliseconds: 1640690 
Test Case: automationFramework.TestCases.BalanceHistoryTest 
Time Stamp: 2016-07-27 17:24:05,746 
Code Location: automationFramework.TestCases.BalanceHistoryTest.setUp(BalanceHistoryTest.java:35) 
Log Message: Setup Started 
 
Time in Milliseconds: 1640690 
Test Case: automationFramework.TestCases.BalanceHistoryTest 
Time Stamp: 2016-07-27 17:24:05,746 
Code Location: automationFramework.TestCases.BalanceHistoryTest.setUp(BalanceHistoryTest.java:35) 
Log Message: Setup Started 
 
Time in Milliseconds: 1640690 
Test Case: automationFramework.TestCases.BalanceHistoryTest 
Time Stamp: 2016-07-27 17:24:05,746 
Code Location: automationFramework.TestCases.BalanceHistoryTest.setUp(BalanceHistoryTest.java:35) 
Log Message: Setup Started 
 
Time in Milliseconds: 1640690 
Test Case: automationFramework.TestCases.BalanceHistoryTest 
Time Stamp: 2016-07-27 17:24:05,746 
Code Location: automationFramework.TestCases.BalanceHistoryTest.setUp(BalanceHistoryTest.java:35) 
Log Message: Setup Started 
 
Time in Milliseconds: 1640690 
Test Case: automationFramework.TestCases.BalanceHistoryTest 
Time Stamp: 2016-07-27 17:24:05,746 
Code Location: automationFramework.TestCases.BalanceHistoryTest.setUp(BalanceHistoryTest.java:35) 
Log Message: Setup Started 
 
Time in Milliseconds: 1640690 
Test Case: automationFramework.TestCases.BalanceHistoryTest 
Time Stamp: 2016-07-27 17:24:05,746 
Code Location: automationFramework.TestCases.BalanceHistoryTest.setUp(BalanceHistoryTest.java:35) 
Log Message: Setup Started 
 
Time in Milliseconds: 1640690 
Test Case: automationFramework.TestCases.BalanceHistoryTest 
Time Stamp: 2016-07-27 17:24:05,746 
Code Location: automationFramework.TestCases.BalanceHistoryTest.setUp(BalanceHistoryTest.java:35) 
Log Message: Setup Started 
 
Time in Milliseconds: 1640690 
Test Case: automationFramework.TestCases.BalanceHistoryTest 
Time Stamp: 2016-07-27 17:24:05,746 
Code Location: automationFramework.TestCases.BalanceHistoryTest.setUp(BalanceHistoryTest.java:35) 
Log Message: Setup Started 
 
Time in Milliseconds: 1640690 
Test Case: automationFramework.TestCases.BalanceHistoryTest 
Time Stamp: 2016-07-27 17:24:05,746 
Code Location: automationFramework.TestCases.BalanceHistoryTest.setUp(BalanceHistoryTest.java:35) 
Log Message: Setup Started 
 
Time in Milliseconds: 1640690 
Test Case: automationFramework.TestCases.BalanceHistoryTest 
Time Stamp: 2016-07-27 17:24:05,746 
Code Location: automationFramework.TestCases.BalanceHistoryTest.setUp(BalanceHistoryTest.java:35) 
Log Message: Setup Started 
 
Time in Milliseconds: 1640690 
Test Case: automationFramework.TestCases.BalanceHistoryTest 
Time Stamp: 2016-07-27 17:24:05,746 
Code Location: automationFramework.TestCases.BalanceHistoryTest.setUp(BalanceHistoryTest.java:35) 
Log Message: Setup Started 
 
Time in Milliseconds: 1640690 
Test Case: automationFramework.TestCases.BalanceHistoryTest 
Time Stamp: 2016-07-27 17:24:05,746 
Code Location: automationFramework.TestCases.BalanceHistoryTest.setUp(BalanceHistoryTest.java:35) 
Log Message: Setup Started 
 
Time in Milliseconds: 1640690 
Test Case: automationFramework.TestCases.BalanceHistoryTest 
Time Stamp: 2016-07-27 17:24:05,746 
Code Location: automationFramework.TestCases.BalanceHistoryTest.setUp(BalanceHistoryTest.java:35) 
Log Message: Setup Started 
 
Time in Milliseconds: 1640690 
Test Case: automationFramework.TestCases.BalanceHistoryTest 
Time Stamp: 2016-07-27 17:24:05,746 
Code Location: automationFramework.TestCases.BalanceHistoryTest.setUp(BalanceHistoryTest.java:35) 
Log Message: Setup Started 
 
Time in Milliseconds: 1640690 
Test Case: automationFramework.TestCases.BalanceHistoryTest 
Time Stamp: 2016-07-27 17:24:05,746 
Code Location: automationFramework.TestCases.BalanceHistoryTest.setUp(BalanceHistoryTest.java:35) 
Log Message: Setup Started 
 
Time in Milliseconds: 1640690 
Test Case: automationFramework.TestCases.BalanceHistoryTest 
Time Stamp: 2016-07-27 17:24:05,746 
Code Location: automationFramework.TestCases.BalanceHistoryTest.setUp(BalanceHistoryTest.java:35) 
Log Message: Setup Started 
 
Time in Milliseconds: 1640690 
Test Case: automationFramework.TestCases.BalanceHistoryTest 
Time Stamp: 2016-07-27 17:24:05,746 
Code Location: automationFramework.TestCases.BalanceHistoryTest.setUp(BalanceHistoryTest.java:35) 
Log Message: Setup Started 
 
Time in Milliseconds: 1640690 
Test Case: automationFramework.TestCases.BalanceHistoryTest 
Time Stamp: 2016-07-27 17:24:05,746 
Code Location: automationFramework.TestCases.BalanceHistoryTest.setUp(BalanceHistoryTest.java:35) 
Log Message: Setup Started 
 
Time in Milliseconds: 1640690 
Test Case: automationFramework.TestCases.BalanceHistoryTest 
Time Stamp: 2016-07-27 17:24:05,746 
Code Location: automationFramework.TestCases.BalanceHistoryTest.setUp(BalanceHistoryTest.java:35) 
Log Message: Setup Started 
 
Time in Milliseconds: 1640690 
Test Case: automationFramework.TestCases.BalanceHistoryTest 
Time Stamp: 2016-07-27 17:24:05,746 
Code Location: automationFramework.TestCases.BalanceHistoryTest.setUp(BalanceHistoryTest.java:35) 
Log Message: Setup Started 
 
Time in Milliseconds: 1640690 
Test Case: automationFramework.TestCases.BalanceHistoryTest 
Time Stamp: 2016-07-27 17:24:05,746 
Code Location: automationFramework.TestCases.BalanceHistoryTest.setUp(BalanceHistoryTest.java:35) 
Log Message: Setup Started 
 
2016-07-27 17:24:05,746 INFO  [Logger] Setup Started 
Time in Milliseconds: 1640799 
Test Case: automationFramework.TestCases.BalanceHistoryTest 
Time Stamp: 2016-07-27 17:24:05,855 
Code Location: automationFramework.TestCases.BalanceHistoryTest.setUp(BalanceHistoryTest.java:36) 
Log Message: Current OS: Windows 7 Enterprise 
 
Time in Milliseconds: 1640799 
Test Case: automationFramework.TestCases.BalanceHistoryTest 
Time Stamp: 2016-07-27 17:24:05,855 
Code Location: automationFramework.TestCases.BalanceHistoryTest.setUp(BalanceHistoryTest.java:36) 
Log Message: Current OS: Windows 7 Enterprise 
 
Time in Milliseconds: 1640799 
Test Case: automationFramework.TestCases.BalanceHistoryTest 
Time Stamp: 2016-07-27 17:24:05,855 
Code Location: automationFramework.TestCases.BalanceHistoryTest.setUp(BalanceHistoryTest.java:36) 
Log Message: Current OS: Windows 7 Enterprise 
 
Time in Milliseconds: 1640799 
Test Case: automationFramework.TestCases.BalanceHistoryTest 
Time Stamp: 2016-07-27 17:24:05,855 
Code Location: automationFramework.TestCases.BalanceHistoryTest.setUp(BalanceHistoryTest.java:36) 
Log Message: Current OS: Windows 7 Enterprise 
 
Time in Milliseconds: 1640799 
Test Case: automationFramework.TestCases.BalanceHistoryTest 
Time Stamp: 2016-07-27 17:24:05,855 
Code Location: automationFramework.TestCases.BalanceHistoryTest.setUp(BalanceHistoryTest.java:36) 
Log Message: Current OS: Windows 7 Enterprise 
 
Time in Milliseconds: 1640799 
Test Case: automationFramework.TestCases.BalanceHistoryTest 
Time Stamp: 2016-07-27 17:24:05,855 
Code Location: automationFramework.TestCases.BalanceHistoryTest.setUp(BalanceHistoryTest.java:36) 
Log Message: Current OS: Windows 7 Enterprise 
 
Time in Milliseconds: 1640799 
Test Case: automationFramework.TestCases.BalanceHistoryTest 
Time Stamp: 2016-07-27 17:24:05,855 
Code Location: automationFramework.TestCases.BalanceHistoryTest.setUp(BalanceHistoryTest.java:36) 
Log Message: Current OS: Windows 7 Enterprise 
 
Time in Milliseconds: 1640799 
Test Case: automationFramework.TestCases.BalanceHistoryTest 
Time Stamp: 2016-07-27 17:24:05,855 
Code Location: automationFramework.TestCases.BalanceHistoryTest.setUp(BalanceHistoryTest.java:36) 
Log Message: Current OS: Windows 7 Enterprise 
 
Time in Milliseconds: 1640799 
Test Case: automationFramework.TestCases.BalanceHistoryTest 
Time Stamp: 2016-07-27 17:24:05,855 
Code Location: automationFramework.TestCases.BalanceHistoryTest.setUp(BalanceHistoryTest.java:36) 
Log Message: Current OS: Windows 7 Enterprise 
 
Time in Milliseconds: 1640799 
Test Case: automationFramework.TestCases.BalanceHistoryTest 
Time Stamp: 2016-07-27 17:24:05,855 
Code Location: automationFramework.TestCases.BalanceHistoryTest.setUp(BalanceHistoryTest.java:36) 
Log Message: Current OS: Windows 7 Enterprise 
 
Time in Milliseconds: 1640799 
Test Case: automationFramework.TestCases.BalanceHistoryTest 
Time Stamp: 2016-07-27 17:24:05,855 
Code Location: automationFramework.TestCases.BalanceHistoryTest.setUp(BalanceHistoryTest.java:36) 
Log Message: Current OS: Windows 7 Enterprise 
 
Time in Milliseconds: 1640799 
Test Case: automationFramework.TestCases.BalanceHistoryTest 
Time Stamp: 2016-07-27 17:24:05,855 
Code Location: automationFramework.TestCases.BalanceHistoryTest.setUp(BalanceHistoryTest.java:36) 
Log Message: Current OS: Windows 7 Enterprise 
 
Time in Milliseconds: 1640799 
Test Case: automationFramework.TestCases.BalanceHistoryTest 
Time Stamp: 2016-07-27 17:24:05,855 
Code Location: automationFramework.TestCases.BalanceHistoryTest.setUp(BalanceHistoryTest.java:36) 
Log Message: Current OS: Windows 7 Enterprise 
 
Time in Milliseconds: 1640799 
Test Case: automationFramework.TestCases.BalanceHistoryTest 
Time Stamp: 2016-07-27 17:24:05,855 
Code Location: automationFramework.TestCases.BalanceHistoryTest.setUp(BalanceHistoryTest.java:36) 
Log Message: Current OS: Windows 7 Enterprise 
 
Time in Milliseconds: 1640799 
Test Case: automationFramework.TestCases.BalanceHistoryTest 
Time Stamp: 2016-07-27 17:24:05,855 
Code Location: automationFramework.TestCases.BalanceHistoryTest.setUp(BalanceHistoryTest.java:36) 
Log Message: Current OS: Windows 7 Enterprise 
 
Time in Milliseconds: 1640799 
Test Case: automationFramework.TestCases.BalanceHistoryTest 
Time Stamp: 2016-07-27 17:24:05,855 
Code Location: automationFramework.TestCases.BalanceHistoryTest.setUp(BalanceHistoryTest.java:36) 
Log Message: Current OS: Windows 7 Enterprise 
 
Time in Milliseconds: 1640799 
Test Case: automationFramework.TestCases.BalanceHistoryTest 
Time Stamp: 2016-07-27 17:24:05,855 
Code Location: automationFramework.TestCases.BalanceHistoryTest.setUp(BalanceHistoryTest.java:36) 
Log Message: Current OS: Windows 7 Enterprise 
 
Time in Milliseconds: 1640799 
Test Case: automationFramework.TestCases.BalanceHistoryTest 
Time Stamp: 2016-07-27 17:24:05,855 
Code Location: automationFramework.TestCases.BalanceHistoryTest.setUp(BalanceHistoryTest.java:36) 
Log Message: Current OS: Windows 7 Enterprise 
 
Time in Milliseconds: 1640799 
Test Case: automationFramework.TestCases.BalanceHistoryTest 
Time Stamp: 2016-07-27 17:24:05,855 
Code Location: automationFramework.TestCases.BalanceHistoryTest.setUp(BalanceHistoryTest.java:36) 
Log Message: Current OS: Windows 7 Enterprise 
 
Time in Milliseconds: 1640799 
Test Case: automationFramework.TestCases.BalanceHistoryTest 
Time Stamp: 2016-07-27 17:24:05,855 
Code Location: automationFramework.TestCases.BalanceHistoryTest.setUp(BalanceHistoryTest.java:36) 
Log Message: Current OS: Windows 7 Enterprise 
 
Time in Milliseconds: 1640799 
Test Case: automationFramework.TestCases.BalanceHistoryTest 
Time Stamp: 2016-07-27 17:24:05,855 
Code Location: automationFramework.TestCases.BalanceHistoryTest.setUp(BalanceHistoryTest.java:36) 
Log Message: Current OS: Windows 7 Enterprise 
 
Time in Milliseconds: 1640799 
Test Case: automationFramework.TestCases.BalanceHistoryTest 
Time Stamp: 2016-07-27 17:24:05,855 
Code Location: automationFramework.TestCases.BalanceHistoryTest.setUp(BalanceHistoryTest.java:36) 
Log Message: Current OS: Windows 7 Enterprise 
 
Time in Milliseconds: 1640799 
Test Case: automationFramework.TestCases.BalanceHistoryTest 
Time Stamp: 2016-07-27 17:24:05,855 
Code Location: automationFramework.TestCases.BalanceHistoryTest.setUp(BalanceHistoryTest.java:36) 
Log Message: Current OS: Windows 7 Enterprise 
 
Time in Milliseconds: 1640799 
Test Case: automationFramework.TestCases.BalanceHistoryTest 
Time Stamp: 2016-07-27 17:24:05,855 
Code Location: automationFramework.TestCases.BalanceHistoryTest.setUp(BalanceHistoryTest.java:36) 
Log Message: Current OS: Windows 7 Enterprise 
 
Time in Milliseconds: 1640799 
Test Case: automationFramework.TestCases.BalanceHistoryTest 
Time Stamp: 2016-07-27 17:24:05,855 
Code Location: automationFramework.TestCases.BalanceHistoryTest.setUp(BalanceHistoryTest.java:36) 
Log Message: Current OS: Windows 7 Enterprise 
 
Time in Milliseconds: 1640799 
Test Case: automationFramework.TestCases.BalanceHistoryTest 
Time Stamp: 2016-07-27 17:24:05,855 
Code Location: automationFramework.TestCases.BalanceHistoryTest.setUp(BalanceHistoryTest.java:36) 
Log Message: Current OS: Windows 7 Enterprise 
 
Time in Milliseconds: 1640799 
Test Case: automationFramework.TestCases.BalanceHistoryTest 
Time Stamp: 2016-07-27 17:24:05,855 
Code Location: automationFramework.TestCases.BalanceHistoryTest.setUp(BalanceHistoryTest.java:36) 
Log Message: Current OS: Windows 7 Enterprise 
 
Time in Milliseconds: 1640799 
Test Case: automationFramework.TestCases.BalanceHistoryTest 
Time Stamp: 2016-07-27 17:24:05,855 
Code Location: automationFramework.TestCases.BalanceHistoryTest.setUp(BalanceHistoryTest.java:36) 
Log Message: Current OS: Windows 7 Enterprise 
 
Time in Milliseconds: 1640799 
Test Case: automationFramework.TestCases.BalanceHistoryTest 
Time Stamp: 2016-07-27 17:24:05,855 
Code Location: automationFramework.TestCases.BalanceHistoryTest.setUp(BalanceHistoryTest.java:36) 
Log Message: Current OS: Windows 7 Enterprise 
 
Time in Milliseconds: 1640799 
Test Case: automationFramework.TestCases.BalanceHistoryTest 
Time Stamp: 2016-07-27 17:24:05,855 
Code Location: automationFramework.TestCases.BalanceHistoryTest.setUp(BalanceHistoryTest.java:36) 
Log Message: Current OS: Windows 7 Enterprise 
 
Time in Milliseconds: 1640799 
Test Case: automationFramework.TestCases.BalanceHistoryTest 
Time Stamp: 2016-07-27 17:24:05,855 
Code Location: automationFramework.TestCases.BalanceHistoryTest.setUp(BalanceHistoryTest.java:36) 
Log Message: Current OS: Windows 7 Enterprise 
 
Time in Milliseconds: 1640799 
Test Case: automationFramework.TestCases.BalanceHistoryTest 
Time Stamp: 2016-07-27 17:24:05,855 
Code Location: automationFramework.TestCases.BalanceHistoryTest.setUp(BalanceHistoryTest.java:36) 
Log Message: Current OS: Windows 7 Enterprise 
 
Time in Milliseconds: 1640799 
Test Case: automationFramework.TestCases.BalanceHistoryTest 
Time Stamp: 2016-07-27 17:24:05,855 
Code Location: automationFramework.TestCases.BalanceHistoryTest.setUp(BalanceHistoryTest.java:36) 
Log Message: Current OS: Windows 7 Enterprise 
 
Time in Milliseconds: 1640799 
Test Case: automationFramework.TestCases.BalanceHistoryTest 
Time Stamp: 2016-07-27 17:24:05,855 
Code Location: automationFramework.TestCases.BalanceHistoryTest.setUp(BalanceHistoryTest.java:36) 
Log Message: Current OS: Windows 7 Enterprise 
 
Time in Milliseconds: 1640799 
Test Case: automationFramework.TestCases.BalanceHistoryTest 
Time Stamp: 2016-07-27 17:24:05,855 
Code Location: automationFramework.TestCases.BalanceHistoryTest.setUp(BalanceHistoryTest.java:36) 
Log Message: Current OS: Windows 7 Enterprise 
 
2016-07-27 17:24:05,855 INFO  [Logger] Current OS: Windows 7 Enterprise 
Time in Milliseconds: 1640807 
Test Case: automationFramework.TestCases.BalanceHistoryTest 
Time Stamp: 2016-07-27 17:24:05,863 
Code Location: automationFramework.TestCases.BalanceHistoryTest.setUp(BalanceHistoryTest.java:37) 
Log Message: Current Browser: firefox.exe 
 
Time in Milliseconds: 1640807 
Test Case: automationFramework.TestCases.BalanceHistoryTest 
Time Stamp: 2016-07-27 17:24:05,863 
Code Location: automationFramework.TestCases.BalanceHistoryTest.setUp(BalanceHistoryTest.java:37) 
Log Message: Current Browser: firefox.exe 
 
Time in Milliseconds: 1640807 
Test Case: automationFramework.TestCases.BalanceHistoryTest 
Time Stamp: 2016-07-27 17:24:05,863 
Code Location: automationFramework.TestCases.BalanceHistoryTest.setUp(BalanceHistoryTest.java:37) 
Log Message: Current Browser: firefox.exe 
 
Time in Milliseconds: 1640807 
Test Case: automationFramework.TestCases.BalanceHistoryTest 
Time Stamp: 2016-07-27 17:24:05,863 
Code Location: automationFramework.TestCases.BalanceHistoryTest.setUp(BalanceHistoryTest.java:37) 
Log Message: Current Browser: firefox.exe 
 
Time in Milliseconds: 1640807 
Test Case: automationFramework.TestCases.BalanceHistoryTest 
Time Stamp: 2016-07-27 17:24:05,863 
Code Location: automationFramework.TestCases.BalanceHistoryTest.setUp(BalanceHistoryTest.java:37) 
Log Message: Current Browser: firefox.exe 
 
Time in Milliseconds: 1640807 
Test Case: automationFramework.TestCases.BalanceHistoryTest 
Time Stamp: 2016-07-27 17:24:05,863 
Code Location: automationFramework.TestCases.BalanceHistoryTest.setUp(BalanceHistoryTest.java:37) 
Log Message: Current Browser: firefox.exe 
 
Time in Milliseconds: 1640807 
Test Case: automationFramework.TestCases.BalanceHistoryTest 
Time Stamp: 2016-07-27 17:24:05,863 
Code Location: automationFramework.TestCases.BalanceHistoryTest.setUp(BalanceHistoryTest.java:37) 
Log Message: Current Browser: firefox.exe 
 
Time in Milliseconds: 1640807 
Test Case: automationFramework.TestCases.BalanceHistoryTest 
Time Stamp: 2016-07-27 17:24:05,863 
Code Location: automationFramework.TestCases.BalanceHistoryTest.setUp(BalanceHistoryTest.java:37) 
Log Message: Current Browser: firefox.exe 
 
Time in Milliseconds: 1640807 
Test Case: automationFramework.TestCases.BalanceHistoryTest 
Time Stamp: 2016-07-27 17:24:05,863 
Code Location: automationFramework.TestCases.BalanceHistoryTest.setUp(BalanceHistoryTest.java:37) 
Log Message: Current Browser: firefox.exe 
 
Time in Milliseconds: 1640807 
Test Case: automationFramework.TestCases.BalanceHistoryTest 
Time Stamp: 2016-07-27 17:24:05,863 
Code Location: automationFramework.TestCases.BalanceHistoryTest.setUp(BalanceHistoryTest.java:37) 
Log Message: Current Browser: firefox.exe 
 
Time in Milliseconds: 1640807 
Test Case: automationFramework.TestCases.BalanceHistoryTest 
Time Stamp: 2016-07-27 17:24:05,863 
Code Location: automationFramework.TestCases.BalanceHistoryTest.setUp(BalanceHistoryTest.java:37) 
Log Message: Current Browser: firefox.exe 
 
Time in Milliseconds: 1640807 
Test Case: automationFramework.TestCases.BalanceHistoryTest 
Time Stamp: 2016-07-27 17:24:05,863 
Code Location: automationFramework.TestCases.BalanceHistoryTest.setUp(BalanceHistoryTest.java:37) 
Log Message: Current Browser: firefox.exe 
 
Time in Milliseconds: 1640807 
Test Case: automationFramework.TestCases.BalanceHistoryTest 
Time Stamp: 2016-07-27 17:24:05,863 
Code Location: automationFramework.TestCases.BalanceHistoryTest.setUp(BalanceHistoryTest.java:37) 
Log Message: Current Browser: firefox.exe 
 
Time in Milliseconds: 1640807 
Test Case: automationFramework.TestCases.BalanceHistoryTest 
Time Stamp: 2016-07-27 17:24:05,863 
Code Location: automationFramework.TestCases.BalanceHistoryTest.setUp(BalanceHistoryTest.java:37) 
Log Message: Current Browser: firefox.exe 
 
Time in Milliseconds: 1640807 
Test Case: automationFramework.TestCases.BalanceHistoryTest 
Time Stamp: 2016-07-27 17:24:05,863 
Code Location: automationFramework.TestCases.BalanceHistoryTest.setUp(BalanceHistoryTest.java:37) 
Log Message: Current Browser: firefox.exe 
 
Time in Milliseconds: 1640807 
Test Case: automationFramework.TestCases.BalanceHistoryTest 
Time Stamp: 2016-07-27 17:24:05,863 
Code Location: automationFramework.TestCases.BalanceHistoryTest.setUp(BalanceHistoryTest.java:37) 
Log Message: Current Browser: firefox.exe 
 
Time in Milliseconds: 1640807 
Test Case: automationFramework.TestCases.BalanceHistoryTest 
Time Stamp: 2016-07-27 17:24:05,863 
Code Location: automationFramework.TestCases.BalanceHistoryTest.setUp(BalanceHistoryTest.java:37) 
Log Message: Current Browser: firefox.exe 
 
Time in Milliseconds: 1640807 
Test Case: automationFramework.TestCases.BalanceHistoryTest 
Time Stamp: 2016-07-27 17:24:05,863 
Code Location: automationFramework.TestCases.BalanceHistoryTest.setUp(BalanceHistoryTest.java:37) 
Log Message: Current Browser: firefox.exe 
 
Time in Milliseconds: 1640807 
Test Case: automationFramework.TestCases.BalanceHistoryTest 
Time Stamp: 2016-07-27 17:24:05,863 
Code Location: automationFramework.TestCases.BalanceHistoryTest.setUp(BalanceHistoryTest.java:37) 
Log Message: Current Browser: firefox.exe 
 
Time in Milliseconds: 1640807 
Test Case: automationFramework.TestCases.BalanceHistoryTest 
Time Stamp: 2016-07-27 17:24:05,863 
Code Location: automationFramework.TestCases.BalanceHistoryTest.setUp(BalanceHistoryTest.java:37) 
Log Message: Current Browser: firefox.exe 
 
Time in Milliseconds: 1640807 
Test Case: automationFramework.TestCases.BalanceHistoryTest 
Time Stamp: 2016-07-27 17:24:05,863 
Code Location: automationFramework.TestCases.BalanceHistoryTest.setUp(BalanceHistoryTest.java:37) 
Log Message: Current Browser: firefox.exe 
 
Time in Milliseconds: 1640807 
Test Case: automationFramework.TestCases.BalanceHistoryTest 
Time Stamp: 2016-07-27 17:24:05,863 
Code Location: automationFramework.TestCases.BalanceHistoryTest.setUp(BalanceHistoryTest.java:37) 
Log Message: Current Browser: firefox.exe 
 
Time in Milliseconds: 1640807 
Test Case: automationFramework.TestCases.BalanceHistoryTest 
Time Stamp: 2016-07-27 17:24:05,863 
Code Location: automationFramework.TestCases.BalanceHistoryTest.setUp(BalanceHistoryTest.java:37) 
Log Message: Current Browser: firefox.exe 
 
Time in Milliseconds: 1640807 
Test Case: automationFramework.TestCases.BalanceHistoryTest 
Time Stamp: 2016-07-27 17:24:05,863 
Code Location: automationFramework.TestCases.BalanceHistoryTest.setUp(BalanceHistoryTest.java:37) 
Log Message: Current Browser: firefox.exe 
 
Time in Milliseconds: 1640807 
Test Case: automationFramework.TestCases.BalanceHistoryTest 
Time Stamp: 2016-07-27 17:24:05,863 
Code Location: automationFramework.TestCases.BalanceHistoryTest.setUp(BalanceHistoryTest.java:37) 
Log Message: Current Browser: firefox.exe 
 
Time in Milliseconds: 1640807 
Test Case: automationFramework.TestCases.BalanceHistoryTest 
Time Stamp: 2016-07-27 17:24:05,863 
Code Location: automationFramework.TestCases.BalanceHistoryTest.setUp(BalanceHistoryTest.java:37) 
Log Message: Current Browser: firefox.exe 
 
Time in Milliseconds: 1640807 
Test Case: automationFramework.TestCases.BalanceHistoryTest 
Time Stamp: 2016-07-27 17:24:05,863 
Code Location: automationFramework.TestCases.BalanceHistoryTest.setUp(BalanceHistoryTest.java:37) 
Log Message: Current Browser: firefox.exe 
 
Time in Milliseconds: 1640807 
Test Case: automationFramework.TestCases.BalanceHistoryTest 
Time Stamp: 2016-07-27 17:24:05,863 
Code Location: automationFramework.TestCases.BalanceHistoryTest.setUp(BalanceHistoryTest.java:37) 
Log Message: Current Browser: firefox.exe 
 
Time in Milliseconds: 1640807 
Test Case: automationFramework.TestCases.BalanceHistoryTest 
Time Stamp: 2016-07-27 17:24:05,863 
Code Location: automationFramework.TestCases.BalanceHistoryTest.setUp(BalanceHistoryTest.java:37) 
Log Message: Current Browser: firefox.exe 
 
Time in Milliseconds: 1640807 
Test Case: automationFramework.TestCases.BalanceHistoryTest 
Time Stamp: 2016-07-27 17:24:05,863 
Code Location: automationFramework.TestCases.BalanceHistoryTest.setUp(BalanceHistoryTest.java:37) 
Log Message: Current Browser: firefox.exe 
 
Time in Milliseconds: 1640807 
Test Case: automationFramework.TestCases.BalanceHistoryTest 
Time Stamp: 2016-07-27 17:24:05,863 
Code Location: automationFramework.TestCases.BalanceHistoryTest.setUp(BalanceHistoryTest.java:37) 
Log Message: Current Browser: firefox.exe 
 
Time in Milliseconds: 1640807 
Test Case: automationFramework.TestCases.BalanceHistoryTest 
Time Stamp: 2016-07-27 17:24:05,863 
Code Location: automationFramework.TestCases.BalanceHistoryTest.setUp(BalanceHistoryTest.java:37) 
Log Message: Current Browser: firefox.exe 
 
Time in Milliseconds: 1640807 
Test Case: automationFramework.TestCases.BalanceHistoryTest 
Time Stamp: 2016-07-27 17:24:05,863 
Code Location: automationFramework.TestCases.BalanceHistoryTest.setUp(BalanceHistoryTest.java:37) 
Log Message: Current Browser: firefox.exe 
 
Time in Milliseconds: 1640807 
Test Case: automationFramework.TestCases.BalanceHistoryTest 
Time Stamp: 2016-07-27 17:24:05,863 
Code Location: automationFramework.TestCases.BalanceHistoryTest.setUp(BalanceHistoryTest.java:37) 
Log Message: Current Browser: firefox.exe 
 
Time in Milliseconds: 1640807 
Test Case: automationFramework.TestCases.BalanceHistoryTest 
Time Stamp: 2016-07-27 17:24:05,863 
Code Location: automationFramework.TestCases.BalanceHistoryTest.setUp(BalanceHistoryTest.java:37) 
Log Message: Current Browser: firefox.exe 
 
2016-07-27 17:24:05,863 INFO  [Logger] Current Browser: firefox.exe 
Time in Milliseconds: 1652379 
Test Case: automationFramework.TestCases.BalanceHistoryTest 
Time Stamp: 2016-07-27 17:24:17,435 
Code Location: automationFramework.TestCases.BalanceHistoryTest.setUp(BalanceHistoryTest.java:40) 
Log Message: Setup Completed 
 
Time in Milliseconds: 1652379 
Test Case: automationFramework.TestCases.BalanceHistoryTest 
Time Stamp: 2016-07-27 17:24:17,435 
Code Location: automationFramework.TestCases.BalanceHistoryTest.setUp(BalanceHistoryTest.java:40) 
Log Message: Setup Completed 
 
Time in Milliseconds: 1652379 
Test Case: automationFramework.TestCases.BalanceHistoryTest 
Time Stamp: 2016-07-27 17:24:17,435 
Code Location: automationFramework.TestCases.BalanceHistoryTest.setUp(BalanceHistoryTest.java:40) 
Log Message: Setup Completed 
 
Time in Milliseconds: 1652379 
Test Case: automationFramework.TestCases.BalanceHistoryTest 
Time Stamp: 2016-07-27 17:24:17,435 
Code Location: automationFramework.TestCases.BalanceHistoryTest.setUp(BalanceHistoryTest.java:40) 
Log Message: Setup Completed 
 
Time in Milliseconds: 1652379 
Test Case: automationFramework.TestCases.BalanceHistoryTest 
Time Stamp: 2016-07-27 17:24:17,435 
Code Location: automationFramework.TestCases.BalanceHistoryTest.setUp(BalanceHistoryTest.java:40) 
Log Message: Setup Completed 
 
Time in Milliseconds: 1652379 
Test Case: automationFramework.TestCases.BalanceHistoryTest 
Time Stamp: 2016-07-27 17:24:17,435 
Code Location: automationFramework.TestCases.BalanceHistoryTest.setUp(BalanceHistoryTest.java:40) 
Log Message: Setup Completed 
 
Time in Milliseconds: 1652379 
Test Case: automationFramework.TestCases.BalanceHistoryTest 
Time Stamp: 2016-07-27 17:24:17,435 
Code Location: automationFramework.TestCases.BalanceHistoryTest.setUp(BalanceHistoryTest.java:40) 
Log Message: Setup Completed 
 
Time in Milliseconds: 1652379 
Test Case: automationFramework.TestCases.BalanceHistoryTest 
Time Stamp: 2016-07-27 17:24:17,435 
Code Location: automationFramework.TestCases.BalanceHistoryTest.setUp(BalanceHistoryTest.java:40) 
Log Message: Setup Completed 
 
Time in Milliseconds: 1652379 
Test Case: automationFramework.TestCases.BalanceHistoryTest 
Time Stamp: 2016-07-27 17:24:17,435 
Code Location: automationFramework.TestCases.BalanceHistoryTest.setUp(BalanceHistoryTest.java:40) 
Log Message: Setup Completed 
 
Time in Milliseconds: 1652379 
Test Case: automationFramework.TestCases.BalanceHistoryTest 
Time Stamp: 2016-07-27 17:24:17,435 
Code Location: automationFramework.TestCases.BalanceHistoryTest.setUp(BalanceHistoryTest.java:40) 
Log Message: Setup Completed 
 
Time in Milliseconds: 1652379 
Test Case: automationFramework.TestCases.BalanceHistoryTest 
Time Stamp: 2016-07-27 17:24:17,435 
Code Location: automationFramework.TestCases.BalanceHistoryTest.setUp(BalanceHistoryTest.java:40) 
Log Message: Setup Completed 
 
Time in Milliseconds: 1652379 
Test Case: automationFramework.TestCases.BalanceHistoryTest 
Time Stamp: 2016-07-27 17:24:17,435 
Code Location: automationFramework.TestCases.BalanceHistoryTest.setUp(BalanceHistoryTest.java:40) 
Log Message: Setup Completed 
 
Time in Milliseconds: 1652379 
Test Case: automationFramework.TestCases.BalanceHistoryTest 
Time Stamp: 2016-07-27 17:24:17,435 
Code Location: automationFramework.TestCases.BalanceHistoryTest.setUp(BalanceHistoryTest.java:40) 
Log Message: Setup Completed 
 
Time in Milliseconds: 1652379 
Test Case: automationFramework.TestCases.BalanceHistoryTest 
Time Stamp: 2016-07-27 17:24:17,435 
Code Location: automationFramework.TestCases.BalanceHistoryTest.setUp(BalanceHistoryTest.java:40) 
Log Message: Setup Completed 
 
Time in Milliseconds: 1652379 
Test Case: automationFramework.TestCases.BalanceHistoryTest 
Time Stamp: 2016-07-27 17:24:17,435 
Code Location: automationFramework.TestCases.BalanceHistoryTest.setUp(BalanceHistoryTest.java:40) 
Log Message: Setup Completed 
 
Time in Milliseconds: 1652379 
Test Case: automationFramework.TestCases.BalanceHistoryTest 
Time Stamp: 2016-07-27 17:24:17,435 
Code Location: automationFramework.TestCases.BalanceHistoryTest.setUp(BalanceHistoryTest.java:40) 
Log Message: Setup Completed 
 
Time in Milliseconds: 1652379 
Test Case: automationFramework.TestCases.BalanceHistoryTest 
Time Stamp: 2016-07-27 17:24:17,435 
Code Location: automationFramework.TestCases.BalanceHistoryTest.setUp(BalanceHistoryTest.java:40) 
Log Message: Setup Completed 
 
Time in Milliseconds: 1652379 
Test Case: automationFramework.TestCases.BalanceHistoryTest 
Time Stamp: 2016-07-27 17:24:17,435 
Code Location: automationFramework.TestCases.BalanceHistoryTest.setUp(BalanceHistoryTest.java:40) 
Log Message: Setup Completed 
 
Time in Milliseconds: 1652379 
Test Case: automationFramework.TestCases.BalanceHistoryTest 
Time Stamp: 2016-07-27 17:24:17,435 
Code Location: automationFramework.TestCases.BalanceHistoryTest.setUp(BalanceHistoryTest.java:40) 
Log Message: Setup Completed 
 
Time in Milliseconds: 1652379 
Test Case: automationFramework.TestCases.BalanceHistoryTest 
Time Stamp: 2016-07-27 17:24:17,435 
Code Location: automationFramework.TestCases.BalanceHistoryTest.setUp(BalanceHistoryTest.java:40) 
Log Message: Setup Completed 
 
Time in Milliseconds: 1652379 
Test Case: automationFramework.TestCases.BalanceHistoryTest 
Time Stamp: 2016-07-27 17:24:17,435 
Code Location: automationFramework.TestCases.BalanceHistoryTest.setUp(BalanceHistoryTest.java:40) 
Log Message: Setup Completed 
 
Time in Milliseconds: 1652379 
Test Case: automationFramework.TestCases.BalanceHistoryTest 
Time Stamp: 2016-07-27 17:24:17,435 
Code Location: automationFramework.TestCases.BalanceHistoryTest.setUp(BalanceHistoryTest.java:40) 
Log Message: Setup Completed 
 
Time in Milliseconds: 1652379 
Test Case: automationFramework.TestCases.BalanceHistoryTest 
Time Stamp: 2016-07-27 17:24:17,435 
Code Location: automationFramework.TestCases.BalanceHistoryTest.setUp(BalanceHistoryTest.java:40) 
Log Message: Setup Completed 
 
Time in Milliseconds: 1652379 
Test Case: automationFramework.TestCases.BalanceHistoryTest 
Time Stamp: 2016-07-27 17:24:17,435 
Code Location: automationFramework.TestCases.BalanceHistoryTest.setUp(BalanceHistoryTest.java:40) 
Log Message: Setup Completed 
 
Time in Milliseconds: 1652379 
Test Case: automationFramework.TestCases.BalanceHistoryTest 
Time Stamp: 2016-07-27 17:24:17,435 
Code Location: automationFramework.TestCases.BalanceHistoryTest.setUp(BalanceHistoryTest.java:40) 
Log Message: Setup Completed 
 
Time in Milliseconds: 1652379 
Test Case: automationFramework.TestCases.BalanceHistoryTest 
Time Stamp: 2016-07-27 17:24:17,435 
Code Location: automationFramework.TestCases.BalanceHistoryTest.setUp(BalanceHistoryTest.java:40) 
Log Message: Setup Completed 
 
Time in Milliseconds: 1652379 
Test Case: automationFramework.TestCases.BalanceHistoryTest 
Time Stamp: 2016-07-27 17:24:17,435 
Code Location: automationFramework.TestCases.BalanceHistoryTest.setUp(BalanceHistoryTest.java:40) 
Log Message: Setup Completed 
 
Time in Milliseconds: 1652379 
Test Case: automationFramework.TestCases.BalanceHistoryTest 
Time Stamp: 2016-07-27 17:24:17,435 
Code Location: automationFramework.TestCases.BalanceHistoryTest.setUp(BalanceHistoryTest.java:40) 
Log Message: Setup Completed 
 
Time in Milliseconds: 1652379 
Test Case: automationFramework.TestCases.BalanceHistoryTest 
Time Stamp: 2016-07-27 17:24:17,435 
Code Location: automationFramework.TestCases.BalanceHistoryTest.setUp(BalanceHistoryTest.java:40) 
Log Message: Setup Completed 
 
Time in Milliseconds: 1652379 
Test Case: automationFramework.TestCases.BalanceHistoryTest 
Time Stamp: 2016-07-27 17:24:17,435 
Code Location: automationFramework.TestCases.BalanceHistoryTest.setUp(BalanceHistoryTest.java:40) 
Log Message: Setup Completed 
 
Time in Milliseconds: 1652379 
Test Case: automationFramework.TestCases.BalanceHistoryTest 
Time Stamp: 2016-07-27 17:24:17,435 
Code Location: automationFramework.TestCases.BalanceHistoryTest.setUp(BalanceHistoryTest.java:40) 
Log Message: Setup Completed 
 
Time in Milliseconds: 1652379 
Test Case: automationFramework.TestCases.BalanceHistoryTest 
Time Stamp: 2016-07-27 17:24:17,435 
Code Location: automationFramework.TestCases.BalanceHistoryTest.setUp(BalanceHistoryTest.java:40) 
Log Message: Setup Completed 
 
Time in Milliseconds: 1652379 
Test Case: automationFramework.TestCases.BalanceHistoryTest 
Time Stamp: 2016-07-27 17:24:17,435 
Code Location: automationFramework.TestCases.BalanceHistoryTest.setUp(BalanceHistoryTest.java:40) 
Log Message: Setup Completed 
 
Time in Milliseconds: 1652379 
Test Case: automationFramework.TestCases.BalanceHistoryTest 
Time Stamp: 2016-07-27 17:24:17,435 
Code Location: automationFramework.TestCases.BalanceHistoryTest.setUp(BalanceHistoryTest.java:40) 
Log Message: Setup Completed 
 
Time in Milliseconds: 1652379 
Test Case: automationFramework.TestCases.BalanceHistoryTest 
Time Stamp: 2016-07-27 17:24:17,435 
Code Location: automationFramework.TestCases.BalanceHistoryTest.setUp(BalanceHistoryTest.java:40) 
Log Message: Setup Completed 
 
2016-07-27 17:24:17,435 INFO  [Logger] Setup Completed 
</system-out>
  </testcase>
  <testcase classname="automationFramework.TestCases.EmailTest" name="checkEmailCreateOrder" time="101.007">
    <failure message="expected [true] but found [false]" type="java.lang.AssertionError">java.lang.AssertionError: expected [true] but found [false]
	at org.testng.Assert.fail(Assert.java:94)
	at org.testng.Assert.failNotEquals(Assert.java:494)
	at org.testng.Assert.assertTrue(Assert.java:42)
	at org.testng.Assert.assertTrue(Assert.java:52)
	at automationFramework.TestCases.EmailTest.checkEmailCreateOrder(EmailTest.java:111)
</failure>
    <system-out>Time in Milliseconds: 1744901 
Test Case: automationFramework.TestCases.BalanceHistoryTest 
Time Stamp: 2016-07-27 17:25:49,957 
Code Location: automationFramework.TestCases.BalanceHistoryTest.tearDown(BalanceHistoryTest.java:109) 
Log Message: TearDown Complete 
 
Time in Milliseconds: 1744901 
Test Case: automationFramework.TestCases.BalanceHistoryTest 
Time Stamp: 2016-07-27 17:25:49,957 
Code Location: automationFramework.TestCases.BalanceHistoryTest.tearDown(BalanceHistoryTest.java:109) 
Log Message: TearDown Complete 
 
Time in Milliseconds: 1744901 
Test Case: automationFramework.TestCases.BalanceHistoryTest 
Time Stamp: 2016-07-27 17:25:49,957 
Code Location: automationFramework.TestCases.BalanceHistoryTest.tearDown(BalanceHistoryTest.java:109) 
Log Message: TearDown Complete 
 
Time in Milliseconds: 1744901 
Test Case: automationFramework.TestCases.BalanceHistoryTest 
Time Stamp: 2016-07-27 17:25:49,957 
Code Location: automationFramework.TestCases.BalanceHistoryTest.tearDown(BalanceHistoryTest.java:109) 
Log Message: TearDown Complete 
 
Time in Milliseconds: 1744901 
Test Case: automationFramework.TestCases.BalanceHistoryTest 
Time Stamp: 2016-07-27 17:25:49,957 
Code Location: automationFramework.TestCases.BalanceHistoryTest.tearDown(BalanceHistoryTest.java:109) 
Log Message: TearDown Complete 
 
Time in Milliseconds: 1744901 
Test Case: automationFramework.TestCases.BalanceHistoryTest 
Time Stamp: 2016-07-27 17:25:49,957 
Code Location: automationFramework.TestCases.BalanceHistoryTest.tearDown(BalanceHistoryTest.java:109) 
Log Message: TearDown Complete 
 
Time in Milliseconds: 1744901 
Test Case: automationFramework.TestCases.BalanceHistoryTest 
Time Stamp: 2016-07-27 17:25:49,957 
Code Location: automationFramework.TestCases.BalanceHistoryTest.tearDown(BalanceHistoryTest.java:109) 
Log Message: TearDown Complete 
 
Time in Milliseconds: 1744901 
Test Case: automationFramework.TestCases.BalanceHistoryTest 
Time Stamp: 2016-07-27 17:25:49,957 
Code Location: automationFramework.TestCases.BalanceHistoryTest.tearDown(BalanceHistoryTest.java:109) 
Log Message: TearDown Complete 
 
Time in Milliseconds: 1744901 
Test Case: automationFramework.TestCases.BalanceHistoryTest 
Time Stamp: 2016-07-27 17:25:49,957 
Code Location: automationFramework.TestCases.BalanceHistoryTest.tearDown(BalanceHistoryTest.java:109) 
Log Message: TearDown Complete 
 
Time in Milliseconds: 1744901 
Test Case: automationFramework.TestCases.BalanceHistoryTest 
Time Stamp: 2016-07-27 17:25:49,957 
Code Location: automationFramework.TestCases.BalanceHistoryTest.tearDown(BalanceHistoryTest.java:109) 
Log Message: TearDown Complete 
 
Time in Milliseconds: 1744901 
Test Case: automationFramework.TestCases.BalanceHistoryTest 
Time Stamp: 2016-07-27 17:25:49,957 
Code Location: automationFramework.TestCases.BalanceHistoryTest.tearDown(BalanceHistoryTest.java:109) 
Log Message: TearDown Complete 
 
Time in Milliseconds: 1744901 
Test Case: automationFramework.TestCases.BalanceHistoryTest 
Time Stamp: 2016-07-27 17:25:49,957 
Code Location: automationFramework.TestCases.BalanceHistoryTest.tearDown(BalanceHistoryTest.java:109) 
Log Message: TearDown Complete 
 
Time in Milliseconds: 1744901 
Test Case: automationFramework.TestCases.BalanceHistoryTest 
Time Stamp: 2016-07-27 17:25:49,957 
Code Location: automationFramework.TestCases.BalanceHistoryTest.tearDown(BalanceHistoryTest.java:109) 
Log Message: TearDown Complete 
 
Time in Milliseconds: 1744901 
Test Case: automationFramework.TestCases.BalanceHistoryTest 
Time Stamp: 2016-07-27 17:25:49,957 
Code Location: automationFramework.TestCases.BalanceHistoryTest.tearDown(BalanceHistoryTest.java:109) 
Log Message: TearDown Complete 
 
Time in Milliseconds: 1744901 
Test Case: automationFramework.TestCases.BalanceHistoryTest 
Time Stamp: 2016-07-27 17:25:49,957 
Code Location: automationFramework.TestCases.BalanceHistoryTest.tearDown(BalanceHistoryTest.java:109) 
Log Message: TearDown Complete 
 
Time in Milliseconds: 1744901 
Test Case: automationFramework.TestCases.BalanceHistoryTest 
Time Stamp: 2016-07-27 17:25:49,957 
Code Location: automationFramework.TestCases.BalanceHistoryTest.tearDown(BalanceHistoryTest.java:109) 
Log Message: TearDown Complete 
 
Time in Milliseconds: 1744901 
Test Case: automationFramework.TestCases.BalanceHistoryTest 
Time Stamp: 2016-07-27 17:25:49,957 
Code Location: automationFramework.TestCases.BalanceHistoryTest.tearDown(BalanceHistoryTest.java:109) 
Log Message: TearDown Complete 
 
Time in Milliseconds: 1744901 
Test Case: automationFramework.TestCases.BalanceHistoryTest 
Time Stamp: 2016-07-27 17:25:49,957 
Code Location: automationFramework.TestCases.BalanceHistoryTest.tearDown(BalanceHistoryTest.java:109) 
Log Message: TearDown Complete 
 
Time in Milliseconds: 1744901 
Test Case: automationFramework.TestCases.BalanceHistoryTest 
Time Stamp: 2016-07-27 17:25:49,957 
Code Location: automationFramework.TestCases.BalanceHistoryTest.tearDown(BalanceHistoryTest.java:109) 
Log Message: TearDown Complete 
 
Time in Milliseconds: 1744901 
Test Case: automationFramework.TestCases.BalanceHistoryTest 
Time Stamp: 2016-07-27 17:25:49,957 
Code Location: automationFramework.TestCases.BalanceHistoryTest.tearDown(BalanceHistoryTest.java:109) 
Log Message: TearDown Complete 
 
Time in Milliseconds: 1744901 
Test Case: automationFramework.TestCases.BalanceHistoryTest 
Time Stamp: 2016-07-27 17:25:49,957 
Code Location: automationFramework.TestCases.BalanceHistoryTest.tearDown(BalanceHistoryTest.java:109) 
Log Message: TearDown Complete 
 
Time in Milliseconds: 1744901 
Test Case: automationFramework.TestCases.BalanceHistoryTest 
Time Stamp: 2016-07-27 17:25:49,957 
Code Location: automationFramework.TestCases.BalanceHistoryTest.tearDown(BalanceHistoryTest.java:109) 
Log Message: TearDown Complete 
 
Time in Milliseconds: 1744901 
Test Case: automationFramework.TestCases.BalanceHistoryTest 
Time Stamp: 2016-07-27 17:25:49,957 
Code Location: automationFramework.TestCases.BalanceHistoryTest.tearDown(BalanceHistoryTest.java:109) 
Log Message: TearDown Complete 
 
Time in Milliseconds: 1744901 
Test Case: automationFramework.TestCases.BalanceHistoryTest 
Time Stamp: 2016-07-27 17:25:49,957 
Code Location: automationFramework.TestCases.BalanceHistoryTest.tearDown(BalanceHistoryTest.java:109) 
Log Message: TearDown Complete 
 
Time in Milliseconds: 1744901 
Test Case: automationFramework.TestCases.BalanceHistoryTest 
Time Stamp: 2016-07-27 17:25:49,957 
Code Location: automationFramework.TestCases.BalanceHistoryTest.tearDown(BalanceHistoryTest.java:109) 
Log Message: TearDown Complete 
 
Time in Milliseconds: 1744901 
Test Case: automationFramework.TestCases.BalanceHistoryTest 
Time Stamp: 2016-07-27 17:25:49,957 
Code Location: automationFramework.TestCases.BalanceHistoryTest.tearDown(BalanceHistoryTest.java:109) 
Log Message: TearDown Complete 
 
Time in Milliseconds: 1744901 
Test Case: automationFramework.TestCases.BalanceHistoryTest 
Time Stamp: 2016-07-27 17:25:49,957 
Code Location: automationFramework.TestCases.BalanceHistoryTest.tearDown(BalanceHistoryTest.java:109) 
Log Message: TearDown Complete 
 
Time in Milliseconds: 1744901 
Test Case: automationFramework.TestCases.BalanceHistoryTest 
Time Stamp: 2016-07-27 17:25:49,957 
Code Location: automationFramework.TestCases.BalanceHistoryTest.tearDown(BalanceHistoryTest.java:109) 
Log Message: TearDown Complete 
 
Time in Milliseconds: 1744901 
Test Case: automationFramework.TestCases.BalanceHistoryTest 
Time Stamp: 2016-07-27 17:25:49,957 
Code Location: automationFramework.TestCases.BalanceHistoryTest.tearDown(BalanceHistoryTest.java:109) 
Log Message: TearDown Complete 
 
Time in Milliseconds: 1744901 
Test Case: automationFramework.TestCases.BalanceHistoryTest 
Time Stamp: 2016-07-27 17:25:49,957 
Code Location: automationFramework.TestCases.BalanceHistoryTest.tearDown(BalanceHistoryTest.java:109) 
Log Message: TearDown Complete 
 
Time in Milliseconds: 1744901 
Test Case: automationFramework.TestCases.BalanceHistoryTest 
Time Stamp: 2016-07-27 17:25:49,957 
Code Location: automationFramework.TestCases.BalanceHistoryTest.tearDown(BalanceHistoryTest.java:109) 
Log Message: TearDown Complete 
 
Time in Milliseconds: 1744901 
Test Case: automationFramework.TestCases.BalanceHistoryTest 
Time Stamp: 2016-07-27 17:25:49,957 
Code Location: automationFramework.TestCases.BalanceHistoryTest.tearDown(BalanceHistoryTest.java:109) 
Log Message: TearDown Complete 
 
Time in Milliseconds: 1744901 
Test Case: automationFramework.TestCases.BalanceHistoryTest 
Time Stamp: 2016-07-27 17:25:49,957 
Code Location: automationFramework.TestCases.BalanceHistoryTest.tearDown(BalanceHistoryTest.java:109) 
Log Message: TearDown Complete 
 
Time in Milliseconds: 1744901 
Test Case: automationFramework.TestCases.BalanceHistoryTest 
Time Stamp: 2016-07-27 17:25:49,957 
Code Location: automationFramework.TestCases.BalanceHistoryTest.tearDown(BalanceHistoryTest.java:109) 
Log Message: TearDown Complete 
 
Time in Milliseconds: 1744901 
Test Case: automationFramework.TestCases.BalanceHistoryTest 
Time Stamp: 2016-07-27 17:25:49,957 
Code Location: automationFramework.TestCases.BalanceHistoryTest.tearDown(BalanceHistoryTest.java:109) 
Log Message: TearDown Complete 
 
2016-07-27 17:25:49,957 INFO  [Logger] TearDown Complete 
Time in Milliseconds: 1745447 
Test Case: automationFramework.TestCases.EmailTest 
Time Stamp: 2016-07-27 17:25:50,503 
Code Location: automationFramework.TestCases.EmailTest.setUp(EmailTest.java:41) 
Log Message: Setup Started 
 
Time in Milliseconds: 1745447 
Test Case: automationFramework.TestCases.EmailTest 
Time Stamp: 2016-07-27 17:25:50,503 
Code Location: automationFramework.TestCases.EmailTest.setUp(EmailTest.java:41) 
Log Message: Setup Started 
 
Time in Milliseconds: 1745447 
Test Case: automationFramework.TestCases.EmailTest 
Time Stamp: 2016-07-27 17:25:50,503 
Code Location: automationFramework.TestCases.EmailTest.setUp(EmailTest.java:41) 
Log Message: Setup Started 
 
Time in Milliseconds: 1745447 
Test Case: automationFramework.TestCases.EmailTest 
Time Stamp: 2016-07-27 17:25:50,503 
Code Location: automationFramework.TestCases.EmailTest.setUp(EmailTest.java:41) 
Log Message: Setup Started 
 
Time in Milliseconds: 1745447 
Test Case: automationFramework.TestCases.EmailTest 
Time Stamp: 2016-07-27 17:25:50,503 
Code Location: automationFramework.TestCases.EmailTest.setUp(EmailTest.java:41) 
Log Message: Setup Started 
 
Time in Milliseconds: 1745447 
Test Case: automationFramework.TestCases.EmailTest 
Time Stamp: 2016-07-27 17:25:50,503 
Code Location: automationFramework.TestCases.EmailTest.setUp(EmailTest.java:41) 
Log Message: Setup Started 
 
Time in Milliseconds: 1745447 
Test Case: automationFramework.TestCases.EmailTest 
Time Stamp: 2016-07-27 17:25:50,503 
Code Location: automationFramework.TestCases.EmailTest.setUp(EmailTest.java:41) 
Log Message: Setup Started 
 
Time in Milliseconds: 1745447 
Test Case: automationFramework.TestCases.EmailTest 
Time Stamp: 2016-07-27 17:25:50,503 
Code Location: automationFramework.TestCases.EmailTest.setUp(EmailTest.java:41) 
Log Message: Setup Started 
 
Time in Milliseconds: 1745447 
Test Case: automationFramework.TestCases.EmailTest 
Time Stamp: 2016-07-27 17:25:50,503 
Code Location: automationFramework.TestCases.EmailTest.setUp(EmailTest.java:41) 
Log Message: Setup Started 
 
Time in Milliseconds: 1745447 
Test Case: automationFramework.TestCases.EmailTest 
Time Stamp: 2016-07-27 17:25:50,503 
Code Location: automationFramework.TestCases.EmailTest.setUp(EmailTest.java:41) 
Log Message: Setup Started 
 
Time in Milliseconds: 1745447 
Test Case: automationFramework.TestCases.EmailTest 
Time Stamp: 2016-07-27 17:25:50,503 
Code Location: automationFramework.TestCases.EmailTest.setUp(EmailTest.java:41) 
Log Message: Setup Started 
 
Time in Milliseconds: 1745447 
Test Case: automationFramework.TestCases.EmailTest 
Time Stamp: 2016-07-27 17:25:50,503 
Code Location: automationFramework.TestCases.EmailTest.setUp(EmailTest.java:41) 
Log Message: Setup Started 
 
Time in Milliseconds: 1745447 
Test Case: automationFramework.TestCases.EmailTest 
Time Stamp: 2016-07-27 17:25:50,503 
Code Location: automationFramework.TestCases.EmailTest.setUp(EmailTest.java:41) 
Log Message: Setup Started 
 
Time in Milliseconds: 1745447 
Test Case: automationFramework.TestCases.EmailTest 
Time Stamp: 2016-07-27 17:25:50,503 
Code Location: automationFramework.TestCases.EmailTest.setUp(EmailTest.java:41) 
Log Message: Setup Started 
 
Time in Milliseconds: 1745447 
Test Case: automationFramework.TestCases.EmailTest 
Time Stamp: 2016-07-27 17:25:50,503 
Code Location: automationFramework.TestCases.EmailTest.setUp(EmailTest.java:41) 
Log Message: Setup Started 
 
Time in Milliseconds: 1745447 
Test Case: automationFramework.TestCases.EmailTest 
Time Stamp: 2016-07-27 17:25:50,503 
Code Location: automationFramework.TestCases.EmailTest.setUp(EmailTest.java:41) 
Log Message: Setup Started 
 
Time in Milliseconds: 1745447 
Test Case: automationFramework.TestCases.EmailTest 
Time Stamp: 2016-07-27 17:25:50,503 
Code Location: automationFramework.TestCases.EmailTest.setUp(EmailTest.java:41) 
Log Message: Setup Started 
 
Time in Milliseconds: 1745447 
Test Case: automationFramework.TestCases.EmailTest 
Time Stamp: 2016-07-27 17:25:50,503 
Code Location: automationFramework.TestCases.EmailTest.setUp(EmailTest.java:41) 
Log Message: Setup Started 
 
Time in Milliseconds: 1745447 
Test Case: automationFramework.TestCases.EmailTest 
Time Stamp: 2016-07-27 17:25:50,503 
Code Location: automationFramework.TestCases.EmailTest.setUp(EmailTest.java:41) 
Log Message: Setup Started 
 
Time in Milliseconds: 1745447 
Test Case: automationFramework.TestCases.EmailTest 
Time Stamp: 2016-07-27 17:25:50,503 
Code Location: automationFramework.TestCases.EmailTest.setUp(EmailTest.java:41) 
Log Message: Setup Started 
 
Time in Milliseconds: 1745447 
Test Case: automationFramework.TestCases.EmailTest 
Time Stamp: 2016-07-27 17:25:50,503 
Code Location: automationFramework.TestCases.EmailTest.setUp(EmailTest.java:41) 
Log Message: Setup Started 
 
Time in Milliseconds: 1745447 
Test Case: automationFramework.TestCases.EmailTest 
Time Stamp: 2016-07-27 17:25:50,503 
Code Location: automationFramework.TestCases.EmailTest.setUp(EmailTest.java:41) 
Log Message: Setup Started 
 
Time in Milliseconds: 1745447 
Test Case: automationFramework.TestCases.EmailTest 
Time Stamp: 2016-07-27 17:25:50,503 
Code Location: automationFramework.TestCases.EmailTest.setUp(EmailTest.java:41) 
Log Message: Setup Started 
 
Time in Milliseconds: 1745447 
Test Case: automationFramework.TestCases.EmailTest 
Time Stamp: 2016-07-27 17:25:50,503 
Code Location: automationFramework.TestCases.EmailTest.setUp(EmailTest.java:41) 
Log Message: Setup Started 
 
Time in Milliseconds: 1745447 
Test Case: automationFramework.TestCases.EmailTest 
Time Stamp: 2016-07-27 17:25:50,503 
Code Location: automationFramework.TestCases.EmailTest.setUp(EmailTest.java:41) 
Log Message: Setup Started 
 
Time in Milliseconds: 1745447 
Test Case: automationFramework.TestCases.EmailTest 
Time Stamp: 2016-07-27 17:25:50,503 
Code Location: automationFramework.TestCases.EmailTest.setUp(EmailTest.java:41) 
Log Message: Setup Started 
 
Time in Milliseconds: 1745447 
Test Case: automationFramework.TestCases.EmailTest 
Time Stamp: 2016-07-27 17:25:50,503 
Code Location: automationFramework.TestCases.EmailTest.setUp(EmailTest.java:41) 
Log Message: Setup Started 
 
Time in Milliseconds: 1745447 
Test Case: automationFramework.TestCases.EmailTest 
Time Stamp: 2016-07-27 17:25:50,503 
Code Location: automationFramework.TestCases.EmailTest.setUp(EmailTest.java:41) 
Log Message: Setup Started 
 
Time in Milliseconds: 1745447 
Test Case: automationFramework.TestCases.EmailTest 
Time Stamp: 2016-07-27 17:25:50,503 
Code Location: automationFramework.TestCases.EmailTest.setUp(EmailTest.java:41) 
Log Message: Setup Started 
 
Time in Milliseconds: 1745447 
Test Case: automationFramework.TestCases.EmailTest 
Time Stamp: 2016-07-27 17:25:50,503 
Code Location: automationFramework.TestCases.EmailTest.setUp(EmailTest.java:41) 
Log Message: Setup Started 
 
Time in Milliseconds: 1745447 
Test Case: automationFramework.TestCases.EmailTest 
Time Stamp: 2016-07-27 17:25:50,503 
Code Location: automationFramework.TestCases.EmailTest.setUp(EmailTest.java:41) 
Log Message: Setup Started 
 
Time in Milliseconds: 1745447 
Test Case: automationFramework.TestCases.EmailTest 
Time Stamp: 2016-07-27 17:25:50,503 
Code Location: automationFramework.TestCases.EmailTest.setUp(EmailTest.java:41) 
Log Message: Setup Started 
 
Time in Milliseconds: 1745447 
Test Case: automationFramework.TestCases.EmailTest 
Time Stamp: 2016-07-27 17:25:50,503 
Code Location: automationFramework.TestCases.EmailTest.setUp(EmailTest.java:41) 
Log Message: Setup Started 
 
Time in Milliseconds: 1745447 
Test Case: automationFramework.TestCases.EmailTest 
Time Stamp: 2016-07-27 17:25:50,503 
Code Location: automationFramework.TestCases.EmailTest.setUp(EmailTest.java:41) 
Log Message: Setup Started 
 
Time in Milliseconds: 1745447 
Test Case: automationFramework.TestCases.EmailTest 
Time Stamp: 2016-07-27 17:25:50,503 
Code Location: automationFramework.TestCases.EmailTest.setUp(EmailTest.java:41) 
Log Message: Setup Started 
 
Time in Milliseconds: 1745447 
Test Case: automationFramework.TestCases.EmailTest 
Time Stamp: 2016-07-27 17:25:50,503 
Code Location: automationFramework.TestCases.EmailTest.setUp(EmailTest.java:41) 
Log Message: Setup Started 
 
2016-07-27 17:25:50,503 INFO  [Logger] Setup Started 
Time in Milliseconds: 1745505 
Test Case: automationFramework.TestCases.EmailTest 
Time Stamp: 2016-07-27 17:25:50,561 
Code Location: automationFramework.TestCases.EmailTest.setUp(EmailTest.java:42) 
Log Message: Current OS: Windows 7 Enterprise 
 
Time in Milliseconds: 1745505 
Test Case: automationFramework.TestCases.EmailTest 
Time Stamp: 2016-07-27 17:25:50,561 
Code Location: automationFramework.TestCases.EmailTest.setUp(EmailTest.java:42) 
Log Message: Current OS: Windows 7 Enterprise 
 
Time in Milliseconds: 1745505 
Test Case: automationFramework.TestCases.EmailTest 
Time Stamp: 2016-07-27 17:25:50,561 
Code Location: automationFramework.TestCases.EmailTest.setUp(EmailTest.java:42) 
Log Message: Current OS: Windows 7 Enterprise 
 
Time in Milliseconds: 1745505 
Test Case: automationFramework.TestCases.EmailTest 
Time Stamp: 2016-07-27 17:25:50,561 
Code Location: automationFramework.TestCases.EmailTest.setUp(EmailTest.java:42) 
Log Message: Current OS: Windows 7 Enterprise 
 
Time in Milliseconds: 1745505 
Test Case: automationFramework.TestCases.EmailTest 
Time Stamp: 2016-07-27 17:25:50,561 
Code Location: automationFramework.TestCases.EmailTest.setUp(EmailTest.java:42) 
Log Message: Current OS: Windows 7 Enterprise 
 
Time in Milliseconds: 1745505 
Test Case: automationFramework.TestCases.EmailTest 
Time Stamp: 2016-07-27 17:25:50,561 
Code Location: automationFramework.TestCases.EmailTest.setUp(EmailTest.java:42) 
Log Message: Current OS: Windows 7 Enterprise 
 
Time in Milliseconds: 1745505 
Test Case: automationFramework.TestCases.EmailTest 
Time Stamp: 2016-07-27 17:25:50,561 
Code Location: automationFramework.TestCases.EmailTest.setUp(EmailTest.java:42) 
Log Message: Current OS: Windows 7 Enterprise 
 
Time in Milliseconds: 1745505 
Test Case: automationFramework.TestCases.EmailTest 
Time Stamp: 2016-07-27 17:25:50,561 
Code Location: automationFramework.TestCases.EmailTest.setUp(EmailTest.java:42) 
Log Message: Current OS: Windows 7 Enterprise 
 
Time in Milliseconds: 1745505 
Test Case: automationFramework.TestCases.EmailTest 
Time Stamp: 2016-07-27 17:25:50,561 
Code Location: automationFramework.TestCases.EmailTest.setUp(EmailTest.java:42) 
Log Message: Current OS: Windows 7 Enterprise 
 
Time in Milliseconds: 1745505 
Test Case: automationFramework.TestCases.EmailTest 
Time Stamp: 2016-07-27 17:25:50,561 
Code Location: automationFramework.TestCases.EmailTest.setUp(EmailTest.java:42) 
Log Message: Current OS: Windows 7 Enterprise 
 
Time in Milliseconds: 1745505 
Test Case: automationFramework.TestCases.EmailTest 
Time Stamp: 2016-07-27 17:25:50,561 
Code Location: automationFramework.TestCases.EmailTest.setUp(EmailTest.java:42) 
Log Message: Current OS: Windows 7 Enterprise 
 
Time in Milliseconds: 1745505 
Test Case: automationFramework.TestCases.EmailTest 
Time Stamp: 2016-07-27 17:25:50,561 
Code Location: automationFramework.TestCases.EmailTest.setUp(EmailTest.java:42) 
Log Message: Current OS: Windows 7 Enterprise 
 
Time in Milliseconds: 1745505 
Test Case: automationFramework.TestCases.EmailTest 
Time Stamp: 2016-07-27 17:25:50,561 
Code Location: automationFramework.TestCases.EmailTest.setUp(EmailTest.java:42) 
Log Message: Current OS: Windows 7 Enterprise 
 
Time in Milliseconds: 1745505 
Test Case: automationFramework.TestCases.EmailTest 
Time Stamp: 2016-07-27 17:25:50,561 
Code Location: automationFramework.TestCases.EmailTest.setUp(EmailTest.java:42) 
Log Message: Current OS: Windows 7 Enterprise 
 
Time in Milliseconds: 1745505 
Test Case: automationFramework.TestCases.EmailTest 
Time Stamp: 2016-07-27 17:25:50,561 
Code Location: automationFramework.TestCases.EmailTest.setUp(EmailTest.java:42) 
Log Message: Current OS: Windows 7 Enterprise 
 
Time in Milliseconds: 1745505 
Test Case: automationFramework.TestCases.EmailTest 
Time Stamp: 2016-07-27 17:25:50,561 
Code Location: automationFramework.TestCases.EmailTest.setUp(EmailTest.java:42) 
Log Message: Current OS: Windows 7 Enterprise 
 
Time in Milliseconds: 1745505 
Test Case: automationFramework.TestCases.EmailTest 
Time Stamp: 2016-07-27 17:25:50,561 
Code Location: automationFramework.TestCases.EmailTest.setUp(EmailTest.java:42) 
Log Message: Current OS: Windows 7 Enterprise 
 
Time in Milliseconds: 1745505 
Test Case: automationFramework.TestCases.EmailTest 
Time Stamp: 2016-07-27 17:25:50,561 
Code Location: automationFramework.TestCases.EmailTest.setUp(EmailTest.java:42) 
Log Message: Current OS: Windows 7 Enterprise 
 
Time in Milliseconds: 1745505 
Test Case: automationFramework.TestCases.EmailTest 
Time Stamp: 2016-07-27 17:25:50,561 
Code Location: automationFramework.TestCases.EmailTest.setUp(EmailTest.java:42) 
Log Message: Current OS: Windows 7 Enterprise 
 
Time in Milliseconds: 1745505 
Test Case: automationFramework.TestCases.EmailTest 
Time Stamp: 2016-07-27 17:25:50,561 
Code Location: automationFramework.TestCases.EmailTest.setUp(EmailTest.java:42) 
Log Message: Current OS: Windows 7 Enterprise 
 
Time in Milliseconds: 1745505 
Test Case: automationFramework.TestCases.EmailTest 
Time Stamp: 2016-07-27 17:25:50,561 
Code Location: automationFramework.TestCases.EmailTest.setUp(EmailTest.java:42) 
Log Message: Current OS: Windows 7 Enterprise 
 
Time in Milliseconds: 1745505 
Test Case: automationFramework.TestCases.EmailTest 
Time Stamp: 2016-07-27 17:25:50,561 
Code Location: automationFramework.TestCases.EmailTest.setUp(EmailTest.java:42) 
Log Message: Current OS: Windows 7 Enterprise 
 
Time in Milliseconds: 1745505 
Test Case: automationFramework.TestCases.EmailTest 
Time Stamp: 2016-07-27 17:25:50,561 
Code Location: automationFramework.TestCases.EmailTest.setUp(EmailTest.java:42) 
Log Message: Current OS: Windows 7 Enterprise 
 
Time in Milliseconds: 1745505 
Test Case: automationFramework.TestCases.EmailTest 
Time Stamp: 2016-07-27 17:25:50,561 
Code Location: automationFramework.TestCases.EmailTest.setUp(EmailTest.java:42) 
Log Message: Current OS: Windows 7 Enterprise 
 
Time in Milliseconds: 1745505 
Test Case: automationFramework.TestCases.EmailTest 
Time Stamp: 2016-07-27 17:25:50,561 
Code Location: automationFramework.TestCases.EmailTest.setUp(EmailTest.java:42) 
Log Message: Current OS: Windows 7 Enterprise 
 
Time in Milliseconds: 1745505 
Test Case: automationFramework.TestCases.EmailTest 
Time Stamp: 2016-07-27 17:25:50,561 
Code Location: automationFramework.TestCases.EmailTest.setUp(EmailTest.java:42) 
Log Message: Current OS: Windows 7 Enterprise 
 
Time in Milliseconds: 1745505 
Test Case: automationFramework.TestCases.EmailTest 
Time Stamp: 2016-07-27 17:25:50,561 
Code Location: automationFramework.TestCases.EmailTest.setUp(EmailTest.java:42) 
Log Message: Current OS: Windows 7 Enterprise 
 
Time in Milliseconds: 1745505 
Test Case: automationFramework.TestCases.EmailTest 
Time Stamp: 2016-07-27 17:25:50,561 
Code Location: automationFramework.TestCases.EmailTest.setUp(EmailTest.java:42) 
Log Message: Current OS: Windows 7 Enterprise 
 
Time in Milliseconds: 1745505 
Test Case: automationFramework.TestCases.EmailTest 
Time Stamp: 2016-07-27 17:25:50,561 
Code Location: automationFramework.TestCases.EmailTest.setUp(EmailTest.java:42) 
Log Message: Current OS: Windows 7 Enterprise 
 
Time in Milliseconds: 1745505 
Test Case: automationFramework.TestCases.EmailTest 
Time Stamp: 2016-07-27 17:25:50,561 
Code Location: automationFramework.TestCases.EmailTest.setUp(EmailTest.java:42) 
Log Message: Current OS: Windows 7 Enterprise 
 
Time in Milliseconds: 1745505 
Test Case: automationFramework.TestCases.EmailTest 
Time Stamp: 2016-07-27 17:25:50,561 
Code Location: automationFramework.TestCases.EmailTest.setUp(EmailTest.java:42) 
Log Message: Current OS: Windows 7 Enterprise 
 
Time in Milliseconds: 1745505 
Test Case: automationFramework.TestCases.EmailTest 
Time Stamp: 2016-07-27 17:25:50,561 
Code Location: automationFramework.TestCases.EmailTest.setUp(EmailTest.java:42) 
Log Message: Current OS: Windows 7 Enterprise 
 
Time in Milliseconds: 1745505 
Test Case: automationFramework.TestCases.EmailTest 
Time Stamp: 2016-07-27 17:25:50,561 
Code Location: automationFramework.TestCases.EmailTest.setUp(EmailTest.java:42) 
Log Message: Current OS: Windows 7 Enterprise 
 
Time in Milliseconds: 1745505 
Test Case: automationFramework.TestCases.EmailTest 
Time Stamp: 2016-07-27 17:25:50,561 
Code Location: automationFramework.TestCases.EmailTest.setUp(EmailTest.java:42) 
Log Message: Current OS: Windows 7 Enterprise 
 
Time in Milliseconds: 1745505 
Test Case: automationFramework.TestCases.EmailTest 
Time Stamp: 2016-07-27 17:25:50,561 
Code Location: automationFramework.TestCases.EmailTest.setUp(EmailTest.java:42) 
Log Message: Current OS: Windows 7 Enterprise 
 
Time in Milliseconds: 1745505 
Test Case: automationFramework.TestCases.EmailTest 
Time Stamp: 2016-07-27 17:25:50,561 
Code Location: automationFramework.TestCases.EmailTest.setUp(EmailTest.java:42) 
Log Message: Current OS: Windows 7 Enterprise 
 
2016-07-27 17:25:50,561 INFO  [Logger] Current OS: Windows 7 Enterprise 
Time in Milliseconds: 1745512 
Test Case: automationFramework.TestCases.EmailTest 
Time Stamp: 2016-07-27 17:25:50,568 
Code Location: automationFramework.TestCases.EmailTest.setUp(EmailTest.java:43) 
Log Message: Current Browser: firefox.exe 
 
Time in Milliseconds: 1745512 
Test Case: automationFramework.TestCases.EmailTest 
Time Stamp: 2016-07-27 17:25:50,568 
Code Location: automationFramework.TestCases.EmailTest.setUp(EmailTest.java:43) 
Log Message: Current Browser: firefox.exe 
 
Time in Milliseconds: 1745512 
Test Case: automationFramework.TestCases.EmailTest 
Time Stamp: 2016-07-27 17:25:50,568 
Code Location: automationFramework.TestCases.EmailTest.setUp(EmailTest.java:43) 
Log Message: Current Browser: firefox.exe 
 
Time in Milliseconds: 1745512 
Test Case: automationFramework.TestCases.EmailTest 
Time Stamp: 2016-07-27 17:25:50,568 
Code Location: automationFramework.TestCases.EmailTest.setUp(EmailTest.java:43) 
Log Message: Current Browser: firefox.exe 
 
Time in Milliseconds: 1745512 
Test Case: automationFramework.TestCases.EmailTest 
Time Stamp: 2016-07-27 17:25:50,568 
Code Location: automationFramework.TestCases.EmailTest.setUp(EmailTest.java:43) 
Log Message: Current Browser: firefox.exe 
 
Time in Milliseconds: 1745512 
Test Case: automationFramework.TestCases.EmailTest 
Time Stamp: 2016-07-27 17:25:50,568 
Code Location: automationFramework.TestCases.EmailTest.setUp(EmailTest.java:43) 
Log Message: Current Browser: firefox.exe 
 
Time in Milliseconds: 1745512 
Test Case: automationFramework.TestCases.EmailTest 
Time Stamp: 2016-07-27 17:25:50,568 
Code Location: automationFramework.TestCases.EmailTest.setUp(EmailTest.java:43) 
Log Message: Current Browser: firefox.exe 
 
Time in Milliseconds: 1745512 
Test Case: automationFramework.TestCases.EmailTest 
Time Stamp: 2016-07-27 17:25:50,568 
Code Location: automationFramework.TestCases.EmailTest.setUp(EmailTest.java:43) 
Log Message: Current Browser: firefox.exe 
 
Time in Milliseconds: 1745512 
Test Case: automationFramework.TestCases.EmailTest 
Time Stamp: 2016-07-27 17:25:50,568 
Code Location: automationFramework.TestCases.EmailTest.setUp(EmailTest.java:43) 
Log Message: Current Browser: firefox.exe 
 
Time in Milliseconds: 1745512 
Test Case: automationFramework.TestCases.EmailTest 
Time Stamp: 2016-07-27 17:25:50,568 
Code Location: automationFramework.TestCases.EmailTest.setUp(EmailTest.java:43) 
Log Message: Current Browser: firefox.exe 
 
Time in Milliseconds: 1745512 
Test Case: automationFramework.TestCases.EmailTest 
Time Stamp: 2016-07-27 17:25:50,568 
Code Location: automationFramework.TestCases.EmailTest.setUp(EmailTest.java:43) 
Log Message: Current Browser: firefox.exe 
 
Time in Milliseconds: 1745512 
Test Case: automationFramework.TestCases.EmailTest 
Time Stamp: 2016-07-27 17:25:50,568 
Code Location: automationFramework.TestCases.EmailTest.setUp(EmailTest.java:43) 
Log Message: Current Browser: firefox.exe 
 
Time in Milliseconds: 1745512 
Test Case: automationFramework.TestCases.EmailTest 
Time Stamp: 2016-07-27 17:25:50,568 
Code Location: automationFramework.TestCases.EmailTest.setUp(EmailTest.java:43) 
Log Message: Current Browser: firefox.exe 
 
Time in Milliseconds: 1745512 
Test Case: automationFramework.TestCases.EmailTest 
Time Stamp: 2016-07-27 17:25:50,568 
Code Location: automationFramework.TestCases.EmailTest.setUp(EmailTest.java:43) 
Log Message: Current Browser: firefox.exe 
 
Time in Milliseconds: 1745512 
Test Case: automationFramework.TestCases.EmailTest 
Time Stamp: 2016-07-27 17:25:50,568 
Code Location: automationFramework.TestCases.EmailTest.setUp(EmailTest.java:43) 
Log Message: Current Browser: firefox.exe 
 
Time in Milliseconds: 1745512 
Test Case: automationFramework.TestCases.EmailTest 
Time Stamp: 2016-07-27 17:25:50,568 
Code Location: automationFramework.TestCases.EmailTest.setUp(EmailTest.java:43) 
Log Message: Current Browser: firefox.exe 
 
Time in Milliseconds: 1745512 
Test Case: automationFramework.TestCases.EmailTest 
Time Stamp: 2016-07-27 17:25:50,568 
Code Location: automationFramework.TestCases.EmailTest.setUp(EmailTest.java:43) 
Log Message: Current Browser: firefox.exe 
 
Time in Milliseconds: 1745512 
Test Case: automationFramework.TestCases.EmailTest 
Time Stamp: 2016-07-27 17:25:50,568 
Code Location: automationFramework.TestCases.EmailTest.setUp(EmailTest.java:43) 
Log Message: Current Browser: firefox.exe 
 
Time in Milliseconds: 1745512 
Test Case: automationFramework.TestCases.EmailTest 
Time Stamp: 2016-07-27 17:25:50,568 
Code Location: automationFramework.TestCases.EmailTest.setUp(EmailTest.java:43) 
Log Message: Current Browser: firefox.exe 
 
Time in Milliseconds: 1745512 
Test Case: automationFramework.TestCases.EmailTest 
Time Stamp: 2016-07-27 17:25:50,568 
Code Location: automationFramework.TestCases.EmailTest.setUp(EmailTest.java:43) 
Log Message: Current Browser: firefox.exe 
 
Time in Milliseconds: 1745512 
Test Case: automationFramework.TestCases.EmailTest 
Time Stamp: 2016-07-27 17:25:50,568 
Code Location: automationFramework.TestCases.EmailTest.setUp(EmailTest.java:43) 
Log Message: Current Browser: firefox.exe 
 
Time in Milliseconds: 1745512 
Test Case: automationFramework.TestCases.EmailTest 
Time Stamp: 2016-07-27 17:25:50,568 
Code Location: automationFramework.TestCases.EmailTest.setUp(EmailTest.java:43) 
Log Message: Current Browser: firefox.exe 
 
Time in Milliseconds: 1745512 
Test Case: automationFramework.TestCases.EmailTest 
Time Stamp: 2016-07-27 17:25:50,568 
Code Location: automationFramework.TestCases.EmailTest.setUp(EmailTest.java:43) 
Log Message: Current Browser: firefox.exe 
 
Time in Milliseconds: 1745512 
Test Case: automationFramework.TestCases.EmailTest 
Time Stamp: 2016-07-27 17:25:50,568 
Code Location: automationFramework.TestCases.EmailTest.setUp(EmailTest.java:43) 
Log Message: Current Browser: firefox.exe 
 
Time in Milliseconds: 1745512 
Test Case: automationFramework.TestCases.EmailTest 
Time Stamp: 2016-07-27 17:25:50,568 
Code Location: automationFramework.TestCases.EmailTest.setUp(EmailTest.java:43) 
Log Message: Current Browser: firefox.exe 
 
Time in Milliseconds: 1745512 
Test Case: automationFramework.TestCases.EmailTest 
Time Stamp: 2016-07-27 17:25:50,568 
Code Location: automationFramework.TestCases.EmailTest.setUp(EmailTest.java:43) 
Log Message: Current Browser: firefox.exe 
 
Time in Milliseconds: 1745512 
Test Case: automationFramework.TestCases.EmailTest 
Time Stamp: 2016-07-27 17:25:50,568 
Code Location: automationFramework.TestCases.EmailTest.setUp(EmailTest.java:43) 
Log Message: Current Browser: firefox.exe 
 
Time in Milliseconds: 1745512 
Test Case: automationFramework.TestCases.EmailTest 
Time Stamp: 2016-07-27 17:25:50,568 
Code Location: automationFramework.TestCases.EmailTest.setUp(EmailTest.java:43) 
Log Message: Current Browser: firefox.exe 
 
Time in Milliseconds: 1745512 
Test Case: automationFramework.TestCases.EmailTest 
Time Stamp: 2016-07-27 17:25:50,568 
Code Location: automationFramework.TestCases.EmailTest.setUp(EmailTest.java:43) 
Log Message: Current Browser: firefox.exe 
 
Time in Milliseconds: 1745512 
Test Case: automationFramework.TestCases.EmailTest 
Time Stamp: 2016-07-27 17:25:50,568 
Code Location: automationFramework.TestCases.EmailTest.setUp(EmailTest.java:43) 
Log Message: Current Browser: firefox.exe 
 
Time in Milliseconds: 1745512 
Test Case: automationFramework.TestCases.EmailTest 
Time Stamp: 2016-07-27 17:25:50,568 
Code Location: automationFramework.TestCases.EmailTest.setUp(EmailTest.java:43) 
Log Message: Current Browser: firefox.exe 
 
Time in Milliseconds: 1745512 
Test Case: automationFramework.TestCases.EmailTest 
Time Stamp: 2016-07-27 17:25:50,568 
Code Location: automationFramework.TestCases.EmailTest.setUp(EmailTest.java:43) 
Log Message: Current Browser: firefox.exe 
 
Time in Milliseconds: 1745512 
Test Case: automationFramework.TestCases.EmailTest 
Time Stamp: 2016-07-27 17:25:50,568 
Code Location: automationFramework.TestCases.EmailTest.setUp(EmailTest.java:43) 
Log Message: Current Browser: firefox.exe 
 
Time in Milliseconds: 1745512 
Test Case: automationFramework.TestCases.EmailTest 
Time Stamp: 2016-07-27 17:25:50,568 
Code Location: automationFramework.TestCases.EmailTest.setUp(EmailTest.java:43) 
Log Message: Current Browser: firefox.exe 
 
Time in Milliseconds: 1745512 
Test Case: automationFramework.TestCases.EmailTest 
Time Stamp: 2016-07-27 17:25:50,568 
Code Location: automationFramework.TestCases.EmailTest.setUp(EmailTest.java:43) 
Log Message: Current Browser: firefox.exe 
 
Time in Milliseconds: 1745512 
Test Case: automationFramework.TestCases.EmailTest 
Time Stamp: 2016-07-27 17:25:50,568 
Code Location: automationFramework.TestCases.EmailTest.setUp(EmailTest.java:43) 
Log Message: Current Browser: firefox.exe 
 
2016-07-27 17:25:50,568 INFO  [Logger] Current Browser: firefox.exe 
Time in Milliseconds: 1753017 
Test Case: automationFramework.TestCases.EmailTest 
Time Stamp: 2016-07-27 17:25:58,073 
Code Location: automationFramework.TestCases.EmailTest.setUp(EmailTest.java:46) 
Log Message: Setup Completed 
 
Time in Milliseconds: 1753017 
Test Case: automationFramework.TestCases.EmailTest 
Time Stamp: 2016-07-27 17:25:58,073 
Code Location: automationFramework.TestCases.EmailTest.setUp(EmailTest.java:46) 
Log Message: Setup Completed 
 
Time in Milliseconds: 1753017 
Test Case: automationFramework.TestCases.EmailTest 
Time Stamp: 2016-07-27 17:25:58,073 
Code Location: automationFramework.TestCases.EmailTest.setUp(EmailTest.java:46) 
Log Message: Setup Completed 
 
Time in Milliseconds: 1753017 
Test Case: automationFramework.TestCases.EmailTest 
Time Stamp: 2016-07-27 17:25:58,073 
Code Location: automationFramework.TestCases.EmailTest.setUp(EmailTest.java:46) 
Log Message: Setup Completed 
 
Time in Milliseconds: 1753017 
Test Case: automationFramework.TestCases.EmailTest 
Time Stamp: 2016-07-27 17:25:58,073 
Code Location: automationFramework.TestCases.EmailTest.setUp(EmailTest.java:46) 
Log Message: Setup Completed 
 
Time in Milliseconds: 1753017 
Test Case: automationFramework.TestCases.EmailTest 
Time Stamp: 2016-07-27 17:25:58,073 
Code Location: automationFramework.TestCases.EmailTest.setUp(EmailTest.java:46) 
Log Message: Setup Completed 
 
Time in Milliseconds: 1753017 
Test Case: automationFramework.TestCases.EmailTest 
Time Stamp: 2016-07-27 17:25:58,073 
Code Location: automationFramework.TestCases.EmailTest.setUp(EmailTest.java:46) 
Log Message: Setup Completed 
 
Time in Milliseconds: 1753017 
Test Case: automationFramework.TestCases.EmailTest 
Time Stamp: 2016-07-27 17:25:58,073 
Code Location: automationFramework.TestCases.EmailTest.setUp(EmailTest.java:46) 
Log Message: Setup Completed 
 
Time in Milliseconds: 1753017 
Test Case: automationFramework.TestCases.EmailTest 
Time Stamp: 2016-07-27 17:25:58,073 
Code Location: automationFramework.TestCases.EmailTest.setUp(EmailTest.java:46) 
Log Message: Setup Completed 
 
Time in Milliseconds: 1753017 
Test Case: automationFramework.TestCases.EmailTest 
Time Stamp: 2016-07-27 17:25:58,073 
Code Location: automationFramework.TestCases.EmailTest.setUp(EmailTest.java:46) 
Log Message: Setup Completed 
 
Time in Milliseconds: 1753017 
Test Case: automationFramework.TestCases.EmailTest 
Time Stamp: 2016-07-27 17:25:58,073 
Code Location: automationFramework.TestCases.EmailTest.setUp(EmailTest.java:46) 
Log Message: Setup Completed 
 
Time in Milliseconds: 1753017 
Test Case: automationFramework.TestCases.EmailTest 
Time Stamp: 2016-07-27 17:25:58,073 
Code Location: automationFramework.TestCases.EmailTest.setUp(EmailTest.java:46) 
Log Message: Setup Completed 
 
Time in Milliseconds: 1753017 
Test Case: automationFramework.TestCases.EmailTest 
Time Stamp: 2016-07-27 17:25:58,073 
Code Location: automationFramework.TestCases.EmailTest.setUp(EmailTest.java:46) 
Log Message: Setup Completed 
 
Time in Milliseconds: 1753017 
Test Case: automationFramework.TestCases.EmailTest 
Time Stamp: 2016-07-27 17:25:58,073 
Code Location: automationFramework.TestCases.EmailTest.setUp(EmailTest.java:46) 
Log Message: Setup Completed 
 
Time in Milliseconds: 1753017 
Test Case: automationFramework.TestCases.EmailTest 
Time Stamp: 2016-07-27 17:25:58,073 
Code Location: automationFramework.TestCases.EmailTest.setUp(EmailTest.java:46) 
Log Message: Setup Completed 
 
Time in Milliseconds: 1753017 
Test Case: automationFramework.TestCases.EmailTest 
Time Stamp: 2016-07-27 17:25:58,073 
Code Location: automationFramework.TestCases.EmailTest.setUp(EmailTest.java:46) 
Log Message: Setup Completed 
 
Time in Milliseconds: 1753017 
Test Case: automationFramework.TestCases.EmailTest 
Time Stamp: 2016-07-27 17:25:58,073 
Code Location: automationFramework.TestCases.EmailTest.setUp(EmailTest.java:46) 
Log Message: Setup Completed 
 
Time in Milliseconds: 1753017 
Test Case: automationFramework.TestCases.EmailTest 
Time Stamp: 2016-07-27 17:25:58,073 
Code Location: automationFramework.TestCases.EmailTest.setUp(EmailTest.java:46) 
Log Message: Setup Completed 
 
Time in Milliseconds: 1753017 
Test Case: automationFramework.TestCases.EmailTest 
Time Stamp: 2016-07-27 17:25:58,073 
Code Location: automationFramework.TestCases.EmailTest.setUp(EmailTest.java:46) 
Log Message: Setup Completed 
 
Time in Milliseconds: 1753017 
Test Case: automationFramework.TestCases.EmailTest 
Time Stamp: 2016-07-27 17:25:58,073 
Code Location: automationFramework.TestCases.EmailTest.setUp(EmailTest.java:46) 
Log Message: Setup Completed 
 
Time in Milliseconds: 1753017 
Test Case: automationFramework.TestCases.EmailTest 
Time Stamp: 2016-07-27 17:25:58,073 
Code Location: automationFramework.TestCases.EmailTest.setUp(EmailTest.java:46) 
Log Message: Setup Completed 
 
Time in Milliseconds: 1753017 
Test Case: automationFramework.TestCases.EmailTest 
Time Stamp: 2016-07-27 17:25:58,073 
Code Location: automationFramework.TestCases.EmailTest.setUp(EmailTest.java:46) 
Log Message: Setup Completed 
 
Time in Milliseconds: 1753017 
Test Case: automationFramework.TestCases.EmailTest 
Time Stamp: 2016-07-27 17:25:58,073 
Code Location: automationFramework.TestCases.EmailTest.setUp(EmailTest.java:46) 
Log Message: Setup Completed 
 
Time in Milliseconds: 1753017 
Test Case: automationFramework.TestCases.EmailTest 
Time Stamp: 2016-07-27 17:25:58,073 
Code Location: automationFramework.TestCases.EmailTest.setUp(EmailTest.java:46) 
Log Message: Setup Completed 
 
Time in Milliseconds: 1753017 
Test Case: automationFramework.TestCases.EmailTest 
Time Stamp: 2016-07-27 17:25:58,073 
Code Location: automationFramework.TestCases.EmailTest.setUp(EmailTest.java:46) 
Log Message: Setup Completed 
 
Time in Milliseconds: 1753017 
Test Case: automationFramework.TestCases.EmailTest 
Time Stamp: 2016-07-27 17:25:58,073 
Code Location: automationFramework.TestCases.EmailTest.setUp(EmailTest.java:46) 
Log Message: Setup Completed 
 
Time in Milliseconds: 1753017 
Test Case: automationFramework.TestCases.EmailTest 
Time Stamp: 2016-07-27 17:25:58,073 
Code Location: automationFramework.TestCases.EmailTest.setUp(EmailTest.java:46) 
Log Message: Setup Completed 
 
Time in Milliseconds: 1753017 
Test Case: automationFramework.TestCases.EmailTest 
Time Stamp: 2016-07-27 17:25:58,073 
Code Location: automationFramework.TestCases.EmailTest.setUp(EmailTest.java:46) 
Log Message: Setup Completed 
 
Time in Milliseconds: 1753017 
Test Case: automationFramework.TestCases.EmailTest 
Time Stamp: 2016-07-27 17:25:58,073 
Code Location: automationFramework.TestCases.EmailTest.setUp(EmailTest.java:46) 
Log Message: Setup Completed 
 
Time in Milliseconds: 1753017 
Test Case: automationFramework.TestCases.EmailTest 
Time Stamp: 2016-07-27 17:25:58,073 
Code Location: automationFramework.TestCases.EmailTest.setUp(EmailTest.java:46) 
Log Message: Setup Completed 
 
Time in Milliseconds: 1753017 
Test Case: automationFramework.TestCases.EmailTest 
Time Stamp: 2016-07-27 17:25:58,073 
Code Location: automationFramework.TestCases.EmailTest.setUp(EmailTest.java:46) 
Log Message: Setup Completed 
 
Time in Milliseconds: 1753017 
Test Case: automationFramework.TestCases.EmailTest 
Time Stamp: 2016-07-27 17:25:58,073 
Code Location: automationFramework.TestCases.EmailTest.setUp(EmailTest.java:46) 
Log Message: Setup Completed 
 
Time in Milliseconds: 1753017 
Test Case: automationFramework.TestCases.EmailTest 
Time Stamp: 2016-07-27 17:25:58,073 
Code Location: automationFramework.TestCases.EmailTest.setUp(EmailTest.java:46) 
Log Message: Setup Completed 
 
Time in Milliseconds: 1753017 
Test Case: automationFramework.TestCases.EmailTest 
Time Stamp: 2016-07-27 17:25:58,073 
Code Location: automationFramework.TestCases.EmailTest.setUp(EmailTest.java:46) 
Log Message: Setup Completed 
 
Time in Milliseconds: 1753017 
Test Case: automationFramework.TestCases.EmailTest 
Time Stamp: 2016-07-27 17:25:58,073 
Code Location: automationFramework.TestCases.EmailTest.setUp(EmailTest.java:46) 
Log Message: Setup Completed 
 
Time in Milliseconds: 1753017 
Test Case: automationFramework.TestCases.EmailTest 
Time Stamp: 2016-07-27 17:25:58,073 
Code Location: automationFramework.TestCases.EmailTest.setUp(EmailTest.java:46) 
Log Message: Setup Completed 
 
2016-07-27 17:25:58,073 INFO  [Logger] Setup Completed 
Time in Milliseconds: 1836499 
Test Case: automationFramework.TestCases.EmailTest 
Time Stamp: 2016-07-27 17:27:21,555 
Code Location: automationFramework.TestCases.EmailTest.checkEmailCreateOrder(EmailTest.java:93) 
Log Message: New customer created, New order created 
 
Time in Milliseconds: 1836499 
Test Case: automationFramework.TestCases.EmailTest 
Time Stamp: 2016-07-27 17:27:21,555 
Code Location: automationFramework.TestCases.EmailTest.checkEmailCreateOrder(EmailTest.java:93) 
Log Message: New customer created, New order created 
 
Time in Milliseconds: 1836499 
Test Case: automationFramework.TestCases.EmailTest 
Time Stamp: 2016-07-27 17:27:21,555 
Code Location: automationFramework.TestCases.EmailTest.checkEmailCreateOrder(EmailTest.java:93) 
Log Message: New customer created, New order created 
 
Time in Milliseconds: 1836499 
Test Case: automationFramework.TestCases.EmailTest 
Time Stamp: 2016-07-27 17:27:21,555 
Code Location: automationFramework.TestCases.EmailTest.checkEmailCreateOrder(EmailTest.java:93) 
Log Message: New customer created, New order created 
 
Time in Milliseconds: 1836499 
Test Case: automationFramework.TestCases.EmailTest 
Time Stamp: 2016-07-27 17:27:21,555 
Code Location: automationFramework.TestCases.EmailTest.checkEmailCreateOrder(EmailTest.java:93) 
Log Message: New customer created, New order created 
 
Time in Milliseconds: 1836499 
Test Case: automationFramework.TestCases.EmailTest 
Time Stamp: 2016-07-27 17:27:21,555 
Code Location: automationFramework.TestCases.EmailTest.checkEmailCreateOrder(EmailTest.java:93) 
Log Message: New customer created, New order created 
 
Time in Milliseconds: 1836499 
Test Case: automationFramework.TestCases.EmailTest 
Time Stamp: 2016-07-27 17:27:21,555 
Code Location: automationFramework.TestCases.EmailTest.checkEmailCreateOrder(EmailTest.java:93) 
Log Message: New customer created, New order created 
 
Time in Milliseconds: 1836499 
Test Case: automationFramework.TestCases.EmailTest 
Time Stamp: 2016-07-27 17:27:21,555 
Code Location: automationFramework.TestCases.EmailTest.checkEmailCreateOrder(EmailTest.java:93) 
Log Message: New customer created, New order created 
 
Time in Milliseconds: 1836499 
Test Case: automationFramework.TestCases.EmailTest 
Time Stamp: 2016-07-27 17:27:21,555 
Code Location: automationFramework.TestCases.EmailTest.checkEmailCreateOrder(EmailTest.java:93) 
Log Message: New customer created, New order created 
 
Time in Milliseconds: 1836499 
Test Case: automationFramework.TestCases.EmailTest 
Time Stamp: 2016-07-27 17:27:21,555 
Code Location: automationFramework.TestCases.EmailTest.checkEmailCreateOrder(EmailTest.java:93) 
Log Message: New customer created, New order created 
 
Time in Milliseconds: 1836499 
Test Case: automationFramework.TestCases.EmailTest 
Time Stamp: 2016-07-27 17:27:21,555 
Code Location: automationFramework.TestCases.EmailTest.checkEmailCreateOrder(EmailTest.java:93) 
Log Message: New customer created, New order created 
 
Time in Milliseconds: 1836499 
Test Case: automationFramework.TestCases.EmailTest 
Time Stamp: 2016-07-27 17:27:21,555 
Code Location: automationFramework.TestCases.EmailTest.checkEmailCreateOrder(EmailTest.java:93) 
Log Message: New customer created, New order created 
 
Time in Milliseconds: 1836499 
Test Case: automationFramework.TestCases.EmailTest 
Time Stamp: 2016-07-27 17:27:21,555 
Code Location: automationFramework.TestCases.EmailTest.checkEmailCreateOrder(EmailTest.java:93) 
Log Message: New customer created, New order created 
 
Time in Milliseconds: 1836499 
Test Case: automationFramework.TestCases.EmailTest 
Time Stamp: 2016-07-27 17:27:21,555 
Code Location: automationFramework.TestCases.EmailTest.checkEmailCreateOrder(EmailTest.java:93) 
Log Message: New customer created, New order created 
 
Time in Milliseconds: 1836499 
Test Case: automationFramework.TestCases.EmailTest 
Time Stamp: 2016-07-27 17:27:21,555 
Code Location: automationFramework.TestCases.EmailTest.checkEmailCreateOrder(EmailTest.java:93) 
Log Message: New customer created, New order created 
 
Time in Milliseconds: 1836499 
Test Case: automationFramework.TestCases.EmailTest 
Time Stamp: 2016-07-27 17:27:21,555 
Code Location: automationFramework.TestCases.EmailTest.checkEmailCreateOrder(EmailTest.java:93) 
Log Message: New customer created, New order created 
 
Time in Milliseconds: 1836499 
Test Case: automationFramework.TestCases.EmailTest 
Time Stamp: 2016-07-27 17:27:21,555 
Code Location: automationFramework.TestCases.EmailTest.checkEmailCreateOrder(EmailTest.java:93) 
Log Message: New customer created, New order created 
 
Time in Milliseconds: 1836499 
Test Case: automationFramework.TestCases.EmailTest 
Time Stamp: 2016-07-27 17:27:21,555 
Code Location: automationFramework.TestCases.EmailTest.checkEmailCreateOrder(EmailTest.java:93) 
Log Message: New customer created, New order created 
 
Time in Milliseconds: 1836499 
Test Case: automationFramework.TestCases.EmailTest 
Time Stamp: 2016-07-27 17:27:21,555 
Code Location: automationFramework.TestCases.EmailTest.checkEmailCreateOrder(EmailTest.java:93) 
Log Message: New customer created, New order created 
 
Time in Milliseconds: 1836499 
Test Case: automationFramework.TestCases.EmailTest 
Time Stamp: 2016-07-27 17:27:21,555 
Code Location: automationFramework.TestCases.EmailTest.checkEmailCreateOrder(EmailTest.java:93) 
Log Message: New customer created, New order created 
 
Time in Milliseconds: 1836499 
Test Case: automationFramework.TestCases.EmailTest 
Time Stamp: 2016-07-27 17:27:21,555 
Code Location: automationFramework.TestCases.EmailTest.checkEmailCreateOrder(EmailTest.java:93) 
Log Message: New customer created, New order created 
 
Time in Milliseconds: 1836499 
Test Case: automationFramework.TestCases.EmailTest 
Time Stamp: 2016-07-27 17:27:21,555 
Code Location: automationFramework.TestCases.EmailTest.checkEmailCreateOrder(EmailTest.java:93) 
Log Message: New customer created, New order created 
 
Time in Milliseconds: 1836499 
Test Case: automationFramework.TestCases.EmailTest 
Time Stamp: 2016-07-27 17:27:21,555 
Code Location: automationFramework.TestCases.EmailTest.checkEmailCreateOrder(EmailTest.java:93) 
Log Message: New customer created, New order created 
 
Time in Milliseconds: 1836499 
Test Case: automationFramework.TestCases.EmailTest 
Time Stamp: 2016-07-27 17:27:21,555 
Code Location: automationFramework.TestCases.EmailTest.checkEmailCreateOrder(EmailTest.java:93) 
Log Message: New customer created, New order created 
 
Time in Milliseconds: 1836499 
Test Case: automationFramework.TestCases.EmailTest 
Time Stamp: 2016-07-27 17:27:21,555 
Code Location: automationFramework.TestCases.EmailTest.checkEmailCreateOrder(EmailTest.java:93) 
Log Message: New customer created, New order created 
 
Time in Milliseconds: 1836499 
Test Case: automationFramework.TestCases.EmailTest 
Time Stamp: 2016-07-27 17:27:21,555 
Code Location: automationFramework.TestCases.EmailTest.checkEmailCreateOrder(EmailTest.java:93) 
Log Message: New customer created, New order created 
 
Time in Milliseconds: 1836499 
Test Case: automationFramework.TestCases.EmailTest 
Time Stamp: 2016-07-27 17:27:21,555 
Code Location: automationFramework.TestCases.EmailTest.checkEmailCreateOrder(EmailTest.java:93) 
Log Message: New customer created, New order created 
 
Time in Milliseconds: 1836499 
Test Case: automationFramework.TestCases.EmailTest 
Time Stamp: 2016-07-27 17:27:21,555 
Code Location: automationFramework.TestCases.EmailTest.checkEmailCreateOrder(EmailTest.java:93) 
Log Message: New customer created, New order created 
 
Time in Milliseconds: 1836499 
Test Case: automationFramework.TestCases.EmailTest 
Time Stamp: 2016-07-27 17:27:21,555 
Code Location: automationFramework.TestCases.EmailTest.checkEmailCreateOrder(EmailTest.java:93) 
Log Message: New customer created, New order created 
 
Time in Milliseconds: 1836499 
Test Case: automationFramework.TestCases.EmailTest 
Time Stamp: 2016-07-27 17:27:21,555 
Code Location: automationFramework.TestCases.EmailTest.checkEmailCreateOrder(EmailTest.java:93) 
Log Message: New customer created, New order created 
 
Time in Milliseconds: 1836499 
Test Case: automationFramework.TestCases.EmailTest 
Time Stamp: 2016-07-27 17:27:21,555 
Code Location: automationFramework.TestCases.EmailTest.checkEmailCreateOrder(EmailTest.java:93) 
Log Message: New customer created, New order created 
 
Time in Milliseconds: 1836499 
Test Case: automationFramework.TestCases.EmailTest 
Time Stamp: 2016-07-27 17:27:21,555 
Code Location: automationFramework.TestCases.EmailTest.checkEmailCreateOrder(EmailTest.java:93) 
Log Message: New customer created, New order created 
 
Time in Milliseconds: 1836499 
Test Case: automationFramework.TestCases.EmailTest 
Time Stamp: 2016-07-27 17:27:21,555 
Code Location: automationFramework.TestCases.EmailTest.checkEmailCreateOrder(EmailTest.java:93) 
Log Message: New customer created, New order created 
 
Time in Milliseconds: 1836499 
Test Case: automationFramework.TestCases.EmailTest 
Time Stamp: 2016-07-27 17:27:21,555 
Code Location: automationFramework.TestCases.EmailTest.checkEmailCreateOrder(EmailTest.java:93) 
Log Message: New customer created, New order created 
 
Time in Milliseconds: 1836499 
Test Case: automationFramework.TestCases.EmailTest 
Time Stamp: 2016-07-27 17:27:21,555 
Code Location: automationFramework.TestCases.EmailTest.checkEmailCreateOrder(EmailTest.java:93) 
Log Message: New customer created, New order created 
 
Time in Milliseconds: 1836499 
Test Case: automationFramework.TestCases.EmailTest 
Time Stamp: 2016-07-27 17:27:21,555 
Code Location: automationFramework.TestCases.EmailTest.checkEmailCreateOrder(EmailTest.java:93) 
Log Message: New customer created, New order created 
 
2016-07-27 17:27:21,555 INFO  [Logger] New customer created, New order created 
Time in Milliseconds: 1853714 
Test Case: automationFramework.TestCases.EmailTest 
Time Stamp: 2016-07-27 17:27:38,770 
Code Location: automationFramework.TestCases.EmailTest.checkEmailCreateOrder(EmailTest.java:105) 
Log Message: Number of new emails: 7 
 
Time in Milliseconds: 1853714 
Test Case: automationFramework.TestCases.EmailTest 
Time Stamp: 2016-07-27 17:27:38,770 
Code Location: automationFramework.TestCases.EmailTest.checkEmailCreateOrder(EmailTest.java:105) 
Log Message: Number of new emails: 7 
 
Time in Milliseconds: 1853714 
Test Case: automationFramework.TestCases.EmailTest 
Time Stamp: 2016-07-27 17:27:38,770 
Code Location: automationFramework.TestCases.EmailTest.checkEmailCreateOrder(EmailTest.java:105) 
Log Message: Number of new emails: 7 
 
Time in Milliseconds: 1853714 
Test Case: automationFramework.TestCases.EmailTest 
Time Stamp: 2016-07-27 17:27:38,770 
Code Location: automationFramework.TestCases.EmailTest.checkEmailCreateOrder(EmailTest.java:105) 
Log Message: Number of new emails: 7 
 
Time in Milliseconds: 1853714 
Test Case: automationFramework.TestCases.EmailTest 
Time Stamp: 2016-07-27 17:27:38,770 
Code Location: automationFramework.TestCases.EmailTest.checkEmailCreateOrder(EmailTest.java:105) 
Log Message: Number of new emails: 7 
 
Time in Milliseconds: 1853714 
Test Case: automationFramework.TestCases.EmailTest 
Time Stamp: 2016-07-27 17:27:38,770 
Code Location: automationFramework.TestCases.EmailTest.checkEmailCreateOrder(EmailTest.java:105) 
Log Message: Number of new emails: 7 
 
Time in Milliseconds: 1853714 
Test Case: automationFramework.TestCases.EmailTest 
Time Stamp: 2016-07-27 17:27:38,770 
Code Location: automationFramework.TestCases.EmailTest.checkEmailCreateOrder(EmailTest.java:105) 
Log Message: Number of new emails: 7 
 
Time in Milliseconds: 1853714 
Test Case: automationFramework.TestCases.EmailTest 
Time Stamp: 2016-07-27 17:27:38,770 
Code Location: automationFramework.TestCases.EmailTest.checkEmailCreateOrder(EmailTest.java:105) 
Log Message: Number of new emails: 7 
 
Time in Milliseconds: 1853714 
Test Case: automationFramework.TestCases.EmailTest 
Time Stamp: 2016-07-27 17:27:38,770 
Code Location: automationFramework.TestCases.EmailTest.checkEmailCreateOrder(EmailTest.java:105) 
Log Message: Number of new emails: 7 
 
Time in Milliseconds: 1853714 
Test Case: automationFramework.TestCases.EmailTest 
Time Stamp: 2016-07-27 17:27:38,770 
Code Location: automationFramework.TestCases.EmailTest.checkEmailCreateOrder(EmailTest.java:105) 
Log Message: Number of new emails: 7 
 
Time in Milliseconds: 1853714 
Test Case: automationFramework.TestCases.EmailTest 
Time Stamp: 2016-07-27 17:27:38,770 
Code Location: automationFramework.TestCases.EmailTest.checkEmailCreateOrder(EmailTest.java:105) 
Log Message: Number of new emails: 7 
 
Time in Milliseconds: 1853714 
Test Case: automationFramework.TestCases.EmailTest 
Time Stamp: 2016-07-27 17:27:38,770 
Code Location: automationFramework.TestCases.EmailTest.checkEmailCreateOrder(EmailTest.java:105) 
Log Message: Number of new emails: 7 
 
Time in Milliseconds: 1853714 
Test Case: automationFramework.TestCases.EmailTest 
Time Stamp: 2016-07-27 17:27:38,770 
Code Location: automationFramework.TestCases.EmailTest.checkEmailCreateOrder(EmailTest.java:105) 
Log Message: Number of new emails: 7 
 
Time in Milliseconds: 1853714 
Test Case: automationFramework.TestCases.EmailTest 
Time Stamp: 2016-07-27 17:27:38,770 
Code Location: automationFramework.TestCases.EmailTest.checkEmailCreateOrder(EmailTest.java:105) 
Log Message: Number of new emails: 7 
 
Time in Milliseconds: 1853714 
Test Case: automationFramework.TestCases.EmailTest 
Time Stamp: 2016-07-27 17:27:38,770 
Code Location: automationFramework.TestCases.EmailTest.checkEmailCreateOrder(EmailTest.java:105) 
Log Message: Number of new emails: 7 
 
Time in Milliseconds: 1853714 
Test Case: automationFramework.TestCases.EmailTest 
Time Stamp: 2016-07-27 17:27:38,770 
Code Location: automationFramework.TestCases.EmailTest.checkEmailCreateOrder(EmailTest.java:105) 
Log Message: Number of new emails: 7 
 
Time in Milliseconds: 1853714 
Test Case: automationFramework.TestCases.EmailTest 
Time Stamp: 2016-07-27 17:27:38,770 
Code Location: automationFramework.TestCases.EmailTest.checkEmailCreateOrder(EmailTest.java:105) 
Log Message: Number of new emails: 7 
 
Time in Milliseconds: 1853714 
Test Case: automationFramework.TestCases.EmailTest 
Time Stamp: 2016-07-27 17:27:38,770 
Code Location: automationFramework.TestCases.EmailTest.checkEmailCreateOrder(EmailTest.java:105) 
Log Message: Number of new emails: 7 
 
Time in Milliseconds: 1853714 
Test Case: automationFramework.TestCases.EmailTest 
Time Stamp: 2016-07-27 17:27:38,770 
Code Location: automationFramework.TestCases.EmailTest.checkEmailCreateOrder(EmailTest.java:105) 
Log Message: Number of new emails: 7 
 
Time in Milliseconds: 1853714 
Test Case: automationFramework.TestCases.EmailTest 
Time Stamp: 2016-07-27 17:27:38,770 
Code Location: automationFramework.TestCases.EmailTest.checkEmailCreateOrder(EmailTest.java:105) 
Log Message: Number of new emails: 7 
 
Time in Milliseconds: 1853714 
Test Case: automationFramework.TestCases.EmailTest 
Time Stamp: 2016-07-27 17:27:38,770 
Code Location: automationFramework.TestCases.EmailTest.checkEmailCreateOrder(EmailTest.java:105) 
Log Message: Number of new emails: 7 
 
Time in Milliseconds: 1853714 
Test Case: automationFramework.TestCases.EmailTest 
Time Stamp: 2016-07-27 17:27:38,770 
Code Location: automationFramework.TestCases.EmailTest.checkEmailCreateOrder(EmailTest.java:105) 
Log Message: Number of new emails: 7 
 
Time in Milliseconds: 1853714 
Test Case: automationFramework.TestCases.EmailTest 
Time Stamp: 2016-07-27 17:27:38,770 
Code Location: automationFramework.TestCases.EmailTest.checkEmailCreateOrder(EmailTest.java:105) 
Log Message: Number of new emails: 7 
 
Time in Milliseconds: 1853714 
Test Case: automationFramework.TestCases.EmailTest 
Time Stamp: 2016-07-27 17:27:38,770 
Code Location: automationFramework.TestCases.EmailTest.checkEmailCreateOrder(EmailTest.java:105) 
Log Message: Number of new emails: 7 
 
Time in Milliseconds: 1853714 
Test Case: automationFramework.TestCases.EmailTest 
Time Stamp: 2016-07-27 17:27:38,770 
Code Location: automationFramework.TestCases.EmailTest.checkEmailCreateOrder(EmailTest.java:105) 
Log Message: Number of new emails: 7 
 
Time in Milliseconds: 1853714 
Test Case: automationFramework.TestCases.EmailTest 
Time Stamp: 2016-07-27 17:27:38,770 
Code Location: automationFramework.TestCases.EmailTest.checkEmailCreateOrder(EmailTest.java:105) 
Log Message: Number of new emails: 7 
 
Time in Milliseconds: 1853714 
Test Case: automationFramework.TestCases.EmailTest 
Time Stamp: 2016-07-27 17:27:38,770 
Code Location: automationFramework.TestCases.EmailTest.checkEmailCreateOrder(EmailTest.java:105) 
Log Message: Number of new emails: 7 
 
Time in Milliseconds: 1853714 
Test Case: automationFramework.TestCases.EmailTest 
Time Stamp: 2016-07-27 17:27:38,770 
Code Location: automationFramework.TestCases.EmailTest.checkEmailCreateOrder(EmailTest.java:105) 
Log Message: Number of new emails: 7 
 
Time in Milliseconds: 1853714 
Test Case: automationFramework.TestCases.EmailTest 
Time Stamp: 2016-07-27 17:27:38,770 
Code Location: automationFramework.TestCases.EmailTest.checkEmailCreateOrder(EmailTest.java:105) 
Log Message: Number of new emails: 7 
 
Time in Milliseconds: 1853714 
Test Case: automationFramework.TestCases.EmailTest 
Time Stamp: 2016-07-27 17:27:38,770 
Code Location: automationFramework.TestCases.EmailTest.checkEmailCreateOrder(EmailTest.java:105) 
Log Message: Number of new emails: 7 
 
Time in Milliseconds: 1853714 
Test Case: automationFramework.TestCases.EmailTest 
Time Stamp: 2016-07-27 17:27:38,770 
Code Location: automationFramework.TestCases.EmailTest.checkEmailCreateOrder(EmailTest.java:105) 
Log Message: Number of new emails: 7 
 
Time in Milliseconds: 1853714 
Test Case: automationFramework.TestCases.EmailTest 
Time Stamp: 2016-07-27 17:27:38,770 
Code Location: automationFramework.TestCases.EmailTest.checkEmailCreateOrder(EmailTest.java:105) 
Log Message: Number of new emails: 7 
 
Time in Milliseconds: 1853714 
Test Case: automationFramework.TestCases.EmailTest 
Time Stamp: 2016-07-27 17:27:38,770 
Code Location: automationFramework.TestCases.EmailTest.checkEmailCreateOrder(EmailTest.java:105) 
Log Message: Number of new emails: 7 
 
Time in Milliseconds: 1853714 
Test Case: automationFramework.TestCases.EmailTest 
Time Stamp: 2016-07-27 17:27:38,770 
Code Location: automationFramework.TestCases.EmailTest.checkEmailCreateOrder(EmailTest.java:105) 
Log Message: Number of new emails: 7 
 
Time in Milliseconds: 1853714 
Test Case: automationFramework.TestCases.EmailTest 
Time Stamp: 2016-07-27 17:27:38,770 
Code Location: automationFramework.TestCases.EmailTest.checkEmailCreateOrder(EmailTest.java:105) 
Log Message: Number of new emails: 7 
 
Time in Milliseconds: 1853714 
Test Case: automationFramework.TestCases.EmailTest 
Time Stamp: 2016-07-27 17:27:38,770 
Code Location: automationFramework.TestCases.EmailTest.checkEmailCreateOrder(EmailTest.java:105) 
Log Message: Number of new emails: 7 
 
2016-07-27 17:27:38,770 INFO  [Logger] Number of new emails: 7 
Time in Milliseconds: 1853765 
Test Case: automationFramework.TestCases.EmailTest 
Time Stamp: 2016-07-27 17:27:38,821 
Code Location: automationFramework.TestCases.EmailTest.checkEmailCreateOrder(EmailTest.java:108) 
Log Message: Total number of emails: 114 
 
Time in Milliseconds: 1853765 
Test Case: automationFramework.TestCases.EmailTest 
Time Stamp: 2016-07-27 17:27:38,821 
Code Location: automationFramework.TestCases.EmailTest.checkEmailCreateOrder(EmailTest.java:108) 
Log Message: Total number of emails: 114 
 
Time in Milliseconds: 1853765 
Test Case: automationFramework.TestCases.EmailTest 
Time Stamp: 2016-07-27 17:27:38,821 
Code Location: automationFramework.TestCases.EmailTest.checkEmailCreateOrder(EmailTest.java:108) 
Log Message: Total number of emails: 114 
 
Time in Milliseconds: 1853765 
Test Case: automationFramework.TestCases.EmailTest 
Time Stamp: 2016-07-27 17:27:38,821 
Code Location: automationFramework.TestCases.EmailTest.checkEmailCreateOrder(EmailTest.java:108) 
Log Message: Total number of emails: 114 
 
Time in Milliseconds: 1853765 
Test Case: automationFramework.TestCases.EmailTest 
Time Stamp: 2016-07-27 17:27:38,821 
Code Location: automationFramework.TestCases.EmailTest.checkEmailCreateOrder(EmailTest.java:108) 
Log Message: Total number of emails: 114 
 
Time in Milliseconds: 1853765 
Test Case: automationFramework.TestCases.EmailTest 
Time Stamp: 2016-07-27 17:27:38,821 
Code Location: automationFramework.TestCases.EmailTest.checkEmailCreateOrder(EmailTest.java:108) 
Log Message: Total number of emails: 114 
 
Time in Milliseconds: 1853765 
Test Case: automationFramework.TestCases.EmailTest 
Time Stamp: 2016-07-27 17:27:38,821 
Code Location: automationFramework.TestCases.EmailTest.checkEmailCreateOrder(EmailTest.java:108) 
Log Message: Total number of emails: 114 
 
Time in Milliseconds: 1853765 
Test Case: automationFramework.TestCases.EmailTest 
Time Stamp: 2016-07-27 17:27:38,821 
Code Location: automationFramework.TestCases.EmailTest.checkEmailCreateOrder(EmailTest.java:108) 
Log Message: Total number of emails: 114 
 
Time in Milliseconds: 1853765 
Test Case: automationFramework.TestCases.EmailTest 
Time Stamp: 2016-07-27 17:27:38,821 
Code Location: automationFramework.TestCases.EmailTest.checkEmailCreateOrder(EmailTest.java:108) 
Log Message: Total number of emails: 114 
 
Time in Milliseconds: 1853765 
Test Case: automationFramework.TestCases.EmailTest 
Time Stamp: 2016-07-27 17:27:38,821 
Code Location: automationFramework.TestCases.EmailTest.checkEmailCreateOrder(EmailTest.java:108) 
Log Message: Total number of emails: 114 
 
Time in Milliseconds: 1853765 
Test Case: automationFramework.TestCases.EmailTest 
Time Stamp: 2016-07-27 17:27:38,821 
Code Location: automationFramework.TestCases.EmailTest.checkEmailCreateOrder(EmailTest.java:108) 
Log Message: Total number of emails: 114 
 
Time in Milliseconds: 1853765 
Test Case: automationFramework.TestCases.EmailTest 
Time Stamp: 2016-07-27 17:27:38,821 
Code Location: automationFramework.TestCases.EmailTest.checkEmailCreateOrder(EmailTest.java:108) 
Log Message: Total number of emails: 114 
 
Time in Milliseconds: 1853765 
Test Case: automationFramework.TestCases.EmailTest 
Time Stamp: 2016-07-27 17:27:38,821 
Code Location: automationFramework.TestCases.EmailTest.checkEmailCreateOrder(EmailTest.java:108) 
Log Message: Total number of emails: 114 
 
Time in Milliseconds: 1853765 
Test Case: automationFramework.TestCases.EmailTest 
Time Stamp: 2016-07-27 17:27:38,821 
Code Location: automationFramework.TestCases.EmailTest.checkEmailCreateOrder(EmailTest.java:108) 
Log Message: Total number of emails: 114 
 
Time in Milliseconds: 1853765 
Test Case: automationFramework.TestCases.EmailTest 
Time Stamp: 2016-07-27 17:27:38,821 
Code Location: automationFramework.TestCases.EmailTest.checkEmailCreateOrder(EmailTest.java:108) 
Log Message: Total number of emails: 114 
 
Time in Milliseconds: 1853765 
Test Case: automationFramework.TestCases.EmailTest 
Time Stamp: 2016-07-27 17:27:38,821 
Code Location: automationFramework.TestCases.EmailTest.checkEmailCreateOrder(EmailTest.java:108) 
Log Message: Total number of emails: 114 
 
Time in Milliseconds: 1853765 
Test Case: automationFramework.TestCases.EmailTest 
Time Stamp: 2016-07-27 17:27:38,821 
Code Location: automationFramework.TestCases.EmailTest.checkEmailCreateOrder(EmailTest.java:108) 
Log Message: Total number of emails: 114 
 
Time in Milliseconds: 1853765 
Test Case: automationFramework.TestCases.EmailTest 
Time Stamp: 2016-07-27 17:27:38,821 
Code Location: automationFramework.TestCases.EmailTest.checkEmailCreateOrder(EmailTest.java:108) 
Log Message: Total number of emails: 114 
 
Time in Milliseconds: 1853765 
Test Case: automationFramework.TestCases.EmailTest 
Time Stamp: 2016-07-27 17:27:38,821 
Code Location: automationFramework.TestCases.EmailTest.checkEmailCreateOrder(EmailTest.java:108) 
Log Message: Total number of emails: 114 
 
Time in Milliseconds: 1853765 
Test Case: automationFramework.TestCases.EmailTest 
Time Stamp: 2016-07-27 17:27:38,821 
Code Location: automationFramework.TestCases.EmailTest.checkEmailCreateOrder(EmailTest.java:108) 
Log Message: Total number of emails: 114 
 
Time in Milliseconds: 1853765 
Test Case: automationFramework.TestCases.EmailTest 
Time Stamp: 2016-07-27 17:27:38,821 
Code Location: automationFramework.TestCases.EmailTest.checkEmailCreateOrder(EmailTest.java:108) 
Log Message: Total number of emails: 114 
 
Time in Milliseconds: 1853765 
Test Case: automationFramework.TestCases.EmailTest 
Time Stamp: 2016-07-27 17:27:38,821 
Code Location: automationFramework.TestCases.EmailTest.checkEmailCreateOrder(EmailTest.java:108) 
Log Message: Total number of emails: 114 
 
Time in Milliseconds: 1853765 
Test Case: automationFramework.TestCases.EmailTest 
Time Stamp: 2016-07-27 17:27:38,821 
Code Location: automationFramework.TestCases.EmailTest.checkEmailCreateOrder(EmailTest.java:108) 
Log Message: Total number of emails: 114 
 
Time in Milliseconds: 1853765 
Test Case: automationFramework.TestCases.EmailTest 
Time Stamp: 2016-07-27 17:27:38,821 
Code Location: automationFramework.TestCases.EmailTest.checkEmailCreateOrder(EmailTest.java:108) 
Log Message: Total number of emails: 114 
 
Time in Milliseconds: 1853765 
Test Case: automationFramework.TestCases.EmailTest 
Time Stamp: 2016-07-27 17:27:38,821 
Code Location: automationFramework.TestCases.EmailTest.checkEmailCreateOrder(EmailTest.java:108) 
Log Message: Total number of emails: 114 
 
Time in Milliseconds: 1853765 
Test Case: automationFramework.TestCases.EmailTest 
Time Stamp: 2016-07-27 17:27:38,821 
Code Location: automationFramework.TestCases.EmailTest.checkEmailCreateOrder(EmailTest.java:108) 
Log Message: Total number of emails: 114 
 
Time in Milliseconds: 1853765 
Test Case: automationFramework.TestCases.EmailTest 
Time Stamp: 2016-07-27 17:27:38,821 
Code Location: automationFramework.TestCases.EmailTest.checkEmailCreateOrder(EmailTest.java:108) 
Log Message: Total number of emails: 114 
 
Time in Milliseconds: 1853765 
Test Case: automationFramework.TestCases.EmailTest 
Time Stamp: 2016-07-27 17:27:38,821 
Code Location: automationFramework.TestCases.EmailTest.checkEmailCreateOrder(EmailTest.java:108) 
Log Message: Total number of emails: 114 
 
Time in Milliseconds: 1853765 
Test Case: automationFramework.TestCases.EmailTest 
Time Stamp: 2016-07-27 17:27:38,821 
Code Location: automationFramework.TestCases.EmailTest.checkEmailCreateOrder(EmailTest.java:108) 
Log Message: Total number of emails: 114 
 
Time in Milliseconds: 1853765 
Test Case: automationFramework.TestCases.EmailTest 
Time Stamp: 2016-07-27 17:27:38,821 
Code Location: automationFramework.TestCases.EmailTest.checkEmailCreateOrder(EmailTest.java:108) 
Log Message: Total number of emails: 114 
 
Time in Milliseconds: 1853765 
Test Case: automationFramework.TestCases.EmailTest 
Time Stamp: 2016-07-27 17:27:38,821 
Code Location: automationFramework.TestCases.EmailTest.checkEmailCreateOrder(EmailTest.java:108) 
Log Message: Total number of emails: 114 
 
Time in Milliseconds: 1853765 
Test Case: automationFramework.TestCases.EmailTest 
Time Stamp: 2016-07-27 17:27:38,821 
Code Location: automationFramework.TestCases.EmailTest.checkEmailCreateOrder(EmailTest.java:108) 
Log Message: Total number of emails: 114 
 
Time in Milliseconds: 1853765 
Test Case: automationFramework.TestCases.EmailTest 
Time Stamp: 2016-07-27 17:27:38,821 
Code Location: automationFramework.TestCases.EmailTest.checkEmailCreateOrder(EmailTest.java:108) 
Log Message: Total number of emails: 114 
 
Time in Milliseconds: 1853765 
Test Case: automationFramework.TestCases.EmailTest 
Time Stamp: 2016-07-27 17:27:38,821 
Code Location: automationFramework.TestCases.EmailTest.checkEmailCreateOrder(EmailTest.java:108) 
Log Message: Total number of emails: 114 
 
Time in Milliseconds: 1853765 
Test Case: automationFramework.TestCases.EmailTest 
Time Stamp: 2016-07-27 17:27:38,821 
Code Location: automationFramework.TestCases.EmailTest.checkEmailCreateOrder(EmailTest.java:108) 
Log Message: Total number of emails: 114 
 
Time in Milliseconds: 1853765 
Test Case: automationFramework.TestCases.EmailTest 
Time Stamp: 2016-07-27 17:27:38,821 
Code Location: automationFramework.TestCases.EmailTest.checkEmailCreateOrder(EmailTest.java:108) 
Log Message: Total number of emails: 114 
 
2016-07-27 17:27:38,821 INFO  [Logger] Total number of emails: 114 
</system-out>
  </testcase>
  <testcase classname="automationFramework.TestCases.EmailTest" name="checkEmailNewCustomer" time="61.683"/>
  <testcase classname="automationFramework.TestCases.CreateOrderTest" name="createOrderSubmit" time="147.045">
    <failure message="Unable to locate element: {&quot;method&quot;:&quot;xpath&quot;,&quot;selector&quot;:&quot;//*[@id=&apos;balanceHistory_list_tbl&apos;]/div/div[1]/table/tbody/tr[1]/td[3]/span&quot;}
Command duration or timeout: 60.11 seconds
For documentation on this error, please visit: http://seleniumhq.org/exceptions/no_such_element.html
Build info: version: &apos;2.45.0&apos;, revision: &apos;5017cb8e7ca8e37638dc3091b2440b90a1d8686f&apos;, time: &apos;2015-02-27 09:10:26&apos;
System info: host: &apos;NACTS-081729&apos;, ip: &apos;149.63.89.232&apos;, os.name: &apos;Windows 7&apos;, os.arch: &apos;amd64&apos;, os.version: &apos;6.1&apos;, java.version: &apos;1.8.0_77&apos;
Driver info: org.openqa.selenium.firefox.FirefoxDriver
Capabilities [{applicationCacheEnabled=false, rotatable=false, handlesAlerts=true, databaseEnabled=true, version=32.0, platform=WINDOWS, nativeEvents=false, acceptSslCerts=true, webStorageEnabled=true, locationContextEnabled=true, browserName=firefox, takesScreenshot=true, javascriptEnabled=true, cssSelectorsEnabled=true}]
Session ID: 3aab583f-7fe1-4152-ab6b-1b75a64bb448
*** Element info: {Using=xpath, value=//*[@id=&apos;balanceHistory_list_tbl&apos;]/div/div[1]/table/tbody/tr[1]/td[3]/span}" type="org.openqa.selenium.NoSuchElementException">org.openqa.selenium.NoSuchElementException: Unable to locate element: {&quot;method&quot;:&quot;xpath&quot;,&quot;selector&quot;:&quot;//*[@id=&apos;balanceHistory_list_tbl&apos;]/div/div[1]/table/tbody/tr[1]/td[3]/span&quot;}
Command duration or timeout: 60.11 seconds
For documentation on this error, please visit: http://seleniumhq.org/exceptions/no_such_element.html
Build info: version: &apos;2.45.0&apos;, revision: &apos;5017cb8e7ca8e37638dc3091b2440b90a1d8686f&apos;, time: &apos;2015-02-27 09:10:26&apos;
System info: host: &apos;NACTS-081729&apos;, ip: &apos;149.63.89.232&apos;, os.name: &apos;Windows 7&apos;, os.arch: &apos;amd64&apos;, os.version: &apos;6.1&apos;, java.version: &apos;1.8.0_77&apos;
Driver info: org.openqa.selenium.firefox.FirefoxDriver
Capabilities [{applicationCacheEnabled=false, rotatable=false, handlesAlerts=true, databaseEnabled=true, version=32.0, platform=WINDOWS, nativeEvents=false, acceptSslCerts=true, webStorageEnabled=true, locationContextEnabled=true, browserName=firefox, takesScreenshot=true, javascriptEnabled=true, cssSelectorsEnabled=true}]
Session ID: 3aab583f-7fe1-4152-ab6b-1b75a64bb448
*** Element info: {Using=xpath, value=//*[@id=&apos;balanceHistory_list_tbl&apos;]/div/div[1]/table/tbody/tr[1]/td[3]/span}
	at sun.reflect.NativeConstructorAccessorImpl.newInstance0(Native Method)
	at sun.reflect.NativeConstructorAccessorImpl.newInstance(NativeConstructorAccessorImpl.java:62)
	at sun.reflect.DelegatingConstructorAccessorImpl.newInstance(DelegatingConstructorAccessorImpl.java:45)
	at java.lang.reflect.Constructor.newInstance(Constructor.java:423)
	at org.openqa.selenium.remote.ErrorHandler.createThrowable(ErrorHandler.java:204)
	at org.openqa.selenium.remote.ErrorHandler.throwIfResponseFailed(ErrorHandler.java:156)
	at org.openqa.selenium.remote.RemoteWebDriver.execute(RemoteWebDriver.java:599)
	at org.openqa.selenium.remote.RemoteWebDriver.findElement(RemoteWebDriver.java:352)
	at org.openqa.selenium.remote.RemoteWebDriver.findElementByXPath(RemoteWebDriver.java:449)
	at org.openqa.selenium.By$ByXPath.findElement(By.java:357)
	at org.openqa.selenium.remote.RemoteWebDriver.findElement(RemoteWebDriver.java:344)
	at automationFramework.PageObjects.CreateOrderPage.getPurse(CreateOrderPage.java:71)
	at automationFramework.TestCases.CreateOrderTest.createOrderSubmit(CreateOrderTest.java:65)
Caused by: org.openqa.selenium.NoSuchElementException: Unable to locate element: {&quot;method&quot;:&quot;xpath&quot;,&quot;selector&quot;:&quot;//*[@id=&apos;balanceHistory_list_tbl&apos;]/div/div[1]/table/tbody/tr[1]/td[3]/span&quot;}
For documentation on this error, please visit: http://seleniumhq.org/exceptions/no_such_element.html
Build info: version: &apos;2.45.0&apos;, revision: &apos;5017cb8e7ca8e37638dc3091b2440b90a1d8686f&apos;, time: &apos;2015-02-27 09:10:26&apos;
System info: host: &apos;NACTS-081729&apos;, ip: &apos;149.63.89.232&apos;, os.name: &apos;Windows 7&apos;, os.arch: &apos;amd64&apos;, os.version: &apos;6.1&apos;, java.version: &apos;1.8.0_77&apos;
Driver info: driver.version: unknown
	at &lt;anonymous class&gt;.FirefoxDriver.prototype.findElementInternal_(file:///C:/WINDOWS/TEMP/anonymous7603329689602485504webdriver-profile/extensions/fxdriver@googlecode.com/components/driver-component.js:10271)
	at &lt;anonymous class&gt;.fxdriver.Timer.prototype.setTimeout/&lt;.notify(file:///C:/WINDOWS/TEMP/anonymous7603329689602485504webdriver-profile/extensions/fxdriver@googlecode.com/components/driver-component.js:603)
</failure>
    <system-out>Time in Milliseconds: 1926559 
Test Case: automationFramework.TestCases.EmailTest 
Time Stamp: 2016-07-27 17:28:51,615 
Code Location: automationFramework.TestCases.EmailTest.tearDown(EmailTest.java:129) 
Log Message: TearDown Complete 
 
Time in Milliseconds: 1926559 
Test Case: automationFramework.TestCases.EmailTest 
Time Stamp: 2016-07-27 17:28:51,615 
Code Location: automationFramework.TestCases.EmailTest.tearDown(EmailTest.java:129) 
Log Message: TearDown Complete 
 
Time in Milliseconds: 1926559 
Test Case: automationFramework.TestCases.EmailTest 
Time Stamp: 2016-07-27 17:28:51,615 
Code Location: automationFramework.TestCases.EmailTest.tearDown(EmailTest.java:129) 
Log Message: TearDown Complete 
 
Time in Milliseconds: 1926559 
Test Case: automationFramework.TestCases.EmailTest 
Time Stamp: 2016-07-27 17:28:51,615 
Code Location: automationFramework.TestCases.EmailTest.tearDown(EmailTest.java:129) 
Log Message: TearDown Complete 
 
Time in Milliseconds: 1926559 
Test Case: automationFramework.TestCases.EmailTest 
Time Stamp: 2016-07-27 17:28:51,615 
Code Location: automationFramework.TestCases.EmailTest.tearDown(EmailTest.java:129) 
Log Message: TearDown Complete 
 
Time in Milliseconds: 1926559 
Test Case: automationFramework.TestCases.EmailTest 
Time Stamp: 2016-07-27 17:28:51,615 
Code Location: automationFramework.TestCases.EmailTest.tearDown(EmailTest.java:129) 
Log Message: TearDown Complete 
 
Time in Milliseconds: 1926559 
Test Case: automationFramework.TestCases.EmailTest 
Time Stamp: 2016-07-27 17:28:51,615 
Code Location: automationFramework.TestCases.EmailTest.tearDown(EmailTest.java:129) 
Log Message: TearDown Complete 
 
Time in Milliseconds: 1926559 
Test Case: automationFramework.TestCases.EmailTest 
Time Stamp: 2016-07-27 17:28:51,615 
Code Location: automationFramework.TestCases.EmailTest.tearDown(EmailTest.java:129) 
Log Message: TearDown Complete 
 
Time in Milliseconds: 1926559 
Test Case: automationFramework.TestCases.EmailTest 
Time Stamp: 2016-07-27 17:28:51,615 
Code Location: automationFramework.TestCases.EmailTest.tearDown(EmailTest.java:129) 
Log Message: TearDown Complete 
 
Time in Milliseconds: 1926559 
Test Case: automationFramework.TestCases.EmailTest 
Time Stamp: 2016-07-27 17:28:51,615 
Code Location: automationFramework.TestCases.EmailTest.tearDown(EmailTest.java:129) 
Log Message: TearDown Complete 
 
Time in Milliseconds: 1926559 
Test Case: automationFramework.TestCases.EmailTest 
Time Stamp: 2016-07-27 17:28:51,615 
Code Location: automationFramework.TestCases.EmailTest.tearDown(EmailTest.java:129) 
Log Message: TearDown Complete 
 
Time in Milliseconds: 1926559 
Test Case: automationFramework.TestCases.EmailTest 
Time Stamp: 2016-07-27 17:28:51,615 
Code Location: automationFramework.TestCases.EmailTest.tearDown(EmailTest.java:129) 
Log Message: TearDown Complete 
 
Time in Milliseconds: 1926559 
Test Case: automationFramework.TestCases.EmailTest 
Time Stamp: 2016-07-27 17:28:51,615 
Code Location: automationFramework.TestCases.EmailTest.tearDown(EmailTest.java:129) 
Log Message: TearDown Complete 
 
Time in Milliseconds: 1926559 
Test Case: automationFramework.TestCases.EmailTest 
Time Stamp: 2016-07-27 17:28:51,615 
Code Location: automationFramework.TestCases.EmailTest.tearDown(EmailTest.java:129) 
Log Message: TearDown Complete 
 
Time in Milliseconds: 1926559 
Test Case: automationFramework.TestCases.EmailTest 
Time Stamp: 2016-07-27 17:28:51,615 
Code Location: automationFramework.TestCases.EmailTest.tearDown(EmailTest.java:129) 
Log Message: TearDown Complete 
 
Time in Milliseconds: 1926559 
Test Case: automationFramework.TestCases.EmailTest 
Time Stamp: 2016-07-27 17:28:51,615 
Code Location: automationFramework.TestCases.EmailTest.tearDown(EmailTest.java:129) 
Log Message: TearDown Complete 
 
Time in Milliseconds: 1926559 
Test Case: automationFramework.TestCases.EmailTest 
Time Stamp: 2016-07-27 17:28:51,615 
Code Location: automationFramework.TestCases.EmailTest.tearDown(EmailTest.java:129) 
Log Message: TearDown Complete 
 
Time in Milliseconds: 1926559 
Test Case: automationFramework.TestCases.EmailTest 
Time Stamp: 2016-07-27 17:28:51,615 
Code Location: automationFramework.TestCases.EmailTest.tearDown(EmailTest.java:129) 
Log Message: TearDown Complete 
 
Time in Milliseconds: 1926559 
Test Case: automationFramework.TestCases.EmailTest 
Time Stamp: 2016-07-27 17:28:51,615 
Code Location: automationFramework.TestCases.EmailTest.tearDown(EmailTest.java:129) 
Log Message: TearDown Complete 
 
Time in Milliseconds: 1926559 
Test Case: automationFramework.TestCases.EmailTest 
Time Stamp: 2016-07-27 17:28:51,615 
Code Location: automationFramework.TestCases.EmailTest.tearDown(EmailTest.java:129) 
Log Message: TearDown Complete 
 
Time in Milliseconds: 1926559 
Test Case: automationFramework.TestCases.EmailTest 
Time Stamp: 2016-07-27 17:28:51,615 
Code Location: automationFramework.TestCases.EmailTest.tearDown(EmailTest.java:129) 
Log Message: TearDown Complete 
 
Time in Milliseconds: 1926559 
Test Case: automationFramework.TestCases.EmailTest 
Time Stamp: 2016-07-27 17:28:51,615 
Code Location: automationFramework.TestCases.EmailTest.tearDown(EmailTest.java:129) 
Log Message: TearDown Complete 
 
Time in Milliseconds: 1926559 
Test Case: automationFramework.TestCases.EmailTest 
Time Stamp: 2016-07-27 17:28:51,615 
Code Location: automationFramework.TestCases.EmailTest.tearDown(EmailTest.java:129) 
Log Message: TearDown Complete 
 
Time in Milliseconds: 1926559 
Test Case: automationFramework.TestCases.EmailTest 
Time Stamp: 2016-07-27 17:28:51,615 
Code Location: automationFramework.TestCases.EmailTest.tearDown(EmailTest.java:129) 
Log Message: TearDown Complete 
 
Time in Milliseconds: 1926559 
Test Case: automationFramework.TestCases.EmailTest 
Time Stamp: 2016-07-27 17:28:51,615 
Code Location: automationFramework.TestCases.EmailTest.tearDown(EmailTest.java:129) 
Log Message: TearDown Complete 
 
Time in Milliseconds: 1926559 
Test Case: automationFramework.TestCases.EmailTest 
Time Stamp: 2016-07-27 17:28:51,615 
Code Location: automationFramework.TestCases.EmailTest.tearDown(EmailTest.java:129) 
Log Message: TearDown Complete 
 
Time in Milliseconds: 1926559 
Test Case: automationFramework.TestCases.EmailTest 
Time Stamp: 2016-07-27 17:28:51,615 
Code Location: automationFramework.TestCases.EmailTest.tearDown(EmailTest.java:129) 
Log Message: TearDown Complete 
 
Time in Milliseconds: 1926559 
Test Case: automationFramework.TestCases.EmailTest 
Time Stamp: 2016-07-27 17:28:51,615 
Code Location: automationFramework.TestCases.EmailTest.tearDown(EmailTest.java:129) 
Log Message: TearDown Complete 
 
Time in Milliseconds: 1926559 
Test Case: automationFramework.TestCases.EmailTest 
Time Stamp: 2016-07-27 17:28:51,615 
Code Location: automationFramework.TestCases.EmailTest.tearDown(EmailTest.java:129) 
Log Message: TearDown Complete 
 
Time in Milliseconds: 1926559 
Test Case: automationFramework.TestCases.EmailTest 
Time Stamp: 2016-07-27 17:28:51,615 
Code Location: automationFramework.TestCases.EmailTest.tearDown(EmailTest.java:129) 
Log Message: TearDown Complete 
 
Time in Milliseconds: 1926559 
Test Case: automationFramework.TestCases.EmailTest 
Time Stamp: 2016-07-27 17:28:51,615 
Code Location: automationFramework.TestCases.EmailTest.tearDown(EmailTest.java:129) 
Log Message: TearDown Complete 
 
Time in Milliseconds: 1926559 
Test Case: automationFramework.TestCases.EmailTest 
Time Stamp: 2016-07-27 17:28:51,615 
Code Location: automationFramework.TestCases.EmailTest.tearDown(EmailTest.java:129) 
Log Message: TearDown Complete 
 
Time in Milliseconds: 1926559 
Test Case: automationFramework.TestCases.EmailTest 
Time Stamp: 2016-07-27 17:28:51,615 
Code Location: automationFramework.TestCases.EmailTest.tearDown(EmailTest.java:129) 
Log Message: TearDown Complete 
 
Time in Milliseconds: 1926559 
Test Case: automationFramework.TestCases.EmailTest 
Time Stamp: 2016-07-27 17:28:51,615 
Code Location: automationFramework.TestCases.EmailTest.tearDown(EmailTest.java:129) 
Log Message: TearDown Complete 
 
Time in Milliseconds: 1926559 
Test Case: automationFramework.TestCases.EmailTest 
Time Stamp: 2016-07-27 17:28:51,615 
Code Location: automationFramework.TestCases.EmailTest.tearDown(EmailTest.java:129) 
Log Message: TearDown Complete 
 
Time in Milliseconds: 1926559 
Test Case: automationFramework.TestCases.EmailTest 
Time Stamp: 2016-07-27 17:28:51,615 
Code Location: automationFramework.TestCases.EmailTest.tearDown(EmailTest.java:129) 
Log Message: TearDown Complete 
 
Time in Milliseconds: 1926559 
Test Case: automationFramework.TestCases.EmailTest 
Time Stamp: 2016-07-27 17:28:51,615 
Code Location: automationFramework.TestCases.EmailTest.tearDown(EmailTest.java:129) 
Log Message: TearDown Complete 
 
2016-07-27 17:28:51,615 INFO  [Logger] TearDown Complete 
Time in Milliseconds: 1927238 
Test Case: automationFramework.TestCases.CreateOrderTest 
Time Stamp: 2016-07-27 17:28:52,294 
Code Location: automationFramework.TestCases.CreateOrderTest.setUp(CreateOrderTest.java:32) 
Log Message: Setup Started 
 
Time in Milliseconds: 1927238 
Test Case: automationFramework.TestCases.CreateOrderTest 
Time Stamp: 2016-07-27 17:28:52,294 
Code Location: automationFramework.TestCases.CreateOrderTest.setUp(CreateOrderTest.java:32) 
Log Message: Setup Started 
 
Time in Milliseconds: 1927238 
Test Case: automationFramework.TestCases.CreateOrderTest 
Time Stamp: 2016-07-27 17:28:52,294 
Code Location: automationFramework.TestCases.CreateOrderTest.setUp(CreateOrderTest.java:32) 
Log Message: Setup Started 
 
Time in Milliseconds: 1927238 
Test Case: automationFramework.TestCases.CreateOrderTest 
Time Stamp: 2016-07-27 17:28:52,294 
Code Location: automationFramework.TestCases.CreateOrderTest.setUp(CreateOrderTest.java:32) 
Log Message: Setup Started 
 
Time in Milliseconds: 1927238 
Test Case: automationFramework.TestCases.CreateOrderTest 
Time Stamp: 2016-07-27 17:28:52,294 
Code Location: automationFramework.TestCases.CreateOrderTest.setUp(CreateOrderTest.java:32) 
Log Message: Setup Started 
 
Time in Milliseconds: 1927238 
Test Case: automationFramework.TestCases.CreateOrderTest 
Time Stamp: 2016-07-27 17:28:52,294 
Code Location: automationFramework.TestCases.CreateOrderTest.setUp(CreateOrderTest.java:32) 
Log Message: Setup Started 
 
Time in Milliseconds: 1927238 
Test Case: automationFramework.TestCases.CreateOrderTest 
Time Stamp: 2016-07-27 17:28:52,294 
Code Location: automationFramework.TestCases.CreateOrderTest.setUp(CreateOrderTest.java:32) 
Log Message: Setup Started 
 
Time in Milliseconds: 1927238 
Test Case: automationFramework.TestCases.CreateOrderTest 
Time Stamp: 2016-07-27 17:28:52,294 
Code Location: automationFramework.TestCases.CreateOrderTest.setUp(CreateOrderTest.java:32) 
Log Message: Setup Started 
 
Time in Milliseconds: 1927238 
Test Case: automationFramework.TestCases.CreateOrderTest 
Time Stamp: 2016-07-27 17:28:52,294 
Code Location: automationFramework.TestCases.CreateOrderTest.setUp(CreateOrderTest.java:32) 
Log Message: Setup Started 
 
Time in Milliseconds: 1927238 
Test Case: automationFramework.TestCases.CreateOrderTest 
Time Stamp: 2016-07-27 17:28:52,294 
Code Location: automationFramework.TestCases.CreateOrderTest.setUp(CreateOrderTest.java:32) 
Log Message: Setup Started 
 
Time in Milliseconds: 1927238 
Test Case: automationFramework.TestCases.CreateOrderTest 
Time Stamp: 2016-07-27 17:28:52,294 
Code Location: automationFramework.TestCases.CreateOrderTest.setUp(CreateOrderTest.java:32) 
Log Message: Setup Started 
 
Time in Milliseconds: 1927238 
Test Case: automationFramework.TestCases.CreateOrderTest 
Time Stamp: 2016-07-27 17:28:52,294 
Code Location: automationFramework.TestCases.CreateOrderTest.setUp(CreateOrderTest.java:32) 
Log Message: Setup Started 
 
Time in Milliseconds: 1927238 
Test Case: automationFramework.TestCases.CreateOrderTest 
Time Stamp: 2016-07-27 17:28:52,294 
Code Location: automationFramework.TestCases.CreateOrderTest.setUp(CreateOrderTest.java:32) 
Log Message: Setup Started 
 
Time in Milliseconds: 1927238 
Test Case: automationFramework.TestCases.CreateOrderTest 
Time Stamp: 2016-07-27 17:28:52,294 
Code Location: automationFramework.TestCases.CreateOrderTest.setUp(CreateOrderTest.java:32) 
Log Message: Setup Started 
 
Time in Milliseconds: 1927238 
Test Case: automationFramework.TestCases.CreateOrderTest 
Time Stamp: 2016-07-27 17:28:52,294 
Code Location: automationFramework.TestCases.CreateOrderTest.setUp(CreateOrderTest.java:32) 
Log Message: Setup Started 
 
Time in Milliseconds: 1927238 
Test Case: automationFramework.TestCases.CreateOrderTest 
Time Stamp: 2016-07-27 17:28:52,294 
Code Location: automationFramework.TestCases.CreateOrderTest.setUp(CreateOrderTest.java:32) 
Log Message: Setup Started 
 
Time in Milliseconds: 1927238 
Test Case: automationFramework.TestCases.CreateOrderTest 
Time Stamp: 2016-07-27 17:28:52,294 
Code Location: automationFramework.TestCases.CreateOrderTest.setUp(CreateOrderTest.java:32) 
Log Message: Setup Started 
 
Time in Milliseconds: 1927238 
Test Case: automationFramework.TestCases.CreateOrderTest 
Time Stamp: 2016-07-27 17:28:52,294 
Code Location: automationFramework.TestCases.CreateOrderTest.setUp(CreateOrderTest.java:32) 
Log Message: Setup Started 
 
Time in Milliseconds: 1927238 
Test Case: automationFramework.TestCases.CreateOrderTest 
Time Stamp: 2016-07-27 17:28:52,294 
Code Location: automationFramework.TestCases.CreateOrderTest.setUp(CreateOrderTest.java:32) 
Log Message: Setup Started 
 
Time in Milliseconds: 1927238 
Test Case: automationFramework.TestCases.CreateOrderTest 
Time Stamp: 2016-07-27 17:28:52,294 
Code Location: automationFramework.TestCases.CreateOrderTest.setUp(CreateOrderTest.java:32) 
Log Message: Setup Started 
 
Time in Milliseconds: 1927238 
Test Case: automationFramework.TestCases.CreateOrderTest 
Time Stamp: 2016-07-27 17:28:52,294 
Code Location: automationFramework.TestCases.CreateOrderTest.setUp(CreateOrderTest.java:32) 
Log Message: Setup Started 
 
Time in Milliseconds: 1927238 
Test Case: automationFramework.TestCases.CreateOrderTest 
Time Stamp: 2016-07-27 17:28:52,294 
Code Location: automationFramework.TestCases.CreateOrderTest.setUp(CreateOrderTest.java:32) 
Log Message: Setup Started 
 
Time in Milliseconds: 1927238 
Test Case: automationFramework.TestCases.CreateOrderTest 
Time Stamp: 2016-07-27 17:28:52,294 
Code Location: automationFramework.TestCases.CreateOrderTest.setUp(CreateOrderTest.java:32) 
Log Message: Setup Started 
 
Time in Milliseconds: 1927238 
Test Case: automationFramework.TestCases.CreateOrderTest 
Time Stamp: 2016-07-27 17:28:52,294 
Code Location: automationFramework.TestCases.CreateOrderTest.setUp(CreateOrderTest.java:32) 
Log Message: Setup Started 
 
Time in Milliseconds: 1927238 
Test Case: automationFramework.TestCases.CreateOrderTest 
Time Stamp: 2016-07-27 17:28:52,294 
Code Location: automationFramework.TestCases.CreateOrderTest.setUp(CreateOrderTest.java:32) 
Log Message: Setup Started 
 
Time in Milliseconds: 1927238 
Test Case: automationFramework.TestCases.CreateOrderTest 
Time Stamp: 2016-07-27 17:28:52,294 
Code Location: automationFramework.TestCases.CreateOrderTest.setUp(CreateOrderTest.java:32) 
Log Message: Setup Started 
 
Time in Milliseconds: 1927238 
Test Case: automationFramework.TestCases.CreateOrderTest 
Time Stamp: 2016-07-27 17:28:52,294 
Code Location: automationFramework.TestCases.CreateOrderTest.setUp(CreateOrderTest.java:32) 
Log Message: Setup Started 
 
Time in Milliseconds: 1927238 
Test Case: automationFramework.TestCases.CreateOrderTest 
Time Stamp: 2016-07-27 17:28:52,294 
Code Location: automationFramework.TestCases.CreateOrderTest.setUp(CreateOrderTest.java:32) 
Log Message: Setup Started 
 
Time in Milliseconds: 1927238 
Test Case: automationFramework.TestCases.CreateOrderTest 
Time Stamp: 2016-07-27 17:28:52,294 
Code Location: automationFramework.TestCases.CreateOrderTest.setUp(CreateOrderTest.java:32) 
Log Message: Setup Started 
 
Time in Milliseconds: 1927238 
Test Case: automationFramework.TestCases.CreateOrderTest 
Time Stamp: 2016-07-27 17:28:52,294 
Code Location: automationFramework.TestCases.CreateOrderTest.setUp(CreateOrderTest.java:32) 
Log Message: Setup Started 
 
Time in Milliseconds: 1927238 
Test Case: automationFramework.TestCases.CreateOrderTest 
Time Stamp: 2016-07-27 17:28:52,294 
Code Location: automationFramework.TestCases.CreateOrderTest.setUp(CreateOrderTest.java:32) 
Log Message: Setup Started 
 
Time in Milliseconds: 1927238 
Test Case: automationFramework.TestCases.CreateOrderTest 
Time Stamp: 2016-07-27 17:28:52,294 
Code Location: automationFramework.TestCases.CreateOrderTest.setUp(CreateOrderTest.java:32) 
Log Message: Setup Started 
 
Time in Milliseconds: 1927238 
Test Case: automationFramework.TestCases.CreateOrderTest 
Time Stamp: 2016-07-27 17:28:52,294 
Code Location: automationFramework.TestCases.CreateOrderTest.setUp(CreateOrderTest.java:32) 
Log Message: Setup Started 
 
Time in Milliseconds: 1927238 
Test Case: automationFramework.TestCases.CreateOrderTest 
Time Stamp: 2016-07-27 17:28:52,294 
Code Location: automationFramework.TestCases.CreateOrderTest.setUp(CreateOrderTest.java:32) 
Log Message: Setup Started 
 
Time in Milliseconds: 1927238 
Test Case: automationFramework.TestCases.CreateOrderTest 
Time Stamp: 2016-07-27 17:28:52,294 
Code Location: automationFramework.TestCases.CreateOrderTest.setUp(CreateOrderTest.java:32) 
Log Message: Setup Started 
 
Time in Milliseconds: 1927238 
Test Case: automationFramework.TestCases.CreateOrderTest 
Time Stamp: 2016-07-27 17:28:52,294 
Code Location: automationFramework.TestCases.CreateOrderTest.setUp(CreateOrderTest.java:32) 
Log Message: Setup Started 
 
Time in Milliseconds: 1927238 
Test Case: automationFramework.TestCases.CreateOrderTest 
Time Stamp: 2016-07-27 17:28:52,294 
Code Location: automationFramework.TestCases.CreateOrderTest.setUp(CreateOrderTest.java:32) 
Log Message: Setup Started 
 
Time in Milliseconds: 1927238 
Test Case: automationFramework.TestCases.CreateOrderTest 
Time Stamp: 2016-07-27 17:28:52,294 
Code Location: automationFramework.TestCases.CreateOrderTest.setUp(CreateOrderTest.java:32) 
Log Message: Setup Started 
 
2016-07-27 17:28:52,294 INFO  [Logger] Setup Started 
Time in Milliseconds: 1927372 
Test Case: automationFramework.TestCases.CreateOrderTest 
Time Stamp: 2016-07-27 17:28:52,428 
Code Location: automationFramework.TestCases.CreateOrderTest.setUp(CreateOrderTest.java:33) 
Log Message: Current OS: Windows 7 Enterprise 
 
Time in Milliseconds: 1927372 
Test Case: automationFramework.TestCases.CreateOrderTest 
Time Stamp: 2016-07-27 17:28:52,428 
Code Location: automationFramework.TestCases.CreateOrderTest.setUp(CreateOrderTest.java:33) 
Log Message: Current OS: Windows 7 Enterprise 
 
Time in Milliseconds: 1927372 
Test Case: automationFramework.TestCases.CreateOrderTest 
Time Stamp: 2016-07-27 17:28:52,428 
Code Location: automationFramework.TestCases.CreateOrderTest.setUp(CreateOrderTest.java:33) 
Log Message: Current OS: Windows 7 Enterprise 
 
Time in Milliseconds: 1927372 
Test Case: automationFramework.TestCases.CreateOrderTest 
Time Stamp: 2016-07-27 17:28:52,428 
Code Location: automationFramework.TestCases.CreateOrderTest.setUp(CreateOrderTest.java:33) 
Log Message: Current OS: Windows 7 Enterprise 
 
Time in Milliseconds: 1927372 
Test Case: automationFramework.TestCases.CreateOrderTest 
Time Stamp: 2016-07-27 17:28:52,428 
Code Location: automationFramework.TestCases.CreateOrderTest.setUp(CreateOrderTest.java:33) 
Log Message: Current OS: Windows 7 Enterprise 
 
Time in Milliseconds: 1927372 
Test Case: automationFramework.TestCases.CreateOrderTest 
Time Stamp: 2016-07-27 17:28:52,428 
Code Location: automationFramework.TestCases.CreateOrderTest.setUp(CreateOrderTest.java:33) 
Log Message: Current OS: Windows 7 Enterprise 
 
Time in Milliseconds: 1927372 
Test Case: automationFramework.TestCases.CreateOrderTest 
Time Stamp: 2016-07-27 17:28:52,428 
Code Location: automationFramework.TestCases.CreateOrderTest.setUp(CreateOrderTest.java:33) 
Log Message: Current OS: Windows 7 Enterprise 
 
Time in Milliseconds: 1927372 
Test Case: automationFramework.TestCases.CreateOrderTest 
Time Stamp: 2016-07-27 17:28:52,428 
Code Location: automationFramework.TestCases.CreateOrderTest.setUp(CreateOrderTest.java:33) 
Log Message: Current OS: Windows 7 Enterprise 
 
Time in Milliseconds: 1927372 
Test Case: automationFramework.TestCases.CreateOrderTest 
Time Stamp: 2016-07-27 17:28:52,428 
Code Location: automationFramework.TestCases.CreateOrderTest.setUp(CreateOrderTest.java:33) 
Log Message: Current OS: Windows 7 Enterprise 
 
Time in Milliseconds: 1927372 
Test Case: automationFramework.TestCases.CreateOrderTest 
Time Stamp: 2016-07-27 17:28:52,428 
Code Location: automationFramework.TestCases.CreateOrderTest.setUp(CreateOrderTest.java:33) 
Log Message: Current OS: Windows 7 Enterprise 
 
Time in Milliseconds: 1927372 
Test Case: automationFramework.TestCases.CreateOrderTest 
Time Stamp: 2016-07-27 17:28:52,428 
Code Location: automationFramework.TestCases.CreateOrderTest.setUp(CreateOrderTest.java:33) 
Log Message: Current OS: Windows 7 Enterprise 
 
Time in Milliseconds: 1927372 
Test Case: automationFramework.TestCases.CreateOrderTest 
Time Stamp: 2016-07-27 17:28:52,428 
Code Location: automationFramework.TestCases.CreateOrderTest.setUp(CreateOrderTest.java:33) 
Log Message: Current OS: Windows 7 Enterprise 
 
Time in Milliseconds: 1927372 
Test Case: automationFramework.TestCases.CreateOrderTest 
Time Stamp: 2016-07-27 17:28:52,428 
Code Location: automationFramework.TestCases.CreateOrderTest.setUp(CreateOrderTest.java:33) 
Log Message: Current OS: Windows 7 Enterprise 
 
Time in Milliseconds: 1927372 
Test Case: automationFramework.TestCases.CreateOrderTest 
Time Stamp: 2016-07-27 17:28:52,428 
Code Location: automationFramework.TestCases.CreateOrderTest.setUp(CreateOrderTest.java:33) 
Log Message: Current OS: Windows 7 Enterprise 
 
Time in Milliseconds: 1927372 
Test Case: automationFramework.TestCases.CreateOrderTest 
Time Stamp: 2016-07-27 17:28:52,428 
Code Location: automationFramework.TestCases.CreateOrderTest.setUp(CreateOrderTest.java:33) 
Log Message: Current OS: Windows 7 Enterprise 
 
Time in Milliseconds: 1927372 
Test Case: automationFramework.TestCases.CreateOrderTest 
Time Stamp: 2016-07-27 17:28:52,428 
Code Location: automationFramework.TestCases.CreateOrderTest.setUp(CreateOrderTest.java:33) 
Log Message: Current OS: Windows 7 Enterprise 
 
Time in Milliseconds: 1927372 
Test Case: automationFramework.TestCases.CreateOrderTest 
Time Stamp: 2016-07-27 17:28:52,428 
Code Location: automationFramework.TestCases.CreateOrderTest.setUp(CreateOrderTest.java:33) 
Log Message: Current OS: Windows 7 Enterprise 
 
Time in Milliseconds: 1927372 
Test Case: automationFramework.TestCases.CreateOrderTest 
Time Stamp: 2016-07-27 17:28:52,428 
Code Location: automationFramework.TestCases.CreateOrderTest.setUp(CreateOrderTest.java:33) 
Log Message: Current OS: Windows 7 Enterprise 
 
Time in Milliseconds: 1927372 
Test Case: automationFramework.TestCases.CreateOrderTest 
Time Stamp: 2016-07-27 17:28:52,428 
Code Location: automationFramework.TestCases.CreateOrderTest.setUp(CreateOrderTest.java:33) 
Log Message: Current OS: Windows 7 Enterprise 
 
Time in Milliseconds: 1927372 
Test Case: automationFramework.TestCases.CreateOrderTest 
Time Stamp: 2016-07-27 17:28:52,428 
Code Location: automationFramework.TestCases.CreateOrderTest.setUp(CreateOrderTest.java:33) 
Log Message: Current OS: Windows 7 Enterprise 
 
Time in Milliseconds: 1927372 
Test Case: automationFramework.TestCases.CreateOrderTest 
Time Stamp: 2016-07-27 17:28:52,428 
Code Location: automationFramework.TestCases.CreateOrderTest.setUp(CreateOrderTest.java:33) 
Log Message: Current OS: Windows 7 Enterprise 
 
Time in Milliseconds: 1927372 
Test Case: automationFramework.TestCases.CreateOrderTest 
Time Stamp: 2016-07-27 17:28:52,428 
Code Location: automationFramework.TestCases.CreateOrderTest.setUp(CreateOrderTest.java:33) 
Log Message: Current OS: Windows 7 Enterprise 
 
Time in Milliseconds: 1927372 
Test Case: automationFramework.TestCases.CreateOrderTest 
Time Stamp: 2016-07-27 17:28:52,428 
Code Location: automationFramework.TestCases.CreateOrderTest.setUp(CreateOrderTest.java:33) 
Log Message: Current OS: Windows 7 Enterprise 
 
Time in Milliseconds: 1927372 
Test Case: automationFramework.TestCases.CreateOrderTest 
Time Stamp: 2016-07-27 17:28:52,428 
Code Location: automationFramework.TestCases.CreateOrderTest.setUp(CreateOrderTest.java:33) 
Log Message: Current OS: Windows 7 Enterprise 
 
Time in Milliseconds: 1927372 
Test Case: automationFramework.TestCases.CreateOrderTest 
Time Stamp: 2016-07-27 17:28:52,428 
Code Location: automationFramework.TestCases.CreateOrderTest.setUp(CreateOrderTest.java:33) 
Log Message: Current OS: Windows 7 Enterprise 
 
Time in Milliseconds: 1927372 
Test Case: automationFramework.TestCases.CreateOrderTest 
Time Stamp: 2016-07-27 17:28:52,428 
Code Location: automationFramework.TestCases.CreateOrderTest.setUp(CreateOrderTest.java:33) 
Log Message: Current OS: Windows 7 Enterprise 
 
Time in Milliseconds: 1927372 
Test Case: automationFramework.TestCases.CreateOrderTest 
Time Stamp: 2016-07-27 17:28:52,428 
Code Location: automationFramework.TestCases.CreateOrderTest.setUp(CreateOrderTest.java:33) 
Log Message: Current OS: Windows 7 Enterprise 
 
Time in Milliseconds: 1927372 
Test Case: automationFramework.TestCases.CreateOrderTest 
Time Stamp: 2016-07-27 17:28:52,428 
Code Location: automationFramework.TestCases.CreateOrderTest.setUp(CreateOrderTest.java:33) 
Log Message: Current OS: Windows 7 Enterprise 
 
Time in Milliseconds: 1927372 
Test Case: automationFramework.TestCases.CreateOrderTest 
Time Stamp: 2016-07-27 17:28:52,428 
Code Location: automationFramework.TestCases.CreateOrderTest.setUp(CreateOrderTest.java:33) 
Log Message: Current OS: Windows 7 Enterprise 
 
Time in Milliseconds: 1927372 
Test Case: automationFramework.TestCases.CreateOrderTest 
Time Stamp: 2016-07-27 17:28:52,428 
Code Location: automationFramework.TestCases.CreateOrderTest.setUp(CreateOrderTest.java:33) 
Log Message: Current OS: Windows 7 Enterprise 
 
Time in Milliseconds: 1927372 
Test Case: automationFramework.TestCases.CreateOrderTest 
Time Stamp: 2016-07-27 17:28:52,428 
Code Location: automationFramework.TestCases.CreateOrderTest.setUp(CreateOrderTest.java:33) 
Log Message: Current OS: Windows 7 Enterprise 
 
Time in Milliseconds: 1927372 
Test Case: automationFramework.TestCases.CreateOrderTest 
Time Stamp: 2016-07-27 17:28:52,428 
Code Location: automationFramework.TestCases.CreateOrderTest.setUp(CreateOrderTest.java:33) 
Log Message: Current OS: Windows 7 Enterprise 
 
Time in Milliseconds: 1927372 
Test Case: automationFramework.TestCases.CreateOrderTest 
Time Stamp: 2016-07-27 17:28:52,428 
Code Location: automationFramework.TestCases.CreateOrderTest.setUp(CreateOrderTest.java:33) 
Log Message: Current OS: Windows 7 Enterprise 
 
Time in Milliseconds: 1927372 
Test Case: automationFramework.TestCases.CreateOrderTest 
Time Stamp: 2016-07-27 17:28:52,428 
Code Location: automationFramework.TestCases.CreateOrderTest.setUp(CreateOrderTest.java:33) 
Log Message: Current OS: Windows 7 Enterprise 
 
Time in Milliseconds: 1927372 
Test Case: automationFramework.TestCases.CreateOrderTest 
Time Stamp: 2016-07-27 17:28:52,428 
Code Location: automationFramework.TestCases.CreateOrderTest.setUp(CreateOrderTest.java:33) 
Log Message: Current OS: Windows 7 Enterprise 
 
Time in Milliseconds: 1927372 
Test Case: automationFramework.TestCases.CreateOrderTest 
Time Stamp: 2016-07-27 17:28:52,428 
Code Location: automationFramework.TestCases.CreateOrderTest.setUp(CreateOrderTest.java:33) 
Log Message: Current OS: Windows 7 Enterprise 
 
Time in Milliseconds: 1927372 
Test Case: automationFramework.TestCases.CreateOrderTest 
Time Stamp: 2016-07-27 17:28:52,428 
Code Location: automationFramework.TestCases.CreateOrderTest.setUp(CreateOrderTest.java:33) 
Log Message: Current OS: Windows 7 Enterprise 
 
Time in Milliseconds: 1927372 
Test Case: automationFramework.TestCases.CreateOrderTest 
Time Stamp: 2016-07-27 17:28:52,428 
Code Location: automationFramework.TestCases.CreateOrderTest.setUp(CreateOrderTest.java:33) 
Log Message: Current OS: Windows 7 Enterprise 
 
2016-07-27 17:28:52,428 INFO  [Logger] Current OS: Windows 7 Enterprise 
Time in Milliseconds: 1927400 
Test Case: automationFramework.TestCases.CreateOrderTest 
Time Stamp: 2016-07-27 17:28:52,456 
Code Location: automationFramework.TestCases.CreateOrderTest.setUp(CreateOrderTest.java:34) 
Log Message: Current Browser: firefox.exe 
 
Time in Milliseconds: 1927400 
Test Case: automationFramework.TestCases.CreateOrderTest 
Time Stamp: 2016-07-27 17:28:52,456 
Code Location: automationFramework.TestCases.CreateOrderTest.setUp(CreateOrderTest.java:34) 
Log Message: Current Browser: firefox.exe 
 
Time in Milliseconds: 1927400 
Test Case: automationFramework.TestCases.CreateOrderTest 
Time Stamp: 2016-07-27 17:28:52,456 
Code Location: automationFramework.TestCases.CreateOrderTest.setUp(CreateOrderTest.java:34) 
Log Message: Current Browser: firefox.exe 
 
Time in Milliseconds: 1927400 
Test Case: automationFramework.TestCases.CreateOrderTest 
Time Stamp: 2016-07-27 17:28:52,456 
Code Location: automationFramework.TestCases.CreateOrderTest.setUp(CreateOrderTest.java:34) 
Log Message: Current Browser: firefox.exe 
 
Time in Milliseconds: 1927400 
Test Case: automationFramework.TestCases.CreateOrderTest 
Time Stamp: 2016-07-27 17:28:52,456 
Code Location: automationFramework.TestCases.CreateOrderTest.setUp(CreateOrderTest.java:34) 
Log Message: Current Browser: firefox.exe 
 
Time in Milliseconds: 1927400 
Test Case: automationFramework.TestCases.CreateOrderTest 
Time Stamp: 2016-07-27 17:28:52,456 
Code Location: automationFramework.TestCases.CreateOrderTest.setUp(CreateOrderTest.java:34) 
Log Message: Current Browser: firefox.exe 
 
Time in Milliseconds: 1927400 
Test Case: automationFramework.TestCases.CreateOrderTest 
Time Stamp: 2016-07-27 17:28:52,456 
Code Location: automationFramework.TestCases.CreateOrderTest.setUp(CreateOrderTest.java:34) 
Log Message: Current Browser: firefox.exe 
 
Time in Milliseconds: 1927400 
Test Case: automationFramework.TestCases.CreateOrderTest 
Time Stamp: 2016-07-27 17:28:52,456 
Code Location: automationFramework.TestCases.CreateOrderTest.setUp(CreateOrderTest.java:34) 
Log Message: Current Browser: firefox.exe 
 
Time in Milliseconds: 1927400 
Test Case: automationFramework.TestCases.CreateOrderTest 
Time Stamp: 2016-07-27 17:28:52,456 
Code Location: automationFramework.TestCases.CreateOrderTest.setUp(CreateOrderTest.java:34) 
Log Message: Current Browser: firefox.exe 
 
Time in Milliseconds: 1927400 
Test Case: automationFramework.TestCases.CreateOrderTest 
Time Stamp: 2016-07-27 17:28:52,456 
Code Location: automationFramework.TestCases.CreateOrderTest.setUp(CreateOrderTest.java:34) 
Log Message: Current Browser: firefox.exe 
 
Time in Milliseconds: 1927400 
Test Case: automationFramework.TestCases.CreateOrderTest 
Time Stamp: 2016-07-27 17:28:52,456 
Code Location: automationFramework.TestCases.CreateOrderTest.setUp(CreateOrderTest.java:34) 
Log Message: Current Browser: firefox.exe 
 
Time in Milliseconds: 1927400 
Test Case: automationFramework.TestCases.CreateOrderTest 
Time Stamp: 2016-07-27 17:28:52,456 
Code Location: automationFramework.TestCases.CreateOrderTest.setUp(CreateOrderTest.java:34) 
Log Message: Current Browser: firefox.exe 
 
Time in Milliseconds: 1927400 
Test Case: automationFramework.TestCases.CreateOrderTest 
Time Stamp: 2016-07-27 17:28:52,456 
Code Location: automationFramework.TestCases.CreateOrderTest.setUp(CreateOrderTest.java:34) 
Log Message: Current Browser: firefox.exe 
 
Time in Milliseconds: 1927400 
Test Case: automationFramework.TestCases.CreateOrderTest 
Time Stamp: 2016-07-27 17:28:52,456 
Code Location: automationFramework.TestCases.CreateOrderTest.setUp(CreateOrderTest.java:34) 
Log Message: Current Browser: firefox.exe 
 
Time in Milliseconds: 1927400 
Test Case: automationFramework.TestCases.CreateOrderTest 
Time Stamp: 2016-07-27 17:28:52,456 
Code Location: automationFramework.TestCases.CreateOrderTest.setUp(CreateOrderTest.java:34) 
Log Message: Current Browser: firefox.exe 
 
Time in Milliseconds: 1927400 
Test Case: automationFramework.TestCases.CreateOrderTest 
Time Stamp: 2016-07-27 17:28:52,456 
Code Location: automationFramework.TestCases.CreateOrderTest.setUp(CreateOrderTest.java:34) 
Log Message: Current Browser: firefox.exe 
 
Time in Milliseconds: 1927400 
Test Case: automationFramework.TestCases.CreateOrderTest 
Time Stamp: 2016-07-27 17:28:52,456 
Code Location: automationFramework.TestCases.CreateOrderTest.setUp(CreateOrderTest.java:34) 
Log Message: Current Browser: firefox.exe 
 
Time in Milliseconds: 1927400 
Test Case: automationFramework.TestCases.CreateOrderTest 
Time Stamp: 2016-07-27 17:28:52,456 
Code Location: automationFramework.TestCases.CreateOrderTest.setUp(CreateOrderTest.java:34) 
Log Message: Current Browser: firefox.exe 
 
Time in Milliseconds: 1927400 
Test Case: automationFramework.TestCases.CreateOrderTest 
Time Stamp: 2016-07-27 17:28:52,456 
Code Location: automationFramework.TestCases.CreateOrderTest.setUp(CreateOrderTest.java:34) 
Log Message: Current Browser: firefox.exe 
 
Time in Milliseconds: 1927400 
Test Case: automationFramework.TestCases.CreateOrderTest 
Time Stamp: 2016-07-27 17:28:52,456 
Code Location: automationFramework.TestCases.CreateOrderTest.setUp(CreateOrderTest.java:34) 
Log Message: Current Browser: firefox.exe 
 
Time in Milliseconds: 1927400 
Test Case: automationFramework.TestCases.CreateOrderTest 
Time Stamp: 2016-07-27 17:28:52,456 
Code Location: automationFramework.TestCases.CreateOrderTest.setUp(CreateOrderTest.java:34) 
Log Message: Current Browser: firefox.exe 
 
Time in Milliseconds: 1927400 
Test Case: automationFramework.TestCases.CreateOrderTest 
Time Stamp: 2016-07-27 17:28:52,456 
Code Location: automationFramework.TestCases.CreateOrderTest.setUp(CreateOrderTest.java:34) 
Log Message: Current Browser: firefox.exe 
 
Time in Milliseconds: 1927400 
Test Case: automationFramework.TestCases.CreateOrderTest 
Time Stamp: 2016-07-27 17:28:52,456 
Code Location: automationFramework.TestCases.CreateOrderTest.setUp(CreateOrderTest.java:34) 
Log Message: Current Browser: firefox.exe 
 
Time in Milliseconds: 1927400 
Test Case: automationFramework.TestCases.CreateOrderTest 
Time Stamp: 2016-07-27 17:28:52,456 
Code Location: automationFramework.TestCases.CreateOrderTest.setUp(CreateOrderTest.java:34) 
Log Message: Current Browser: firefox.exe 
 
Time in Milliseconds: 1927400 
Test Case: automationFramework.TestCases.CreateOrderTest 
Time Stamp: 2016-07-27 17:28:52,456 
Code Location: automationFramework.TestCases.CreateOrderTest.setUp(CreateOrderTest.java:34) 
Log Message: Current Browser: firefox.exe 
 
Time in Milliseconds: 1927400 
Test Case: automationFramework.TestCases.CreateOrderTest 
Time Stamp: 2016-07-27 17:28:52,456 
Code Location: automationFramework.TestCases.CreateOrderTest.setUp(CreateOrderTest.java:34) 
Log Message: Current Browser: firefox.exe 
 
Time in Milliseconds: 1927400 
Test Case: automationFramework.TestCases.CreateOrderTest 
Time Stamp: 2016-07-27 17:28:52,456 
Code Location: automationFramework.TestCases.CreateOrderTest.setUp(CreateOrderTest.java:34) 
Log Message: Current Browser: firefox.exe 
 
Time in Milliseconds: 1927400 
Test Case: automationFramework.TestCases.CreateOrderTest 
Time Stamp: 2016-07-27 17:28:52,456 
Code Location: automationFramework.TestCases.CreateOrderTest.setUp(CreateOrderTest.java:34) 
Log Message: Current Browser: firefox.exe 
 
Time in Milliseconds: 1927400 
Test Case: automationFramework.TestCases.CreateOrderTest 
Time Stamp: 2016-07-27 17:28:52,456 
Code Location: automationFramework.TestCases.CreateOrderTest.setUp(CreateOrderTest.java:34) 
Log Message: Current Browser: firefox.exe 
 
Time in Milliseconds: 1927400 
Test Case: automationFramework.TestCases.CreateOrderTest 
Time Stamp: 2016-07-27 17:28:52,456 
Code Location: automationFramework.TestCases.CreateOrderTest.setUp(CreateOrderTest.java:34) 
Log Message: Current Browser: firefox.exe 
 
Time in Milliseconds: 1927400 
Test Case: automationFramework.TestCases.CreateOrderTest 
Time Stamp: 2016-07-27 17:28:52,456 
Code Location: automationFramework.TestCases.CreateOrderTest.setUp(CreateOrderTest.java:34) 
Log Message: Current Browser: firefox.exe 
 
Time in Milliseconds: 1927400 
Test Case: automationFramework.TestCases.CreateOrderTest 
Time Stamp: 2016-07-27 17:28:52,456 
Code Location: automationFramework.TestCases.CreateOrderTest.setUp(CreateOrderTest.java:34) 
Log Message: Current Browser: firefox.exe 
 
Time in Milliseconds: 1927400 
Test Case: automationFramework.TestCases.CreateOrderTest 
Time Stamp: 2016-07-27 17:28:52,456 
Code Location: automationFramework.TestCases.CreateOrderTest.setUp(CreateOrderTest.java:34) 
Log Message: Current Browser: firefox.exe 
 
Time in Milliseconds: 1927400 
Test Case: automationFramework.TestCases.CreateOrderTest 
Time Stamp: 2016-07-27 17:28:52,456 
Code Location: automationFramework.TestCases.CreateOrderTest.setUp(CreateOrderTest.java:34) 
Log Message: Current Browser: firefox.exe 
 
Time in Milliseconds: 1927400 
Test Case: automationFramework.TestCases.CreateOrderTest 
Time Stamp: 2016-07-27 17:28:52,456 
Code Location: automationFramework.TestCases.CreateOrderTest.setUp(CreateOrderTest.java:34) 
Log Message: Current Browser: firefox.exe 
 
Time in Milliseconds: 1927400 
Test Case: automationFramework.TestCases.CreateOrderTest 
Time Stamp: 2016-07-27 17:28:52,456 
Code Location: automationFramework.TestCases.CreateOrderTest.setUp(CreateOrderTest.java:34) 
Log Message: Current Browser: firefox.exe 
 
Time in Milliseconds: 1927400 
Test Case: automationFramework.TestCases.CreateOrderTest 
Time Stamp: 2016-07-27 17:28:52,456 
Code Location: automationFramework.TestCases.CreateOrderTest.setUp(CreateOrderTest.java:34) 
Log Message: Current Browser: firefox.exe 
 
Time in Milliseconds: 1927400 
Test Case: automationFramework.TestCases.CreateOrderTest 
Time Stamp: 2016-07-27 17:28:52,456 
Code Location: automationFramework.TestCases.CreateOrderTest.setUp(CreateOrderTest.java:34) 
Log Message: Current Browser: firefox.exe 
 
2016-07-27 17:28:52,456 INFO  [Logger] Current Browser: firefox.exe 
Time in Milliseconds: 1936547 
Test Case: automationFramework.TestCases.CreateOrderTest 
Time Stamp: 2016-07-27 17:29:01,603 
Code Location: automationFramework.TestCases.CreateOrderTest.setUp(CreateOrderTest.java:37) 
Log Message: Setup Completed 
 
Time in Milliseconds: 1936547 
Test Case: automationFramework.TestCases.CreateOrderTest 
Time Stamp: 2016-07-27 17:29:01,603 
Code Location: automationFramework.TestCases.CreateOrderTest.setUp(CreateOrderTest.java:37) 
Log Message: Setup Completed 
 
Time in Milliseconds: 1936547 
Test Case: automationFramework.TestCases.CreateOrderTest 
Time Stamp: 2016-07-27 17:29:01,603 
Code Location: automationFramework.TestCases.CreateOrderTest.setUp(CreateOrderTest.java:37) 
Log Message: Setup Completed 
 
Time in Milliseconds: 1936547 
Test Case: automationFramework.TestCases.CreateOrderTest 
Time Stamp: 2016-07-27 17:29:01,603 
Code Location: automationFramework.TestCases.CreateOrderTest.setUp(CreateOrderTest.java:37) 
Log Message: Setup Completed 
 
Time in Milliseconds: 1936547 
Test Case: automationFramework.TestCases.CreateOrderTest 
Time Stamp: 2016-07-27 17:29:01,603 
Code Location: automationFramework.TestCases.CreateOrderTest.setUp(CreateOrderTest.java:37) 
Log Message: Setup Completed 
 
Time in Milliseconds: 1936547 
Test Case: automationFramework.TestCases.CreateOrderTest 
Time Stamp: 2016-07-27 17:29:01,603 
Code Location: automationFramework.TestCases.CreateOrderTest.setUp(CreateOrderTest.java:37) 
Log Message: Setup Completed 
 
Time in Milliseconds: 1936547 
Test Case: automationFramework.TestCases.CreateOrderTest 
Time Stamp: 2016-07-27 17:29:01,603 
Code Location: automationFramework.TestCases.CreateOrderTest.setUp(CreateOrderTest.java:37) 
Log Message: Setup Completed 
 
Time in Milliseconds: 1936547 
Test Case: automationFramework.TestCases.CreateOrderTest 
Time Stamp: 2016-07-27 17:29:01,603 
Code Location: automationFramework.TestCases.CreateOrderTest.setUp(CreateOrderTest.java:37) 
Log Message: Setup Completed 
 
Time in Milliseconds: 1936547 
Test Case: automationFramework.TestCases.CreateOrderTest 
Time Stamp: 2016-07-27 17:29:01,603 
Code Location: automationFramework.TestCases.CreateOrderTest.setUp(CreateOrderTest.java:37) 
Log Message: Setup Completed 
 
Time in Milliseconds: 1936547 
Test Case: automationFramework.TestCases.CreateOrderTest 
Time Stamp: 2016-07-27 17:29:01,603 
Code Location: automationFramework.TestCases.CreateOrderTest.setUp(CreateOrderTest.java:37) 
Log Message: Setup Completed 
 
Time in Milliseconds: 1936547 
Test Case: automationFramework.TestCases.CreateOrderTest 
Time Stamp: 2016-07-27 17:29:01,603 
Code Location: automationFramework.TestCases.CreateOrderTest.setUp(CreateOrderTest.java:37) 
Log Message: Setup Completed 
 
Time in Milliseconds: 1936547 
Test Case: automationFramework.TestCases.CreateOrderTest 
Time Stamp: 2016-07-27 17:29:01,603 
Code Location: automationFramework.TestCases.CreateOrderTest.setUp(CreateOrderTest.java:37) 
Log Message: Setup Completed 
 
Time in Milliseconds: 1936547 
Test Case: automationFramework.TestCases.CreateOrderTest 
Time Stamp: 2016-07-27 17:29:01,603 
Code Location: automationFramework.TestCases.CreateOrderTest.setUp(CreateOrderTest.java:37) 
Log Message: Setup Completed 
 
Time in Milliseconds: 1936547 
Test Case: automationFramework.TestCases.CreateOrderTest 
Time Stamp: 2016-07-27 17:29:01,603 
Code Location: automationFramework.TestCases.CreateOrderTest.setUp(CreateOrderTest.java:37) 
Log Message: Setup Completed 
 
Time in Milliseconds: 1936547 
Test Case: automationFramework.TestCases.CreateOrderTest 
Time Stamp: 2016-07-27 17:29:01,603 
Code Location: automationFramework.TestCases.CreateOrderTest.setUp(CreateOrderTest.java:37) 
Log Message: Setup Completed 
 
Time in Milliseconds: 1936547 
Test Case: automationFramework.TestCases.CreateOrderTest 
Time Stamp: 2016-07-27 17:29:01,603 
Code Location: automationFramework.TestCases.CreateOrderTest.setUp(CreateOrderTest.java:37) 
Log Message: Setup Completed 
 
Time in Milliseconds: 1936547 
Test Case: automationFramework.TestCases.CreateOrderTest 
Time Stamp: 2016-07-27 17:29:01,603 
Code Location: automationFramework.TestCases.CreateOrderTest.setUp(CreateOrderTest.java:37) 
Log Message: Setup Completed 
 
Time in Milliseconds: 1936547 
Test Case: automationFramework.TestCases.CreateOrderTest 
Time Stamp: 2016-07-27 17:29:01,603 
Code Location: automationFramework.TestCases.CreateOrderTest.setUp(CreateOrderTest.java:37) 
Log Message: Setup Completed 
 
Time in Milliseconds: 1936547 
Test Case: automationFramework.TestCases.CreateOrderTest 
Time Stamp: 2016-07-27 17:29:01,603 
Code Location: automationFramework.TestCases.CreateOrderTest.setUp(CreateOrderTest.java:37) 
Log Message: Setup Completed 
 
Time in Milliseconds: 1936547 
Test Case: automationFramework.TestCases.CreateOrderTest 
Time Stamp: 2016-07-27 17:29:01,603 
Code Location: automationFramework.TestCases.CreateOrderTest.setUp(CreateOrderTest.java:37) 
Log Message: Setup Completed 
 
Time in Milliseconds: 1936547 
Test Case: automationFramework.TestCases.CreateOrderTest 
Time Stamp: 2016-07-27 17:29:01,603 
Code Location: automationFramework.TestCases.CreateOrderTest.setUp(CreateOrderTest.java:37) 
Log Message: Setup Completed 
 
Time in Milliseconds: 1936547 
Test Case: automationFramework.TestCases.CreateOrderTest 
Time Stamp: 2016-07-27 17:29:01,603 
Code Location: automationFramework.TestCases.CreateOrderTest.setUp(CreateOrderTest.java:37) 
Log Message: Setup Completed 
 
Time in Milliseconds: 1936547 
Test Case: automationFramework.TestCases.CreateOrderTest 
Time Stamp: 2016-07-27 17:29:01,603 
Code Location: automationFramework.TestCases.CreateOrderTest.setUp(CreateOrderTest.java:37) 
Log Message: Setup Completed 
 
Time in Milliseconds: 1936547 
Test Case: automationFramework.TestCases.CreateOrderTest 
Time Stamp: 2016-07-27 17:29:01,603 
Code Location: automationFramework.TestCases.CreateOrderTest.setUp(CreateOrderTest.java:37) 
Log Message: Setup Completed 
 
Time in Milliseconds: 1936547 
Test Case: automationFramework.TestCases.CreateOrderTest 
Time Stamp: 2016-07-27 17:29:01,603 
Code Location: automationFramework.TestCases.CreateOrderTest.setUp(CreateOrderTest.java:37) 
Log Message: Setup Completed 
 
Time in Milliseconds: 1936547 
Test Case: automationFramework.TestCases.CreateOrderTest 
Time Stamp: 2016-07-27 17:29:01,603 
Code Location: automationFramework.TestCases.CreateOrderTest.setUp(CreateOrderTest.java:37) 
Log Message: Setup Completed 
 
Time in Milliseconds: 1936547 
Test Case: automationFramework.TestCases.CreateOrderTest 
Time Stamp: 2016-07-27 17:29:01,603 
Code Location: automationFramework.TestCases.CreateOrderTest.setUp(CreateOrderTest.java:37) 
Log Message: Setup Completed 
 
Time in Milliseconds: 1936547 
Test Case: automationFramework.TestCases.CreateOrderTest 
Time Stamp: 2016-07-27 17:29:01,603 
Code Location: automationFramework.TestCases.CreateOrderTest.setUp(CreateOrderTest.java:37) 
Log Message: Setup Completed 
 
Time in Milliseconds: 1936547 
Test Case: automationFramework.TestCases.CreateOrderTest 
Time Stamp: 2016-07-27 17:29:01,603 
Code Location: automationFramework.TestCases.CreateOrderTest.setUp(CreateOrderTest.java:37) 
Log Message: Setup Completed 
 
Time in Milliseconds: 1936547 
Test Case: automationFramework.TestCases.CreateOrderTest 
Time Stamp: 2016-07-27 17:29:01,603 
Code Location: automationFramework.TestCases.CreateOrderTest.setUp(CreateOrderTest.java:37) 
Log Message: Setup Completed 
 
Time in Milliseconds: 1936547 
Test Case: automationFramework.TestCases.CreateOrderTest 
Time Stamp: 2016-07-27 17:29:01,603 
Code Location: automationFramework.TestCases.CreateOrderTest.setUp(CreateOrderTest.java:37) 
Log Message: Setup Completed 
 
Time in Milliseconds: 1936547 
Test Case: automationFramework.TestCases.CreateOrderTest 
Time Stamp: 2016-07-27 17:29:01,603 
Code Location: automationFramework.TestCases.CreateOrderTest.setUp(CreateOrderTest.java:37) 
Log Message: Setup Completed 
 
Time in Milliseconds: 1936547 
Test Case: automationFramework.TestCases.CreateOrderTest 
Time Stamp: 2016-07-27 17:29:01,603 
Code Location: automationFramework.TestCases.CreateOrderTest.setUp(CreateOrderTest.java:37) 
Log Message: Setup Completed 
 
Time in Milliseconds: 1936547 
Test Case: automationFramework.TestCases.CreateOrderTest 
Time Stamp: 2016-07-27 17:29:01,603 
Code Location: automationFramework.TestCases.CreateOrderTest.setUp(CreateOrderTest.java:37) 
Log Message: Setup Completed 
 
Time in Milliseconds: 1936547 
Test Case: automationFramework.TestCases.CreateOrderTest 
Time Stamp: 2016-07-27 17:29:01,603 
Code Location: automationFramework.TestCases.CreateOrderTest.setUp(CreateOrderTest.java:37) 
Log Message: Setup Completed 
 
Time in Milliseconds: 1936547 
Test Case: automationFramework.TestCases.CreateOrderTest 
Time Stamp: 2016-07-27 17:29:01,603 
Code Location: automationFramework.TestCases.CreateOrderTest.setUp(CreateOrderTest.java:37) 
Log Message: Setup Completed 
 
Time in Milliseconds: 1936547 
Test Case: automationFramework.TestCases.CreateOrderTest 
Time Stamp: 2016-07-27 17:29:01,603 
Code Location: automationFramework.TestCases.CreateOrderTest.setUp(CreateOrderTest.java:37) 
Log Message: Setup Completed 
 
Time in Milliseconds: 1936547 
Test Case: automationFramework.TestCases.CreateOrderTest 
Time Stamp: 2016-07-27 17:29:01,603 
Code Location: automationFramework.TestCases.CreateOrderTest.setUp(CreateOrderTest.java:37) 
Log Message: Setup Completed 
 
2016-07-27 17:29:01,603 INFO  [Logger] Setup Completed 
</system-out>
  </testcase>
  <testcase classname="automationFramework.TestCases.CreateOrderTest" name="createOrderCancel" time="80.071"/>
  <testcase classname="automationFramework.TestCases.TravelHistoryTest" name="checkTravelHistory" time="145.282">
    <failure message="Timed out after 90 seconds waiting for visibility of element located by By.xpath: //*[@id=&apos;customerContacts_list_tbl&apos;]/div/div[1]/table/tbody/tr[1]/td[1]/span
Build info: version: &apos;2.45.0&apos;, revision: &apos;5017cb8e7ca8e37638dc3091b2440b90a1d8686f&apos;, time: &apos;2015-02-27 09:10:26&apos;
System info: host: &apos;NACTS-081729&apos;, ip: &apos;149.63.89.232&apos;, os.name: &apos;Windows 7&apos;, os.arch: &apos;amd64&apos;, os.version: &apos;6.1&apos;, java.version: &apos;1.8.0_77&apos;
Driver info: org.openqa.selenium.firefox.FirefoxDriver
Capabilities [{applicationCacheEnabled=false, rotatable=false, handlesAlerts=true, databaseEnabled=true, version=32.0, platform=WINDOWS, nativeEvents=false, acceptSslCerts=true, webStorageEnabled=true, locationContextEnabled=true, browserName=firefox, takesScreenshot=true, javascriptEnabled=true, cssSelectorsEnabled=true}]
Session ID: b9beef0f-a943-41ff-be0e-6ecc2d165d63" type="org.openqa.selenium.TimeoutException">org.openqa.selenium.TimeoutException: Timed out after 90 seconds waiting for visibility of element located by By.xpath: //*[@id=&apos;customerContacts_list_tbl&apos;]/div/div[1]/table/tbody/tr[1]/td[1]/span
Build info: version: &apos;2.45.0&apos;, revision: &apos;5017cb8e7ca8e37638dc3091b2440b90a1d8686f&apos;, time: &apos;2015-02-27 09:10:26&apos;
System info: host: &apos;NACTS-081729&apos;, ip: &apos;149.63.89.232&apos;, os.name: &apos;Windows 7&apos;, os.arch: &apos;amd64&apos;, os.version: &apos;6.1&apos;, java.version: &apos;1.8.0_77&apos;
Driver info: org.openqa.selenium.firefox.FirefoxDriver
Capabilities [{applicationCacheEnabled=false, rotatable=false, handlesAlerts=true, databaseEnabled=true, version=32.0, platform=WINDOWS, nativeEvents=false, acceptSslCerts=true, webStorageEnabled=true, locationContextEnabled=true, browserName=firefox, takesScreenshot=true, javascriptEnabled=true, cssSelectorsEnabled=true}]
Session ID: b9beef0f-a943-41ff-be0e-6ecc2d165d63
	at org.openqa.selenium.support.ui.WebDriverWait.timeoutException(WebDriverWait.java:79)
	at org.openqa.selenium.support.ui.FluentWait.until(FluentWait.java:228)
	at automationFramework.PageObjects.SearchPage.clickRecord(SearchPage.java:87)
	at automationFramework.TestCases.TravelHistoryTest.checkTravelHistory(TravelHistoryTest.java:56)
Caused by: org.openqa.selenium.NoSuchElementException: Unable to locate element: {&quot;method&quot;:&quot;xpath&quot;,&quot;selector&quot;:&quot;//*[@id=&apos;customerContacts_list_tbl&apos;]/div/div[1]/table/tbody/tr[1]/td[1]/span&quot;}
Command duration or timeout: 60.10 seconds
For documentation on this error, please visit: http://seleniumhq.org/exceptions/no_such_element.html
Build info: version: &apos;2.45.0&apos;, revision: &apos;5017cb8e7ca8e37638dc3091b2440b90a1d8686f&apos;, time: &apos;2015-02-27 09:10:26&apos;
System info: host: &apos;NACTS-081729&apos;, ip: &apos;149.63.89.232&apos;, os.name: &apos;Windows 7&apos;, os.arch: &apos;amd64&apos;, os.version: &apos;6.1&apos;, java.version: &apos;1.8.0_77&apos;
Driver info: org.openqa.selenium.firefox.FirefoxDriver
Capabilities [{applicationCacheEnabled=false, rotatable=false, handlesAlerts=true, databaseEnabled=true, version=32.0, platform=WINDOWS, nativeEvents=false, acceptSslCerts=true, webStorageEnabled=true, locationContextEnabled=true, browserName=firefox, takesScreenshot=true, javascriptEnabled=true, cssSelectorsEnabled=true}]
Session ID: b9beef0f-a943-41ff-be0e-6ecc2d165d63
*** Element info: {Using=xpath, value=//*[@id=&apos;customerContacts_list_tbl&apos;]/div/div[1]/table/tbody/tr[1]/td[1]/span}
	at sun.reflect.NativeConstructorAccessorImpl.newInstance0(Native Method)
	at sun.reflect.NativeConstructorAccessorImpl.newInstance(NativeConstructorAccessorImpl.java:62)
	at sun.reflect.DelegatingConstructorAccessorImpl.newInstance(DelegatingConstructorAccessorImpl.java:45)
	at java.lang.reflect.Constructor.newInstance(Constructor.java:423)
	at org.openqa.selenium.remote.ErrorHandler.createThrowable(ErrorHandler.java:204)
	at org.openqa.selenium.remote.ErrorHandler.throwIfResponseFailed(ErrorHandler.java:156)
	at org.openqa.selenium.remote.RemoteWebDriver.execute(RemoteWebDriver.java:599)
	at org.openqa.selenium.remote.RemoteWebDriver.findElement(RemoteWebDriver.java:352)
	at org.openqa.selenium.remote.RemoteWebDriver.findElementByXPath(RemoteWebDriver.java:449)
	at org.openqa.selenium.By$ByXPath.findElement(By.java:357)
	at org.openqa.selenium.remote.RemoteWebDriver.findElement(RemoteWebDriver.java:344)
	at org.openqa.selenium.support.ui.ExpectedConditions.findElement(ExpectedConditions.java:730)
	at org.openqa.selenium.support.ui.ExpectedConditions.access$000(ExpectedConditions.java:39)
	at org.openqa.selenium.support.ui.ExpectedConditions$4.apply(ExpectedConditions.java:130)
	at org.openqa.selenium.support.ui.ExpectedConditions$4.apply(ExpectedConditions.java:126)
	at org.openqa.selenium.support.ui.FluentWait.until(FluentWait.java:208)
	... 35 more
Caused by: org.openqa.selenium.NoSuchElementException: Unable to locate element: {&quot;method&quot;:&quot;xpath&quot;,&quot;selector&quot;:&quot;//*[@id=&apos;customerContacts_list_tbl&apos;]/div/div[1]/table/tbody/tr[1]/td[1]/span&quot;}
For documentation on this error, please visit: http://seleniumhq.org/exceptions/no_such_element.html
Build info: version: &apos;2.45.0&apos;, revision: &apos;5017cb8e7ca8e37638dc3091b2440b90a1d8686f&apos;, time: &apos;2015-02-27 09:10:26&apos;
System info: host: &apos;NACTS-081729&apos;, ip: &apos;149.63.89.232&apos;, os.name: &apos;Windows 7&apos;, os.arch: &apos;amd64&apos;, os.version: &apos;6.1&apos;, java.version: &apos;1.8.0_77&apos;
Driver info: driver.version: unknown
	at &lt;anonymous class&gt;.FirefoxDriver.prototype.findElementInternal_(file:///C:/WINDOWS/TEMP/anonymous5888212259380347974webdriver-profile/extensions/fxdriver@googlecode.com/components/driver-component.js:10271)
	at &lt;anonymous class&gt;.fxdriver.Timer.prototype.setTimeout/&lt;.notify(file:///C:/WINDOWS/TEMP/anonymous5888212259380347974webdriver-profile/extensions/fxdriver@googlecode.com/components/driver-component.js:603)
</failure>
    <system-out>Time in Milliseconds: 2176117 
Test Case: automationFramework.TestCases.CreateOrderTest 
Time Stamp: 2016-07-27 17:33:01,173 
Code Location: automationFramework.TestCases.CreateOrderTest.tearDown(CreateOrderTest.java:103) 
Log Message: TearDown Complete 
 
Time in Milliseconds: 2176117 
Test Case: automationFramework.TestCases.CreateOrderTest 
Time Stamp: 2016-07-27 17:33:01,173 
Code Location: automationFramework.TestCases.CreateOrderTest.tearDown(CreateOrderTest.java:103) 
Log Message: TearDown Complete 
 
Time in Milliseconds: 2176117 
Test Case: automationFramework.TestCases.CreateOrderTest 
Time Stamp: 2016-07-27 17:33:01,173 
Code Location: automationFramework.TestCases.CreateOrderTest.tearDown(CreateOrderTest.java:103) 
Log Message: TearDown Complete 
 
Time in Milliseconds: 2176117 
Test Case: automationFramework.TestCases.CreateOrderTest 
Time Stamp: 2016-07-27 17:33:01,173 
Code Location: automationFramework.TestCases.CreateOrderTest.tearDown(CreateOrderTest.java:103) 
Log Message: TearDown Complete 
 
Time in Milliseconds: 2176117 
Test Case: automationFramework.TestCases.CreateOrderTest 
Time Stamp: 2016-07-27 17:33:01,173 
Code Location: automationFramework.TestCases.CreateOrderTest.tearDown(CreateOrderTest.java:103) 
Log Message: TearDown Complete 
 
Time in Milliseconds: 2176117 
Test Case: automationFramework.TestCases.CreateOrderTest 
Time Stamp: 2016-07-27 17:33:01,173 
Code Location: automationFramework.TestCases.CreateOrderTest.tearDown(CreateOrderTest.java:103) 
Log Message: TearDown Complete 
 
Time in Milliseconds: 2176117 
Test Case: automationFramework.TestCases.CreateOrderTest 
Time Stamp: 2016-07-27 17:33:01,173 
Code Location: automationFramework.TestCases.CreateOrderTest.tearDown(CreateOrderTest.java:103) 
Log Message: TearDown Complete 
 
Time in Milliseconds: 2176117 
Test Case: automationFramework.TestCases.CreateOrderTest 
Time Stamp: 2016-07-27 17:33:01,173 
Code Location: automationFramework.TestCases.CreateOrderTest.tearDown(CreateOrderTest.java:103) 
Log Message: TearDown Complete 
 
Time in Milliseconds: 2176117 
Test Case: automationFramework.TestCases.CreateOrderTest 
Time Stamp: 2016-07-27 17:33:01,173 
Code Location: automationFramework.TestCases.CreateOrderTest.tearDown(CreateOrderTest.java:103) 
Log Message: TearDown Complete 
 
Time in Milliseconds: 2176117 
Test Case: automationFramework.TestCases.CreateOrderTest 
Time Stamp: 2016-07-27 17:33:01,173 
Code Location: automationFramework.TestCases.CreateOrderTest.tearDown(CreateOrderTest.java:103) 
Log Message: TearDown Complete 
 
Time in Milliseconds: 2176117 
Test Case: automationFramework.TestCases.CreateOrderTest 
Time Stamp: 2016-07-27 17:33:01,173 
Code Location: automationFramework.TestCases.CreateOrderTest.tearDown(CreateOrderTest.java:103) 
Log Message: TearDown Complete 
 
Time in Milliseconds: 2176117 
Test Case: automationFramework.TestCases.CreateOrderTest 
Time Stamp: 2016-07-27 17:33:01,173 
Code Location: automationFramework.TestCases.CreateOrderTest.tearDown(CreateOrderTest.java:103) 
Log Message: TearDown Complete 
 
Time in Milliseconds: 2176117 
Test Case: automationFramework.TestCases.CreateOrderTest 
Time Stamp: 2016-07-27 17:33:01,173 
Code Location: automationFramework.TestCases.CreateOrderTest.tearDown(CreateOrderTest.java:103) 
Log Message: TearDown Complete 
 
Time in Milliseconds: 2176117 
Test Case: automationFramework.TestCases.CreateOrderTest 
Time Stamp: 2016-07-27 17:33:01,173 
Code Location: automationFramework.TestCases.CreateOrderTest.tearDown(CreateOrderTest.java:103) 
Log Message: TearDown Complete 
 
Time in Milliseconds: 2176117 
Test Case: automationFramework.TestCases.CreateOrderTest 
Time Stamp: 2016-07-27 17:33:01,173 
Code Location: automationFramework.TestCases.CreateOrderTest.tearDown(CreateOrderTest.java:103) 
Log Message: TearDown Complete 
 
Time in Milliseconds: 2176117 
Test Case: automationFramework.TestCases.CreateOrderTest 
Time Stamp: 2016-07-27 17:33:01,173 
Code Location: automationFramework.TestCases.CreateOrderTest.tearDown(CreateOrderTest.java:103) 
Log Message: TearDown Complete 
 
Time in Milliseconds: 2176117 
Test Case: automationFramework.TestCases.CreateOrderTest 
Time Stamp: 2016-07-27 17:33:01,173 
Code Location: automationFramework.TestCases.CreateOrderTest.tearDown(CreateOrderTest.java:103) 
Log Message: TearDown Complete 
 
Time in Milliseconds: 2176117 
Test Case: automationFramework.TestCases.CreateOrderTest 
Time Stamp: 2016-07-27 17:33:01,173 
Code Location: automationFramework.TestCases.CreateOrderTest.tearDown(CreateOrderTest.java:103) 
Log Message: TearDown Complete 
 
Time in Milliseconds: 2176117 
Test Case: automationFramework.TestCases.CreateOrderTest 
Time Stamp: 2016-07-27 17:33:01,173 
Code Location: automationFramework.TestCases.CreateOrderTest.tearDown(CreateOrderTest.java:103) 
Log Message: TearDown Complete 
 
Time in Milliseconds: 2176117 
Test Case: automationFramework.TestCases.CreateOrderTest 
Time Stamp: 2016-07-27 17:33:01,173 
Code Location: automationFramework.TestCases.CreateOrderTest.tearDown(CreateOrderTest.java:103) 
Log Message: TearDown Complete 
 
Time in Milliseconds: 2176117 
Test Case: automationFramework.TestCases.CreateOrderTest 
Time Stamp: 2016-07-27 17:33:01,173 
Code Location: automationFramework.TestCases.CreateOrderTest.tearDown(CreateOrderTest.java:103) 
Log Message: TearDown Complete 
 
Time in Milliseconds: 2176117 
Test Case: automationFramework.TestCases.CreateOrderTest 
Time Stamp: 2016-07-27 17:33:01,173 
Code Location: automationFramework.TestCases.CreateOrderTest.tearDown(CreateOrderTest.java:103) 
Log Message: TearDown Complete 
 
Time in Milliseconds: 2176117 
Test Case: automationFramework.TestCases.CreateOrderTest 
Time Stamp: 2016-07-27 17:33:01,173 
Code Location: automationFramework.TestCases.CreateOrderTest.tearDown(CreateOrderTest.java:103) 
Log Message: TearDown Complete 
 
Time in Milliseconds: 2176117 
Test Case: automationFramework.TestCases.CreateOrderTest 
Time Stamp: 2016-07-27 17:33:01,173 
Code Location: automationFramework.TestCases.CreateOrderTest.tearDown(CreateOrderTest.java:103) 
Log Message: TearDown Complete 
 
Time in Milliseconds: 2176117 
Test Case: automationFramework.TestCases.CreateOrderTest 
Time Stamp: 2016-07-27 17:33:01,173 
Code Location: automationFramework.TestCases.CreateOrderTest.tearDown(CreateOrderTest.java:103) 
Log Message: TearDown Complete 
 
Time in Milliseconds: 2176117 
Test Case: automationFramework.TestCases.CreateOrderTest 
Time Stamp: 2016-07-27 17:33:01,173 
Code Location: automationFramework.TestCases.CreateOrderTest.tearDown(CreateOrderTest.java:103) 
Log Message: TearDown Complete 
 
Time in Milliseconds: 2176117 
Test Case: automationFramework.TestCases.CreateOrderTest 
Time Stamp: 2016-07-27 17:33:01,173 
Code Location: automationFramework.TestCases.CreateOrderTest.tearDown(CreateOrderTest.java:103) 
Log Message: TearDown Complete 
 
Time in Milliseconds: 2176117 
Test Case: automationFramework.TestCases.CreateOrderTest 
Time Stamp: 2016-07-27 17:33:01,173 
Code Location: automationFramework.TestCases.CreateOrderTest.tearDown(CreateOrderTest.java:103) 
Log Message: TearDown Complete 
 
Time in Milliseconds: 2176117 
Test Case: automationFramework.TestCases.CreateOrderTest 
Time Stamp: 2016-07-27 17:33:01,173 
Code Location: automationFramework.TestCases.CreateOrderTest.tearDown(CreateOrderTest.java:103) 
Log Message: TearDown Complete 
 
Time in Milliseconds: 2176117 
Test Case: automationFramework.TestCases.CreateOrderTest 
Time Stamp: 2016-07-27 17:33:01,173 
Code Location: automationFramework.TestCases.CreateOrderTest.tearDown(CreateOrderTest.java:103) 
Log Message: TearDown Complete 
 
Time in Milliseconds: 2176117 
Test Case: automationFramework.TestCases.CreateOrderTest 
Time Stamp: 2016-07-27 17:33:01,173 
Code Location: automationFramework.TestCases.CreateOrderTest.tearDown(CreateOrderTest.java:103) 
Log Message: TearDown Complete 
 
Time in Milliseconds: 2176117 
Test Case: automationFramework.TestCases.CreateOrderTest 
Time Stamp: 2016-07-27 17:33:01,173 
Code Location: automationFramework.TestCases.CreateOrderTest.tearDown(CreateOrderTest.java:103) 
Log Message: TearDown Complete 
 
Time in Milliseconds: 2176117 
Test Case: automationFramework.TestCases.CreateOrderTest 
Time Stamp: 2016-07-27 17:33:01,173 
Code Location: automationFramework.TestCases.CreateOrderTest.tearDown(CreateOrderTest.java:103) 
Log Message: TearDown Complete 
 
Time in Milliseconds: 2176117 
Test Case: automationFramework.TestCases.CreateOrderTest 
Time Stamp: 2016-07-27 17:33:01,173 
Code Location: automationFramework.TestCases.CreateOrderTest.tearDown(CreateOrderTest.java:103) 
Log Message: TearDown Complete 
 
Time in Milliseconds: 2176117 
Test Case: automationFramework.TestCases.CreateOrderTest 
Time Stamp: 2016-07-27 17:33:01,173 
Code Location: automationFramework.TestCases.CreateOrderTest.tearDown(CreateOrderTest.java:103) 
Log Message: TearDown Complete 
 
Time in Milliseconds: 2176117 
Test Case: automationFramework.TestCases.CreateOrderTest 
Time Stamp: 2016-07-27 17:33:01,173 
Code Location: automationFramework.TestCases.CreateOrderTest.tearDown(CreateOrderTest.java:103) 
Log Message: TearDown Complete 
 
Time in Milliseconds: 2176117 
Test Case: automationFramework.TestCases.CreateOrderTest 
Time Stamp: 2016-07-27 17:33:01,173 
Code Location: automationFramework.TestCases.CreateOrderTest.tearDown(CreateOrderTest.java:103) 
Log Message: TearDown Complete 
 
Time in Milliseconds: 2176117 
Test Case: automationFramework.TestCases.CreateOrderTest 
Time Stamp: 2016-07-27 17:33:01,173 
Code Location: automationFramework.TestCases.CreateOrderTest.tearDown(CreateOrderTest.java:103) 
Log Message: TearDown Complete 
 
Time in Milliseconds: 2176117 
Test Case: automationFramework.TestCases.CreateOrderTest 
Time Stamp: 2016-07-27 17:33:01,173 
Code Location: automationFramework.TestCases.CreateOrderTest.tearDown(CreateOrderTest.java:103) 
Log Message: TearDown Complete 
 
2016-07-27 17:33:01,173 INFO  [Logger] TearDown Complete 
Time in Milliseconds: 2176437 
Test Case: automationFramework.TestCases.TravelHistoryTest 
Time Stamp: 2016-07-27 17:33:01,493 
Code Location: automationFramework.TestCases.TravelHistoryTest.setUp(TravelHistoryTest.java:38) 
Log Message: Setup Started 
 
Time in Milliseconds: 2176437 
Test Case: automationFramework.TestCases.TravelHistoryTest 
Time Stamp: 2016-07-27 17:33:01,493 
Code Location: automationFramework.TestCases.TravelHistoryTest.setUp(TravelHistoryTest.java:38) 
Log Message: Setup Started 
 
Time in Milliseconds: 2176437 
Test Case: automationFramework.TestCases.TravelHistoryTest 
Time Stamp: 2016-07-27 17:33:01,493 
Code Location: automationFramework.TestCases.TravelHistoryTest.setUp(TravelHistoryTest.java:38) 
Log Message: Setup Started 
 
Time in Milliseconds: 2176437 
Test Case: automationFramework.TestCases.TravelHistoryTest 
Time Stamp: 2016-07-27 17:33:01,493 
Code Location: automationFramework.TestCases.TravelHistoryTest.setUp(TravelHistoryTest.java:38) 
Log Message: Setup Started 
 
Time in Milliseconds: 2176437 
Test Case: automationFramework.TestCases.TravelHistoryTest 
Time Stamp: 2016-07-27 17:33:01,493 
Code Location: automationFramework.TestCases.TravelHistoryTest.setUp(TravelHistoryTest.java:38) 
Log Message: Setup Started 
 
Time in Milliseconds: 2176437 
Test Case: automationFramework.TestCases.TravelHistoryTest 
Time Stamp: 2016-07-27 17:33:01,493 
Code Location: automationFramework.TestCases.TravelHistoryTest.setUp(TravelHistoryTest.java:38) 
Log Message: Setup Started 
 
Time in Milliseconds: 2176437 
Test Case: automationFramework.TestCases.TravelHistoryTest 
Time Stamp: 2016-07-27 17:33:01,493 
Code Location: automationFramework.TestCases.TravelHistoryTest.setUp(TravelHistoryTest.java:38) 
Log Message: Setup Started 
 
Time in Milliseconds: 2176437 
Test Case: automationFramework.TestCases.TravelHistoryTest 
Time Stamp: 2016-07-27 17:33:01,493 
Code Location: automationFramework.TestCases.TravelHistoryTest.setUp(TravelHistoryTest.java:38) 
Log Message: Setup Started 
 
Time in Milliseconds: 2176437 
Test Case: automationFramework.TestCases.TravelHistoryTest 
Time Stamp: 2016-07-27 17:33:01,493 
Code Location: automationFramework.TestCases.TravelHistoryTest.setUp(TravelHistoryTest.java:38) 
Log Message: Setup Started 
 
Time in Milliseconds: 2176437 
Test Case: automationFramework.TestCases.TravelHistoryTest 
Time Stamp: 2016-07-27 17:33:01,493 
Code Location: automationFramework.TestCases.TravelHistoryTest.setUp(TravelHistoryTest.java:38) 
Log Message: Setup Started 
 
Time in Milliseconds: 2176437 
Test Case: automationFramework.TestCases.TravelHistoryTest 
Time Stamp: 2016-07-27 17:33:01,493 
Code Location: automationFramework.TestCases.TravelHistoryTest.setUp(TravelHistoryTest.java:38) 
Log Message: Setup Started 
 
Time in Milliseconds: 2176437 
Test Case: automationFramework.TestCases.TravelHistoryTest 
Time Stamp: 2016-07-27 17:33:01,493 
Code Location: automationFramework.TestCases.TravelHistoryTest.setUp(TravelHistoryTest.java:38) 
Log Message: Setup Started 
 
Time in Milliseconds: 2176437 
Test Case: automationFramework.TestCases.TravelHistoryTest 
Time Stamp: 2016-07-27 17:33:01,493 
Code Location: automationFramework.TestCases.TravelHistoryTest.setUp(TravelHistoryTest.java:38) 
Log Message: Setup Started 
 
Time in Milliseconds: 2176437 
Test Case: automationFramework.TestCases.TravelHistoryTest 
Time Stamp: 2016-07-27 17:33:01,493 
Code Location: automationFramework.TestCases.TravelHistoryTest.setUp(TravelHistoryTest.java:38) 
Log Message: Setup Started 
 
Time in Milliseconds: 2176437 
Test Case: automationFramework.TestCases.TravelHistoryTest 
Time Stamp: 2016-07-27 17:33:01,493 
Code Location: automationFramework.TestCases.TravelHistoryTest.setUp(TravelHistoryTest.java:38) 
Log Message: Setup Started 
 
Time in Milliseconds: 2176437 
Test Case: automationFramework.TestCases.TravelHistoryTest 
Time Stamp: 2016-07-27 17:33:01,493 
Code Location: automationFramework.TestCases.TravelHistoryTest.setUp(TravelHistoryTest.java:38) 
Log Message: Setup Started 
 
Time in Milliseconds: 2176437 
Test Case: automationFramework.TestCases.TravelHistoryTest 
Time Stamp: 2016-07-27 17:33:01,493 
Code Location: automationFramework.TestCases.TravelHistoryTest.setUp(TravelHistoryTest.java:38) 
Log Message: Setup Started 
 
Time in Milliseconds: 2176437 
Test Case: automationFramework.TestCases.TravelHistoryTest 
Time Stamp: 2016-07-27 17:33:01,493 
Code Location: automationFramework.TestCases.TravelHistoryTest.setUp(TravelHistoryTest.java:38) 
Log Message: Setup Started 
 
Time in Milliseconds: 2176437 
Test Case: automationFramework.TestCases.TravelHistoryTest 
Time Stamp: 2016-07-27 17:33:01,493 
Code Location: automationFramework.TestCases.TravelHistoryTest.setUp(TravelHistoryTest.java:38) 
Log Message: Setup Started 
 
Time in Milliseconds: 2176437 
Test Case: automationFramework.TestCases.TravelHistoryTest 
Time Stamp: 2016-07-27 17:33:01,493 
Code Location: automationFramework.TestCases.TravelHistoryTest.setUp(TravelHistoryTest.java:38) 
Log Message: Setup Started 
 
Time in Milliseconds: 2176437 
Test Case: automationFramework.TestCases.TravelHistoryTest 
Time Stamp: 2016-07-27 17:33:01,493 
Code Location: automationFramework.TestCases.TravelHistoryTest.setUp(TravelHistoryTest.java:38) 
Log Message: Setup Started 
 
Time in Milliseconds: 2176437 
Test Case: automationFramework.TestCases.TravelHistoryTest 
Time Stamp: 2016-07-27 17:33:01,493 
Code Location: automationFramework.TestCases.TravelHistoryTest.setUp(TravelHistoryTest.java:38) 
Log Message: Setup Started 
 
Time in Milliseconds: 2176437 
Test Case: automationFramework.TestCases.TravelHistoryTest 
Time Stamp: 2016-07-27 17:33:01,493 
Code Location: automationFramework.TestCases.TravelHistoryTest.setUp(TravelHistoryTest.java:38) 
Log Message: Setup Started 
 
Time in Milliseconds: 2176437 
Test Case: automationFramework.TestCases.TravelHistoryTest 
Time Stamp: 2016-07-27 17:33:01,493 
Code Location: automationFramework.TestCases.TravelHistoryTest.setUp(TravelHistoryTest.java:38) 
Log Message: Setup Started 
 
Time in Milliseconds: 2176437 
Test Case: automationFramework.TestCases.TravelHistoryTest 
Time Stamp: 2016-07-27 17:33:01,493 
Code Location: automationFramework.TestCases.TravelHistoryTest.setUp(TravelHistoryTest.java:38) 
Log Message: Setup Started 
 
Time in Milliseconds: 2176437 
Test Case: automationFramework.TestCases.TravelHistoryTest 
Time Stamp: 2016-07-27 17:33:01,493 
Code Location: automationFramework.TestCases.TravelHistoryTest.setUp(TravelHistoryTest.java:38) 
Log Message: Setup Started 
 
Time in Milliseconds: 2176437 
Test Case: automationFramework.TestCases.TravelHistoryTest 
Time Stamp: 2016-07-27 17:33:01,493 
Code Location: automationFramework.TestCases.TravelHistoryTest.setUp(TravelHistoryTest.java:38) 
Log Message: Setup Started 
 
Time in Milliseconds: 2176437 
Test Case: automationFramework.TestCases.TravelHistoryTest 
Time Stamp: 2016-07-27 17:33:01,493 
Code Location: automationFramework.TestCases.TravelHistoryTest.setUp(TravelHistoryTest.java:38) 
Log Message: Setup Started 
 
Time in Milliseconds: 2176437 
Test Case: automationFramework.TestCases.TravelHistoryTest 
Time Stamp: 2016-07-27 17:33:01,493 
Code Location: automationFramework.TestCases.TravelHistoryTest.setUp(TravelHistoryTest.java:38) 
Log Message: Setup Started 
 
Time in Milliseconds: 2176437 
Test Case: automationFramework.TestCases.TravelHistoryTest 
Time Stamp: 2016-07-27 17:33:01,493 
Code Location: automationFramework.TestCases.TravelHistoryTest.setUp(TravelHistoryTest.java:38) 
Log Message: Setup Started 
 
Time in Milliseconds: 2176437 
Test Case: automationFramework.TestCases.TravelHistoryTest 
Time Stamp: 2016-07-27 17:33:01,493 
Code Location: automationFramework.TestCases.TravelHistoryTest.setUp(TravelHistoryTest.java:38) 
Log Message: Setup Started 
 
Time in Milliseconds: 2176437 
Test Case: automationFramework.TestCases.TravelHistoryTest 
Time Stamp: 2016-07-27 17:33:01,493 
Code Location: automationFramework.TestCases.TravelHistoryTest.setUp(TravelHistoryTest.java:38) 
Log Message: Setup Started 
 
Time in Milliseconds: 2176437 
Test Case: automationFramework.TestCases.TravelHistoryTest 
Time Stamp: 2016-07-27 17:33:01,493 
Code Location: automationFramework.TestCases.TravelHistoryTest.setUp(TravelHistoryTest.java:38) 
Log Message: Setup Started 
 
Time in Milliseconds: 2176437 
Test Case: automationFramework.TestCases.TravelHistoryTest 
Time Stamp: 2016-07-27 17:33:01,493 
Code Location: automationFramework.TestCases.TravelHistoryTest.setUp(TravelHistoryTest.java:38) 
Log Message: Setup Started 
 
Time in Milliseconds: 2176437 
Test Case: automationFramework.TestCases.TravelHistoryTest 
Time Stamp: 2016-07-27 17:33:01,493 
Code Location: automationFramework.TestCases.TravelHistoryTest.setUp(TravelHistoryTest.java:38) 
Log Message: Setup Started 
 
Time in Milliseconds: 2176437 
Test Case: automationFramework.TestCases.TravelHistoryTest 
Time Stamp: 2016-07-27 17:33:01,493 
Code Location: automationFramework.TestCases.TravelHistoryTest.setUp(TravelHistoryTest.java:38) 
Log Message: Setup Started 
 
Time in Milliseconds: 2176437 
Test Case: automationFramework.TestCases.TravelHistoryTest 
Time Stamp: 2016-07-27 17:33:01,493 
Code Location: automationFramework.TestCases.TravelHistoryTest.setUp(TravelHistoryTest.java:38) 
Log Message: Setup Started 
 
Time in Milliseconds: 2176437 
Test Case: automationFramework.TestCases.TravelHistoryTest 
Time Stamp: 2016-07-27 17:33:01,493 
Code Location: automationFramework.TestCases.TravelHistoryTest.setUp(TravelHistoryTest.java:38) 
Log Message: Setup Started 
 
Time in Milliseconds: 2176437 
Test Case: automationFramework.TestCases.TravelHistoryTest 
Time Stamp: 2016-07-27 17:33:01,493 
Code Location: automationFramework.TestCases.TravelHistoryTest.setUp(TravelHistoryTest.java:38) 
Log Message: Setup Started 
 
Time in Milliseconds: 2176437 
Test Case: automationFramework.TestCases.TravelHistoryTest 
Time Stamp: 2016-07-27 17:33:01,493 
Code Location: automationFramework.TestCases.TravelHistoryTest.setUp(TravelHistoryTest.java:38) 
Log Message: Setup Started 
 
2016-07-27 17:33:01,493 INFO  [Logger] Setup Started 
Time in Milliseconds: 2176491 
Test Case: automationFramework.TestCases.TravelHistoryTest 
Time Stamp: 2016-07-27 17:33:01,547 
Code Location: automationFramework.TestCases.TravelHistoryTest.setUp(TravelHistoryTest.java:39) 
Log Message: Current OS: Windows 7 Enterprise 
 
Time in Milliseconds: 2176491 
Test Case: automationFramework.TestCases.TravelHistoryTest 
Time Stamp: 2016-07-27 17:33:01,547 
Code Location: automationFramework.TestCases.TravelHistoryTest.setUp(TravelHistoryTest.java:39) 
Log Message: Current OS: Windows 7 Enterprise 
 
Time in Milliseconds: 2176491 
Test Case: automationFramework.TestCases.TravelHistoryTest 
Time Stamp: 2016-07-27 17:33:01,547 
Code Location: automationFramework.TestCases.TravelHistoryTest.setUp(TravelHistoryTest.java:39) 
Log Message: Current OS: Windows 7 Enterprise 
 
Time in Milliseconds: 2176491 
Test Case: automationFramework.TestCases.TravelHistoryTest 
Time Stamp: 2016-07-27 17:33:01,547 
Code Location: automationFramework.TestCases.TravelHistoryTest.setUp(TravelHistoryTest.java:39) 
Log Message: Current OS: Windows 7 Enterprise 
 
Time in Milliseconds: 2176491 
Test Case: automationFramework.TestCases.TravelHistoryTest 
Time Stamp: 2016-07-27 17:33:01,547 
Code Location: automationFramework.TestCases.TravelHistoryTest.setUp(TravelHistoryTest.java:39) 
Log Message: Current OS: Windows 7 Enterprise 
 
Time in Milliseconds: 2176491 
Test Case: automationFramework.TestCases.TravelHistoryTest 
Time Stamp: 2016-07-27 17:33:01,547 
Code Location: automationFramework.TestCases.TravelHistoryTest.setUp(TravelHistoryTest.java:39) 
Log Message: Current OS: Windows 7 Enterprise 
 
Time in Milliseconds: 2176491 
Test Case: automationFramework.TestCases.TravelHistoryTest 
Time Stamp: 2016-07-27 17:33:01,547 
Code Location: automationFramework.TestCases.TravelHistoryTest.setUp(TravelHistoryTest.java:39) 
Log Message: Current OS: Windows 7 Enterprise 
 
Time in Milliseconds: 2176491 
Test Case: automationFramework.TestCases.TravelHistoryTest 
Time Stamp: 2016-07-27 17:33:01,547 
Code Location: automationFramework.TestCases.TravelHistoryTest.setUp(TravelHistoryTest.java:39) 
Log Message: Current OS: Windows 7 Enterprise 
 
Time in Milliseconds: 2176491 
Test Case: automationFramework.TestCases.TravelHistoryTest 
Time Stamp: 2016-07-27 17:33:01,547 
Code Location: automationFramework.TestCases.TravelHistoryTest.setUp(TravelHistoryTest.java:39) 
Log Message: Current OS: Windows 7 Enterprise 
 
Time in Milliseconds: 2176491 
Test Case: automationFramework.TestCases.TravelHistoryTest 
Time Stamp: 2016-07-27 17:33:01,547 
Code Location: automationFramework.TestCases.TravelHistoryTest.setUp(TravelHistoryTest.java:39) 
Log Message: Current OS: Windows 7 Enterprise 
 
Time in Milliseconds: 2176491 
Test Case: automationFramework.TestCases.TravelHistoryTest 
Time Stamp: 2016-07-27 17:33:01,547 
Code Location: automationFramework.TestCases.TravelHistoryTest.setUp(TravelHistoryTest.java:39) 
Log Message: Current OS: Windows 7 Enterprise 
 
Time in Milliseconds: 2176491 
Test Case: automationFramework.TestCases.TravelHistoryTest 
Time Stamp: 2016-07-27 17:33:01,547 
Code Location: automationFramework.TestCases.TravelHistoryTest.setUp(TravelHistoryTest.java:39) 
Log Message: Current OS: Windows 7 Enterprise 
 
Time in Milliseconds: 2176491 
Test Case: automationFramework.TestCases.TravelHistoryTest 
Time Stamp: 2016-07-27 17:33:01,547 
Code Location: automationFramework.TestCases.TravelHistoryTest.setUp(TravelHistoryTest.java:39) 
Log Message: Current OS: Windows 7 Enterprise 
 
Time in Milliseconds: 2176491 
Test Case: automationFramework.TestCases.TravelHistoryTest 
Time Stamp: 2016-07-27 17:33:01,547 
Code Location: automationFramework.TestCases.TravelHistoryTest.setUp(TravelHistoryTest.java:39) 
Log Message: Current OS: Windows 7 Enterprise 
 
Time in Milliseconds: 2176491 
Test Case: automationFramework.TestCases.TravelHistoryTest 
Time Stamp: 2016-07-27 17:33:01,547 
Code Location: automationFramework.TestCases.TravelHistoryTest.setUp(TravelHistoryTest.java:39) 
Log Message: Current OS: Windows 7 Enterprise 
 
Time in Milliseconds: 2176491 
Test Case: automationFramework.TestCases.TravelHistoryTest 
Time Stamp: 2016-07-27 17:33:01,547 
Code Location: automationFramework.TestCases.TravelHistoryTest.setUp(TravelHistoryTest.java:39) 
Log Message: Current OS: Windows 7 Enterprise 
 
Time in Milliseconds: 2176491 
Test Case: automationFramework.TestCases.TravelHistoryTest 
Time Stamp: 2016-07-27 17:33:01,547 
Code Location: automationFramework.TestCases.TravelHistoryTest.setUp(TravelHistoryTest.java:39) 
Log Message: Current OS: Windows 7 Enterprise 
 
Time in Milliseconds: 2176491 
Test Case: automationFramework.TestCases.TravelHistoryTest 
Time Stamp: 2016-07-27 17:33:01,547 
Code Location: automationFramework.TestCases.TravelHistoryTest.setUp(TravelHistoryTest.java:39) 
Log Message: Current OS: Windows 7 Enterprise 
 
Time in Milliseconds: 2176491 
Test Case: automationFramework.TestCases.TravelHistoryTest 
Time Stamp: 2016-07-27 17:33:01,547 
Code Location: automationFramework.TestCases.TravelHistoryTest.setUp(TravelHistoryTest.java:39) 
Log Message: Current OS: Windows 7 Enterprise 
 
Time in Milliseconds: 2176491 
Test Case: automationFramework.TestCases.TravelHistoryTest 
Time Stamp: 2016-07-27 17:33:01,547 
Code Location: automationFramework.TestCases.TravelHistoryTest.setUp(TravelHistoryTest.java:39) 
Log Message: Current OS: Windows 7 Enterprise 
 
Time in Milliseconds: 2176491 
Test Case: automationFramework.TestCases.TravelHistoryTest 
Time Stamp: 2016-07-27 17:33:01,547 
Code Location: automationFramework.TestCases.TravelHistoryTest.setUp(TravelHistoryTest.java:39) 
Log Message: Current OS: Windows 7 Enterprise 
 
Time in Milliseconds: 2176491 
Test Case: automationFramework.TestCases.TravelHistoryTest 
Time Stamp: 2016-07-27 17:33:01,547 
Code Location: automationFramework.TestCases.TravelHistoryTest.setUp(TravelHistoryTest.java:39) 
Log Message: Current OS: Windows 7 Enterprise 
 
Time in Milliseconds: 2176491 
Test Case: automationFramework.TestCases.TravelHistoryTest 
Time Stamp: 2016-07-27 17:33:01,547 
Code Location: automationFramework.TestCases.TravelHistoryTest.setUp(TravelHistoryTest.java:39) 
Log Message: Current OS: Windows 7 Enterprise 
 
Time in Milliseconds: 2176491 
Test Case: automationFramework.TestCases.TravelHistoryTest 
Time Stamp: 2016-07-27 17:33:01,547 
Code Location: automationFramework.TestCases.TravelHistoryTest.setUp(TravelHistoryTest.java:39) 
Log Message: Current OS: Windows 7 Enterprise 
 
Time in Milliseconds: 2176491 
Test Case: automationFramework.TestCases.TravelHistoryTest 
Time Stamp: 2016-07-27 17:33:01,547 
Code Location: automationFramework.TestCases.TravelHistoryTest.setUp(TravelHistoryTest.java:39) 
Log Message: Current OS: Windows 7 Enterprise 
 
Time in Milliseconds: 2176491 
Test Case: automationFramework.TestCases.TravelHistoryTest 
Time Stamp: 2016-07-27 17:33:01,547 
Code Location: automationFramework.TestCases.TravelHistoryTest.setUp(TravelHistoryTest.java:39) 
Log Message: Current OS: Windows 7 Enterprise 
 
Time in Milliseconds: 2176491 
Test Case: automationFramework.TestCases.TravelHistoryTest 
Time Stamp: 2016-07-27 17:33:01,547 
Code Location: automationFramework.TestCases.TravelHistoryTest.setUp(TravelHistoryTest.java:39) 
Log Message: Current OS: Windows 7 Enterprise 
 
Time in Milliseconds: 2176491 
Test Case: automationFramework.TestCases.TravelHistoryTest 
Time Stamp: 2016-07-27 17:33:01,547 
Code Location: automationFramework.TestCases.TravelHistoryTest.setUp(TravelHistoryTest.java:39) 
Log Message: Current OS: Windows 7 Enterprise 
 
Time in Milliseconds: 2176491 
Test Case: automationFramework.TestCases.TravelHistoryTest 
Time Stamp: 2016-07-27 17:33:01,547 
Code Location: automationFramework.TestCases.TravelHistoryTest.setUp(TravelHistoryTest.java:39) 
Log Message: Current OS: Windows 7 Enterprise 
 
Time in Milliseconds: 2176491 
Test Case: automationFramework.TestCases.TravelHistoryTest 
Time Stamp: 2016-07-27 17:33:01,547 
Code Location: automationFramework.TestCases.TravelHistoryTest.setUp(TravelHistoryTest.java:39) 
Log Message: Current OS: Windows 7 Enterprise 
 
Time in Milliseconds: 2176491 
Test Case: automationFramework.TestCases.TravelHistoryTest 
Time Stamp: 2016-07-27 17:33:01,547 
Code Location: automationFramework.TestCases.TravelHistoryTest.setUp(TravelHistoryTest.java:39) 
Log Message: Current OS: Windows 7 Enterprise 
 
Time in Milliseconds: 2176491 
Test Case: automationFramework.TestCases.TravelHistoryTest 
Time Stamp: 2016-07-27 17:33:01,547 
Code Location: automationFramework.TestCases.TravelHistoryTest.setUp(TravelHistoryTest.java:39) 
Log Message: Current OS: Windows 7 Enterprise 
 
Time in Milliseconds: 2176491 
Test Case: automationFramework.TestCases.TravelHistoryTest 
Time Stamp: 2016-07-27 17:33:01,547 
Code Location: automationFramework.TestCases.TravelHistoryTest.setUp(TravelHistoryTest.java:39) 
Log Message: Current OS: Windows 7 Enterprise 
 
Time in Milliseconds: 2176491 
Test Case: automationFramework.TestCases.TravelHistoryTest 
Time Stamp: 2016-07-27 17:33:01,547 
Code Location: automationFramework.TestCases.TravelHistoryTest.setUp(TravelHistoryTest.java:39) 
Log Message: Current OS: Windows 7 Enterprise 
 
Time in Milliseconds: 2176491 
Test Case: automationFramework.TestCases.TravelHistoryTest 
Time Stamp: 2016-07-27 17:33:01,547 
Code Location: automationFramework.TestCases.TravelHistoryTest.setUp(TravelHistoryTest.java:39) 
Log Message: Current OS: Windows 7 Enterprise 
 
Time in Milliseconds: 2176491 
Test Case: automationFramework.TestCases.TravelHistoryTest 
Time Stamp: 2016-07-27 17:33:01,547 
Code Location: automationFramework.TestCases.TravelHistoryTest.setUp(TravelHistoryTest.java:39) 
Log Message: Current OS: Windows 7 Enterprise 
 
Time in Milliseconds: 2176491 
Test Case: automationFramework.TestCases.TravelHistoryTest 
Time Stamp: 2016-07-27 17:33:01,547 
Code Location: automationFramework.TestCases.TravelHistoryTest.setUp(TravelHistoryTest.java:39) 
Log Message: Current OS: Windows 7 Enterprise 
 
Time in Milliseconds: 2176491 
Test Case: automationFramework.TestCases.TravelHistoryTest 
Time Stamp: 2016-07-27 17:33:01,547 
Code Location: automationFramework.TestCases.TravelHistoryTest.setUp(TravelHistoryTest.java:39) 
Log Message: Current OS: Windows 7 Enterprise 
 
Time in Milliseconds: 2176491 
Test Case: automationFramework.TestCases.TravelHistoryTest 
Time Stamp: 2016-07-27 17:33:01,547 
Code Location: automationFramework.TestCases.TravelHistoryTest.setUp(TravelHistoryTest.java:39) 
Log Message: Current OS: Windows 7 Enterprise 
 
Time in Milliseconds: 2176491 
Test Case: automationFramework.TestCases.TravelHistoryTest 
Time Stamp: 2016-07-27 17:33:01,547 
Code Location: automationFramework.TestCases.TravelHistoryTest.setUp(TravelHistoryTest.java:39) 
Log Message: Current OS: Windows 7 Enterprise 
 
2016-07-27 17:33:01,547 INFO  [Logger] Current OS: Windows 7 Enterprise 
Time in Milliseconds: 2176495 
Test Case: automationFramework.TestCases.TravelHistoryTest 
Time Stamp: 2016-07-27 17:33:01,551 
Code Location: automationFramework.TestCases.TravelHistoryTest.setUp(TravelHistoryTest.java:40) 
Log Message: Current Browser: firefox.exe 
 
Time in Milliseconds: 2176495 
Test Case: automationFramework.TestCases.TravelHistoryTest 
Time Stamp: 2016-07-27 17:33:01,551 
Code Location: automationFramework.TestCases.TravelHistoryTest.setUp(TravelHistoryTest.java:40) 
Log Message: Current Browser: firefox.exe 
 
Time in Milliseconds: 2176495 
Test Case: automationFramework.TestCases.TravelHistoryTest 
Time Stamp: 2016-07-27 17:33:01,551 
Code Location: automationFramework.TestCases.TravelHistoryTest.setUp(TravelHistoryTest.java:40) 
Log Message: Current Browser: firefox.exe 
 
Time in Milliseconds: 2176495 
Test Case: automationFramework.TestCases.TravelHistoryTest 
Time Stamp: 2016-07-27 17:33:01,551 
Code Location: automationFramework.TestCases.TravelHistoryTest.setUp(TravelHistoryTest.java:40) 
Log Message: Current Browser: firefox.exe 
 
Time in Milliseconds: 2176495 
Test Case: automationFramework.TestCases.TravelHistoryTest 
Time Stamp: 2016-07-27 17:33:01,551 
Code Location: automationFramework.TestCases.TravelHistoryTest.setUp(TravelHistoryTest.java:40) 
Log Message: Current Browser: firefox.exe 
 
Time in Milliseconds: 2176495 
Test Case: automationFramework.TestCases.TravelHistoryTest 
Time Stamp: 2016-07-27 17:33:01,551 
Code Location: automationFramework.TestCases.TravelHistoryTest.setUp(TravelHistoryTest.java:40) 
Log Message: Current Browser: firefox.exe 
 
Time in Milliseconds: 2176495 
Test Case: automationFramework.TestCases.TravelHistoryTest 
Time Stamp: 2016-07-27 17:33:01,551 
Code Location: automationFramework.TestCases.TravelHistoryTest.setUp(TravelHistoryTest.java:40) 
Log Message: Current Browser: firefox.exe 
 
Time in Milliseconds: 2176495 
Test Case: automationFramework.TestCases.TravelHistoryTest 
Time Stamp: 2016-07-27 17:33:01,551 
Code Location: automationFramework.TestCases.TravelHistoryTest.setUp(TravelHistoryTest.java:40) 
Log Message: Current Browser: firefox.exe 
 
Time in Milliseconds: 2176495 
Test Case: automationFramework.TestCases.TravelHistoryTest 
Time Stamp: 2016-07-27 17:33:01,551 
Code Location: automationFramework.TestCases.TravelHistoryTest.setUp(TravelHistoryTest.java:40) 
Log Message: Current Browser: firefox.exe 
 
Time in Milliseconds: 2176495 
Test Case: automationFramework.TestCases.TravelHistoryTest 
Time Stamp: 2016-07-27 17:33:01,551 
Code Location: automationFramework.TestCases.TravelHistoryTest.setUp(TravelHistoryTest.java:40) 
Log Message: Current Browser: firefox.exe 
 
Time in Milliseconds: 2176495 
Test Case: automationFramework.TestCases.TravelHistoryTest 
Time Stamp: 2016-07-27 17:33:01,551 
Code Location: automationFramework.TestCases.TravelHistoryTest.setUp(TravelHistoryTest.java:40) 
Log Message: Current Browser: firefox.exe 
 
Time in Milliseconds: 2176495 
Test Case: automationFramework.TestCases.TravelHistoryTest 
Time Stamp: 2016-07-27 17:33:01,551 
Code Location: automationFramework.TestCases.TravelHistoryTest.setUp(TravelHistoryTest.java:40) 
Log Message: Current Browser: firefox.exe 
 
Time in Milliseconds: 2176495 
Test Case: automationFramework.TestCases.TravelHistoryTest 
Time Stamp: 2016-07-27 17:33:01,551 
Code Location: automationFramework.TestCases.TravelHistoryTest.setUp(TravelHistoryTest.java:40) 
Log Message: Current Browser: firefox.exe 
 
Time in Milliseconds: 2176495 
Test Case: automationFramework.TestCases.TravelHistoryTest 
Time Stamp: 2016-07-27 17:33:01,551 
Code Location: automationFramework.TestCases.TravelHistoryTest.setUp(TravelHistoryTest.java:40) 
Log Message: Current Browser: firefox.exe 
 
Time in Milliseconds: 2176495 
Test Case: automationFramework.TestCases.TravelHistoryTest 
Time Stamp: 2016-07-27 17:33:01,551 
Code Location: automationFramework.TestCases.TravelHistoryTest.setUp(TravelHistoryTest.java:40) 
Log Message: Current Browser: firefox.exe 
 
Time in Milliseconds: 2176495 
Test Case: automationFramework.TestCases.TravelHistoryTest 
Time Stamp: 2016-07-27 17:33:01,551 
Code Location: automationFramework.TestCases.TravelHistoryTest.setUp(TravelHistoryTest.java:40) 
Log Message: Current Browser: firefox.exe 
 
Time in Milliseconds: 2176495 
Test Case: automationFramework.TestCases.TravelHistoryTest 
Time Stamp: 2016-07-27 17:33:01,551 
Code Location: automationFramework.TestCases.TravelHistoryTest.setUp(TravelHistoryTest.java:40) 
Log Message: Current Browser: firefox.exe 
 
Time in Milliseconds: 2176495 
Test Case: automationFramework.TestCases.TravelHistoryTest 
Time Stamp: 2016-07-27 17:33:01,551 
Code Location: automationFramework.TestCases.TravelHistoryTest.setUp(TravelHistoryTest.java:40) 
Log Message: Current Browser: firefox.exe 
 
Time in Milliseconds: 2176495 
Test Case: automationFramework.TestCases.TravelHistoryTest 
Time Stamp: 2016-07-27 17:33:01,551 
Code Location: automationFramework.TestCases.TravelHistoryTest.setUp(TravelHistoryTest.java:40) 
Log Message: Current Browser: firefox.exe 
 
Time in Milliseconds: 2176495 
Test Case: automationFramework.TestCases.TravelHistoryTest 
Time Stamp: 2016-07-27 17:33:01,551 
Code Location: automationFramework.TestCases.TravelHistoryTest.setUp(TravelHistoryTest.java:40) 
Log Message: Current Browser: firefox.exe 
 
Time in Milliseconds: 2176495 
Test Case: automationFramework.TestCases.TravelHistoryTest 
Time Stamp: 2016-07-27 17:33:01,551 
Code Location: automationFramework.TestCases.TravelHistoryTest.setUp(TravelHistoryTest.java:40) 
Log Message: Current Browser: firefox.exe 
 
Time in Milliseconds: 2176495 
Test Case: automationFramework.TestCases.TravelHistoryTest 
Time Stamp: 2016-07-27 17:33:01,551 
Code Location: automationFramework.TestCases.TravelHistoryTest.setUp(TravelHistoryTest.java:40) 
Log Message: Current Browser: firefox.exe 
 
Time in Milliseconds: 2176495 
Test Case: automationFramework.TestCases.TravelHistoryTest 
Time Stamp: 2016-07-27 17:33:01,551 
Code Location: automationFramework.TestCases.TravelHistoryTest.setUp(TravelHistoryTest.java:40) 
Log Message: Current Browser: firefox.exe 
 
Time in Milliseconds: 2176495 
Test Case: automationFramework.TestCases.TravelHistoryTest 
Time Stamp: 2016-07-27 17:33:01,551 
Code Location: automationFramework.TestCases.TravelHistoryTest.setUp(TravelHistoryTest.java:40) 
Log Message: Current Browser: firefox.exe 
 
Time in Milliseconds: 2176495 
Test Case: automationFramework.TestCases.TravelHistoryTest 
Time Stamp: 2016-07-27 17:33:01,551 
Code Location: automationFramework.TestCases.TravelHistoryTest.setUp(TravelHistoryTest.java:40) 
Log Message: Current Browser: firefox.exe 
 
Time in Milliseconds: 2176495 
Test Case: automationFramework.TestCases.TravelHistoryTest 
Time Stamp: 2016-07-27 17:33:01,551 
Code Location: automationFramework.TestCases.TravelHistoryTest.setUp(TravelHistoryTest.java:40) 
Log Message: Current Browser: firefox.exe 
 
Time in Milliseconds: 2176495 
Test Case: automationFramework.TestCases.TravelHistoryTest 
Time Stamp: 2016-07-27 17:33:01,551 
Code Location: automationFramework.TestCases.TravelHistoryTest.setUp(TravelHistoryTest.java:40) 
Log Message: Current Browser: firefox.exe 
 
Time in Milliseconds: 2176495 
Test Case: automationFramework.TestCases.TravelHistoryTest 
Time Stamp: 2016-07-27 17:33:01,551 
Code Location: automationFramework.TestCases.TravelHistoryTest.setUp(TravelHistoryTest.java:40) 
Log Message: Current Browser: firefox.exe 
 
Time in Milliseconds: 2176495 
Test Case: automationFramework.TestCases.TravelHistoryTest 
Time Stamp: 2016-07-27 17:33:01,551 
Code Location: automationFramework.TestCases.TravelHistoryTest.setUp(TravelHistoryTest.java:40) 
Log Message: Current Browser: firefox.exe 
 
Time in Milliseconds: 2176495 
Test Case: automationFramework.TestCases.TravelHistoryTest 
Time Stamp: 2016-07-27 17:33:01,551 
Code Location: automationFramework.TestCases.TravelHistoryTest.setUp(TravelHistoryTest.java:40) 
Log Message: Current Browser: firefox.exe 
 
Time in Milliseconds: 2176495 
Test Case: automationFramework.TestCases.TravelHistoryTest 
Time Stamp: 2016-07-27 17:33:01,551 
Code Location: automationFramework.TestCases.TravelHistoryTest.setUp(TravelHistoryTest.java:40) 
Log Message: Current Browser: firefox.exe 
 
Time in Milliseconds: 2176495 
Test Case: automationFramework.TestCases.TravelHistoryTest 
Time Stamp: 2016-07-27 17:33:01,551 
Code Location: automationFramework.TestCases.TravelHistoryTest.setUp(TravelHistoryTest.java:40) 
Log Message: Current Browser: firefox.exe 
 
Time in Milliseconds: 2176495 
Test Case: automationFramework.TestCases.TravelHistoryTest 
Time Stamp: 2016-07-27 17:33:01,551 
Code Location: automationFramework.TestCases.TravelHistoryTest.setUp(TravelHistoryTest.java:40) 
Log Message: Current Browser: firefox.exe 
 
Time in Milliseconds: 2176495 
Test Case: automationFramework.TestCases.TravelHistoryTest 
Time Stamp: 2016-07-27 17:33:01,551 
Code Location: automationFramework.TestCases.TravelHistoryTest.setUp(TravelHistoryTest.java:40) 
Log Message: Current Browser: firefox.exe 
 
Time in Milliseconds: 2176495 
Test Case: automationFramework.TestCases.TravelHistoryTest 
Time Stamp: 2016-07-27 17:33:01,551 
Code Location: automationFramework.TestCases.TravelHistoryTest.setUp(TravelHistoryTest.java:40) 
Log Message: Current Browser: firefox.exe 
 
Time in Milliseconds: 2176495 
Test Case: automationFramework.TestCases.TravelHistoryTest 
Time Stamp: 2016-07-27 17:33:01,551 
Code Location: automationFramework.TestCases.TravelHistoryTest.setUp(TravelHistoryTest.java:40) 
Log Message: Current Browser: firefox.exe 
 
Time in Milliseconds: 2176495 
Test Case: automationFramework.TestCases.TravelHistoryTest 
Time Stamp: 2016-07-27 17:33:01,551 
Code Location: automationFramework.TestCases.TravelHistoryTest.setUp(TravelHistoryTest.java:40) 
Log Message: Current Browser: firefox.exe 
 
Time in Milliseconds: 2176495 
Test Case: automationFramework.TestCases.TravelHistoryTest 
Time Stamp: 2016-07-27 17:33:01,551 
Code Location: automationFramework.TestCases.TravelHistoryTest.setUp(TravelHistoryTest.java:40) 
Log Message: Current Browser: firefox.exe 
 
Time in Milliseconds: 2176495 
Test Case: automationFramework.TestCases.TravelHistoryTest 
Time Stamp: 2016-07-27 17:33:01,551 
Code Location: automationFramework.TestCases.TravelHistoryTest.setUp(TravelHistoryTest.java:40) 
Log Message: Current Browser: firefox.exe 
 
Time in Milliseconds: 2176495 
Test Case: automationFramework.TestCases.TravelHistoryTest 
Time Stamp: 2016-07-27 17:33:01,551 
Code Location: automationFramework.TestCases.TravelHistoryTest.setUp(TravelHistoryTest.java:40) 
Log Message: Current Browser: firefox.exe 
 
2016-07-27 17:33:01,551 INFO  [Logger] Current Browser: firefox.exe 
Time in Milliseconds: 2186032 
Test Case: automationFramework.TestCases.TravelHistoryTest 
Time Stamp: 2016-07-27 17:33:11,088 
Code Location: automationFramework.TestCases.TravelHistoryTest.setUp(TravelHistoryTest.java:43) 
Log Message: Setup Completed 
 
Time in Milliseconds: 2186032 
Test Case: automationFramework.TestCases.TravelHistoryTest 
Time Stamp: 2016-07-27 17:33:11,088 
Code Location: automationFramework.TestCases.TravelHistoryTest.setUp(TravelHistoryTest.java:43) 
Log Message: Setup Completed 
 
Time in Milliseconds: 2186032 
Test Case: automationFramework.TestCases.TravelHistoryTest 
Time Stamp: 2016-07-27 17:33:11,088 
Code Location: automationFramework.TestCases.TravelHistoryTest.setUp(TravelHistoryTest.java:43) 
Log Message: Setup Completed 
 
Time in Milliseconds: 2186032 
Test Case: automationFramework.TestCases.TravelHistoryTest 
Time Stamp: 2016-07-27 17:33:11,088 
Code Location: automationFramework.TestCases.TravelHistoryTest.setUp(TravelHistoryTest.java:43) 
Log Message: Setup Completed 
 
Time in Milliseconds: 2186032 
Test Case: automationFramework.TestCases.TravelHistoryTest 
Time Stamp: 2016-07-27 17:33:11,088 
Code Location: automationFramework.TestCases.TravelHistoryTest.setUp(TravelHistoryTest.java:43) 
Log Message: Setup Completed 
 
Time in Milliseconds: 2186032 
Test Case: automationFramework.TestCases.TravelHistoryTest 
Time Stamp: 2016-07-27 17:33:11,088 
Code Location: automationFramework.TestCases.TravelHistoryTest.setUp(TravelHistoryTest.java:43) 
Log Message: Setup Completed 
 
Time in Milliseconds: 2186032 
Test Case: automationFramework.TestCases.TravelHistoryTest 
Time Stamp: 2016-07-27 17:33:11,088 
Code Location: automationFramework.TestCases.TravelHistoryTest.setUp(TravelHistoryTest.java:43) 
Log Message: Setup Completed 
 
Time in Milliseconds: 2186032 
Test Case: automationFramework.TestCases.TravelHistoryTest 
Time Stamp: 2016-07-27 17:33:11,088 
Code Location: automationFramework.TestCases.TravelHistoryTest.setUp(TravelHistoryTest.java:43) 
Log Message: Setup Completed 
 
Time in Milliseconds: 2186032 
Test Case: automationFramework.TestCases.TravelHistoryTest 
Time Stamp: 2016-07-27 17:33:11,088 
Code Location: automationFramework.TestCases.TravelHistoryTest.setUp(TravelHistoryTest.java:43) 
Log Message: Setup Completed 
 
Time in Milliseconds: 2186032 
Test Case: automationFramework.TestCases.TravelHistoryTest 
Time Stamp: 2016-07-27 17:33:11,088 
Code Location: automationFramework.TestCases.TravelHistoryTest.setUp(TravelHistoryTest.java:43) 
Log Message: Setup Completed 
 
Time in Milliseconds: 2186032 
Test Case: automationFramework.TestCases.TravelHistoryTest 
Time Stamp: 2016-07-27 17:33:11,088 
Code Location: automationFramework.TestCases.TravelHistoryTest.setUp(TravelHistoryTest.java:43) 
Log Message: Setup Completed 
 
Time in Milliseconds: 2186032 
Test Case: automationFramework.TestCases.TravelHistoryTest 
Time Stamp: 2016-07-27 17:33:11,088 
Code Location: automationFramework.TestCases.TravelHistoryTest.setUp(TravelHistoryTest.java:43) 
Log Message: Setup Completed 
 
Time in Milliseconds: 2186032 
Test Case: automationFramework.TestCases.TravelHistoryTest 
Time Stamp: 2016-07-27 17:33:11,088 
Code Location: automationFramework.TestCases.TravelHistoryTest.setUp(TravelHistoryTest.java:43) 
Log Message: Setup Completed 
 
Time in Milliseconds: 2186032 
Test Case: automationFramework.TestCases.TravelHistoryTest 
Time Stamp: 2016-07-27 17:33:11,088 
Code Location: automationFramework.TestCases.TravelHistoryTest.setUp(TravelHistoryTest.java:43) 
Log Message: Setup Completed 
 
Time in Milliseconds: 2186032 
Test Case: automationFramework.TestCases.TravelHistoryTest 
Time Stamp: 2016-07-27 17:33:11,088 
Code Location: automationFramework.TestCases.TravelHistoryTest.setUp(TravelHistoryTest.java:43) 
Log Message: Setup Completed 
 
Time in Milliseconds: 2186032 
Test Case: automationFramework.TestCases.TravelHistoryTest 
Time Stamp: 2016-07-27 17:33:11,088 
Code Location: automationFramework.TestCases.TravelHistoryTest.setUp(TravelHistoryTest.java:43) 
Log Message: Setup Completed 
 
Time in Milliseconds: 2186032 
Test Case: automationFramework.TestCases.TravelHistoryTest 
Time Stamp: 2016-07-27 17:33:11,088 
Code Location: automationFramework.TestCases.TravelHistoryTest.setUp(TravelHistoryTest.java:43) 
Log Message: Setup Completed 
 
Time in Milliseconds: 2186032 
Test Case: automationFramework.TestCases.TravelHistoryTest 
Time Stamp: 2016-07-27 17:33:11,088 
Code Location: automationFramework.TestCases.TravelHistoryTest.setUp(TravelHistoryTest.java:43) 
Log Message: Setup Completed 
 
Time in Milliseconds: 2186032 
Test Case: automationFramework.TestCases.TravelHistoryTest 
Time Stamp: 2016-07-27 17:33:11,088 
Code Location: automationFramework.TestCases.TravelHistoryTest.setUp(TravelHistoryTest.java:43) 
Log Message: Setup Completed 
 
Time in Milliseconds: 2186032 
Test Case: automationFramework.TestCases.TravelHistoryTest 
Time Stamp: 2016-07-27 17:33:11,088 
Code Location: automationFramework.TestCases.TravelHistoryTest.setUp(TravelHistoryTest.java:43) 
Log Message: Setup Completed 
 
Time in Milliseconds: 2186032 
Test Case: automationFramework.TestCases.TravelHistoryTest 
Time Stamp: 2016-07-27 17:33:11,088 
Code Location: automationFramework.TestCases.TravelHistoryTest.setUp(TravelHistoryTest.java:43) 
Log Message: Setup Completed 
 
Time in Milliseconds: 2186032 
Test Case: automationFramework.TestCases.TravelHistoryTest 
Time Stamp: 2016-07-27 17:33:11,088 
Code Location: automationFramework.TestCases.TravelHistoryTest.setUp(TravelHistoryTest.java:43) 
Log Message: Setup Completed 
 
Time in Milliseconds: 2186032 
Test Case: automationFramework.TestCases.TravelHistoryTest 
Time Stamp: 2016-07-27 17:33:11,088 
Code Location: automationFramework.TestCases.TravelHistoryTest.setUp(TravelHistoryTest.java:43) 
Log Message: Setup Completed 
 
Time in Milliseconds: 2186032 
Test Case: automationFramework.TestCases.TravelHistoryTest 
Time Stamp: 2016-07-27 17:33:11,088 
Code Location: automationFramework.TestCases.TravelHistoryTest.setUp(TravelHistoryTest.java:43) 
Log Message: Setup Completed 
 
Time in Milliseconds: 2186032 
Test Case: automationFramework.TestCases.TravelHistoryTest 
Time Stamp: 2016-07-27 17:33:11,088 
Code Location: automationFramework.TestCases.TravelHistoryTest.setUp(TravelHistoryTest.java:43) 
Log Message: Setup Completed 
 
Time in Milliseconds: 2186032 
Test Case: automationFramework.TestCases.TravelHistoryTest 
Time Stamp: 2016-07-27 17:33:11,088 
Code Location: automationFramework.TestCases.TravelHistoryTest.setUp(TravelHistoryTest.java:43) 
Log Message: Setup Completed 
 
Time in Milliseconds: 2186032 
Test Case: automationFramework.TestCases.TravelHistoryTest 
Time Stamp: 2016-07-27 17:33:11,088 
Code Location: automationFramework.TestCases.TravelHistoryTest.setUp(TravelHistoryTest.java:43) 
Log Message: Setup Completed 
 
Time in Milliseconds: 2186032 
Test Case: automationFramework.TestCases.TravelHistoryTest 
Time Stamp: 2016-07-27 17:33:11,088 
Code Location: automationFramework.TestCases.TravelHistoryTest.setUp(TravelHistoryTest.java:43) 
Log Message: Setup Completed 
 
Time in Milliseconds: 2186032 
Test Case: automationFramework.TestCases.TravelHistoryTest 
Time Stamp: 2016-07-27 17:33:11,088 
Code Location: automationFramework.TestCases.TravelHistoryTest.setUp(TravelHistoryTest.java:43) 
Log Message: Setup Completed 
 
Time in Milliseconds: 2186032 
Test Case: automationFramework.TestCases.TravelHistoryTest 
Time Stamp: 2016-07-27 17:33:11,088 
Code Location: automationFramework.TestCases.TravelHistoryTest.setUp(TravelHistoryTest.java:43) 
Log Message: Setup Completed 
 
Time in Milliseconds: 2186032 
Test Case: automationFramework.TestCases.TravelHistoryTest 
Time Stamp: 2016-07-27 17:33:11,088 
Code Location: automationFramework.TestCases.TravelHistoryTest.setUp(TravelHistoryTest.java:43) 
Log Message: Setup Completed 
 
Time in Milliseconds: 2186032 
Test Case: automationFramework.TestCases.TravelHistoryTest 
Time Stamp: 2016-07-27 17:33:11,088 
Code Location: automationFramework.TestCases.TravelHistoryTest.setUp(TravelHistoryTest.java:43) 
Log Message: Setup Completed 
 
Time in Milliseconds: 2186032 
Test Case: automationFramework.TestCases.TravelHistoryTest 
Time Stamp: 2016-07-27 17:33:11,088 
Code Location: automationFramework.TestCases.TravelHistoryTest.setUp(TravelHistoryTest.java:43) 
Log Message: Setup Completed 
 
Time in Milliseconds: 2186032 
Test Case: automationFramework.TestCases.TravelHistoryTest 
Time Stamp: 2016-07-27 17:33:11,088 
Code Location: automationFramework.TestCases.TravelHistoryTest.setUp(TravelHistoryTest.java:43) 
Log Message: Setup Completed 
 
Time in Milliseconds: 2186032 
Test Case: automationFramework.TestCases.TravelHistoryTest 
Time Stamp: 2016-07-27 17:33:11,088 
Code Location: automationFramework.TestCases.TravelHistoryTest.setUp(TravelHistoryTest.java:43) 
Log Message: Setup Completed 
 
Time in Milliseconds: 2186032 
Test Case: automationFramework.TestCases.TravelHistoryTest 
Time Stamp: 2016-07-27 17:33:11,088 
Code Location: automationFramework.TestCases.TravelHistoryTest.setUp(TravelHistoryTest.java:43) 
Log Message: Setup Completed 
 
Time in Milliseconds: 2186032 
Test Case: automationFramework.TestCases.TravelHistoryTest 
Time Stamp: 2016-07-27 17:33:11,088 
Code Location: automationFramework.TestCases.TravelHistoryTest.setUp(TravelHistoryTest.java:43) 
Log Message: Setup Completed 
 
Time in Milliseconds: 2186032 
Test Case: automationFramework.TestCases.TravelHistoryTest 
Time Stamp: 2016-07-27 17:33:11,088 
Code Location: automationFramework.TestCases.TravelHistoryTest.setUp(TravelHistoryTest.java:43) 
Log Message: Setup Completed 
 
Time in Milliseconds: 2186032 
Test Case: automationFramework.TestCases.TravelHistoryTest 
Time Stamp: 2016-07-27 17:33:11,088 
Code Location: automationFramework.TestCases.TravelHistoryTest.setUp(TravelHistoryTest.java:43) 
Log Message: Setup Completed 
 
Time in Milliseconds: 2186032 
Test Case: automationFramework.TestCases.TravelHistoryTest 
Time Stamp: 2016-07-27 17:33:11,088 
Code Location: automationFramework.TestCases.TravelHistoryTest.setUp(TravelHistoryTest.java:43) 
Log Message: Setup Completed 
 
2016-07-27 17:33:11,088 INFO  [Logger] Setup Completed 
</system-out>
  </testcase>
  <testcase classname="automationFramework.TestCases.CreateFundingDBTest" name="createNewFundingCancelDBcheck" time="67.634"/>
  <testcase classname="automationFramework.TestCases.CreateFundingDBTest" name="createNewFundingCreditCardDBcheck" time="73.753"/>
  <testcase classname="automationFramework.TestCases.CreateFundingDBTest" name="createNewFundingDBcheck" time="62.507"/>
  <testcase classname="automationFramework.TestCases.CreateCustomerDBTest" name="createNewCustomerDBCheckContactTable" time="46.903"/>
  <testcase classname="automationFramework.TestCases.CreateCustomerDBTest" name="createNewCustomerDBCheckAccountTable" time="55.284"/>
  <testcase classname="automationFramework.TestCases.CreateCustomerDBTest" name="createNewCustomerDBCheckAddressTable" time="53.831"/>
  <testcase classname="automationFramework.TestCases.CreateCustomerDBTest" name="createNewCustomerDBCheckSecurityTable" time="48.591"/>
  <testcase classname="automationFramework.TestCases.CreateCustomerDBTest" name="createNewCustomerDBCheckPhoneTable" time="52.876"/>
  <testcase classname="automationFramework.TestCases.CreateCustomerDBTest" name="createNewCustomerDBCheckUserName" time="47.176"/>
  <testcase classname="automationFramework.TestCases.CreateCustomerDBTest" name="createNewCustomerCancelDBCheck" time="26.691"/>
</testsuite>