<?xml version="1.0" encoding="UTF-8"?>
<!-- Generated by org.testng.reporters.JUnitReportReporter -->
<testsuite hostname="NACTS-081729" name="automationFramework.TestCases.ManagementConsoleTest" tests="1" failures="0" timestamp="12 Sep 2016 22:53:20 GMT" time="20.866" errors="0">
  <testcase name="activateCard" time="20.866" classname="automationFramework.TestCases.ManagementConsoleTest"/>
</testsuite> <!-- automationFramework.TestCases.ManagementConsoleTest -->
