<?xml version="1.0" encoding="UTF-8"?>
<!-- Generated by org.testng.reporters.JUnitReportReporter -->
<testsuite hostname="NACTS-081729" name="automationFramework.TestCases.RegisterCardTest" tests="1" failures="0" timestamp="13 Sep 2016 00:14:23 GMT" time="50.267" errors="0">
  <testcase name="registerCard" time="50.267" classname="automationFramework.TestCases.RegisterCardTest"/>
</testsuite> <!-- automationFramework.TestCases.RegisterCardTest -->
