<?xml version="1.0" encoding="UTF-8"?>
<!-- Generated by org.testng.reporters.JUnitReportReporter -->
<testsuite hostname="NACTS-081729" name="automationFramework.TestCases.VentraCardTest" tests="1" failures="0" timestamp="28 Sep 2016 00:43:08 GMT" time="81.147" errors="0">
  <testcase name="getVentraCard" time="81.147" classname="automationFramework.TestCases.VentraCardTest"/>
</testsuite> <!-- automationFramework.TestCases.VentraCardTest -->
