<?xml version="1.0" encoding="UTF-8"?>
<!-- Generated by org.testng.reporters.JUnitReportReporter -->
<testsuite hostname="NACTS-081729" name="automationFramework.TestCases.GroupSalesManageTest2" tests="1" failures="0" timestamp="9 Sep 2016 17:56:10 GMT" time="57.875" errors="0">
  <testcase name="manageTransitGroupSales" time="57.875" classname="automationFramework.TestCases.GroupSalesManageTest2"/>
</testsuite> <!-- automationFramework.TestCases.GroupSalesManageTest2 -->
