<?xml version="1.0" encoding="UTF-8"?>
<!-- Generated by org.testng.reporters.JUnitReportReporter -->
<testsuite hostname="NACTS-081729" name="automationFramework.TestCases.SearchTest2" tests="1" failures="0" timestamp="21 Jul 2016 15:10:42 GMT" time="50.704" errors="0">
  <testcase name="searchCustomerVerifiedTest" time="50.704" classname="automationFramework.TestCases.SearchTest2"/>
</testsuite> <!-- automationFramework.TestCases.SearchTest2 -->
