<?xml version="1.0" encoding="UTF-8"?>
<!-- Generated by org.testng.reporters.JUnitReportReporter -->
<testsuite hostname="NACTS-081729" name="automationFramework.TestCases.AutoloadNewPassTest" tests="1" failures="0" timestamp="19 Sep 2016 20:49:41 GMT" time="86.715" errors="0">
  <testcase name="autoLoadNewPass" time="86.715" classname="automationFramework.TestCases.AutoloadNewPassTest"/>
</testsuite> <!-- automationFramework.TestCases.AutoloadNewPassTest -->
