<?xml version="1.0" encoding="UTF-8"?>
<!-- Generated by org.testng.reporters.JUnitReportReporter -->
<testsuite hostname="NACTS-081729" name="automationFramework.TestCases.CreateOrderDBTest" tests="1" failures="0" timestamp="28 Jul 2016 20:33:20 GMT" time="65.981" errors="0">
  <testcase name="createOrderDBcheck" time="65.981" classname="automationFramework.TestCases.CreateOrderDBTest"/>
</testsuite> <!-- automationFramework.TestCases.CreateOrderDBTest -->
