<?xml version="1.0" encoding="UTF-8"?>
<!-- Generated by org.testng.reporters.JUnitReportReporter -->
<testsuite hostname="NACTS-081729" name="automationFramework.TestCases.CreateOrderTest" tests="1" failures="0" timestamp="8 Aug 2016 22:58:18 GMT" time="85.132" errors="0">
  <testcase name="createOrderInvalidCC" time="85.132" classname="automationFramework.TestCases.CreateOrderTest"/>
</testsuite> <!-- automationFramework.TestCases.CreateOrderTest -->
