<?xml version="1.0" encoding="UTF-8"?>
<!-- Generated by org.testng.reporters.JUnitReportReporter -->
<testsuite hostname="NACTS-081729" name="automationFramework.TestCases.SetupAutoloadDefault" tests="1" failures="0" timestamp="8 Sep 2016 21:04:49 GMT" time="53.590" errors="0">
  <testcase name="autoLoadNewCC" time="53.590" classname="automationFramework.TestCases.SetupAutoloadDefault"/>
</testsuite> <!-- automationFramework.TestCases.SetupAutoloadDefault -->
