<?xml version="1.0" encoding="UTF-8"?>
<!-- Generated by org.testng.reporters.JUnitReportReporter -->
<testsuite hostname="NACTS-081729" name="automationFramework.TestCases.AccountLoginTest" tests="1" failures="0" timestamp="28 Sep 2016 00:43:08 GMT" time="150.108" errors="0">
  <testcase name="accountLogin" time="150.108" classname="automationFramework.TestCases.AccountLoginTest"/>
</testsuite> <!-- automationFramework.TestCases.AccountLoginTest -->
