<?xml version="1.0" encoding="UTF-8"?>
<!-- Generated by org.testng.reporters.JUnitReportReporter -->
<testsuite hostname="NACTS-081729" name="automationFramework.TestCases.GroupSalesTest" tests="1" failures="0" timestamp="28 Sep 2016 00:43:08 GMT" time="68.265" errors="0">
  <testcase name="loadValueGroupSales" time="68.265" classname="automationFramework.TestCases.GroupSalesTest"/>
</testsuite> <!-- automationFramework.TestCases.GroupSalesTest -->
