<?xml version="1.0" encoding="UTF-8"?>
<!-- Generated by org.testng.reporters.JUnitReportReporter -->
<testsuite hostname="NACTS-081729" name="automationFramework.TestCases.TransitBenefitsTest" tests="1" failures="0" timestamp="1 Sep 2016 20:36:02 GMT" time="54.464" errors="0">
  <testcase name="enterEmployerDetails" time="54.464" classname="automationFramework.TestCases.TransitBenefitsTest"/>
</testsuite> <!-- automationFramework.TestCases.TransitBenefitsTest -->
