<?xml version="1.0" encoding="UTF-8"?>
<!-- Generated by org.testng.reporters.JUnitReportReporter -->
<testsuite hostname="NACTS-081729" name="automationFramework.TestCases.CreateFundingTest" tests="1" failures="0" timestamp="9 Aug 2016 20:44:16 GMT" time="75.898" errors="0">
  <testcase name="createCustomerFundingInvalidName" time="75.898" classname="automationFramework.TestCases.CreateFundingTest"/>
</testsuite> <!-- automationFramework.TestCases.CreateFundingTest -->
