<?xml version="1.0" encoding="UTF-8"?>
<!-- Generated by org.testng.reporters.JUnitReportReporter -->
<testsuite hostname="NACTS-081729" name="automationFramework.TestCases.CreateOrderTest" tests="2" failures="0" timestamp="18 Jul 2016 23:56:01 GMT" time="150.057" errors="0">
  <testcase name="createOrderSubmit" time="70.611" classname="automationFramework.TestCases.CreateOrderTest"/>
  <testcase name="createOrderCancel" time="79.446" classname="automationFramework.TestCases.CreateOrderTest"/>
</testsuite> <!-- automationFramework.TestCases.CreateOrderTest -->
