<?xml version="1.0" encoding="UTF-8"?>
<!-- Generated by org.testng.reporters.JUnitReportReporter -->
<testsuite hostname="NACTS-081729" name="automationFramework.TestCases.AddPassNewCardTest" tests="1" failures="0" timestamp="12 Sep 2016 16:22:25 GMT" time="3.897" errors="0">
  <testcase name="addPass" time="3.897" classname="automationFramework.TestCases.AddPassNewCardTest"/>
</testsuite> <!-- automationFramework.TestCases.AddPassNewCardTest -->
