<?xml version="1.0" encoding="UTF-8"?>
<!-- Generated by org.testng.reporters.JUnitReportReporter -->
<testsuite hostname="NACTS-081729" name="automationFramework.TestCases.CheckBalanceTest" tests="1" failures="0" timestamp="14 Sep 2016 23:46:41 GMT" time="27.201" errors="0">
  <testcase name="checkBalance" time="27.201" classname="automationFramework.TestCases.CheckBalanceTest"/>
</testsuite> <!-- automationFramework.TestCases.CheckBalanceTest -->
