<?xml version="1.0" encoding="UTF-8"?>
<!-- Generated by org.testng.reporters.JUnitReportReporter -->
<testsuite hostname="NACTS-081729" name="automationFramework.TestCases.LinkAccountDBTest" tests="2" failures="0" timestamp="28 Jul 2016 22:41:33 GMT" time="77.613" errors="0">
  <testcase name="createLinkAccountDBcheck" time="7.507" classname="automationFramework.TestCases.LinkAccountDBTest"/>
  <testcase name="createLinkAccountCancellDBcheck" time="70.106" classname="automationFramework.TestCases.LinkAccountDBTest"/>
</testsuite> <!-- automationFramework.TestCases.LinkAccountDBTest -->
