<?xml version="1.0" encoding="UTF-8"?>
<!-- Generated by org.testng.reporters.JUnitReportReporter -->
<testsuite hostname="NACTS-081729" name="automationFramework.TestCases.AddPassTest" tests="1" failures="0" timestamp="13 Sep 2016 23:27:36 GMT" time="60.125" errors="0">
  <testcase name="addPass" time="60.125" classname="automationFramework.TestCases.AddPassTest"/>
</testsuite> <!-- automationFramework.TestCases.AddPassTest -->
