<?xml version="1.0" encoding="UTF-8"?>
<!-- Generated by org.testng.reporters.JUnitReportReporter -->
<testsuite hostname="NACTS-081729" name="automationFramework.TestCases.AddValueTest" tests="1" failures="0" timestamp="19 Sep 2016 18:34:27 GMT" time="55.600" errors="0">
  <testcase name="addValue" time="55.600" classname="automationFramework.TestCases.AddValueTest"/>
</testsuite> <!-- automationFramework.TestCases.AddValueTest -->
