<?xml version="1.0" encoding="UTF-8"?>
<!-- Generated by org.testng.reporters.JUnitReportReporter -->
<testsuite hostname="NACTS-081729" name="automationFramework.TestCases.AddThreeDayPassTest" tests="1" failures="0" timestamp="22 Sep 2016 16:51:34 GMT" time="55.847" errors="0">
  <testcase name="addThreeDayPass" time="55.847" classname="automationFramework.TestCases.AddThreeDayPassTest"/>
</testsuite> <!-- automationFramework.TestCases.AddThreeDayPassTest -->
