<?xml version="1.0" encoding="UTF-8"?>
<!-- Generated by org.testng.reporters.JUnitReportReporter -->
<testsuite hostname="NACTS-081729" name="automationFramework.TestCases.TransitBenefitsTest" tests="1" failures="0" timestamp="14 Sep 2016 23:46:41 GMT" time="66.394" errors="0">
  <testcase name="enterEmployerDetails" time="66.394" classname="automationFramework.TestCases.TransitBenefitsTest"/>
</testsuite> <!-- automationFramework.TestCases.TransitBenefitsTest -->
