<?xml version="1.0" encoding="UTF-8"?>
<!-- Generated by org.testng.reporters.JUnitReportReporter -->
<testsuite hostname="NACTS-081729" name="automationFramework.TestCases.AutoloadTest" tests="2" failures="0" timestamp="19 Sep 2016 18:13:41 GMT" time="100.486" errors="0">
  <testcase name="autoLoadNewCC" time="53.767" classname="automationFramework.TestCases.AutoloadTest"/>
  <testcase name="autoLoadSavedCC" time="46.719" classname="automationFramework.TestCases.AutoloadTest"/>
</testsuite> <!-- automationFramework.TestCases.AutoloadTest -->
