<?xml version="1.0" encoding="UTF-8"?>
<!-- Generated by org.testng.reporters.JUnitReportReporter -->
<testsuite hostname="NACTS-081729" name="automationFramework.TestCases.ForgotPasswdTest" tests="1" failures="0" timestamp="19 Sep 2016 18:13:41 GMT" time="31.175" errors="0">
  <testcase name="forgotPasswd" time="31.175" classname="automationFramework.TestCases.ForgotPasswdTest"/>
</testsuite> <!-- automationFramework.TestCases.ForgotPasswdTest -->
