<?xml version="1.0" encoding="UTF-8"?>
<!-- Generated by org.testng.reporters.JUnitReportReporter -->
<testsuite hostname="NACTS-081729" name="automationFramework.TestCases.ForgotUsernameTest" tests="1" failures="0" timestamp="9 Sep 2016 17:56:10 GMT" time="35.529" errors="0">
  <testcase name="forgotUsername" time="35.529" classname="automationFramework.TestCases.ForgotUsernameTest"/>
</testsuite> <!-- automationFramework.TestCases.ForgotUsernameTest -->
