<?xml version="1.0" encoding="UTF-8"?>
<!-- Generated by org.testng.reporters.JUnitReportReporter -->
<testsuite hostname="NACTS-081729" name="automationFramework.TestCases.BalanceHistoryTest" tests="2" failures="0" timestamp="18 Jul 2016 23:56:01 GMT" time="88.358" errors="0">
  <testcase name="checkBalanceHistoryDetail" time="52.191" classname="automationFramework.TestCases.BalanceHistoryTest"/>
  <testcase name="checkBalanceHistory" time="36.167" classname="automationFramework.TestCases.BalanceHistoryTest"/>
</testsuite> <!-- automationFramework.TestCases.BalanceHistoryTest -->
