<?xml version="1.0" encoding="UTF-8"?>
<!-- Generated by org.testng.reporters.JUnitReportReporter -->
<testsuite hostname="NACTS-081729" name="automationFramework.TestCases.GroupSalesManageTest" tests="1" failures="0" timestamp="14 Sep 2016 23:46:41 GMT" time="58.158" errors="0">
  <testcase name="manageTransitGroupSales" time="58.158" classname="automationFramework.TestCases.GroupSalesManageTest"/>
</testsuite> <!-- automationFramework.TestCases.GroupSalesManageTest -->
