<?xml version="1.0" encoding="UTF-8"?>
<!-- Generated by org.testng.reporters.JUnitReportReporter -->
<testsuite hostname="NACTS-081729" name="automationFramework.TestCases.VentraCardTest" tests="1" failures="0" timestamp="23 Sep 2016 21:19:26 GMT" time="81.795" errors="0">
  <testcase name="getVentraCard" time="81.795" classname="automationFramework.TestCases.VentraCardTest"/>
</testsuite> <!-- automationFramework.TestCases.VentraCardTest -->
