<?xml version="1.0" encoding="UTF-8"?>
<!-- Generated by org.testng.reporters.JUnitReportReporter -->
<testsuite hostname="NACTS-081729" name="automationFramework.TestCases.GroupAccountAddPaymentCC" tests="1" failures="0" timestamp="13 Sep 2016 20:30:06 GMT" time="41.895" errors="0">
  <testcase name="addCCPayment" time="41.895" classname="automationFramework.TestCases.GroupAccountAddPaymentCC"/>
</testsuite> <!-- automationFramework.TestCases.GroupAccountAddPaymentCC -->
