<?xml version="1.0" encoding="UTF-8"?>
<!-- Generated by org.testng.reporters.JUnitReportReporter -->
<testsuite hostname="NACTS-081729" name="automationFramework.TestCases.AddPassTest" tests="1" failures="0" timestamp="14 Sep 2016 23:46:41 GMT" time="137.553" errors="0">
  <testcase name="addPass" time="137.553" classname="automationFramework.TestCases.AddPassTest"/>
</testsuite> <!-- automationFramework.TestCases.AddPassTest -->
