<?xml version="1.0" encoding="UTF-8"?>
<!-- Generated by org.testng.reporters.JUnitReportReporter -->
<testsuite hostname="NACTS-081729" name="automationFramework.TestCases.AccountLoginTest" tests="1" failures="0" timestamp="14 Sep 2016 23:46:41 GMT" time="146.987" errors="0">
  <testcase name="accountLogin" time="146.987" classname="automationFramework.TestCases.AccountLoginTest"/>
</testsuite> <!-- automationFramework.TestCases.AccountLoginTest -->
