<?xml version="1.0" encoding="UTF-8"?>
<!-- Generated by org.testng.reporters.JUnitReportReporter -->
<testsuite hostname="NACTS-081729" name="automationFramework.TestCases.GroupSalesTest" tests="1" failures="0" timestamp="26 Aug 2016 15:32:23 GMT" time="71.909" errors="0">
  <testcase name="loadValueGroupSales" time="71.909" classname="automationFramework.TestCases.GroupSalesTest"/>
</testsuite> <!-- automationFramework.TestCases.GroupSalesTest -->
