<?xml version="1.0" encoding="UTF-8"?>
<!-- Generated by org.testng.reporters.JUnitReportReporter -->
<testsuite hostname="NACTS-081729" name="automationFramework.TestCases.AddOneDayPassTest" tests="1" failures="0" timestamp="23 Sep 2016 21:19:26 GMT" time="56.731" errors="0">
  <testcase name="addOneDayPass" time="56.731" classname="automationFramework.TestCases.AddOneDayPassTest"/>
</testsuite> <!-- automationFramework.TestCases.AddOneDayPassTest -->
