<?xml version="1.0" encoding="UTF-8"?>
<!-- Generated by org.testng.reporters.JUnitReportReporter -->
<testsuite hostname="NACTS-081729" name="automationFramework.TestCases.VentraCardTest2" tests="1" failures="0" timestamp="30 Aug 2016 20:42:44 GMT" time="3.918" errors="0">
  <testcase name="getVentraCard" time="3.918" classname="automationFramework.TestCases.VentraCardTest2"/>
</testsuite> <!-- automationFramework.TestCases.VentraCardTest2 -->
