<?xml version="1.0" encoding="UTF-8"?>
<!-- Generated by org.testng.reporters.JUnitReportReporter -->
<testsuite hostname="NACTS-081729" name="automationFramework.TestCases.TransitBenefitsTest" tests="1" failures="0" timestamp="30 Aug 2016 20:17:39 GMT" time="50.665" errors="0">
  <testcase name="enterEmployerDetails" time="50.665" classname="automationFramework.TestCases.TransitBenefitsTest"/>
</testsuite> <!-- automationFramework.TestCases.TransitBenefitsTest -->
