<?xml version="1.0" encoding="UTF-8"?>
<!-- Generated by org.testng.reporters.JUnitReportReporter -->
<testsuite hostname="NACTS-081729" name="automationFramework.TestCases.GroupSalesManageTest2" tests="1" failures="0" timestamp="19 Sep 2016 18:13:41 GMT" time="54.763" errors="0">
  <testcase name="manageTransitGroupSales" time="54.763" classname="automationFramework.TestCases.GroupSalesManageTest2"/>
</testsuite> <!-- automationFramework.TestCases.GroupSalesManageTest2 -->
