<?xml version="1.0" encoding="UTF-8"?>
<!-- Generated by org.testng.reporters.JUnitReportReporter -->
<testsuite hostname="NACTS-081729" name="automationFramework.TestCases.DBConnectTest" tests="1" failures="0" timestamp="22 Sep 2016 16:27:20 GMT" time="3.960" errors="0">
  <testcase name="dbCardUpdate" time="3.960" classname="automationFramework.TestCases.DBConnectTest"/>
</testsuite> <!-- automationFramework.TestCases.DBConnectTest -->
