<?xml version="1.0" encoding="UTF-8"?>
<!-- Generated by org.testng.reporters.JUnitReportReporter -->
<testsuite hostname="NACTS-081729" name="automationFramework.TestCases.CreateFundingDBTest" tests="3" failures="0" timestamp="27 Jul 2016 22:57:45 GMT" time="236.121" errors="0">
  <testcase name="createNewFundingCancelDBcheck" time="82.020" classname="automationFramework.TestCases.CreateFundingDBTest"/>
  <testcase name="createNewFundingDBcheck" time="80.663" classname="automationFramework.TestCases.CreateFundingDBTest"/>
  <testcase name="createNewFundingCreditCardDBcheck" time="73.438" classname="automationFramework.TestCases.CreateFundingDBTest"/>
</testsuite> <!-- automationFramework.TestCases.CreateFundingDBTest -->
