<?xml version="1.0" encoding="UTF-8"?>
<!-- Generated by org.testng.reporters.JUnitReportReporter -->
<testsuite hostname="NACTS-081729" name="automationFramework.TestCases.AddThreeDayPassTest" tests="1" failures="0" timestamp="28 Sep 2016 00:43:08 GMT" time="58.397" errors="0">
  <testcase name="addThreeDayPass" time="58.397" classname="automationFramework.TestCases.AddThreeDayPassTest"/>
</testsuite> <!-- automationFramework.TestCases.AddThreeDayPassTest -->
