<?xml version="1.0" encoding="UTF-8"?>
<!-- Generated by org.testng.reporters.JUnitReportReporter -->
<testsuite hostname="NACTS-081729" name="automationFramework.TestCases.AddOneDayPassTest" tests="1" failures="0" timestamp="22 Sep 2016 21:03:53 GMT" time="54.229" errors="0">
  <testcase name="addOneDayPass" time="54.229" classname="automationFramework.TestCases.AddOneDayPassTest"/>
</testsuite> <!-- automationFramework.TestCases.AddOneDayPassTest -->
