<?xml version="1.0" encoding="UTF-8"?>
<!-- Generated by org.testng.reporters.JUnitReportReporter -->
<testsuite hostname="NACTS-081729" name="automationFramework.TestCases.AccountLoginTest" tests="1" failures="0" timestamp="22 Sep 2016 16:51:34 GMT" time="149.202" errors="0">
  <testcase name="accountLogin" time="149.202" classname="automationFramework.TestCases.AccountLoginTest"/>
</testsuite> <!-- automationFramework.TestCases.AccountLoginTest -->
