<?xml version="1.0" encoding="UTF-8"?>
<!-- Generated by org.testng.reporters.JUnitReportReporter -->
<testsuite hostname="NACTS-081729" name="automationFramework.TestCases.GroupAccountAddPaymentAch" tests="1" failures="0" timestamp="19 Sep 2016 18:13:41 GMT" time="49.596" errors="0">
  <testcase name="addACHPayment" time="49.596" classname="automationFramework.TestCases.GroupAccountAddPaymentAch"/>
</testsuite> <!-- automationFramework.TestCases.GroupAccountAddPaymentAch -->
