<?xml version="1.0" encoding="UTF-8"?>
<!-- Generated by org.testng.reporters.JUnitReportReporter -->
<testsuite hostname="NACTS-081729" name="automationFramework.TestCases.AddOneDayPassTest" tests="1" failures="0" timestamp="22 Sep 2016 16:51:34 GMT" time="56.348" errors="0">
  <testcase name="addOneDayPass" time="56.348" classname="automationFramework.TestCases.AddOneDayPassTest"/>
</testsuite> <!-- automationFramework.TestCases.AddOneDayPassTest -->
