<?xml version="1.0" encoding="UTF-8"?>
<!-- Generated by org.testng.reporters.JUnitReportReporter -->
<testsuite hostname="NACTS-081729" name="automationFramework.TestCases.AccountLoginTest" tests="1" failures="0" timestamp="1 Sep 2016 20:36:02 GMT" time="400.180" errors="0">
  <testcase name="accountLogin" time="400.180" classname="automationFramework.TestCases.AccountLoginTest"/>
</testsuite> <!-- automationFramework.TestCases.AccountLoginTest -->
