<?xml version="1.0" encoding="UTF-8"?>
<!-- Generated by org.testng.reporters.JUnitReportReporter -->
<testsuite hostname="NACTS-081729" name="automationFramework.TestCases.CreateCustomerTest" tests="1" failures="0" timestamp="25 Jul 2016 23:58:42 GMT" time="42.038" errors="0">
  <testcase name="createCustomerDuplicateUserName" time="42.038" classname="automationFramework.TestCases.CreateCustomerTest"/>
</testsuite> <!-- automationFramework.TestCases.CreateCustomerTest -->
