<?xml version="1.0" encoding="UTF-8"?>
<!-- Generated by org.testng.reporters.JUnitReportReporter -->
<testsuite hostname="NACTS-081729" name="automationFramework.TestCases.CreateCustomerDBTest" tests="3" failures="0" timestamp="25 Jul 2016 21:01:57 GMT" time="181.053" errors="0">
  <testcase name="createNewCustomerDBCheckContactTable" time="60.773" classname="automationFramework.TestCases.CreateCustomerDBTest"/>
  <testcase name="createNewCustomerCancelDB" time="51.718" classname="automationFramework.TestCases.CreateCustomerDBTest"/>
  <testcase name="createNewCustomerDBCheckAccountTable" time="68.562" classname="automationFramework.TestCases.CreateCustomerDBTest"/>
</testsuite> <!-- automationFramework.TestCases.CreateCustomerDBTest -->
