<?xml version="1.0" encoding="UTF-8"?>
<!-- Generated by org.testng.reporters.JUnitReportReporter -->
<testsuite hostname="NACTS-081729" name="automationFramework.TestCases.GroupAccountAddPaymentAch" tests="1" failures="0" timestamp="14 Sep 2016 23:46:41 GMT" time="55.028" errors="0">
  <testcase name="addACHPayment" time="55.028" classname="automationFramework.TestCases.GroupAccountAddPaymentAch"/>
</testsuite> <!-- automationFramework.TestCases.GroupAccountAddPaymentAch -->
