<?xml version="1.0" encoding="UTF-8"?>
<!-- Generated by org.testng.reporters.JUnitReportReporter -->
<testsuite hostname="NACTS-081729" name="automationFramework.TestCases.AutoloadTest" tests="2" failures="0" timestamp="9 Sep 2016 17:56:10 GMT" time="106.459" errors="0">
  <testcase name="autoLoadSavedCC" time="45.518" classname="automationFramework.TestCases.AutoloadTest"/>
  <testcase name="autoLoadNewCC" time="60.941" classname="automationFramework.TestCases.AutoloadTest"/>
</testsuite> <!-- automationFramework.TestCases.AutoloadTest -->
