<?xml version="1.0" encoding="UTF-8"?>
<!-- Generated by org.testng.reporters.JUnitReportReporter -->
<testsuite hostname="NACTS-081729" name="automationFramework.TestCases.LinkAccountTest" tests="1" failures="0" timestamp="3 Aug 2016 18:26:31 GMT" time="78.188" errors="0">
  <testcase name="linkAccountCancelTest" time="78.188" classname="automationFramework.TestCases.LinkAccountTest"/>
</testsuite> <!-- automationFramework.TestCases.LinkAccountTest -->
