<?xml version="1.0" encoding="UTF-8"?>
<!-- Generated by org.testng.reporters.JUnitReportReporter -->
<testsuite hostname="NACTS-081729" name="automationFramework.TestCases.CreateFundingDBTest" tests="3" failures="0" timestamp="28 Jul 2016 16:10:24 GMT" time="259.708" errors="0">
  <testcase name="createNewFundingCancelDBcheck" time="79.449" classname="automationFramework.TestCases.CreateFundingDBTest"/>
  <testcase name="createNewFundingDBcheck" time="91.779" classname="automationFramework.TestCases.CreateFundingDBTest"/>
  <testcase name="createNewFundingCreditCardDBcheck" time="88.480" classname="automationFramework.TestCases.CreateFundingDBTest"/>
</testsuite> <!-- automationFramework.TestCases.CreateFundingDBTest -->
