<?xml version="1.0" encoding="UTF-8"?>
<!-- Generated by org.testng.reporters.JUnitReportReporter -->
<testsuite hostname="NACTS-081729" name="automationFramework.TestCases.CheckBalanceTest" tests="1" failures="0" timestamp="9 Sep 2016 17:56:10 GMT" time="25.503" errors="0">
  <testcase name="checkBalance" time="25.503" classname="automationFramework.TestCases.CheckBalanceTest"/>
</testsuite> <!-- automationFramework.TestCases.CheckBalanceTest -->
