<?xml version="1.0" encoding="UTF-8"?>
<!-- Generated by org.testng.reporters.JUnitReportReporter -->
<testsuite hostname="NACTS-081729" name="automationFramework.TestCases.GroupSalesManageTest" tests="1" failures="0" timestamp="1 Sep 2016 20:36:02 GMT" time="44.002" errors="0">
  <testcase name="manageTransitGroupSales" time="44.002" classname="automationFramework.TestCases.GroupSalesManageTest"/>
</testsuite> <!-- automationFramework.TestCases.GroupSalesManageTest -->
