<?xml version="1.0" encoding="UTF-8"?>
<!-- Generated by org.testng.reporters.JUnitReportReporter -->
<testsuite hostname="NACTS-081729" name="automationFramework.TestCases.BalanceHistoryTest" tests="2" failures="0" timestamp="3 Aug 2016 18:46:26 GMT" time="116.585" errors="0">
  <testcase name="checkBalanceHistoryDetail" time="65.199" classname="automationFramework.TestCases.BalanceHistoryTest"/>
  <testcase name="checkBalanceHistory" time="51.386" classname="automationFramework.TestCases.BalanceHistoryTest"/>
</testsuite> <!-- automationFramework.TestCases.BalanceHistoryTest -->
