<?xml version="1.0" encoding="UTF-8"?>
<!-- Generated by org.testng.reporters.JUnitReportReporter -->
<testsuite hostname="NACTS-081729" name="automationFramework.TestCases.EmailTest" tests="2" failures="0" timestamp="18 Jul 2016 23:56:01 GMT" time="157.620" errors="0">
  <testcase name="checkEmailNewCustomer" time="65.586" classname="automationFramework.TestCases.EmailTest"/>
  <testcase name="checkEmailCreateOrder" time="92.034" classname="automationFramework.TestCases.EmailTest"/>
</testsuite> <!-- automationFramework.TestCases.EmailTest -->
