<?xml version="1.0" encoding="UTF-8"?>
<!-- Generated by org.testng.reporters.JUnitReportReporter -->
<testsuite hostname="NACTS-081729" name="automationFramework.TestCases.AutoloadTest" tests="2" failures="0" timestamp="23 Sep 2016 21:19:26 GMT" time="127.588" errors="0">
  <testcase name="autoLoadSavedCC" time="45.684" classname="automationFramework.TestCases.AutoloadTest"/>
  <testcase name="autoLoadNewCC" time="81.904" classname="automationFramework.TestCases.AutoloadTest"/>
</testsuite> <!-- automationFramework.TestCases.AutoloadTest -->
