<?xml version="1.0" encoding="UTF-8"?>
<!-- Generated by org.testng.reporters.JUnitReportReporter -->
<testsuite hostname="NACTS-081729" name="automationFramework.TestCases.GroupSalesManageTest" tests="1" failures="0" timestamp="22 Sep 2016 16:51:34 GMT" time="53.200" errors="0">
  <testcase name="manageTransitGroupSales" time="53.200" classname="automationFramework.TestCases.GroupSalesManageTest"/>
</testsuite> <!-- automationFramework.TestCases.GroupSalesManageTest -->
