<?xml version="1.0" encoding="UTF-8"?>
<!-- Generated by org.testng.reporters.JUnitReportReporter -->
<testsuite hostname="NACTS-081729" name="automationFramework.TestCases.CreateCustomerDBTest" tests="7" failures="0" timestamp="27 Jul 2016 22:57:45 GMT" time="437.378" errors="0">
  <testcase name="createNewCustomerDBCheckSecurityTable" time="67.617" classname="automationFramework.TestCases.CreateCustomerDBTest"/>
  <testcase name="createNewCustomerCancelDB" time="42.768" classname="automationFramework.TestCases.CreateCustomerDBTest"/>
  <testcase name="createNewCustomerDBCheckAccountTable" time="59.437" classname="automationFramework.TestCases.CreateCustomerDBTest"/>
  <testcase name="createNewCustomerDBCheckContactTable" time="66.141" classname="automationFramework.TestCases.CreateCustomerDBTest"/>
  <testcase name="createNewCustomerDBCheckUserName" time="69.980" classname="automationFramework.TestCases.CreateCustomerDBTest"/>
  <testcase name="createNewCustomerDBCheckPhoneTable" time="72.586" classname="automationFramework.TestCases.CreateCustomerDBTest"/>
  <testcase name="createNewCustomerDBCheckAddressTable" time="58.849" classname="automationFramework.TestCases.CreateCustomerDBTest"/>
</testsuite> <!-- automationFramework.TestCases.CreateCustomerDBTest -->
