<?xml version="1.0" encoding="UTF-8"?>
<!-- Generated by org.testng.reporters.JUnitReportReporter -->
<testsuite hostname="NACTS-081729" name="automationFramework.TestCases.CreateFundingTest" tests="1" failures="0" timestamp="21 Jul 2016 17:26:46 GMT" time="84.519" errors="0">
  <testcase name="createFundingSource" time="84.519" classname="automationFramework.TestCases.CreateFundingTest"/>
</testsuite> <!-- automationFramework.TestCases.CreateFundingTest -->
