<?xml version="1.0" encoding="UTF-8"?>
<!-- Generated by org.testng.reporters.JUnitReportReporter -->
<testsuite hostname="NACTS-081729" name="automationFramework.TestCases.ForgotPasswdTest" tests="1" failures="0" timestamp="23 Sep 2016 21:19:26 GMT" time="33.200" errors="0">
  <testcase name="forgotPasswd" time="33.200" classname="automationFramework.TestCases.ForgotPasswdTest"/>
</testsuite> <!-- automationFramework.TestCases.ForgotPasswdTest -->
