<?xml version="1.0" encoding="UTF-8"?>
<!-- Generated by org.testng.reporters.JUnitReportReporter -->
<testsuite hostname="NACTS-081729" name="automationFramework.TestCases.EmailTest" tests="1" failures="0" timestamp="19 Sep 2016 21:08:22 GMT" time="5.897" errors="0">
  <testcase name="checkEmail" time="5.897" classname="automationFramework.TestCases.EmailTest"/>
</testsuite> <!-- automationFramework.TestCases.EmailTest -->
