<?xml version="1.0" encoding="UTF-8"?>
<!-- Generated by org.testng.reporters.JUnitReportReporter -->
<testsuite hostname="NACTS-081729" name="automationFramework.TestCases.AddPaymentGroupAccount" tests="2" failures="0" timestamp="7 Sep 2016 22:59:38 GMT" time="77.826" errors="0">
  <testcase name="addACHPayment" time="38.740" classname="automationFramework.TestCases.AddPaymentGroupAccount"/>
  <testcase name="addCCPayment" time="39.086" classname="automationFramework.TestCases.AddPaymentGroupAccount"/>
</testsuite> <!-- automationFramework.TestCases.AddPaymentGroupAccount -->
