<?xml version="1.0" encoding="UTF-8"?>
<!-- Generated by org.testng.reporters.JUnitReportReporter -->
<testsuite hostname="NACTS-081729" name="automationFramework.TestCases.AutoloadTest" tests="2" failures="0" timestamp="14 Sep 2016 23:46:41 GMT" time="98.432" errors="0">
  <testcase name="autoLoadSavedCC" time="44.812" classname="automationFramework.TestCases.AutoloadTest"/>
  <testcase name="autoLoadNewCC" time="53.620" classname="automationFramework.TestCases.AutoloadTest"/>
</testsuite> <!-- automationFramework.TestCases.AutoloadTest -->
