<?xml version="1.0" encoding="UTF-8"?>
<!-- Generated by org.testng.reporters.JUnitReportReporter -->
<testsuite hostname="NACTS-081729" name="automationFramework.TestCases.ForgotPasswdTest" tests="1" failures="0" timestamp="13 Sep 2016 20:30:06 GMT" time="30.903" errors="0">
  <testcase name="forgotPasswd" time="30.903" classname="automationFramework.TestCases.ForgotPasswdTest"/>
</testsuite> <!-- automationFramework.TestCases.ForgotPasswdTest -->
