<?xml version="1.0" encoding="UTF-8"?>
<!-- Generated by org.testng.reporters.JUnitReportReporter -->
<testsuite hostname="NACTS-081729" name="automationFramework.TestCases.AddSevenDayPassTest" tests="1" failures="0" timestamp="22 Sep 2016 16:51:34 GMT" time="55.656" errors="0">
  <testcase name="addSevenDayPass" time="55.656" classname="automationFramework.TestCases.AddSevenDayPassTest"/>
</testsuite> <!-- automationFramework.TestCases.AddSevenDayPassTest -->
