<?xml version="1.0" encoding="UTF-8"?>
<!-- Generated by org.testng.reporters.JUnitReportReporter -->
<testsuite hostname="NACTS-081729" name="automationFramework.TestCases.AddPassTest" tests="1" failures="0" timestamp="21 Sep 2016 20:29:57 GMT" time="56.990" errors="0">
  <testcase name="addPass" time="56.990" classname="automationFramework.TestCases.AddPassTest"/>
</testsuite> <!-- automationFramework.TestCases.AddPassTest -->
