<?xml version="1.0" encoding="UTF-8"?>
<!-- Generated by org.testng.reporters.JUnitReportReporter -->
<testsuite hostname="NACTS-081729" name="automationFramework.TestCases.GroupAccountAddPaymentAch" tests="1" failures="0" timestamp="28 Sep 2016 00:43:08 GMT" time="50.721" errors="0">
  <testcase name="addACHPayment" time="50.721" classname="automationFramework.TestCases.GroupAccountAddPaymentAch"/>
</testsuite> <!-- automationFramework.TestCases.GroupAccountAddPaymentAch -->
