<?xml version="1.0" encoding="UTF-8"?>
<!-- Generated by org.testng.reporters.JUnitReportReporter -->
<testsuite hostname="NACTS-081729" name="automationFramework.TestCases.ForgotUsernameTest" tests="1" failures="0" timestamp="23 Sep 2016 21:19:26 GMT" time="33.254" errors="0">
  <testcase name="forgotUsername" time="33.254" classname="automationFramework.TestCases.ForgotUsernameTest"/>
</testsuite> <!-- automationFramework.TestCases.ForgotUsernameTest -->
