<?xml version="1.0" encoding="UTF-8"?>
<!-- Generated by org.testng.reporters.JUnitReportReporter -->
<testsuite hostname="NACTS-081729" name="automationFramework.TestCases.AddValueTest" tests="1" failures="0" timestamp="23 Sep 2016 21:19:26 GMT" time="54.890" errors="0">
  <testcase name="addValue" time="54.890" classname="automationFramework.TestCases.AddValueTest"/>
</testsuite> <!-- automationFramework.TestCases.AddValueTest -->
