<?xml version="1.0" encoding="UTF-8"?>
<!-- Generated by org.testng.reporters.JUnitReportReporter -->
<testsuite hostname="NACTS-081729" name="automationFramework.TestCases.GroupSalesManageTest2" tests="1" failures="0" timestamp="28 Sep 2016 00:43:08 GMT" time="61.506" errors="0">
  <testcase name="manageTransitGroupSales" time="61.506" classname="automationFramework.TestCases.GroupSalesManageTest2"/>
</testsuite> <!-- automationFramework.TestCases.GroupSalesManageTest2 -->
