<?xml version="1.0" encoding="UTF-8"?>
<!-- Generated by org.testng.reporters.JUnitReportReporter -->
<testsuite hostname="NACTS-081729" name="automationFramework.TestCases.DBConnectTest" tests="1" failures="0" timestamp="23 Sep 2016 16:19:46 GMT" time="4.489" errors="0">
  <testcase name="dbCardUpdate" time="4.489" classname="automationFramework.TestCases.DBConnectTest"/>
</testsuite> <!-- automationFramework.TestCases.DBConnectTest -->
