<?xml version="1.0" encoding="UTF-8"?>
<!-- Generated by org.testng.reporters.JUnitReportReporter -->
<testsuite hostname="NACTS-081729" name="automationFramework.TestCases.EmailTest" tests="1" failures="0" timestamp="22 Sep 2016 16:51:34 GMT" time="4.684" errors="0">
  <testcase name="checkEmail" time="4.684" classname="automationFramework.TestCases.EmailTest"/>
</testsuite> <!-- automationFramework.TestCases.EmailTest -->
