<?xml version="1.0" encoding="UTF-8"?>
<!-- Generated by org.testng.reporters.JUnitReportReporter -->
<testsuite hostname="NACTS-081729" name="automationFramework.TestCases.CheckBalanceTest" tests="1" failures="0" timestamp="22 Sep 2016 16:51:34 GMT" time="27.633" errors="0">
  <testcase name="checkBalance" time="27.633" classname="automationFramework.TestCases.CheckBalanceTest"/>
</testsuite> <!-- automationFramework.TestCases.CheckBalanceTest -->
