<?xml version="1.0" encoding="UTF-8"?>
<!-- Generated by org.testng.reporters.JUnitReportReporter -->
<testsuite hostname="NACTS-081729" name="automationFramework.TestCases.GroupAccountAddPaymentCC" tests="1" failures="0" timestamp="19 Sep 2016 18:13:41 GMT" time="42.056" errors="0">
  <testcase name="addCCPayment" time="42.056" classname="automationFramework.TestCases.GroupAccountAddPaymentCC"/>
</testsuite> <!-- automationFramework.TestCases.GroupAccountAddPaymentCC -->
