<?xml version="1.0" encoding="UTF-8"?>
<!-- Generated by org.testng.reporters.JUnitReportReporter -->
<testsuite hostname="NACTS-081729" name="automationFramework.TestCases.AddSevenDayPassTest" tests="1" failures="0" timestamp="23 Sep 2016 21:19:26 GMT" time="53.542" errors="0">
  <testcase name="addSevenDayPass" time="53.542" classname="automationFramework.TestCases.AddSevenDayPassTest"/>
</testsuite> <!-- automationFramework.TestCases.AddSevenDayPassTest -->
