<?xml version="1.0" encoding="UTF-8"?>
<!-- Generated by org.testng.reporters.JUnitReportReporter -->
<testsuite hostname="NACTS-081729" name="automationFramework.TestCases.SearchTest" tests="12" failures="0" timestamp="18 Jul 2016 23:56:01 GMT" time="342.172" errors="0">
  <testcase name="searchCustomerTypeNotSelected" time="25.370" classname="automationFramework.TestCases.SearchTest"/>
  <testcase name="searchCustomerVerifiedTest" time="21.255" classname="automationFramework.TestCases.SearchTest"/>
  <testcase name="searchCustomerNoResultsTest" time="29.553" classname="automationFramework.TestCases.SearchTest"/>
  <testcase name="searchCustomerNotVerifiedTest" time="33.672" classname="automationFramework.TestCases.SearchTest"/>
  <testcase name="searchCustomerCheckDuplicateTestFname" time="29.083" classname="automationFramework.TestCases.SearchTest"/>
  <testcase name="searchCustomerCheckDuplicateTestEmailPhone" time="39.508" classname="automationFramework.TestCases.SearchTest"/>
  <testcase name="searchCustomerCheckDuplicateTestEmail" time="31.009" classname="automationFramework.TestCases.SearchTest"/>
  <testcase name="searchCustomerCheckDuplicateTestLname" time="25.688" classname="automationFramework.TestCases.SearchTest"/>
  <testcase name="searchCustomerCheckDuplicateTestPhone" time="24.287" classname="automationFramework.TestCases.SearchTest"/>
  <testcase name="searchCustomerInvalidEmail" time="24.530" classname="automationFramework.TestCases.SearchTest"/>
  <testcase name="searchCustomerCheckDuplicateTestFnameLname" time="26.067" classname="automationFramework.TestCases.SearchTest"/>
  <testcase name="searchCustomerCheckDuplicateTestAll" time="32.150" classname="automationFramework.TestCases.SearchTest"/>
</testsuite> <!-- automationFramework.TestCases.SearchTest -->
