<?xml version="1.0" encoding="UTF-8"?>
<!-- Generated by org.testng.reporters.JUnitReportReporter -->
<testsuite hostname="NACTS-081729" name="automationFramework.TestCases.GroupAccountAddPaymentCC" tests="1" failures="0" timestamp="28 Sep 2016 00:43:08 GMT" time="43.264" errors="0">
  <testcase name="addCCPayment" time="43.264" classname="automationFramework.TestCases.GroupAccountAddPaymentCC"/>
</testsuite> <!-- automationFramework.TestCases.GroupAccountAddPaymentCC -->
