<?xml version="1.0" encoding="UTF-8"?>
<!-- Generated by org.testng.reporters.JUnitReportReporter -->
<testsuite hostname="NACTS-081729" name="automationFramework.TestCases.EmailTest" tests="1" failures="0" timestamp="23 Sep 2016 21:19:26 GMT" time="238.461" errors="0">
  <testcase name="checkEmailAddValueTest" time="238.461" classname="automationFramework.TestCases.EmailTest"/>
</testsuite> <!-- automationFramework.TestCases.EmailTest -->
