<?xml version="1.0" encoding="UTF-8"?>
<!-- Generated by org.testng.reporters.JUnitReportReporter -->
<testsuite hostname="NACTS-081729" name="automationFramework.TestCases.VentraCardTest" tests="1" failures="0" timestamp="13 Sep 2016 20:30:06 GMT" time="66.599" errors="0">
  <testcase name="getVentraCard" time="66.599" classname="automationFramework.TestCases.VentraCardTest"/>
</testsuite> <!-- automationFramework.TestCases.VentraCardTest -->
