<?xml version="1.0" encoding="UTF-8"?>
<!-- Generated by org.testng.reporters.JUnitReportReporter -->
<testsuite hostname="NACTS-081729" name="automationFramework.TestCases.AutoloadNewPassTest" tests="1" failures="0" timestamp="23 Sep 2016 21:19:26 GMT" time="70.729" errors="0">
  <testcase name="autoLoadNewPass" time="70.729" classname="automationFramework.TestCases.AutoloadNewPassTest"/>
</testsuite> <!-- automationFramework.TestCases.AutoloadNewPassTest -->
