<?xml version="1.0" encoding="UTF-8"?>
<!-- Generated by org.testng.reporters.JUnitReportReporter -->
<testsuite hostname="NACTS-081729" name="automationFramework.TestCases.AutoloadTest" tests="2" failures="0" timestamp="13 Sep 2016 20:30:06 GMT" time="99.461" errors="0">
  <testcase name="autoLoadSavedCC" time="45.269" classname="automationFramework.TestCases.AutoloadTest"/>
  <testcase name="autoLoadNewCC" time="54.192" classname="automationFramework.TestCases.AutoloadTest"/>
</testsuite> <!-- automationFramework.TestCases.AutoloadTest -->
