<?xml version="1.0" encoding="UTF-8"?>
<!-- Generated by org.testng.reporters.JUnitReportReporter -->
<testsuite hostname="NACTS-081729" name="automationFramework.TestCases.GroupSalesManageTest" tests="1" failures="0" timestamp="9 Sep 2016 17:56:10 GMT" time="57.500" errors="0">
  <testcase name="manageTransitGroupSales" time="57.500" classname="automationFramework.TestCases.GroupSalesManageTest"/>
</testsuite> <!-- automationFramework.TestCases.GroupSalesManageTest -->
