<?xml version="1.0" encoding="UTF-8"?>
<!-- Generated by org.testng.reporters.JUnitReportReporter -->
<testsuite hostname="NACTS-081729" name="automationFramework.TestCases.AddValueTest" tests="1" failures="0" timestamp="13 Sep 2016 20:30:06 GMT" time="54.810" errors="0">
  <testcase name="addValue" time="54.810" classname="automationFramework.TestCases.AddValueTest"/>
</testsuite> <!-- automationFramework.TestCases.AddValueTest -->
