<?xml version="1.0" encoding="UTF-8"?>
<!-- Generated by org.testng.reporters.JUnitReportReporter -->
<testsuite hostname="NACTS-081729" name="automationFramework.TestCases.TransitBenefitsTest" tests="1" failures="0" timestamp="28 Sep 2016 00:43:08 GMT" time="70.537" errors="0">
  <testcase name="enterEmployerDetails" time="70.537" classname="automationFramework.TestCases.TransitBenefitsTest"/>
</testsuite> <!-- automationFramework.TestCases.TransitBenefitsTest -->
