<?xml version="1.0" encoding="UTF-8"?>
<!-- Generated by org.testng.reporters.JUnitReportReporter -->
<testsuite hostname="NACTS-081729" name="automationFramework.TestCases.ForgotPasswdTest" tests="1" failures="0" timestamp="28 Sep 2016 00:43:08 GMT" time="30.074" errors="0">
  <testcase name="forgotPasswd" time="30.074" classname="automationFramework.TestCases.ForgotPasswdTest"/>
</testsuite> <!-- automationFramework.TestCases.ForgotPasswdTest -->
