<?xml version="1.0" encoding="UTF-8"?>
<!-- Generated by org.testng.reporters.JUnitReportReporter -->
<testsuite hostname="NACTS-081729" name="automationFramework.TestCases.CheckBalanceTest" tests="1" failures="0" timestamp="13 Sep 2016 20:30:06 GMT" time="27.345" errors="0">
  <testcase name="checkBalance" time="27.345" classname="automationFramework.TestCases.CheckBalanceTest"/>
</testsuite> <!-- automationFramework.TestCases.CheckBalanceTest -->
