<?xml version="1.0" encoding="UTF-8"?>
<!-- Generated by org.testng.reporters.JUnitReportReporter -->
<testsuite hostname="NACTS-081729" name="automationFramework.TestCases.AddMaxPassTest" tests="1" failures="0" timestamp="23 Sep 2016 21:19:26 GMT" time="105.208" errors="0">
  <testcase name="addMaxPass" time="105.208" classname="automationFramework.TestCases.AddMaxPassTest"/>
</testsuite> <!-- automationFramework.TestCases.AddMaxPassTest -->
