<?xml version="1.0" encoding="UTF-8"?>
<!-- Generated by org.testng.reporters.JUnitReportReporter -->
<testsuite hostname="NACTS-081729" name="automationFramework.TestCases.AddSevenDayPassTest" tests="1" failures="0" timestamp="28 Sep 2016 00:43:08 GMT" time="57.913" errors="0">
  <testcase name="addSevenDayPass" time="57.913" classname="automationFramework.TestCases.AddSevenDayPassTest"/>
</testsuite> <!-- automationFramework.TestCases.AddSevenDayPassTest -->
