<?xml version="1.0" encoding="UTF-8"?>
<!-- Generated by org.testng.reporters.JUnitReportReporter -->
<testsuite hostname="NACTS-081729" name="automationFramework.TestCases.NewCardTest" tests="1" failures="0" timestamp="12 Sep 2016 15:42:02 GMT" time="3.633" errors="0">
  <testcase name="getNewCard" time="3.633" classname="automationFramework.TestCases.NewCardTest"/>
</testsuite> <!-- automationFramework.TestCases.NewCardTest -->
