<?xml version="1.0" encoding="UTF-8"?>
<!-- Generated by org.testng.reporters.JUnitReportReporter -->
<testsuite hostname="NACTS-081729" name="automationFramework.TestCases.ForgotUsernameTest" tests="1" failures="0" timestamp="22 Sep 2016 16:51:34 GMT" time="33.380" errors="0">
  <testcase name="forgotUsername" time="33.380" classname="automationFramework.TestCases.ForgotUsernameTest"/>
</testsuite> <!-- automationFramework.TestCases.ForgotUsernameTest -->
