<?xml version="1.0" encoding="UTF-8"?>
<!-- Generated by org.testng.reporters.JUnitReportReporter -->
<testsuite hostname="NACTS-081729" name="automationFramework.TestCases.GroupSalesTest" tests="1" failures="0" timestamp="1 Sep 2016 20:36:02 GMT" time="59.740" errors="0">
  <testcase name="loadValueGroupSales" time="59.740" classname="automationFramework.TestCases.GroupSalesTest"/>
</testsuite> <!-- automationFramework.TestCases.GroupSalesTest -->
