<?xml version="1.0" encoding="UTF-8"?>
<!-- Generated by org.testng.reporters.JUnitReportReporter -->
<testsuite hostname="NACTS-081729" name="automationFramework.TestCases.GroupAccountAddPaymentAch" tests="1" failures="0" timestamp="13 Sep 2016 20:30:06 GMT" time="48.558" errors="0">
  <testcase name="addACHPayment" time="48.558" classname="automationFramework.TestCases.GroupAccountAddPaymentAch"/>
</testsuite> <!-- automationFramework.TestCases.GroupAccountAddPaymentAch -->
