<?xml version="1.0" encoding="UTF-8"?>
<!-- Generated by org.testng.reporters.JUnitReportReporter -->
<testsuite hostname="NACTS-081729" name="automationFramework.TestCases.CheckBalanceTest" tests="1" failures="0" timestamp="28 Sep 2016 00:43:08 GMT" time="28.640" errors="0">
  <testcase name="checkBalance" time="28.640" classname="automationFramework.TestCases.CheckBalanceTest"/>
</testsuite> <!-- automationFramework.TestCases.CheckBalanceTest -->
