<?xml version="1.0" encoding="UTF-8"?>
<!-- Generated by org.testng.reporters.JUnitReportReporter -->
<testsuite hostname="NACTS-081729" name="automationFramework.TestCases.AutoloadNewPassTest" tests="1" failures="0" timestamp="28 Sep 2016 00:43:08 GMT" time="71.073" errors="0">
  <testcase name="autoLoadNewPass" time="71.073" classname="automationFramework.TestCases.AutoloadNewPassTest"/>
</testsuite> <!-- automationFramework.TestCases.AutoloadNewPassTest -->
