<?xml version="1.0" encoding="UTF-8"?>
<!-- Generated by org.testng.reporters.JUnitReportReporter -->
<testsuite hostname="NACTS-081729" name="automationFramework.TestCases.AddMaxPassTest" tests="1" failures="0" timestamp="22 Sep 2016 16:51:34 GMT" time="104.436" errors="0">
  <testcase name="addMaxPass" time="104.436" classname="automationFramework.TestCases.AddMaxPassTest"/>
</testsuite> <!-- automationFramework.TestCases.AddMaxPassTest -->
