<?xml version="1.0" encoding="UTF-8"?>
<!-- Generated by org.testng.reporters.JUnitReportReporter -->
<testsuite hostname="NACTS-081729" name="automationFramework.TestCases.VentraCardTest" tests="1" failures="0" timestamp="19 Sep 2016 18:32:11 GMT" time="71.831" errors="0">
  <testcase name="getVentraCard" time="71.831" classname="automationFramework.TestCases.VentraCardTest"/>
</testsuite> <!-- automationFramework.TestCases.VentraCardTest -->
