<?xml version="1.0" encoding="UTF-8"?>
<!-- Generated by org.testng.reporters.JUnitReportReporter -->
<testsuite hostname="NACTS-081729" name="automationFramework.TestCases.EmailTest" tests="1" failures="0" timestamp="22 Sep 2016 21:09:13 GMT" time="237.525" errors="0">
  <testcase name="checkEmailAddValueTest" time="237.525" classname="automationFramework.TestCases.EmailTest"/>
</testsuite> <!-- automationFramework.TestCases.EmailTest -->
