<?xml version="1.0" encoding="UTF-8"?>
<!-- Generated by org.testng.reporters.JUnitReportReporter -->
<testsuite hostname="NACTS-081729" name="automationFramework.TestCases.ForgotPasswdTest" tests="1" failures="0" timestamp="1 Sep 2016 20:36:02 GMT" time="26.746" errors="0">
  <testcase name="forgotPasswd" time="26.746" classname="automationFramework.TestCases.ForgotPasswdTest"/>
</testsuite> <!-- automationFramework.TestCases.ForgotPasswdTest -->
