<?xml version="1.0" encoding="UTF-8"?>
<!-- Generated by org.testng.reporters.JUnitReportReporter -->
<testsuite hostname="NACTS-081729" name="automationFramework.TestCases.ForgotUsernameTest" tests="1" failures="0" timestamp="19 Sep 2016 18:13:41 GMT" time="35.363" errors="0">
  <testcase name="forgotUsername" time="35.363" classname="automationFramework.TestCases.ForgotUsernameTest"/>
</testsuite> <!-- automationFramework.TestCases.ForgotUsernameTest -->
