<?xml version="1.0" encoding="UTF-8"?>
<!-- Generated by org.testng.reporters.JUnitReportReporter -->
<testsuite hostname="NACTS-081729" name="automationFramework.TestCases.GroupAccountAddPaymentCC" tests="1" failures="0" timestamp="9 Sep 2016 17:56:10 GMT" time="43.832" errors="0">
  <testcase name="addCCPayment" time="43.832" classname="automationFramework.TestCases.GroupAccountAddPaymentCC"/>
</testsuite> <!-- automationFramework.TestCases.GroupAccountAddPaymentCC -->
