<?xml version="1.0" encoding="UTF-8"?>
<!-- Generated by org.testng.reporters.JUnitReportReporter -->
<testsuite hostname="NACTS-081729" name="automationFramework.TestCases.AccountLoginTest" tests="1" failures="0" timestamp="9 Sep 2016 17:56:10 GMT" time="145.672" errors="0">
  <testcase name="accountLogin" time="145.672" classname="automationFramework.TestCases.AccountLoginTest"/>
</testsuite> <!-- automationFramework.TestCases.AccountLoginTest -->
