<?xml version="1.0" encoding="UTF-8"?>
<!-- Generated by org.testng.reporters.JUnitReportReporter -->
<testsuite hostname="NACTS-081729" name="automationFramework.TestCases.CreateFundingDBTest" tests="3" failures="0" timestamp="28 Jul 2016 00:46:18 GMT" time="235.983" errors="0">
  <testcase name="createNewFundingCreditCardDBcheck" time="85.705" classname="automationFramework.TestCases.CreateFundingDBTest"/>
  <testcase name="createNewFundingDBcheck" time="69.922" classname="automationFramework.TestCases.CreateFundingDBTest"/>
  <testcase name="createNewFundingCancelDBcheck" time="80.356" classname="automationFramework.TestCases.CreateFundingDBTest"/>
</testsuite> <!-- automationFramework.TestCases.CreateFundingDBTest -->
