<?xml version="1.0" encoding="UTF-8"?>
<!-- Generated by org.testng.reporters.JUnitReportReporter -->
<testsuite hostname="NACTS-081729" name="automationFramework.TestCases.CreateOrderTest" tests="2" failures="0" timestamp="9 Aug 2016 22:00:01 GMT" time="222.161" errors="0">
  <testcase name="createOrderCancel" time="110.442" classname="automationFramework.TestCases.CreateOrderTest"/>
  <testcase name="createOrderSubmit" time="111.719" classname="automationFramework.TestCases.CreateOrderTest"/>
</testsuite> <!-- automationFramework.TestCases.CreateOrderTest -->
