<?xml version="1.0" encoding="UTF-8"?>
<!-- Generated by org.testng.reporters.JUnitReportReporter -->
<testsuite hostname="NACTS-081729" name="automationFramework.TestCases.GroupSalesTest" tests="1" failures="0" timestamp="22 Aug 2016 21:23:46 GMT" time="32.712" errors="0">
  <testcase name="groupSales" time="32.712" classname="automationFramework.TestCases.GroupSalesTest"/>
</testsuite> <!-- automationFramework.TestCases.GroupSalesTest -->
