<?xml version="1.0" encoding="UTF-8"?>
<!-- Generated by org.testng.reporters.JUnitReportReporter -->
<testsuite hostname="NACTS-081729" name="automationFramework.TestCases.TransitBenefitsTest" tests="1" failures="0" timestamp="25 Aug 2016 20:53:28 GMT" time="62.888" errors="0">
  <testcase name="enterEmployerDetails" time="62.888" classname="automationFramework.TestCases.TransitBenefitsTest"/>
</testsuite> <!-- automationFramework.TestCases.TransitBenefitsTest -->
