<?xml version="1.0" encoding="UTF-8"?>
<!-- Generated by org.testng.reporters.JUnitReportReporter -->
<testsuite hostname="NACTS-081729" name="automationFramework.TestCases.CreateCustomerDBTest" tests="2" failures="0" timestamp="20 Jul 2016 23:10:40 GMT" time="114.745" errors="0">
  <testcase name="createNewCustomerCancelDB" time="48.760" classname="automationFramework.TestCases.CreateCustomerDBTest"/>
  <testcase name="createNewCustomerDB" time="65.985" classname="automationFramework.TestCases.CreateCustomerDBTest"/>
</testsuite> <!-- automationFramework.TestCases.CreateCustomerDBTest -->
