<?xml version="1.0" encoding="UTF-8"?>
<!-- Generated by org.testng.reporters.JUnitReportReporter -->
<testsuite hostname="NACTS-081729" name="automationFramework.TestCases.CreateFundingDBTest" tests="3" failures="0" timestamp="9 Aug 2016 22:00:01 GMT" time="278.386" errors="0">
  <testcase name="createNewFundingCancelDBcheck" time="92.187" classname="automationFramework.TestCases.CreateFundingDBTest"/>
  <testcase name="createNewFundingDBcheck" time="98.518" classname="automationFramework.TestCases.CreateFundingDBTest"/>
  <testcase name="createNewFundingCreditCardDBcheck" time="87.681" classname="automationFramework.TestCases.CreateFundingDBTest"/>
</testsuite> <!-- automationFramework.TestCases.CreateFundingDBTest -->
