<?xml version="1.0" encoding="UTF-8"?>
<!-- Generated by org.testng.reporters.JUnitReportReporter -->
<testsuite hostname="NACTS-081729" name="automationFramework.TestCases.GroupSalesTest" tests="1" failures="0" timestamp="25 Aug 2016 20:53:28 GMT" time="66.200" errors="0">
  <testcase name="loadValueGroupSales" time="66.200" classname="automationFramework.TestCases.GroupSalesTest"/>
</testsuite> <!-- automationFramework.TestCases.GroupSalesTest -->
