<?xml version="1.0" encoding="UTF-8"?>
<!-- Generated by org.testng.reporters.JUnitReportReporter -->
<testsuite hostname="NACTS-081729" name="automationFramework.TestCases.SearchTest" tests="12" failures="0" timestamp="28 Jul 2016 00:46:18 GMT" time="455.121" errors="0">
  <testcase name="searchCustomerTypeNotSelected" time="27.530" classname="automationFramework.TestCases.SearchTest"/>
  <testcase name="searchCustomerVerifiedTest" time="39.643" classname="automationFramework.TestCases.SearchTest"/>
  <testcase name="searchCustomerNoResultsTest" time="41.239" classname="automationFramework.TestCases.SearchTest"/>
  <testcase name="searchCustomerNotVerifiedTest" time="45.001" classname="automationFramework.TestCases.SearchTest"/>
  <testcase name="searchCustomerCheckDuplicateTestFname" time="39.334" classname="automationFramework.TestCases.SearchTest"/>
  <testcase name="searchCustomerCheckDuplicateTestEmailPhone" time="41.065" classname="automationFramework.TestCases.SearchTest"/>
  <testcase name="searchCustomerCheckDuplicateTestEmail" time="37.418" classname="automationFramework.TestCases.SearchTest"/>
  <testcase name="searchCustomerCheckDuplicateTestLname" time="34.668" classname="automationFramework.TestCases.SearchTest"/>
  <testcase name="searchCustomerCheckDuplicateTestPhone" time="36.364" classname="automationFramework.TestCases.SearchTest"/>
  <testcase name="searchCustomerCheckDuplicateTestFnameLname" time="41.258" classname="automationFramework.TestCases.SearchTest"/>
  <testcase name="searchCustomerInvalidEmail" time="38.457" classname="automationFramework.TestCases.SearchTest"/>
  <testcase name="searchCustomerCheckDuplicateTestAll" time="33.144" classname="automationFramework.TestCases.SearchTest"/>
</testsuite> <!-- automationFramework.TestCases.SearchTest -->
