<?xml version="1.0" encoding="UTF-8"?>
<!-- Generated by org.testng.reporters.JUnitReportReporter -->
<testsuite hostname="NACTS-081729" name="automationFramework.TestCases.SearchTest" tests="12" failures="0" timestamp="9 Aug 2016 22:00:01 GMT" time="523.228" errors="0">
  <testcase name="searchCustomerTypeNotSelected" time="33.579" classname="automationFramework.TestCases.SearchTest"/>
  <testcase name="searchCustomerVerifiedTest" time="46.850" classname="automationFramework.TestCases.SearchTest"/>
  <testcase name="searchCustomerNoResultsTest" time="42.004" classname="automationFramework.TestCases.SearchTest"/>
  <testcase name="searchCustomerNotVerifiedTest" time="49.706" classname="automationFramework.TestCases.SearchTest"/>
  <testcase name="searchCustomerCheckDuplicateTestFname" time="40.363" classname="automationFramework.TestCases.SearchTest"/>
  <testcase name="searchCustomerCheckDuplicateTestEmailPhone" time="47.652" classname="automationFramework.TestCases.SearchTest"/>
  <testcase name="searchCustomerCheckDuplicateTestEmail" time="42.758" classname="automationFramework.TestCases.SearchTest"/>
  <testcase name="searchCustomerCheckDuplicateTestLname" time="43.509" classname="automationFramework.TestCases.SearchTest"/>
  <testcase name="searchCustomerCheckDuplicateTestPhone" time="40.353" classname="automationFramework.TestCases.SearchTest"/>
  <testcase name="searchCustomerCheckDuplicateTestFnameLname" time="46.010" classname="automationFramework.TestCases.SearchTest"/>
  <testcase name="searchCustomerInvalidEmail" time="41.361" classname="automationFramework.TestCases.SearchTest"/>
  <testcase name="searchCustomerCheckDuplicateTestAll" time="49.083" classname="automationFramework.TestCases.SearchTest"/>
</testsuite> <!-- automationFramework.TestCases.SearchTest -->
