<?xml version="1.0" encoding="UTF-8"?>
<!-- Generated by org.testng.reporters.JUnitReportReporter -->
<testsuite hostname="NACTS-081729" name="automationFramework.TestCases.CreateFundingTest" tests="7" failures="0" timestamp="9 Aug 2016 22:00:01 GMT" time="577.767" errors="0">
  <testcase name="createFundingSourceCancel" time="69.309" classname="automationFramework.TestCases.CreateFundingTest"/>
  <testcase name="createFundingSource" time="96.878" classname="automationFramework.TestCases.CreateFundingTest"/>
  <testcase name="createFundingSourceTypeNotSelected" time="57.807" classname="automationFramework.TestCases.CreateFundingTest"/>
  <testcase name="createFundingSourceNewBillingAddress" time="116.416" classname="automationFramework.TestCases.CreateFundingTest"/>
  <testcase name="createCustomerFundingInvalidCC" time="88.965" classname="automationFramework.TestCases.CreateFundingTest"/>
  <testcase name="createCustomerInvalidEmail" time="55.904" classname="automationFramework.TestCases.CreateFundingTest"/>
  <testcase name="createCustomerFundingInvalidName" time="92.488" classname="automationFramework.TestCases.CreateFundingTest"/>
</testsuite> <!-- automationFramework.TestCases.CreateFundingTest -->
