<?xml version="1.0" encoding="UTF-8"?>
<!-- Generated by org.testng.reporters.JUnitReportReporter -->
<testsuite hostname="NACTS-081729" name="automationFramework.TestCases.CreateCustomerDBTest" tests="7" failures="0" timestamp="28 Jul 2016 00:46:18 GMT" time="404.777" errors="0">
  <testcase name="createNewCustomerDBCheckUserName" time="58.046" classname="automationFramework.TestCases.CreateCustomerDBTest"/>
  <testcase name="createNewCustomerCancelDBCheck" time="36.449" classname="automationFramework.TestCases.CreateCustomerDBTest"/>
  <testcase name="createNewCustomerDBCheckPhoneTable" time="62.822" classname="automationFramework.TestCases.CreateCustomerDBTest"/>
  <testcase name="createNewCustomerDBCheckContactTable" time="57.996" classname="automationFramework.TestCases.CreateCustomerDBTest"/>
  <testcase name="createNewCustomerDBCheckAddressTable" time="65.052" classname="automationFramework.TestCases.CreateCustomerDBTest"/>
  <testcase name="createNewCustomerDBCheckAccountTable" time="65.596" classname="automationFramework.TestCases.CreateCustomerDBTest"/>
  <testcase name="createNewCustomerDBCheckSecurityTable" time="58.816" classname="automationFramework.TestCases.CreateCustomerDBTest"/>
</testsuite> <!-- automationFramework.TestCases.CreateCustomerDBTest -->
