<?xml version="1.0" encoding="UTF-8"?>
<!-- Generated by org.testng.reporters.JUnitReportReporter -->
<testsuite hostname="NACTS-081729" name="automationFramework.TestCases.DBConnectTest" tests="1" failures="0" timestamp="21 Sep 2016 16:29:57 GMT" time="4.030" errors="0">
  <testcase name="dbConnect" time="4.030" classname="automationFramework.TestCases.DBConnectTest"/>
</testsuite> <!-- automationFramework.TestCases.DBConnectTest -->
