<?xml version="1.0" encoding="UTF-8"?>
<!-- Generated by org.testng.reporters.JUnitReportReporter -->
<testsuite hostname="NACTS-081729" name="automationFramework.TestCases.EmailTest" tests="2" failures="0" timestamp="9 Aug 2016 22:00:01 GMT" time="206.745" errors="0">
  <testcase name="checkEmailCreateOrder" time="127.314" classname="automationFramework.TestCases.EmailTest"/>
  <testcase name="checkEmailNewCustomer" time="79.431" classname="automationFramework.TestCases.EmailTest"/>
</testsuite> <!-- automationFramework.TestCases.EmailTest -->
