<?xml version="1.0" encoding="UTF-8"?>
<!-- Generated by org.testng.reporters.JUnitReportReporter -->
<testsuite hostname="NACTS-081729" name="automationFramework.TestCases.CreateCustomerTest" tests="11" failures="0" timestamp="28 Jul 2016 00:46:18 GMT" time="476.297" errors="0">
  <testcase name="createNewCustomer" time="63.911" classname="automationFramework.TestCases.CreateCustomerTest"/>
  <testcase name="createCustomerEmailMissing" time="36.216" classname="automationFramework.TestCases.CreateCustomerTest"/>
  <testcase name="createCustomerInvalidPhone" time="27.753" classname="automationFramework.TestCases.CreateCustomerTest"/>
  <testcase name="createCustomerCancel" time="37.094" classname="automationFramework.TestCases.CreateCustomerTest"/>
  <testcase name="createCustomerInvalidEmail" time="42.593" classname="automationFramework.TestCases.CreateCustomerTest"/>
  <testcase name="createCustomerDuplicateUserName" time="55.971" classname="automationFramework.TestCases.CreateCustomerTest"/>
  <testcase name="createCustomerInvalidPin" time="44.323" classname="automationFramework.TestCases.CreateCustomerTest"/>
  <testcase name="createCustomerInvalidUserName" time="44.543" classname="automationFramework.TestCases.CreateCustomerTest"/>
  <testcase name="createCustomerFundingInvalidCC" time="49.788" classname="automationFramework.TestCases.CreateCustomerTest"/>
  <testcase name="createCustomerContactTypeNotSelected" time="44.534" classname="automationFramework.TestCases.CreateCustomerTest"/>
  <testcase name="createCustomerNameMissing" time="29.571" classname="automationFramework.TestCases.CreateCustomerTest"/>
</testsuite> <!-- automationFramework.TestCases.CreateCustomerTest -->
