<?xml version="1.0" encoding="UTF-8"?>
<!-- Generated by org.testng.reporters.JUnitReportReporter -->
<testsuite hostname="NACTS-081729" name="automationFramework.TestCases.CreateCustomerDBTest" tests="7" failures="0" timestamp="9 Aug 2016 22:00:01 GMT" time="482.169" errors="0">
  <testcase name="createNewCustomerCancelDBCheck" time="46.581" classname="automationFramework.TestCases.CreateCustomerDBTest"/>
  <testcase name="createNewCustomerDBCheckUserName" time="73.943" classname="automationFramework.TestCases.CreateCustomerDBTest"/>
  <testcase name="createNewCustomerDBCheckAddressTable" time="75.738" classname="automationFramework.TestCases.CreateCustomerDBTest"/>
  <testcase name="createNewCustomerDBCheckSecurityTable" time="75.093" classname="automationFramework.TestCases.CreateCustomerDBTest"/>
  <testcase name="createNewCustomerDBCheckAccountTable" time="67.691" classname="automationFramework.TestCases.CreateCustomerDBTest"/>
  <testcase name="createNewCustomerDBCheckPhoneTable" time="72.060" classname="automationFramework.TestCases.CreateCustomerDBTest"/>
  <testcase name="createNewCustomerDBCheckContactTable" time="71.063" classname="automationFramework.TestCases.CreateCustomerDBTest"/>
</testsuite> <!-- automationFramework.TestCases.CreateCustomerDBTest -->
