<?xml version="1.0" encoding="UTF-8"?>
<!-- Generated by org.testng.reporters.JUnitReportReporter -->
<testsuite hostname="NACTS-081729" name="automationFramework.DAO.PostgresAutomation" tests="1" failures="0" timestamp="20 Jul 2016 20:33:24 GMT" time="0.079" errors="0">
  <testcase name="dbConnect" time="0.079" classname="automationFramework.DAO.PostgresAutomation"/>
</testsuite> <!-- automationFramework.DAO.PostgresAutomation -->
